<?xml version="1.0" encoding="UTF-8"?>
<coverage generated="1779575087576" clover="3.2.0">
  <project timestamp="1779575087576" name="All files">
    <metrics statements="5378" coveredstatements="3061" conditionals="5148" coveredconditionals="2325" methods="673" coveredmethods="334" elements="11199" coveredelements="5720" complexity="0" loc="5378" ncloc="5378" packages="5" files="32" classes="32"/>
    <package name="games.gloomvault-extraction.js.config">
      <metrics statements="123" coveredstatements="95" conditionals="154" coveredconditionals="83" methods="31" coveredmethods="18"/>
      <file name="AssetManifest.js" path="C:\Users\alexr\source\repos\HTMLGaming\games\gloomvault-extraction\js\config\AssetManifest.js">
        <metrics statements="17" coveredstatements="17" conditionals="6" coveredconditionals="3" methods="2" coveredmethods="2"/>
        <line num="1" count="3" type="stmt"/>
        <line num="9" count="3" type="stmt"/>
        <line num="58" count="1269" type="stmt"/>
        <line num="62" count="3" type="stmt"/>
        <line num="63" count="3" type="stmt"/>
        <line num="64" count="27" type="stmt"/>
        <line num="65" count="27" type="stmt"/>
        <line num="66" count="1269" type="stmt"/>
        <line num="67" count="1269" type="stmt"/>
        <line num="70" count="27" type="stmt"/>
        <line num="83" count="3" type="stmt"/>
        <line num="86" count="3" type="stmt"/>
        <line num="356" count="3" type="cond" truecount="1" falsecount="1"/>
        <line num="357" count="3" type="stmt"/>
        <line num="358" count="3" type="stmt"/>
        <line num="359" count="3" type="stmt"/>
        <line num="362" count="3" type="cond" truecount="2" falsecount="2"/>
      </file>
      <file name="BossConfig.js" path="C:\Users\alexr\source\repos\HTMLGaming\games\gloomvault-extraction\js\config\BossConfig.js">
        <metrics statements="87" coveredstatements="64" conditionals="126" coveredconditionals="69" methods="28" coveredmethods="16"/>
        <line num="1" count="4" type="stmt"/>
        <line num="2" count="4" type="stmt"/>
        <line num="5" count="0" type="stmt"/>
        <line num="9" count="2" type="cond" truecount="3" falsecount="1"/>
        <line num="10" count="2" type="stmt"/>
        <line num="14" count="3" type="stmt"/>
        <line num="18" count="4" type="stmt"/>
        <line num="22" count="20" type="stmt"/>
        <line num="32" count="4" type="cond" truecount="1" falsecount="1"/>
        <line num="33" count="4" type="cond" truecount="1" falsecount="1"/>
        <line num="34" count="4" type="stmt"/>
        <line num="35" count="4" type="stmt"/>
        <line num="39" count="4" type="cond" truecount="1" falsecount="1"/>
        <line num="40" count="4" type="cond" truecount="1" falsecount="1"/>
        <line num="41" count="4" type="cond" truecount="1" falsecount="1"/>
        <line num="42" count="0" type="stmt"/>
        <line num="44" count="4" type="stmt"/>
        <line num="45" count="4" type="stmt"/>
        <line num="48" count="4" type="stmt"/>
        <line num="55" count="0" type="stmt"/>
        <line num="56" count="0" type="cond" truecount="0" falsecount="2"/>
        <line num="65" count="0" type="cond" truecount="0" falsecount="2"/>
        <line num="66" count="0" type="stmt"/>
        <line num="71" count="4" type="stmt"/>
        <line num="78" count="0" type="stmt"/>
        <line num="87" count="0" type="stmt"/>
        <line num="96" count="0" type="stmt"/>
        <line num="101" count="4" type="stmt"/>
        <line num="130" count="0" type="stmt"/>
        <line num="131" count="0" type="stmt"/>
        <line num="137" count="0" type="stmt"/>
        <line num="171" count="1" type="cond" truecount="3" falsecount="1"/>
        <line num="172" count="1" type="cond" truecount="1" falsecount="2"/>
        <line num="173" count="1" type="cond" truecount="3" falsecount="1"/>
        <line num="174" count="1" type="cond" truecount="1" falsecount="1"/>
        <line num="175" count="1" type="stmt"/>
        <line num="176" count="1" type="stmt"/>
        <line num="178" count="1" type="stmt"/>
        <line num="180" count="1" type="cond" truecount="1" falsecount="1"/>
        <line num="181" count="1" type="cond" truecount="1" falsecount="1"/>
        <line num="182" count="1" type="stmt"/>
        <line num="183" count="1" type="stmt"/>
        <line num="185" count="1" type="stmt"/>
        <line num="219" count="0" type="cond" truecount="0" falsecount="2"/>
        <line num="220" count="0" type="cond" truecount="0" falsecount="4"/>
        <line num="221" count="0" type="stmt"/>
        <line num="222" count="0" type="stmt"/>
        <line num="228" count="0" type="stmt"/>
        <line num="262" count="1" type="cond" truecount="1" falsecount="1"/>
        <line num="263" count="1" type="stmt"/>
        <line num="265" count="1" type="cond" truecount="3" falsecount="1"/>
        <line num="266" count="1" type="cond" truecount="1" falsecount="1"/>
        <line num="267" count="1" type="cond" truecount="1" falsecount="1"/>
        <line num="268" count="1" type="stmt"/>
        <line num="273" count="1" type="stmt"/>
        <line num="274" count="1" type="stmt"/>
        <line num="276" count="1" type="cond" truecount="3" falsecount="1"/>
        <line num="277" count="1" type="cond" truecount="1" falsecount="1"/>
        <line num="278" count="1" type="stmt"/>
        <line num="279" count="1" type="stmt"/>
        <line num="281" count="1" type="stmt"/>
        <line num="288" count="4" type="stmt"/>
        <line num="326" count="1" type="stmt"/>
        <line num="339" count="2" type="cond" truecount="1" falsecount="1"/>
        <line num="343" count="0" type="cond" truecount="0" falsecount="2"/>
        <line num="347" count="1" type="cond" truecount="3" falsecount="1"/>
        <line num="350" count="1" type="stmt"/>
        <line num="352" count="2" type="cond" truecount="2" falsecount="0"/>
        <line num="353" count="1" type="stmt"/>
        <line num="357" count="1" type="cond" truecount="3" falsecount="1"/>
        <line num="360" count="1" type="cond" truecount="1" falsecount="1"/>
        <line num="361" count="0" type="stmt"/>
        <line num="365" count="1" type="cond" truecount="1" falsecount="1"/>
        <line num="366" count="1" type="stmt"/>
        <line num="367" count="1" type="cond" truecount="1" falsecount="1"/>
        <line num="368" count="1" type="cond" truecount="1" falsecount="1"/>
        <line num="369" count="1" type="stmt"/>
        <line num="371" count="1" type="cond" truecount="1" falsecount="1"/>
        <line num="372" count="1" type="cond" truecount="1" falsecount="1"/>
        <line num="374" count="1" type="stmt"/>
        <line num="384" count="1" type="stmt"/>
        <line num="388" count="0" type="stmt"/>
        <line num="392" count="0" type="stmt"/>
        <line num="393" count="0" type="cond" truecount="0" falsecount="2"/>
        <line num="397" count="0" type="cond" truecount="0" falsecount="3"/>
        <line num="400" count="4" type="stmt"/>
        <line num="415" count="4" type="cond" truecount="2" falsecount="2"/>
      </file>
      <file name="CombatConfig.js" path="C:\Users\alexr\source\repos\HTMLGaming\games\gloomvault-extraction\js\config\CombatConfig.js">
        <metrics statements="7" coveredstatements="2" conditionals="4" coveredconditionals="2" methods="1" coveredmethods="0"/>
        <line num="1" count="10" type="stmt"/>
        <line num="26" count="0" type="stmt"/>
        <line num="27" count="0" type="stmt"/>
        <line num="30" count="0" type="stmt"/>
        <line num="31" count="0" type="stmt"/>
        <line num="33" count="0" type="stmt"/>
        <line num="37" count="10" type="cond" truecount="2" falsecount="2"/>
      </file>
      <file name="DurabilityConfig.js" path="C:\Users\alexr\source\repos\HTMLGaming\games\gloomvault-extraction\js\config\DurabilityConfig.js">
        <metrics statements="2" coveredstatements="2" conditionals="4" coveredconditionals="2" methods="0" coveredmethods="0"/>
        <line num="2" count="8" type="stmt"/>
        <line num="65" count="8" type="cond" truecount="2" falsecount="2"/>
      </file>
      <file name="LootConfig.js" path="C:\Users\alexr\source\repos\HTMLGaming\games\gloomvault-extraction\js\config\LootConfig.js">
        <metrics statements="2" coveredstatements="2" conditionals="4" coveredconditionals="2" methods="0" coveredmethods="0"/>
        <line num="1" count="5" type="stmt"/>
        <line num="124" count="5" type="cond" truecount="2" falsecount="2"/>
      </file>
      <file name="MapConfig.js" path="C:\Users\alexr\source\repos\HTMLGaming\games\gloomvault-extraction\js\config\MapConfig.js">
        <metrics statements="6" coveredstatements="6" conditionals="6" coveredconditionals="3" methods="0" coveredmethods="0"/>
        <line num="1" count="17" type="stmt"/>
        <line num="3" count="17" type="stmt"/>
        <line num="210" count="17" type="cond" truecount="1" falsecount="1"/>
        <line num="211" count="17" type="stmt"/>
        <line num="212" count="17" type="stmt"/>
        <line num="215" count="17" type="cond" truecount="2" falsecount="2"/>
      </file>
      <file name="UpgradeConfig.js" path="C:\Users\alexr\source\repos\HTMLGaming\games\gloomvault-extraction\js\config\UpgradeConfig.js">
        <metrics statements="2" coveredstatements="2" conditionals="4" coveredconditionals="2" methods="0" coveredmethods="0"/>
        <line num="2" count="3" type="stmt"/>
        <line num="13" count="3" type="cond" truecount="2" falsecount="2"/>
      </file>
    </package>
    <package name="games.gloomvault-extraction.js.core">
      <metrics statements="1655" coveredstatements="991" conditionals="1829" coveredconditionals="815" methods="142" coveredmethods="103"/>
      <file name="GameEngine.js" path="C:\Users\alexr\source\repos\HTMLGaming\games\gloomvault-extraction\js\core\GameEngine.js">
        <metrics statements="1400" coveredstatements="907" conditionals="1537" coveredconditionals="739" methods="112" coveredmethods="84"/>
        <line num="3" count="12" type="cond" truecount="1" falsecount="1"/>
        <line num="4" count="12" type="stmt"/>
        <line num="6" count="12" type="cond" truecount="1" falsecount="1"/>
        <line num="7" count="12" type="stmt"/>
        <line num="9" count="12" type="stmt"/>
        <line num="10" count="12" type="cond" truecount="1" falsecount="1"/>
        <line num="11" count="12" type="stmt"/>
        <line num="13" count="12" type="cond" truecount="1" falsecount="1"/>
        <line num="14" count="12" type="stmt"/>
        <line num="19" count="11" type="stmt"/>
        <line num="20" count="11" type="stmt"/>
        <line num="23" count="11" type="stmt"/>
        <line num="24" count="11" type="stmt"/>
        <line num="25" count="11" type="stmt"/>
        <line num="26" count="11" type="stmt"/>
        <line num="27" count="11" type="cond" truecount="3" falsecount="1"/>
        <line num="28" count="0" type="stmt"/>
        <line num="32" count="11" type="stmt"/>
        <line num="33" count="11" type="stmt"/>
        <line num="34" count="11" type="stmt"/>
        <line num="35" count="11" type="stmt"/>
        <line num="36" count="11" type="stmt"/>
        <line num="37" count="11" type="stmt"/>
        <line num="38" count="11" type="stmt"/>
        <line num="39" count="11" type="stmt"/>
        <line num="40" count="11" type="stmt"/>
        <line num="41" count="11" type="stmt"/>
        <line num="44" count="11" type="stmt"/>
        <line num="45" count="11" type="stmt"/>
        <line num="48" count="11" type="stmt"/>
        <line num="49" count="11" type="stmt"/>
        <line num="50" count="11" type="stmt"/>
        <line num="51" count="11" type="stmt"/>
        <line num="52" count="11" type="stmt"/>
        <line num="53" count="11" type="stmt"/>
        <line num="54" count="11" type="stmt"/>
        <line num="55" count="11" type="stmt"/>
        <line num="56" count="11" type="stmt"/>
        <line num="57" count="11" type="stmt"/>
        <line num="58" count="11" type="stmt"/>
        <line num="59" count="11" type="stmt"/>
        <line num="62" count="11" type="stmt"/>
        <line num="63" count="11" type="stmt"/>
        <line num="64" count="11" type="stmt"/>
        <line num="65" count="11" type="stmt"/>
        <line num="66" count="11" type="stmt"/>
        <line num="67" count="11" type="stmt"/>
        <line num="68" count="11" type="stmt"/>
        <line num="71" count="11" type="stmt"/>
        <line num="72" count="11" type="stmt"/>
        <line num="75" count="11" type="stmt"/>
        <line num="76" count="11" type="cond" truecount="2" falsecount="2"/>
        <line num="77" count="0" type="stmt"/>
        <line num="78" count="0" type="stmt"/>
        <line num="83" count="9" type="cond" truecount="4" falsecount="0"/>
        <line num="87" count="21" type="cond" truecount="5" falsecount="0"/>
        <line num="88" count="15" type="stmt"/>
        <line num="91" count="6" type="stmt"/>
        <line num="92" count="6" type="stmt"/>
        <line num="93" count="6" type="stmt"/>
        <line num="97" count="11" type="cond" truecount="2" falsecount="2"/>
        <line num="100" count="11" type="cond" truecount="1" falsecount="1"/>
        <line num="104" count="11" type="stmt"/>
        <line num="105" count="11" type="stmt"/>
        <line num="106" count="11" type="cond" truecount="2" falsecount="0"/>
        <line num="107" count="11" type="stmt"/>
        <line num="108" count="11" type="stmt"/>
        <line num="109" count="11" type="stmt"/>
        <line num="110" count="11" type="stmt"/>
        <line num="114" count="3" type="cond" truecount="4" falsecount="0"/>
        <line num="118" count="12" type="cond" truecount="2" falsecount="0"/>
        <line num="119" count="12" type="cond" truecount="2" falsecount="0"/>
        <line num="121" count="4" type="stmt"/>
        <line num="122" count="4" type="stmt"/>
        <line num="123" count="16" type="stmt"/>
        <line num="124" count="16" type="stmt"/>
        <line num="131" count="4" type="stmt"/>
        <line num="148" count="4" type="stmt"/>
        <line num="152" count="2" type="stmt"/>
        <line num="153" count="2" type="cond" truecount="1" falsecount="1"/>
        <line num="154" count="2" type="cond" truecount="6" falsecount="0"/>
        <line num="156" count="1" type="stmt"/>
        <line num="157" count="1" type="stmt"/>
        <line num="158" count="1" type="stmt"/>
        <line num="160" count="1" type="stmt"/>
        <line num="161" count="1" type="stmt"/>
        <line num="163" count="1" type="stmt"/>
        <line num="164" count="1" type="stmt"/>
        <line num="166" count="1" type="stmt"/>
        <line num="167" count="1" type="stmt"/>
        <line num="168" count="1" type="stmt"/>
        <line num="171" count="1" type="stmt"/>
        <line num="175" count="4" type="cond" truecount="1" falsecount="1"/>
        <line num="176" count="4" type="cond" truecount="6" falsecount="0"/>
        <line num="180" count="11" type="cond" truecount="1" falsecount="1"/>
        <line num="181" count="11" type="cond" truecount="1" falsecount="1"/>
        <line num="182" count="11" type="stmt"/>
        <line num="183" count="11" type="cond" truecount="1" falsecount="1"/>
        <line num="184" count="11" type="stmt"/>
        <line num="185" count="11" type="stmt"/>
        <line num="189" count="41" type="cond" truecount="1" falsecount="1"/>
        <line num="190" count="41" type="cond" truecount="1" falsecount="1"/>
        <line num="191" count="41" type="stmt"/>
        <line num="192" count="41" type="cond" truecount="1" falsecount="1"/>
        <line num="193" count="41" type="stmt"/>
        <line num="194" count="41" type="stmt"/>
        <line num="198" count="6" type="cond" truecount="1" falsecount="1"/>
        <line num="199" count="6" type="cond" truecount="1" falsecount="1"/>
        <line num="200" count="6" type="cond" truecount="4" falsecount="0"/>
        <line num="201" count="6" type="cond" truecount="4" falsecount="0"/>
        <line num="203" count="6" type="stmt"/>
        <line num="204" count="6" type="cond" truecount="2" falsecount="0"/>
        <line num="205" count="6" type="stmt"/>
        <line num="206" count="6" type="stmt"/>
        <line num="208" count="6" type="cond" truecount="2" falsecount="0"/>
        <line num="209" count="1" type="stmt"/>
        <line num="210" count="1" type="stmt"/>
        <line num="211" count="1" type="stmt"/>
        <line num="214" count="5" type="stmt"/>
        <line num="215" count="5" type="stmt"/>
        <line num="219" count="8" type="cond" truecount="3" falsecount="1"/>
        <line num="220" count="8" type="cond" truecount="1" falsecount="1"/>
        <line num="221" count="8" type="stmt"/>
        <line num="222" count="8" type="cond" truecount="1" falsecount="1"/>
        <line num="223" count="8" type="cond" truecount="2" falsecount="0"/>
        <line num="224" count="1" type="stmt"/>
        <line num="225" count="7" type="cond" truecount="2" falsecount="0"/>
        <line num="226" count="4" type="stmt"/>
        <line num="228" count="3" type="stmt"/>
        <line num="230" count="8" type="stmt"/>
        <line num="234" count="0" type="stmt"/>
        <line num="235" count="0" type="cond" truecount="0" falsecount="2"/>
        <line num="236" count="0" type="stmt"/>
        <line num="237" count="0" type="stmt"/>
        <line num="241" count="1" type="stmt"/>
        <line num="245" count="3" type="cond" truecount="2" falsecount="0"/>
        <line num="246" count="3" type="stmt"/>
        <line num="247" count="3" type="cond" truecount="1" falsecount="1"/>
        <line num="248" count="3" type="stmt"/>
        <line num="249" count="5" type="stmt"/>
        <line num="250" count="5" type="cond" truecount="6" falsecount="0"/>
        <line num="251" count="2" type="stmt"/>
        <line num="253" count="3" type="stmt"/>
        <line num="257" count="2" type="cond" truecount="4" falsecount="0"/>
        <line num="258" count="1" type="stmt"/>
        <line num="259" count="1" type="stmt"/>
        <line num="261" count="1" type="cond" truecount="1" falsecount="1"/>
        <line num="262" count="0" type="stmt"/>
        <line num="265" count="1" type="stmt"/>
        <line num="268" count="1" type="stmt"/>
        <line num="270" count="1" type="stmt"/>
        <line num="272" count="1" type="stmt"/>
        <line num="274" count="1" type="cond" truecount="3" falsecount="1"/>
        <line num="275" count="1" type="stmt"/>
        <line num="278" count="1" type="stmt"/>
        <line num="279" count="1" type="stmt"/>
        <line num="283" count="0" type="cond" truecount="0" falsecount="2"/>
        <line num="284" count="0" type="stmt"/>
        <line num="285" count="0" type="stmt"/>
        <line num="286" count="0" type="stmt"/>
        <line num="290" count="0" type="stmt"/>
        <line num="291" count="0" type="stmt"/>
        <line num="292" count="0" type="stmt"/>
        <line num="293" count="0" type="stmt"/>
        <line num="297" count="21" type="stmt"/>
        <line num="298" count="21" type="stmt"/>
        <line num="299" count="21" type="stmt"/>
        <line num="300" count="21" type="stmt"/>
        <line num="301" count="21" type="stmt"/>
        <line num="302" count="21" type="stmt"/>
        <line num="305" count="21" type="stmt"/>
        <line num="306" count="21" type="stmt"/>
        <line num="309" count="21" type="stmt"/>
        <line num="310" count="21" type="stmt"/>
        <line num="313" count="21" type="stmt"/>
        <line num="315" count="21" type="cond" truecount="4" falsecount="0"/>
        <line num="316" count="12" type="stmt"/>
        <line num="318" count="12" type="stmt"/>
        <line num="319" count="12" type="stmt"/>
        <line num="320" count="12" type="cond" truecount="1" falsecount="1"/>
        <line num="321" count="12" type="stmt"/>
        <line num="323" count="12" type="stmt"/>
        <line num="324" count="12" type="stmt"/>
        <line num="327" count="12" type="cond" truecount="1" falsecount="1"/>
        <line num="328" count="0" type="stmt"/>
        <line num="329" count="0" type="stmt"/>
        <line num="330" count="0" type="cond" truecount="0" falsecount="5"/>
        <line num="331" count="0" type="cond" truecount="0" falsecount="4"/>
        <line num="332" count="0" type="stmt"/>
        <line num="333" count="0" type="cond" truecount="0" falsecount="2"/>
        <line num="334" count="0" type="cond" truecount="0" falsecount="2"/>
        <line num="335" count="0" type="stmt"/>
        <line num="336" count="0" type="stmt"/>
        <line num="341" count="12" type="stmt"/>
        <line num="344" count="12" type="stmt"/>
        <line num="345" count="12" type="stmt"/>
        <line num="346" count="96" type="cond" truecount="4" falsecount="0"/>
        <line num="347" count="48" type="stmt"/>
        <line num="350" count="12" type="stmt"/>
        <line num="352" count="12" type="cond" truecount="1" falsecount="1"/>
        <line num="353" count="12" type="cond" truecount="1" falsecount="1"/>
        <line num="354" count="12" type="cond" truecount="1" falsecount="1"/>
        <line num="355" count="12" type="stmt"/>
        <line num="356" count="12" type="stmt"/>
        <line num="360" count="0" type="stmt"/>
        <line num="364" count="9" type="stmt"/>
        <line num="365" count="9" type="stmt"/>
        <line num="366" count="9" type="stmt"/>
        <line num="370" count="21" type="stmt"/>
        <line num="373" count="21" type="stmt"/>
        <line num="374" count="21" type="stmt"/>
        <line num="375" count="21" type="stmt"/>
        <line num="376" count="21" type="stmt"/>
        <line num="377" count="21" type="stmt"/>
        <line num="378" count="21" type="stmt"/>
        <line num="379" count="21" type="stmt"/>
        <line num="380" count="21" type="stmt"/>
        <line num="381" count="21" type="stmt"/>
        <line num="382" count="21" type="stmt"/>
        <line num="383" count="21" type="stmt"/>
        <line num="386" count="21" type="stmt"/>
        <line num="394" count="21" type="cond" truecount="2" falsecount="0"/>
        <line num="395" count="2" type="stmt"/>
        <line num="398" count="21" type="stmt"/>
        <line num="401" count="21" type="stmt"/>
        <line num="402" count="21" type="stmt"/>
        <line num="403" count="21" type="cond" truecount="4" falsecount="0"/>
        <line num="404" count="4" type="stmt"/>
        <line num="405" count="4" type="stmt"/>
        <line num="407" count="17" type="stmt"/>
        <line num="411" count="21" type="cond" truecount="2" falsecount="0"/>
        <line num="412" count="2" type="stmt"/>
        <line num="413" count="2" type="cond" truecount="1" falsecount="1"/>
        <line num="414" count="2" type="stmt"/>
        <line num="415" count="2" type="stmt"/>
        <line num="416" count="2" type="cond" truecount="1" falsecount="1"/>
        <line num="417" count="2" type="stmt"/>
        <line num="423" count="21" type="cond" truecount="1" falsecount="3"/>
        <line num="425" count="21" type="stmt"/>
        <line num="426" count="21" type="stmt"/>
        <line num="427" count="21" type="stmt"/>
        <line num="428" count="3" type="stmt"/>
        <line num="431" count="21" type="stmt"/>
        <line num="432" count="21" type="stmt"/>
        <line num="433" count="21" type="stmt"/>
        <line num="434" count="2" type="stmt"/>
        <line num="437" count="21" type="stmt"/>
        <line num="439" count="21" type="stmt"/>
        <line num="443" count="22" type="cond" truecount="1" falsecount="1"/>
        <line num="447" count="1" type="cond" truecount="1" falsecount="1"/>
        <line num="452" count="1" type="cond" truecount="1" falsecount="1"/>
        <line num="453" count="1" type="stmt"/>
        <line num="455" count="1" type="stmt"/>
        <line num="459" count="0" type="stmt"/>
        <line num="460" count="0" type="cond" truecount="0" falsecount="4"/>
        <line num="461" count="0" type="stmt"/>
        <line num="462" count="0" type="stmt"/>
        <line num="463" count="0" type="cond" truecount="0" falsecount="2"/>
        <line num="464" count="0" type="stmt"/>
        <line num="465" count="0" type="stmt"/>
        <line num="467" count="0" type="stmt"/>
        <line num="468" count="0" type="stmt"/>
        <line num="472" count="0" type="cond" truecount="0" falsecount="2"/>
        <line num="473" count="0" type="stmt"/>
        <line num="474" count="0" type="cond" truecount="0" falsecount="2"/>
        <line num="475" count="0" type="cond" truecount="0" falsecount="2"/>
        <line num="476" count="0" type="stmt"/>
        <line num="477" count="0" type="stmt"/>
        <line num="479" count="0" type="stmt"/>
        <line num="490" count="0" type="cond" truecount="0" falsecount="2"/>
        <line num="491" count="0" type="cond" truecount="0" falsecount="3"/>
        <line num="492" count="0" type="stmt"/>
        <line num="493" count="0" type="stmt"/>
        <line num="495" count="0" type="stmt"/>
        <line num="496" count="0" type="stmt"/>
        <line num="497" count="0" type="stmt"/>
        <line num="498" count="0" type="cond" truecount="0" falsecount="6"/>
        <line num="499" count="0" type="cond" truecount="0" falsecount="2"/>
        <line num="500" count="0" type="stmt"/>
        <line num="505" count="0" type="stmt"/>
        <line num="509" count="0" type="cond" truecount="0" falsecount="4"/>
        <line num="510" count="0" type="stmt"/>
        <line num="514" count="0" type="cond" truecount="0" falsecount="2"/>
        <line num="515" count="0" type="stmt"/>
        <line num="520" count="0" type="cond" truecount="0" falsecount="2"/>
        <line num="521" count="0" type="stmt"/>
        <line num="533" count="0" type="cond" truecount="0" falsecount="4"/>
        <line num="534" count="0" type="stmt"/>
        <line num="538" count="1" type="cond" truecount="4" falsecount="1"/>
        <line num="539" count="1" type="cond" truecount="1" falsecount="1"/>
        <line num="540" count="0" type="cond" truecount="0" falsecount="2"/>
        <line num="541" count="0" type="stmt"/>
        <line num="543" count="0" type="cond" truecount="0" falsecount="4"/>
        <line num="544" count="0" type="stmt"/>
        <line num="545" count="0" type="cond" truecount="0" falsecount="4"/>
        <line num="546" count="0" type="stmt"/>
        <line num="548" count="0" type="cond" truecount="0" falsecount="4"/>
        <line num="549" count="0" type="stmt"/>
        <line num="551" count="0" type="stmt"/>
        <line num="552" count="0" type="stmt"/>
        <line num="554" count="1" type="cond" truecount="1" falsecount="1"/>
        <line num="555" count="0" type="stmt"/>
        <line num="556" count="0" type="cond" truecount="0" falsecount="2"/>
        <line num="557" count="0" type="stmt"/>
        <line num="558" count="0" type="cond" truecount="0" falsecount="2"/>
        <line num="559" count="0" type="stmt"/>
        <line num="560" count="0" type="stmt"/>
        <line num="561" count="0" type="stmt"/>
        <line num="562" count="0" type="stmt"/>
        <line num="563" count="0" type="stmt"/>
        <line num="564" count="0" type="stmt"/>
        <line num="566" count="0" type="stmt"/>
        <line num="568" count="1" type="cond" truecount="1" falsecount="1"/>
        <line num="569" count="1" type="stmt"/>
        <line num="578" count="1" type="cond" truecount="1" falsecount="1"/>
        <line num="579" count="1" type="stmt"/>
        <line num="580" count="1" type="stmt"/>
        <line num="582" count="1" type="stmt"/>
        <line num="584" count="0" type="stmt"/>
        <line num="588" count="2" type="stmt"/>
        <line num="589" count="2" type="cond" truecount="1" falsecount="1"/>
        <line num="590" count="2" type="cond" truecount="1" falsecount="1"/>
        <line num="591" count="2" type="cond" truecount="1" falsecount="1"/>
        <line num="592" count="2" type="cond" truecount="1" falsecount="1"/>
        <line num="593" count="2" type="cond" truecount="1" falsecount="1"/>
        <line num="594" count="2" type="cond" truecount="1" falsecount="1"/>
        <line num="595" count="2" type="stmt"/>
        <line num="599" count="22" type="cond" truecount="4" falsecount="0"/>
        <line num="601" count="1" type="stmt"/>
        <line num="602" count="1" type="stmt"/>
        <line num="603" count="2" type="cond" truecount="1" falsecount="1"/>
        <line num="604" count="2" type="stmt"/>
        <line num="605" count="2" type="cond" truecount="1" falsecount="1"/>
        <line num="606" count="2" type="stmt"/>
        <line num="607" count="2" type="stmt"/>
        <line num="608" count="2" type="stmt"/>
        <line num="609" count="2" type="stmt"/>
        <line num="612" count="1" type="cond" truecount="1" falsecount="1"/>
        <line num="613" count="1" type="stmt"/>
        <line num="615" count="1" type="cond" truecount="1" falsecount="1"/>
        <line num="616" count="1" type="stmt"/>
        <line num="621" count="24" type="cond" truecount="5" falsecount="0"/>
        <line num="623" count="9" type="stmt"/>
        <line num="624" count="9" type="stmt"/>
        <line num="626" count="9" type="stmt"/>
        <line num="627" count="11" type="stmt"/>
        <line num="628" count="11" type="cond" truecount="2" falsecount="0"/>
        <line num="629" count="9" type="stmt"/>
        <line num="633" count="0" type="stmt"/>
        <line num="637" count="21" type="stmt"/>
        <line num="638" count="21" type="stmt"/>
        <line num="639" count="21" type="cond" truecount="2" falsecount="0"/>
        <line num="641" count="19" type="stmt"/>
        <line num="642" count="19" type="stmt"/>
        <line num="643" count="19" type="stmt"/>
        <line num="647" count="15" type="cond" truecount="4" falsecount="1"/>
        <line num="649" count="15" type="stmt"/>
        <line num="650" count="15" type="stmt"/>
        <line num="651" count="15" type="stmt"/>
        <line num="653" count="15" type="stmt"/>
        <line num="654" count="14" type="stmt"/>
        <line num="655" count="14" type="stmt"/>
        <line num="656" count="14" type="stmt"/>
        <line num="657" count="14" type="stmt"/>
        <line num="658" count="14" type="cond" truecount="1" falsecount="1"/>
        <line num="659" count="14" type="stmt"/>
        <line num="660" count="14" type="stmt"/>
        <line num="664" count="15" type="cond" truecount="2" falsecount="0"/>
        <line num="665" count="1" type="stmt"/>
        <line num="668" count="15" type="stmt"/>
        <line num="669" count="15" type="cond" truecount="1" falsecount="1"/>
        <line num="671" count="15" type="stmt"/>
        <line num="672" count="15" type="cond" truecount="3" falsecount="1"/>
        <line num="673" count="0" type="stmt"/>
        <line num="674" count="0" type="cond" truecount="0" falsecount="2"/>
        <line num="677" count="15" type="stmt"/>
        <line num="681" count="23" type="cond" truecount="4" falsecount="0"/>
        <line num="683" count="15" type="stmt"/>
        <line num="684" count="15" type="cond" truecount="1" falsecount="1"/>
        <line num="685" count="15" type="stmt"/>
        <line num="686" count="15" type="cond" truecount="1" falsecount="1"/>
        <line num="689" count="0" type="cond" truecount="0" falsecount="2"/>
        <line num="690" count="0" type="stmt"/>
        <line num="695" count="0" type="cond" truecount="0" falsecount="4"/>
        <line num="697" count="0" type="stmt"/>
        <line num="698" count="0" type="stmt"/>
        <line num="699" count="0" type="stmt"/>
        <line num="700" count="0" type="stmt"/>
        <line num="701" count="0" type="stmt"/>
        <line num="703" count="0" type="cond" truecount="0" falsecount="2"/>
        <line num="707" count="0" type="stmt"/>
        <line num="708" count="0" type="cond" truecount="0" falsecount="2"/>
        <line num="710" count="0" type="stmt"/>
        <line num="711" count="0" type="stmt"/>
        <line num="712" count="0" type="stmt"/>
        <line num="716" count="0" type="stmt"/>
        <line num="717" count="0" type="cond" truecount="0" falsecount="2"/>
        <line num="719" count="0" type="stmt"/>
        <line num="720" count="0" type="stmt"/>
        <line num="724" count="3" type="stmt"/>
        <line num="725" count="3" type="cond" truecount="1" falsecount="1"/>
        <line num="726" count="3" type="cond" truecount="1" falsecount="1"/>
        <line num="728" count="3" type="stmt"/>
        <line num="729" count="3" type="cond" truecount="4" falsecount="0"/>
        <line num="730" count="1" type="stmt"/>
        <line num="731" count="2" type="cond" truecount="4" falsecount="0"/>
        <line num="732" count="1" type="stmt"/>
        <line num="735" count="3" type="cond" truecount="2" falsecount="0"/>
        <line num="736" count="2" type="stmt"/>
        <line num="738" count="3" type="stmt"/>
        <line num="742" count="0" type="stmt"/>
        <line num="743" count="0" type="stmt"/>
        <line num="744" count="0" type="cond" truecount="0" falsecount="4"/>
        <line num="745" count="0" type="stmt"/>
        <line num="747" count="0" type="stmt"/>
        <line num="751" count="2" type="stmt"/>
        <line num="752" count="2" type="cond" truecount="4" falsecount="0"/>
        <line num="753" count="1" type="stmt"/>
        <line num="755" count="2" type="stmt"/>
        <line num="759" count="5" type="cond" truecount="4" falsecount="0"/>
        <line num="761" count="3" type="cond" truecount="2" falsecount="2"/>
        <line num="762" count="0" type="stmt"/>
        <line num="763" count="0" type="stmt"/>
        <line num="765" count="3" type="stmt"/>
        <line num="766" count="3" type="stmt"/>
        <line num="767" count="3" type="stmt"/>
        <line num="771" count="11" type="cond" truecount="5" falsecount="0"/>
        <line num="772" count="10" type="cond" truecount="1" falsecount="1"/>
        <line num="776" count="9" type="cond" truecount="1" falsecount="1"/>
        <line num="777" count="10" type="stmt"/>
        <line num="781" count="8" type="cond" truecount="3" falsecount="1"/>
        <line num="782" count="8" type="cond" truecount="1" falsecount="1"/>
        <line num="784" count="8" type="stmt"/>
        <line num="785" count="8" type="cond" truecount="4" falsecount="0"/>
        <line num="786" count="2" type="stmt"/>
        <line num="790" count="2" type="stmt"/>
        <line num="793" count="6" type="cond" truecount="4" falsecount="0"/>
        <line num="794" count="1" type="cond" truecount="2" falsecount="2"/>
        <line num="795" count="1" type="cond" truecount="1" falsecount="1"/>
        <line num="796" count="1" type="cond" truecount="1" falsecount="1"/>
        <line num="797" count="1" type="stmt"/>
        <line num="800" count="5" type="stmt"/>
        <line num="810" count="5" type="stmt"/>
        <line num="811" count="5" type="stmt"/>
        <line num="815" count="8" type="cond" truecount="4" falsecount="1"/>
        <line num="817" count="8" type="stmt"/>
        <line num="818" count="8" type="cond" truecount="1" falsecount="1"/>
        <line num="820" count="8" type="cond" truecount="4" falsecount="2"/>
        <line num="822" count="1" type="stmt"/>
        <line num="827" count="1" type="stmt"/>
        <line num="829" count="0" type="stmt"/>
        <line num="834" count="0" type="stmt"/>
        <line num="836" count="2" type="stmt"/>
        <line num="843" count="2" type="stmt"/>
        <line num="845" count="0" type="stmt"/>
        <line num="849" count="0" type="stmt"/>
        <line num="851" count="1" type="stmt"/>
        <line num="856" count="1" type="stmt"/>
        <line num="858" count="4" type="stmt"/>
        <line num="863" count="4" type="stmt"/>
        <line num="868" count="1" type="stmt"/>
        <line num="869" count="1" type="cond" truecount="2" falsecount="2"/>
        <line num="873" count="3" type="cond" truecount="3" falsecount="1"/>
        <line num="874" count="3" type="cond" truecount="5" falsecount="0"/>
        <line num="876" count="2" type="stmt"/>
        <line num="877" count="2" type="stmt"/>
        <line num="878" count="2" type="stmt"/>
        <line num="882" count="2" type="cond" truecount="5" falsecount="1"/>
        <line num="884" count="2" type="cond" truecount="1" falsecount="1"/>
        <line num="888" count="5" type="cond" truecount="4" falsecount="0"/>
        <line num="890" count="3" type="stmt"/>
        <line num="891" count="3" type="stmt"/>
        <line num="892" count="5" type="stmt"/>
        <line num="893" count="5" type="stmt"/>
        <line num="895" count="5" type="cond" truecount="2" falsecount="0"/>
        <line num="896" count="1" type="cond" truecount="1" falsecount="1"/>
        <line num="899" count="5" type="cond" truecount="2" falsecount="0"/>
        <line num="900" count="3" type="cond" truecount="1" falsecount="1"/>
        <line num="901" count="3" type="cond" truecount="2" falsecount="0"/>
        <line num="902" count="2" type="cond" truecount="2" falsecount="0"/>
        <line num="903" count="2" type="cond" truecount="2" falsecount="0"/>
        <line num="905" count="2" type="cond" truecount="1" falsecount="2"/>
        <line num="906" count="2" type="cond" truecount="3" falsecount="1"/>
        <line num="907" count="2" type="stmt"/>
        <line num="908" count="2" type="stmt"/>
        <line num="909" count="2" type="stmt"/>
        <line num="914" count="5" type="cond" truecount="1" falsecount="1"/>
        <line num="915" count="0" type="stmt"/>
        <line num="919" count="3" type="stmt"/>
        <line num="923" count="6" type="cond" truecount="3" falsecount="0"/>
        <line num="927" count="3" type="stmt"/>
        <line num="928" count="3" type="stmt"/>
        <line num="929" count="3" type="cond" truecount="4" falsecount="0"/>
        <line num="931" count="2" type="cond" truecount="2" falsecount="0"/>
        <line num="932" count="1" type="stmt"/>
        <line num="935" count="2" type="cond" truecount="2" falsecount="0"/>
        <line num="936" count="1" type="stmt"/>
        <line num="941" count="1" type="stmt"/>
        <line num="942" count="1" type="cond" truecount="3" falsecount="1"/>
        <line num="944" count="1" type="stmt"/>
        <line num="945" count="1" type="stmt"/>
        <line num="946" count="1" type="cond" truecount="1" falsecount="1"/>
        <line num="947" count="1" type="cond" truecount="1" falsecount="1"/>
        <line num="949" count="1" type="stmt"/>
        <line num="950" count="8" type="stmt"/>
        <line num="951" count="8" type="stmt"/>
        <line num="952" count="8" type="stmt"/>
        <line num="953" count="8" type="cond" truecount="1" falsecount="1"/>
        <line num="958" count="8" type="stmt"/>
        <line num="959" count="8" type="stmt"/>
        <line num="960" count="8" type="stmt"/>
        <line num="963" count="1" type="cond" truecount="1" falsecount="1"/>
        <line num="964" count="1" type="cond" truecount="1" falsecount="1"/>
        <line num="969" count="1" type="stmt"/>
        <line num="970" count="1" type="cond" truecount="3" falsecount="1"/>
        <line num="972" count="1" type="stmt"/>
        <line num="973" count="1" type="stmt"/>
        <line num="974" count="1" type="cond" truecount="1" falsecount="1"/>
        <line num="975" count="1" type="cond" truecount="1" falsecount="1"/>
        <line num="977" count="1" type="stmt"/>
        <line num="978" count="8" type="stmt"/>
        <line num="979" count="8" type="stmt"/>
        <line num="980" count="8" type="stmt"/>
        <line num="981" count="8" type="cond" truecount="1" falsecount="1"/>
        <line num="986" count="8" type="stmt"/>
        <line num="987" count="8" type="stmt"/>
        <line num="988" count="8" type="stmt"/>
        <line num="991" count="1" type="cond" truecount="1" falsecount="1"/>
        <line num="992" count="1" type="cond" truecount="1" falsecount="1"/>
        <line num="997" count="1" type="cond" truecount="3" falsecount="2"/>
        <line num="999" count="0" type="stmt"/>
        <line num="1000" count="0" type="stmt"/>
        <line num="1001" count="0" type="stmt"/>
        <line num="1006" count="0" type="cond" truecount="0" falsecount="5"/>
        <line num="1008" count="0" type="stmt"/>
        <line num="1009" count="0" type="cond" truecount="0" falsecount="6"/>
        <line num="1011" count="0" type="stmt"/>
        <line num="1013" count="0" type="stmt"/>
        <line num="1015" count="0" type="stmt"/>
        <line num="1017" count="0" type="stmt"/>
        <line num="1019" count="0" type="stmt"/>
        <line num="1021" count="0" type="stmt"/>
        <line num="1023" count="0" type="stmt"/>
        <line num="1027" count="1" type="cond" truecount="4" falsecount="1"/>
        <line num="1029" count="1" type="cond" truecount="1" falsecount="1"/>
        <line num="1030" count="1" type="stmt"/>
        <line num="1031" count="1" type="stmt"/>
        <line num="1033" count="1" type="stmt"/>
        <line num="1034" count="7" type="stmt"/>
        <line num="1035" count="49" type="cond" truecount="5" falsecount="1"/>
        <line num="1036" count="49" type="cond" truecount="2" falsecount="0"/>
        <line num="1037" count="29" type="stmt"/>
        <line num="1042" count="1" type="cond" truecount="1" falsecount="1"/>
        <line num="1043" count="1" type="stmt"/>
        <line num="1045" count="1" type="cond" truecount="1" falsecount="1"/>
        <line num="1046" count="1" type="stmt"/>
        <line num="1048" count="1" type="stmt"/>
        <line num="1052" count="1" type="cond" truecount="3" falsecount="1"/>
        <line num="1054" count="1" type="cond" truecount="1" falsecount="2"/>
        <line num="1055" count="1" type="cond" truecount="1" falsecount="1"/>
        <line num="1056" count="1" type="cond" truecount="1" falsecount="1"/>
        <line num="1057" count="1" type="stmt"/>
        <line num="1058" count="1" type="cond" truecount="3" falsecount="0"/>
        <line num="1059" count="1" type="cond" truecount="3" falsecount="0"/>
        <line num="1060" count="1" type="stmt"/>
        <line num="1061" count="1" type="stmt"/>
        <line num="1062" count="1" type="stmt"/>
        <line num="1064" count="1" type="cond" truecount="1" falsecount="1"/>
        <line num="1065" count="0" type="cond" truecount="0" falsecount="2"/>
        <line num="1066" count="0" type="stmt"/>
        <line num="1068" count="0" type="stmt"/>
        <line num="1071" count="1" type="stmt"/>
        <line num="1072" count="1" type="stmt"/>
        <line num="1073" count="1" type="stmt"/>
        <line num="1074" count="1" type="stmt"/>
        <line num="1075" count="1" type="cond" truecount="3" falsecount="1"/>
        <line num="1076" count="0" type="stmt"/>
        <line num="1077" count="0" type="stmt"/>
        <line num="1078" count="0" type="stmt"/>
        <line num="1081" count="1" type="cond" truecount="1" falsecount="1"/>
        <line num="1082" count="1" type="stmt"/>
        <line num="1083" count="1" type="stmt"/>
        <line num="1085" count="1" type="cond" truecount="1" falsecount="1"/>
        <line num="1086" count="1" type="stmt"/>
        <line num="1088" count="1" type="stmt"/>
        <line num="1092" count="2" type="cond" truecount="4" falsecount="1"/>
        <line num="1094" count="2" type="stmt"/>
        <line num="1095" count="2" type="stmt"/>
        <line num="1096" count="2" type="stmt"/>
        <line num="1097" count="2" type="stmt"/>
        <line num="1098" count="2" type="cond" truecount="2" falsecount="2"/>
        <line num="1099" count="2" type="cond" truecount="5" falsecount="1"/>
        <line num="1100" count="2" type="cond" truecount="1" falsecount="1"/>
        <line num="1102" count="2" type="stmt"/>
        <line num="1106" count="2" type="cond" truecount="3" falsecount="1"/>
        <line num="1107" count="0" type="stmt"/>
        <line num="1110" count="2" type="stmt"/>
        <line num="1111" count="2" type="stmt"/>
        <line num="1112" count="2" type="stmt"/>
        <line num="1113" count="2" type="stmt"/>
        <line num="1114" count="2" type="cond" truecount="2" falsecount="0"/>
        <line num="1115" count="2" type="stmt"/>
        <line num="1116" count="2" type="stmt"/>
        <line num="1117" count="2" type="cond" truecount="1" falsecount="1"/>
        <line num="1121" count="0" type="stmt"/>
        <line num="1125" count="0" type="cond" truecount="0" falsecount="4"/>
        <line num="1127" count="0" type="cond" truecount="0" falsecount="2"/>
        <line num="1128" count="0" type="cond" truecount="0" falsecount="2"/>
        <line num="1129" count="0" type="stmt"/>
        <line num="1130" count="0" type="cond" truecount="0" falsecount="2"/>
        <line num="1131" count="0" type="stmt"/>
        <line num="1146" count="0" type="stmt"/>
        <line num="1147" count="0" type="stmt"/>
        <line num="1148" count="0" type="stmt"/>
        <line num="1149" count="0" type="cond" truecount="0" falsecount="2"/>
        <line num="1150" count="0" type="cond" truecount="0" falsecount="2"/>
        <line num="1151" count="0" type="stmt"/>
        <line num="1152" count="0" type="stmt"/>
        <line num="1156" count="1" type="cond" truecount="4" falsecount="1"/>
        <line num="1158" count="1" type="cond" truecount="1" falsecount="1"/>
        <line num="1159" count="1" type="cond" truecount="2" falsecount="0"/>
        <line num="1160" count="1" type="cond" truecount="1" falsecount="2"/>
        <line num="1161" count="1" type="cond" truecount="2" falsecount="0"/>
        <line num="1162" count="1" type="cond" truecount="1" falsecount="1"/>
        <line num="1163" count="1" type="stmt"/>
        <line num="1164" count="1" type="stmt"/>
        <line num="1179" count="1" type="cond" truecount="2" falsecount="0"/>
        <line num="1180" count="1" type="cond" truecount="2" falsecount="0"/>
        <line num="1181" count="1" type="stmt"/>
        <line num="1182" count="1" type="stmt"/>
        <line num="1183" count="1" type="cond" truecount="1" falsecount="1"/>
        <line num="1184" count="1" type="cond" truecount="1" falsecount="1"/>
        <line num="1185" count="1" type="stmt"/>
        <line num="1186" count="1" type="stmt"/>
        <line num="1190" count="0" type="cond" truecount="0" falsecount="4"/>
        <line num="1191" count="0" type="cond" truecount="0" falsecount="2"/>
        <line num="1192" count="0" type="cond" truecount="0" falsecount="4"/>
        <line num="1193" count="0" type="stmt"/>
        <line num="1194" count="0" type="stmt"/>
        <line num="1195" count="0" type="stmt"/>
        <line num="1196" count="0" type="stmt"/>
        <line num="1197" count="0" type="cond" truecount="0" falsecount="6"/>
        <line num="1202" count="0" type="stmt"/>
        <line num="1203" count="0" type="stmt"/>
        <line num="1205" count="0" type="stmt"/>
        <line num="1209" count="0" type="cond" truecount="0" falsecount="5"/>
        <line num="1210" count="0" type="cond" truecount="0" falsecount="2"/>
        <line num="1211" count="0" type="cond" truecount="0" falsecount="2"/>
        <line num="1212" count="0" type="stmt"/>
        <line num="1213" count="0" type="stmt"/>
        <line num="1214" count="0" type="cond" truecount="0" falsecount="4"/>
        <line num="1215" count="0" type="stmt"/>
        <line num="1216" count="0" type="cond" truecount="0" falsecount="2"/>
        <line num="1217" count="0" type="stmt"/>
        <line num="1218" count="0" type="stmt"/>
        <line num="1219" count="0" type="cond" truecount="0" falsecount="6"/>
        <line num="1224" count="0" type="stmt"/>
        <line num="1225" count="0" type="stmt"/>
        <line num="1227" count="0" type="stmt"/>
        <line num="1231" count="0" type="stmt"/>
        <line num="1237" count="0" type="cond" truecount="0" falsecount="2"/>
        <line num="1241" count="2" type="cond" truecount="3" falsecount="1"/>
        <line num="1242" count="2" type="stmt"/>
        <line num="1244" count="2" type="cond" truecount="1" falsecount="1"/>
        <line num="1245" count="2" type="stmt"/>
        <line num="1246" count="2" type="cond" truecount="1" falsecount="1"/>
        <line num="1247" count="2" type="cond" truecount="2" falsecount="0"/>
        <line num="1248" count="1" type="cond" truecount="1" falsecount="1"/>
        <line num="1249" count="2" type="cond" truecount="3" falsecount="1"/>
        <line num="1250" count="2" type="cond" truecount="1" falsecount="1"/>
        <line num="1251" count="2" type="cond" truecount="1" falsecount="1"/>
        <line num="1252" count="2" type="cond" truecount="4" falsecount="4"/>
        <line num="1253" count="2" type="cond" truecount="1" falsecount="1"/>
        <line num="1254" count="0" type="stmt"/>
        <line num="1256" count="2" type="stmt"/>
        <line num="1257" count="2" type="stmt"/>
        <line num="1259" count="2" type="stmt"/>
        <line num="1260" count="2" type="cond" truecount="1" falsecount="1"/>
        <line num="1261" count="2" type="cond" truecount="1" falsecount="1"/>
        <line num="1264" count="1" type="cond" truecount="3" falsecount="1"/>
        <line num="1265" count="1" type="cond" truecount="1" falsecount="1"/>
        <line num="1266" count="1" type="stmt"/>
        <line num="1267" count="1" type="cond" truecount="3" falsecount="1"/>
        <line num="1268" count="1" type="stmt"/>
        <line num="1270" count="1" type="cond" truecount="1" falsecount="1"/>
        <line num="1271" count="1" type="cond" truecount="6" falsecount="2"/>
        <line num="1272" count="1" type="cond" truecount="1" falsecount="1"/>
        <line num="1278" count="2" type="stmt"/>
        <line num="1291" count="2" type="cond" truecount="1" falsecount="1"/>
        <line num="1292" count="2" type="stmt"/>
        <line num="1294" count="2" type="cond" truecount="1" falsecount="1"/>
        <line num="1295" count="2" type="stmt"/>
        <line num="1297" count="2" type="stmt"/>
        <line num="1301" count="1" type="stmt"/>
        <line num="1302" count="1" type="cond" truecount="1" falsecount="1"/>
        <line num="1303" count="0" type="cond" truecount="0" falsecount="2"/>
        <line num="1304" count="0" type="stmt"/>
        <line num="1306" count="0" type="stmt"/>
        <line num="1309" count="1" type="stmt"/>
        <line num="1310" count="1" type="stmt"/>
        <line num="1311" count="1" type="stmt"/>
        <line num="1312" count="1" type="cond" truecount="1" falsecount="1"/>
        <line num="1313" count="1" type="cond" truecount="1" falsecount="1"/>
        <line num="1314" count="1" type="cond" truecount="1" falsecount="1"/>
        <line num="1315" count="1" type="cond" truecount="1" falsecount="1"/>
        <line num="1317" count="1" type="cond" truecount="2" falsecount="0"/>
        <line num="1318" count="4" type="stmt"/>
        <line num="1319" count="4" type="stmt"/>
        <line num="1320" count="4" type="stmt"/>
        <line num="1321" count="4" type="cond" truecount="4" falsecount="4"/>
        <line num="1322" count="4" type="cond" truecount="1" falsecount="1"/>
        <line num="1323" count="0" type="stmt"/>
        <line num="1325" count="4" type="stmt"/>
        <line num="1326" count="4" type="stmt"/>
        <line num="1328" count="4" type="cond" truecount="2" falsecount="0"/>
        <line num="1330" count="4" type="stmt"/>
        <line num="1341" count="4" type="cond" truecount="1" falsecount="1"/>
        <line num="1342" count="4" type="stmt"/>
        <line num="1344" count="4" type="cond" truecount="1" falsecount="1"/>
        <line num="1345" count="4" type="stmt"/>
        <line num="1348" count="4" type="stmt"/>
        <line num="1349" count="4" type="stmt"/>
        <line num="1350" count="4" type="stmt"/>
        <line num="1353" count="1" type="stmt"/>
        <line num="1357" count="5" type="stmt"/>
        <line num="1358" count="5" type="stmt"/>
        <line num="1359" count="5" type="cond" truecount="1" falsecount="1"/>
        <line num="1360" count="25" type="cond" truecount="5" falsecount="0"/>
        <line num="1361" count="15" type="stmt"/>
        <line num="1362" count="15" type="cond" truecount="2" falsecount="0"/>
        <line num="1363" count="4" type="stmt"/>
        <line num="1364" count="4" type="stmt"/>
        <line num="1367" count="5" type="stmt"/>
        <line num="1371" count="1" type="cond" truecount="3" falsecount="1"/>
        <line num="1373" count="1" type="cond" truecount="2" falsecount="3"/>
        <line num="1374" count="1" type="cond" truecount="3" falsecount="0"/>
        <line num="1375" count="1" type="cond" truecount="3" falsecount="0"/>
        <line num="1376" count="1" type="stmt"/>
        <line num="1377" count="1" type="stmt"/>
        <line num="1378" count="1" type="cond" truecount="1" falsecount="1"/>
        <line num="1379" count="1" type="stmt"/>
        <line num="1392" count="1" type="stmt"/>
        <line num="1393" count="1" type="cond" truecount="1" falsecount="1"/>
        <line num="1394" count="1" type="cond" truecount="3" falsecount="1"/>
        <line num="1395" count="1" type="cond" truecount="1" falsecount="1"/>
        <line num="1396" count="1" type="stmt"/>
        <line num="1397" count="1" type="stmt"/>
        <line num="1400" count="1" type="cond" truecount="1" falsecount="1"/>
        <line num="1401" count="1" type="stmt"/>
        <line num="1403" count="1" type="stmt"/>
        <line num="1407" count="1" type="cond" truecount="1" falsecount="1"/>
        <line num="1408" count="1" type="cond" truecount="3" falsecount="1"/>
        <line num="1409" count="1" type="cond" truecount="1" falsecount="1"/>
        <line num="1410" count="1" type="cond" truecount="1" falsecount="1"/>
        <line num="1411" count="1" type="cond" truecount="1" falsecount="1"/>
        <line num="1412" count="1" type="stmt"/>
        <line num="1414" count="1" type="cond" truecount="1" falsecount="1"/>
        <line num="1415" count="1" type="stmt"/>
        <line num="1417" count="1" type="stmt"/>
        <line num="1421" count="4" type="cond" truecount="4" falsecount="0"/>
        <line num="1422" count="1" type="stmt"/>
        <line num="1423" count="1" type="cond" truecount="1" falsecount="1"/>
        <line num="1424" count="1" type="stmt"/>
        <line num="1425" count="1" type="stmt"/>
        <line num="1429" count="4" type="cond" truecount="2" falsecount="0"/>
        <line num="1430" count="4" type="cond" truecount="2" falsecount="0"/>
        <line num="1432" count="4" type="stmt"/>
        <line num="1433" count="1" type="stmt"/>
        <line num="1434" count="1" type="stmt"/>
        <line num="1435" count="1" type="cond" truecount="1" falsecount="1"/>
        <line num="1436" count="1" type="stmt"/>
        <line num="1440" count="4" type="stmt"/>
        <line num="1441" count="1" type="stmt"/>
        <line num="1442" count="1" type="stmt"/>
        <line num="1443" count="1" type="cond" truecount="1" falsecount="1"/>
        <line num="1444" count="1" type="stmt"/>
        <line num="1445" count="1" type="cond" truecount="1" falsecount="1"/>
        <line num="1446" count="1" type="stmt"/>
        <line num="1447" count="1" type="cond" truecount="1" falsecount="1"/>
        <line num="1448" count="0" type="cond" truecount="0" falsecount="4"/>
        <line num="1449" count="0" type="stmt"/>
        <line num="1450" count="0" type="stmt"/>
        <line num="1451" count="0" type="cond" truecount="0" falsecount="2"/>
        <line num="1452" count="0" type="cond" truecount="0" falsecount="2"/>
        <line num="1456" count="1" type="cond" truecount="1" falsecount="1"/>
        <line num="1457" count="2" type="cond" truecount="3" falsecount="1"/>
        <line num="1458" count="2" type="cond" truecount="1" falsecount="1"/>
        <line num="1459" count="2" type="stmt"/>
        <line num="1460" count="2" type="stmt"/>
        <line num="1466" count="1" type="cond" truecount="1" falsecount="1"/>
        <line num="1467" count="0" type="stmt"/>
        <line num="1473" count="2" type="cond" truecount="5" falsecount="0"/>
        <line num="1475" count="1" type="stmt"/>
        <line num="1476" count="1" type="stmt"/>
        <line num="1477" count="1" type="stmt"/>
        <line num="1478" count="1" type="stmt"/>
        <line num="1479" count="1" type="cond" truecount="3" falsecount="1"/>
        <line num="1480" count="1" type="stmt"/>
        <line num="1481" count="1" type="stmt"/>
        <line num="1484" count="1" type="cond" truecount="1" falsecount="1"/>
        <line num="1488" count="0" type="cond" truecount="0" falsecount="4"/>
        <line num="1489" count="0" type="cond" truecount="0" falsecount="2"/>
        <line num="1490" count="0" type="stmt"/>
        <line num="1492" count="0" type="stmt"/>
        <line num="1496" count="3" type="cond" truecount="4" falsecount="0"/>
        <line num="1498" count="1" type="cond" truecount="2" falsecount="0"/>
        <line num="1499" count="0" type="cond" truecount="0" falsecount="2"/>
        <line num="1500" count="0" type="stmt"/>
        <line num="1501" count="0" type="stmt"/>
        <line num="1502" count="0" type="stmt"/>
        <line num="1503" count="0" type="stmt"/>
        <line num="1504" count="0" type="cond" truecount="0" falsecount="2"/>
        <line num="1505" count="0" type="stmt"/>
        <line num="1506" count="0" type="stmt"/>
        <line num="1507" count="0" type="stmt"/>
        <line num="1508" count="0" type="stmt"/>
        <line num="1509" count="0" type="cond" truecount="0" falsecount="2"/>
        <line num="1510" count="0" type="stmt"/>
        <line num="1511" count="0" type="stmt"/>
        <line num="1512" count="0" type="stmt"/>
        <line num="1513" count="0" type="cond" truecount="0" falsecount="2"/>
        <line num="1514" count="0" type="stmt"/>
        <line num="1515" count="0" type="stmt"/>
        <line num="1516" count="0" type="stmt"/>
        <line num="1517" count="0" type="stmt"/>
        <line num="1518" count="0" type="stmt"/>
        <line num="1519" count="0" type="cond" truecount="0" falsecount="2"/>
        <line num="1520" count="0" type="stmt"/>
        <line num="1521" count="0" type="stmt"/>
        <line num="1522" count="0" type="stmt"/>
        <line num="1523" count="0" type="stmt"/>
        <line num="1524" count="0" type="stmt"/>
        <line num="1525" count="0" type="stmt"/>
        <line num="1526" count="0" type="stmt"/>
        <line num="1527" count="0" type="stmt"/>
        <line num="1528" count="0" type="stmt"/>
        <line num="1532" count="1" type="cond" truecount="2" falsecount="0"/>
        <line num="1533" count="0" type="stmt"/>
        <line num="1534" count="0" type="cond" truecount="0" falsecount="2"/>
        <line num="1535" count="0" type="stmt"/>
        <line num="1536" count="0" type="cond" truecount="0" falsecount="4"/>
        <line num="1537" count="0" type="stmt"/>
        <line num="1538" count="0" type="stmt"/>
        <line num="1539" count="0" type="stmt"/>
        <line num="1540" count="0" type="stmt"/>
        <line num="1541" count="0" type="cond" truecount="0" falsecount="2"/>
        <line num="1542" count="0" type="stmt"/>
        <line num="1543" count="0" type="stmt"/>
        <line num="1544" count="0" type="stmt"/>
        <line num="1545" count="0" type="stmt"/>
        <line num="1546" count="0" type="stmt"/>
        <line num="1547" count="0" type="stmt"/>
        <line num="1548" count="0" type="stmt"/>
        <line num="1549" count="0" type="stmt"/>
        <line num="1550" count="0" type="stmt"/>
        <line num="1551" count="0" type="stmt"/>
        <line num="1552" count="0" type="stmt"/>
        <line num="1557" count="0" type="cond" truecount="0" falsecount="2"/>
        <line num="1558" count="0" type="stmt"/>
        <line num="1559" count="0" type="stmt"/>
        <line num="1562" count="0" type="stmt"/>
        <line num="1564" count="0" type="stmt"/>
        <line num="1566" count="0" type="stmt"/>
        <line num="1567" count="0" type="stmt"/>
        <line num="1569" count="0" type="stmt"/>
        <line num="1570" count="0" type="stmt"/>
        <line num="1572" count="0" type="cond" truecount="0" falsecount="2"/>
        <line num="1573" count="0" type="stmt"/>
        <line num="1578" count="1" type="cond" truecount="1" falsecount="1"/>
        <line num="1581" count="1" type="cond" truecount="1" falsecount="1"/>
        <line num="1582" count="1" type="stmt"/>
        <line num="1583" count="1" type="stmt"/>
        <line num="1584" count="1" type="cond" truecount="3" falsecount="1"/>
        <line num="1585" count="0" type="stmt"/>
        <line num="1587" count="1" type="stmt"/>
        <line num="1590" count="1" type="stmt"/>
        <line num="1593" count="1" type="cond" truecount="1" falsecount="1"/>
        <line num="1594" count="0" type="stmt"/>
        <line num="1595" count="0" type="stmt"/>
        <line num="1599" count="1" type="cond" truecount="1" falsecount="1"/>
        <line num="1600" count="0" type="stmt"/>
        <line num="1601" count="0" type="stmt"/>
        <line num="1602" count="0" type="stmt"/>
        <line num="1604" count="0" type="stmt"/>
        <line num="1605" count="0" type="stmt"/>
        <line num="1606" count="0" type="cond" truecount="0" falsecount="6"/>
        <line num="1608" count="0" type="cond" truecount="0" falsecount="2"/>
        <line num="1609" count="0" type="stmt"/>
        <line num="1617" count="1" type="stmt"/>
        <line num="1618" count="1" type="stmt"/>
        <line num="1621" count="1" type="stmt"/>
        <line num="1622" count="1" type="cond" truecount="1" falsecount="1"/>
        <line num="1623" count="0" type="stmt"/>
        <line num="1624" count="0" type="cond" truecount="0" falsecount="4"/>
        <line num="1625" count="0" type="stmt"/>
        <line num="1626" count="0" type="cond" truecount="0" falsecount="2"/>
        <line num="1627" count="0" type="stmt"/>
        <line num="1633" count="1" type="stmt"/>
        <line num="1634" count="1" type="stmt"/>
        <line num="1635" count="1" type="stmt"/>
        <line num="1636" count="1" type="stmt"/>
        <line num="1637" count="1" type="stmt"/>
        <line num="1638" count="1" type="stmt"/>
        <line num="1646" count="1" type="cond" truecount="3" falsecount="1"/>
        <line num="1647" count="0" type="stmt"/>
        <line num="1648" count="0" type="stmt"/>
        <line num="1650" count="0" type="stmt"/>
        <line num="1654" count="1" type="cond" truecount="1" falsecount="1"/>
        <line num="1655" count="1" type="stmt"/>
        <line num="1656" count="1" type="stmt"/>
        <line num="1658" count="1" type="cond" truecount="3" falsecount="1"/>
        <line num="1659" count="1" type="stmt"/>
        <line num="1662" count="0" type="cond" truecount="0" falsecount="6"/>
        <line num="1663" count="0" type="cond" truecount="0" falsecount="2"/>
        <line num="1664" count="0" type="cond" truecount="0" falsecount="2"/>
        <line num="1665" count="0" type="stmt"/>
        <line num="1666" count="0" type="stmt"/>
        <line num="1670" count="1" type="stmt"/>
        <line num="1675" count="1" type="stmt"/>
        <line num="1676" count="0" type="stmt"/>
        <line num="1677" count="0" type="stmt"/>
        <line num="1679" count="0" type="stmt"/>
        <line num="1681" count="0" type="cond" truecount="0" falsecount="2"/>
        <line num="1683" count="0" type="stmt"/>
        <line num="1684" count="0" type="cond" truecount="0" falsecount="4"/>
        <line num="1685" count="0" type="cond" truecount="0" falsecount="2"/>
        <line num="1686" count="0" type="cond" truecount="0" falsecount="2"/>
        <line num="1687" count="0" type="stmt"/>
        <line num="1688" count="0" type="stmt"/>
        <line num="1690" count="0" type="stmt"/>
        <line num="1691" count="0" type="stmt"/>
        <line num="1692" count="0" type="stmt"/>
        <line num="1693" count="0" type="cond" truecount="0" falsecount="8"/>
        <line num="1694" count="0" type="stmt"/>
        <line num="1695" count="0" type="cond" truecount="0" falsecount="2"/>
        <line num="1696" count="0" type="stmt"/>
        <line num="1698" count="0" type="stmt"/>
        <line num="1699" count="0" type="stmt"/>
        <line num="1703" count="0" type="cond" truecount="0" falsecount="2"/>
        <line num="1704" count="0" type="stmt"/>
        <line num="1705" count="0" type="stmt"/>
        <line num="1707" count="0" type="stmt"/>
        <line num="1710" count="0" type="cond" truecount="0" falsecount="2"/>
        <line num="1711" count="0" type="cond" truecount="0" falsecount="2"/>
        <line num="1714" count="0" type="cond" truecount="0" falsecount="6"/>
        <line num="1715" count="0" type="cond" truecount="0" falsecount="4"/>
        <line num="1716" count="0" type="cond" truecount="0" falsecount="2"/>
        <line num="1717" count="0" type="stmt"/>
        <line num="1718" count="0" type="cond" truecount="0" falsecount="2"/>
        <line num="1719" count="0" type="stmt"/>
        <line num="1720" count="0" type="cond" truecount="0" falsecount="4"/>
        <line num="1721" count="0" type="stmt"/>
        <line num="1722" count="0" type="cond" truecount="0" falsecount="2"/>
        <line num="1723" count="0" type="stmt"/>
        <line num="1729" count="0" type="cond" truecount="0" falsecount="4"/>
        <line num="1730" count="0" type="stmt"/>
        <line num="1731" count="0" type="cond" truecount="0" falsecount="2"/>
        <line num="1732" count="0" type="stmt"/>
        <line num="1736" count="0" type="cond" truecount="0" falsecount="2"/>
        <line num="1737" count="0" type="stmt"/>
        <line num="1740" count="0" type="cond" truecount="0" falsecount="4"/>
        <line num="1741" count="0" type="cond" truecount="0" falsecount="4"/>
        <line num="1744" count="0" type="cond" truecount="0" falsecount="2"/>
        <line num="1745" count="0" type="cond" truecount="0" falsecount="2"/>
        <line num="1748" count="0" type="stmt"/>
        <line num="1749" count="0" type="stmt"/>
        <line num="1755" count="0" type="cond" truecount="0" falsecount="2"/>
        <line num="1756" count="0" type="stmt"/>
        <line num="1758" count="0" type="cond" truecount="0" falsecount="4"/>
        <line num="1759" count="0" type="cond" truecount="0" falsecount="4"/>
        <line num="1760" count="0" type="cond" truecount="0" falsecount="4"/>
        <line num="1761" count="0" type="stmt"/>
        <line num="1763" count="0" type="stmt"/>
        <line num="1764" count="0" type="stmt"/>
        <line num="1765" count="0" type="stmt"/>
        <line num="1766" count="0" type="cond" truecount="0" falsecount="4"/>
        <line num="1767" count="0" type="stmt"/>
        <line num="1770" count="0" type="cond" truecount="0" falsecount="2"/>
        <line num="1771" count="0" type="stmt"/>
        <line num="1772" count="0" type="stmt"/>
        <line num="1774" count="0" type="cond" truecount="0" falsecount="2"/>
        <line num="1775" count="0" type="stmt"/>
        <line num="1776" count="0" type="stmt"/>
        <line num="1780" count="0" type="cond" truecount="0" falsecount="4"/>
        <line num="1781" count="0" type="stmt"/>
        <line num="1782" count="0" type="stmt"/>
        <line num="1785" count="0" type="stmt"/>
        <line num="1789" count="0" type="cond" truecount="0" falsecount="4"/>
        <line num="1790" count="0" type="stmt"/>
        <line num="1791" count="0" type="cond" truecount="0" falsecount="4"/>
        <line num="1793" count="0" type="stmt"/>
        <line num="1795" count="0" type="stmt"/>
        <line num="1800" count="1" type="stmt"/>
        <line num="1801" count="1" type="stmt"/>
        <line num="1803" count="1" type="stmt"/>
        <line num="1804" count="0" type="stmt"/>
        <line num="1805" count="0" type="stmt"/>
        <line num="1807" count="0" type="cond" truecount="0" falsecount="2"/>
        <line num="1808" count="0" type="stmt"/>
        <line num="1809" count="0" type="cond" truecount="0" falsecount="4"/>
        <line num="1810" count="0" type="stmt"/>
        <line num="1811" count="0" type="stmt"/>
        <line num="1817" count="1" type="stmt"/>
        <line num="1818" count="1" type="stmt"/>
        <line num="1819" count="1" type="stmt"/>
        <line num="1820" count="0" type="stmt"/>
        <line num="1821" count="0" type="stmt"/>
        <line num="1822" count="0" type="cond" truecount="0" falsecount="5"/>
        <line num="1823" count="0" type="stmt"/>
        <line num="1824" count="0" type="cond" truecount="0" falsecount="4"/>
        <line num="1825" count="0" type="stmt"/>
        <line num="1826" count="0" type="stmt"/>
        <line num="1832" count="1" type="stmt"/>
        <line num="1833" count="1" type="stmt"/>
        <line num="1834" count="1" type="stmt"/>
        <line num="1835" count="1" type="stmt"/>
        <line num="1836" count="1" type="stmt"/>
        <line num="1837" count="1" type="cond" truecount="3" falsecount="1"/>
        <line num="1838" count="1" type="stmt"/>
        <line num="1839" count="1" type="cond" truecount="2" falsecount="2"/>
        <line num="1840" count="0" type="stmt"/>
        <line num="1841" count="0" type="stmt"/>
        <line num="1847" count="1" type="stmt"/>
        <line num="1848" count="1" type="stmt"/>
        <line num="1849" count="1" type="cond" truecount="2" falsecount="0"/>
        <line num="1850" count="1" type="stmt"/>
        <line num="1851" count="0" type="stmt"/>
        <line num="1852" count="0" type="stmt"/>
        <line num="1853" count="0" type="cond" truecount="0" falsecount="2"/>
        <line num="1854" count="0" type="stmt"/>
        <line num="1855" count="0" type="cond" truecount="0" falsecount="4"/>
        <line num="1856" count="0" type="stmt"/>
        <line num="1857" count="0" type="stmt"/>
        <line num="1863" count="1" type="stmt"/>
        <line num="1864" count="1" type="stmt"/>
        <line num="1865" count="1" type="stmt"/>
        <line num="1866" count="0" type="stmt"/>
        <line num="1867" count="0" type="stmt"/>
        <line num="1868" count="0" type="cond" truecount="0" falsecount="4"/>
        <line num="1869" count="0" type="stmt"/>
        <line num="1870" count="0" type="cond" truecount="0" falsecount="4"/>
        <line num="1871" count="0" type="stmt"/>
        <line num="1872" count="0" type="stmt"/>
        <line num="1877" count="1" type="stmt"/>
        <line num="1879" count="1" type="cond" truecount="1" falsecount="1"/>
        <line num="1880" count="0" type="stmt"/>
        <line num="1882" count="0" type="cond" truecount="0" falsecount="2"/>
        <line num="1883" count="0" type="stmt"/>
        <line num="1884" count="0" type="stmt"/>
        <line num="1886" count="1" type="cond" truecount="1" falsecount="1"/>
        <line num="1887" count="0" type="stmt"/>
        <line num="1889" count="0" type="cond" truecount="0" falsecount="2"/>
        <line num="1890" count="0" type="stmt"/>
        <line num="1891" count="0" type="stmt"/>
        <line num="1893" count="1" type="cond" truecount="1" falsecount="1"/>
        <line num="1894" count="0" type="cond" truecount="0" falsecount="2"/>
        <line num="1895" count="0" type="stmt"/>
        <line num="1897" count="0" type="stmt"/>
        <line num="1900" count="0" type="cond" truecount="0" falsecount="4"/>
        <line num="1901" count="0" type="stmt"/>
        <line num="1902" count="0" type="stmt"/>
        <line num="1904" count="1" type="cond" truecount="1" falsecount="1"/>
        <line num="1905" count="0" type="stmt"/>
        <line num="1906" count="0" type="stmt"/>
        <line num="1907" count="0" type="cond" truecount="0" falsecount="2"/>
        <line num="1909" count="0" type="stmt"/>
        <line num="1911" count="0" type="cond" truecount="0" falsecount="2"/>
        <line num="1912" count="0" type="stmt"/>
        <line num="1913" count="0" type="stmt"/>
        <line num="1915" count="1" type="cond" truecount="1" falsecount="1"/>
        <line num="1916" count="0" type="stmt"/>
        <line num="1918" count="0" type="cond" truecount="0" falsecount="2"/>
        <line num="1919" count="0" type="stmt"/>
        <line num="1920" count="0" type="stmt"/>
        <line num="1922" count="1" type="cond" truecount="1" falsecount="1"/>
        <line num="1923" count="0" type="cond" truecount="0" falsecount="2"/>
        <line num="1925" count="0" type="cond" truecount="0" falsecount="2"/>
        <line num="1926" count="0" type="stmt"/>
        <line num="1927" count="0" type="stmt"/>
        <line num="1929" count="1" type="cond" truecount="1" falsecount="1"/>
        <line num="1930" count="0" type="stmt"/>
        <line num="1932" count="0" type="cond" truecount="0" falsecount="2"/>
        <line num="1934" count="0" type="cond" truecount="0" falsecount="2"/>
        <line num="1935" count="0" type="stmt"/>
        <line num="1937" count="0" type="stmt"/>
        <line num="1938" count="0" type="cond" truecount="0" falsecount="2"/>
        <line num="1939" count="0" type="stmt"/>
        <line num="1942" count="0" type="cond" truecount="0" falsecount="2"/>
        <line num="1943" count="0" type="stmt"/>
        <line num="1946" count="0" type="stmt"/>
        <line num="1950" count="0" type="stmt"/>
        <line num="1953" count="1" type="stmt"/>
        <line num="1957" count="1" type="stmt"/>
        <line num="1960" count="1" type="cond" truecount="1" falsecount="1"/>
        <line num="1961" count="1" type="stmt"/>
        <line num="1962" count="1" type="stmt"/>
        <line num="1963" count="1" type="stmt"/>
        <line num="1964" count="1" type="stmt"/>
        <line num="1965" count="1" type="cond" truecount="2" falsecount="2"/>
        <line num="1966" count="0" type="stmt"/>
        <line num="1972" count="1" type="cond" truecount="1" falsecount="1"/>
        <line num="1973" count="1" type="stmt"/>
        <line num="1974" count="1" type="cond" truecount="3" falsecount="1"/>
        <line num="1975" count="1" type="stmt"/>
        <line num="1976" count="1" type="stmt"/>
        <line num="1977" count="1" type="stmt"/>
        <line num="1980" count="1" type="stmt"/>
        <line num="1981" count="1" type="cond" truecount="1" falsecount="1"/>
        <line num="1982" count="0" type="stmt"/>
        <line num="1983" count="1" type="cond" truecount="1" falsecount="1"/>
        <line num="1984" count="0" type="stmt"/>
        <line num="1986" count="1" type="stmt"/>
        <line num="1989" count="1" type="cond" truecount="4" falsecount="1"/>
        <line num="1990" count="1" type="cond" truecount="1" falsecount="1"/>
        <line num="1991" count="0" type="stmt"/>
        <line num="1992" count="0" type="stmt"/>
        <line num="1993" count="0" type="stmt"/>
        <line num="1994" count="0" type="stmt"/>
        <line num="1996" count="1" type="stmt"/>
        <line num="2002" count="4" type="stmt"/>
        <line num="2003" count="4" type="cond" truecount="4" falsecount="1"/>
        <line num="2005" count="4" type="stmt"/>
        <line num="2006" count="4" type="cond" truecount="2" falsecount="0"/>
        <line num="2007" count="2" type="stmt"/>
        <line num="2008" count="2" type="stmt"/>
        <line num="2011" count="2" type="stmt"/>
        <line num="2012" count="2" type="stmt"/>
        <line num="2013" count="2" type="cond" truecount="2" falsecount="0"/>
        <line num="2014" count="2" type="stmt"/>
        <line num="2015" count="3" type="stmt"/>
        <line num="2016" count="3" type="cond" truecount="5" falsecount="1"/>
        <line num="2017" count="3" type="cond" truecount="5" falsecount="1"/>
        <line num="2018" count="3" type="stmt"/>
        <line num="2020" count="3" type="cond" truecount="1" falsecount="1"/>
        <line num="2021" count="0" type="cond" truecount="0" falsecount="4"/>
        <line num="2022" count="0" type="stmt"/>
        <line num="2025" count="3" type="cond" truecount="4" falsecount="0"/>
        <line num="2026" count="2" type="stmt"/>
        <line num="2027" count="2" type="cond" truecount="2" falsecount="0"/>
        <line num="2028" count="1" type="stmt"/>
        <line num="2030" count="1" type="stmt"/>
        <line num="2034" count="3" type="stmt"/>
        <line num="2035" count="3" type="cond" truecount="1" falsecount="1"/>
        <line num="2036" count="3" type="stmt"/>
        <line num="2038" count="3" type="cond" truecount="1" falsecount="1"/>
        <line num="2039" count="3" type="cond" truecount="2" falsecount="0"/>
        <line num="2047" count="2" type="cond" truecount="2" falsecount="0"/>
        <line num="2048" count="2" type="cond" truecount="2" falsecount="0"/>
        <line num="2049" count="1" type="cond" truecount="1" falsecount="1"/>
        <line num="2051" count="0" type="stmt"/>
        <line num="2053" count="0" type="stmt"/>
        <line num="2057" count="1" type="cond" truecount="1" falsecount="1"/>
        <line num="2058" count="0" type="stmt"/>
        <line num="2061" count="1" type="cond" truecount="2" falsecount="2"/>
        <line num="2062" count="1" type="cond" truecount="2" falsecount="2"/>
        <line num="2063" count="1" type="cond" truecount="1" falsecount="1"/>
        <line num="2064" count="1" type="stmt"/>
        <line num="2065" count="1" type="stmt"/>
        <line num="2066" count="1" type="cond" truecount="1" falsecount="1"/>
        <line num="2067" count="1" type="cond" truecount="1" falsecount="1"/>
        <line num="2068" count="1" type="stmt"/>
        <line num="2072" count="1" type="cond" truecount="1" falsecount="1"/>
        <line num="2074" count="1" type="cond" truecount="1" falsecount="1"/>
        <line num="2075" count="1" type="cond" truecount="1" falsecount="4"/>
        <line num="2076" count="1" type="cond" truecount="1" falsecount="4"/>
        <line num="2077" count="1" type="cond" truecount="1" falsecount="1"/>
        <line num="2078" count="1" type="cond" truecount="1" falsecount="1"/>
        <line num="2079" count="1" type="stmt"/>
        <line num="2083" count="1" type="cond" truecount="1" falsecount="1"/>
        <line num="2084" count="0" type="stmt"/>
        <line num="2087" count="1" type="stmt"/>
        <line num="2088" count="1" type="stmt"/>
        <line num="2100" count="3" type="cond" truecount="2" falsecount="0"/>
        <line num="2101" count="3" type="cond" truecount="4" falsecount="0"/>
        <line num="2102" count="3" type="cond" truecount="4" falsecount="0"/>
        <line num="2103" count="3" type="cond" truecount="2" falsecount="0"/>
        <line num="2104" count="3" type="cond" truecount="2" falsecount="0"/>
        <line num="2105" count="3" type="cond" truecount="2" falsecount="0"/>
        <line num="2106" count="3" type="cond" truecount="2" falsecount="0"/>
[...]
        <line num="11" count="0" type="stmt"/>
        <line num="12" count="0" type="stmt"/>
        <line num="15" count="0" type="stmt"/>
        <line num="16" count="0" type="cond" truecount="0" falsecount="2"/>
        <line num="17" count="0" type="cond" truecount="0" falsecount="2"/>
        <line num="18" count="0" type="stmt"/>
        <line num="19" count="0" type="cond" truecount="0" falsecount="2"/>
        <line num="20" count="0" type="stmt"/>
        <line num="21" count="0" type="stmt"/>
        <line num="22" count="0" type="stmt"/>
        <line num="26" count="0" type="cond" truecount="0" falsecount="2"/>
        <line num="27" count="0" type="stmt"/>
        <line num="28" count="0" type="stmt"/>
        <line num="29" count="0" type="stmt"/>
        <line num="33" count="0" type="stmt"/>
        <line num="34" count="0" type="cond" truecount="0" falsecount="2"/>
        <line num="35" count="0" type="stmt"/>
        <line num="36" count="0" type="stmt"/>
        <line num="38" count="0" type="stmt"/>
        <line num="39" count="0" type="stmt"/>
        <line num="40" count="0" type="stmt"/>
        <line num="41" count="0" type="stmt"/>
        <line num="44" count="0" type="stmt"/>
        <line num="48" count="0" type="stmt"/>
        <line num="49" count="0" type="stmt"/>
        <line num="50" count="0" type="stmt"/>
        <line num="54" count="0" type="stmt"/>
        <line num="55" count="0" type="stmt"/>
        <line num="59" count="0" type="stmt"/>
        <line num="60" count="0" type="stmt"/>
        <line num="61" count="0" type="stmt"/>
        <line num="65" count="0" type="stmt"/>
        <line num="66" count="0" type="stmt"/>
        <line num="70" count="0" type="cond" truecount="0" falsecount="2"/>
        <line num="71" count="0" type="stmt"/>
        <line num="74" count="0" type="cond" truecount="0" falsecount="4"/>
        <line num="75" count="0" type="stmt"/>
      </file>
      <file name="GameMetadata.js" path="C:\Users\alexr\source\repos\HTMLGaming\utils\GameMetadata.js">
        <metrics statements="36" coveredstatements="0" conditionals="42" coveredconditionals="0" methods="12" coveredmethods="0"/>
        <line num="6" count="0" type="stmt"/>
        <line num="9" count="0" type="stmt"/>
        <line num="13" count="0" type="stmt"/>
        <line num="18" count="0" type="stmt"/>
        <line num="21" count="0" type="cond" truecount="0" falsecount="2"/>
        <line num="25" count="0" type="stmt"/>
        <line num="26" count="0" type="cond" truecount="0" falsecount="4"/>
        <line num="30" count="0" type="cond" truecount="0" falsecount="4"/>
        <line num="34" count="0" type="stmt"/>
        <line num="35" count="0" type="cond" truecount="0" falsecount="4"/>
        <line num="39" count="0" type="cond" truecount="0" falsecount="2"/>
        <line num="40" count="0" type="stmt"/>
        <line num="41" count="0" type="stmt"/>
        <line num="47" count="0" type="cond" truecount="0" falsecount="2"/>
        <line num="60" count="0" type="stmt"/>
        <line num="64" count="0" type="stmt"/>
        <line num="66" count="0" type="cond" truecount="0" falsecount="4"/>
        <line num="67" count="0" type="stmt"/>
        <line num="68" count="0" type="stmt"/>
        <line num="71" count="0" type="cond" truecount="0" falsecount="2"/>
        <line num="72" count="0" type="stmt"/>
        <line num="73" count="0" type="stmt"/>
        <line num="76" count="0" type="stmt"/>
        <line num="77" count="0" type="cond" truecount="0" falsecount="2"/>
        <line num="78" count="0" type="stmt"/>
        <line num="80" count="0" type="stmt"/>
        <line num="82" count="0" type="cond" truecount="0" falsecount="4"/>
        <line num="83" count="0" type="stmt"/>
        <line num="86" count="0" type="stmt"/>
        <line num="87" count="0" type="cond" truecount="0" falsecount="4"/>
        <line num="88" count="0" type="stmt"/>
        <line num="92" count="0" type="stmt"/>
        <line num="96" count="0" type="cond" truecount="0" falsecount="2"/>
        <line num="97" count="0" type="stmt"/>
        <line num="100" count="0" type="cond" truecount="0" falsecount="4"/>
        <line num="101" count="0" type="stmt"/>
      </file>
      <file name="Logger.js" path="C:\Users\alexr\source\repos\HTMLGaming\utils\Logger.js">
        <metrics statements="27" coveredstatements="0" conditionals="27" coveredconditionals="0" methods="10" coveredmethods="0"/>
        <line num="3" count="0" type="stmt"/>
        <line num="7" count="0" type="stmt"/>
        <line num="8" count="0" type="stmt"/>
        <line num="12" count="0" type="cond" truecount="0" falsecount="4"/>
        <line num="13" count="0" type="stmt"/>
        <line num="17" count="0" type="stmt"/>
        <line num="20" count="0" type="stmt"/>
        <line num="24" count="0" type="stmt"/>
        <line num="25" count="0" type="stmt"/>
        <line num="26" count="0" type="stmt"/>
        <line num="28" count="0" type="stmt"/>
        <line num="33" count="0" type="cond" truecount="0" falsecount="2"/>
        <line num="34" count="0" type="stmt"/>
        <line num="39" count="0" type="cond" truecount="0" falsecount="2"/>
        <line num="40" count="0" type="stmt"/>
        <line num="45" count="0" type="cond" truecount="0" falsecount="2"/>
        <line num="46" count="0" type="stmt"/>
        <line num="51" count="0" type="cond" truecount="0" falsecount="2"/>
        <line num="52" count="0" type="stmt"/>
        <line num="58" count="0" type="stmt"/>
        <line num="59" count="0" type="cond" truecount="0" falsecount="6"/>
        <line num="61" count="0" type="cond" truecount="0" falsecount="2"/>
        <line num="68" count="0" type="stmt"/>
        <line num="70" count="0" type="cond" truecount="0" falsecount="2"/>
        <line num="71" count="0" type="stmt"/>
        <line num="74" count="0" type="cond" truecount="0" falsecount="4"/>
        <line num="75" count="0" type="stmt"/>
      </file>
      <file name="ManagedResource.js" path="C:\Users\alexr\source\repos\HTMLGaming\utils\ManagedResource.js">
        <metrics statements="49" coveredstatements="0" conditionals="22" coveredconditionals="0" methods="14" coveredmethods="0"/>
        <line num="4" count="0" type="stmt"/>
        <line num="5" count="0" type="stmt"/>
        <line num="6" count="0" type="stmt"/>
        <line num="7" count="0" type="stmt"/>
        <line num="8" count="0" type="stmt"/>
        <line num="13" count="0" type="cond" truecount="0" falsecount="4"/>
        <line num="14" count="0" type="stmt"/>
        <line num="15" count="0" type="stmt"/>
        <line num="16" count="0" type="stmt"/>
        <line num="17" count="0" type="stmt"/>
        <line num="21" count="0" type="cond" truecount="0" falsecount="4"/>
        <line num="22" count="0" type="stmt"/>
        <line num="23" count="0" type="stmt"/>
        <line num="27" count="0" type="stmt"/>
        <line num="28" count="0" type="stmt"/>
        <line num="29" count="0" type="stmt"/>
        <line num="33" count="0" type="stmt"/>
        <line num="34" count="0" type="stmt"/>
        <line num="38" count="0" type="stmt"/>
        <line num="39" count="0" type="stmt"/>
        <line num="40" count="0" type="stmt"/>
        <line num="44" count="0" type="stmt"/>
        <line num="45" count="0" type="stmt"/>
        <line num="49" count="0" type="stmt"/>
        <line num="50" count="0" type="stmt"/>
        <line num="51" count="0" type="stmt"/>
        <line num="55" count="0" type="stmt"/>
        <line num="56" count="0" type="stmt"/>
        <line num="60" count="0" type="cond" truecount="0" falsecount="4"/>
        <line num="61" count="0" type="stmt"/>
        <line num="65" count="0" type="cond" truecount="0" falsecount="4"/>
        <line num="66" count="0" type="stmt"/>
        <line num="67" count="0" type="stmt"/>
        <line num="72" count="0" type="stmt"/>
        <line num="73" count="0" type="stmt"/>
        <line num="75" count="0" type="stmt"/>
        <line num="78" count="0" type="stmt"/>
        <line num="79" count="0" type="stmt"/>
        <line num="82" count="0" type="stmt"/>
        <line num="83" count="0" type="stmt"/>
        <line num="86" count="0" type="stmt"/>
        <line num="87" count="0" type="stmt"/>
        <line num="90" count="0" type="stmt"/>
        <line num="91" count="0" type="stmt"/>
        <line num="93" count="0" type="stmt"/>
        <line num="97" count="0" type="cond" truecount="0" falsecount="2"/>
        <line num="98" count="0" type="stmt"/>
        <line num="101" count="0" type="cond" truecount="0" falsecount="4"/>
        <line num="102" count="0" type="stmt"/>
      </file>
      <file name="MathUtils.js" path="C:\Users\alexr\source\repos\HTMLGaming\utils\MathUtils.js">
        <metrics statements="161" coveredstatements="0" conditionals="85" coveredconditionals="0" methods="72" coveredmethods="0"/>
        <line num="7" count="0" type="stmt"/>
        <line num="8" count="0" type="stmt"/>
        <line num="9" count="0" type="stmt"/>
        <line num="10" count="0" type="stmt"/>
        <line num="11" count="0" type="stmt"/>
        <line num="15" count="0" type="stmt"/>
        <line num="19" count="0" type="stmt"/>
        <line num="23" count="0" type="stmt"/>
        <line num="27" count="0" type="stmt"/>
        <line num="28" count="0" type="stmt"/>
        <line num="32" count="0" type="stmt"/>
        <line num="36" count="0" type="stmt"/>
        <line num="41" count="0" type="stmt"/>
        <line num="42" count="0" type="stmt"/>
        <line num="43" count="0" type="stmt"/>
        <line num="47" count="0" type="stmt"/>
        <line num="48" count="0" type="stmt"/>
        <line num="49" count="0" type="stmt"/>
        <line num="53" count="0" type="stmt"/>
        <line num="57" count="0" type="stmt"/>
        <line num="58" count="0" type="cond" truecount="0" falsecount="2"/>
        <line num="59" count="0" type="stmt"/>
        <line num="63" count="0" type="stmt"/>
        <line num="67" count="0" type="stmt"/>
        <line num="71" count="0" type="stmt"/>
        <line num="72" count="0" type="stmt"/>
        <line num="73" count="0" type="stmt"/>
        <line num="81" count="0" type="stmt"/>
        <line num="85" count="0" type="stmt"/>
        <line num="89" count="0" type="stmt"/>
        <line num="93" count="0" type="stmt"/>
        <line num="99" count="0" type="cond" truecount="0" falsecount="2"/>
        <line num="100" count="0" type="stmt"/>
        <line num="101" count="0" type="stmt"/>
        <line num="102" count="0" type="stmt"/>
        <line num="103" count="0" type="stmt"/>
        <line num="104" count="0" type="stmt"/>
        <line num="105" count="0" type="stmt"/>
        <line num="107" count="0" type="stmt"/>
        <line num="108" count="0" type="stmt"/>
        <line num="115" count="0" type="stmt"/>
        <line num="116" count="0" type="stmt"/>
        <line num="121" count="0" type="stmt"/>
        <line num="125" count="0" type="stmt"/>
        <line num="129" count="0" type="cond" truecount="0" falsecount="2"/>
        <line num="133" count="0" type="stmt"/>
        <line num="137" count="0" type="stmt"/>
        <line num="141" count="0" type="cond" truecount="0" falsecount="2"/>
        <line num="145" count="0" type="stmt"/>
        <line num="149" count="0" type="stmt"/>
        <line num="153" count="0" type="stmt"/>
        <line num="157" count="0" type="cond" truecount="0" falsecount="2"/>
        <line num="161" count="0" type="cond" truecount="0" falsecount="2"/>
        <line num="165" count="0" type="cond" truecount="0" falsecount="2"/>
        <line num="166" count="0" type="cond" truecount="0" falsecount="2"/>
        <line num="167" count="0" type="cond" truecount="0" falsecount="2"/>
        <line num="168" count="0" type="stmt"/>
        <line num="172" count="0" type="stmt"/>
        <line num="173" count="0" type="cond" truecount="0" falsecount="4"/>
        <line num="177" count="0" type="stmt"/>
        <line num="178" count="0" type="cond" truecount="0" falsecount="4"/>
        <line num="182" count="0" type="stmt"/>
        <line num="186" count="0" type="stmt"/>
        <line num="187" count="0" type="stmt"/>
        <line num="189" count="0" type="cond" truecount="0" falsecount="2"/>
        <line num="190" count="0" type="stmt"/>
        <line num="191" count="0" type="cond" truecount="0" falsecount="2"/>
        <line num="192" count="0" type="stmt"/>
        <line num="193" count="0" type="cond" truecount="0" falsecount="2"/>
        <line num="194" count="0" type="stmt"/>
        <line num="196" count="0" type="stmt"/>
        <line num="202" count="0" type="cond" truecount="0" falsecount="4"/>
        <line num="206" count="0" type="stmt"/>
        <line num="210" count="0" type="stmt"/>
        <line num="211" count="0" type="cond" truecount="0" falsecount="2"/>
        <line num="213" count="0" type="stmt"/>
        <line num="214" count="0" type="stmt"/>
        <line num="216" count="0" type="cond" truecount="0" falsecount="6"/>
        <line num="217" count="0" type="stmt"/>
        <line num="223" count="0" type="stmt"/>
        <line num="227" count="0" type="cond" truecount="0" falsecount="4"/>
        <line num="231" count="0" type="stmt"/>
        <line num="236" count="0" type="stmt"/>
        <line num="240" count="0" type="stmt"/>
        <line num="241" count="0" type="cond" truecount="0" falsecount="2"/>
        <line num="249" count="0" type="stmt"/>
        <line num="250" count="0" type="stmt"/>
        <line num="251" count="0" type="stmt"/>
        <line num="253" count="0" type="stmt"/>
        <line num="254" count="0" type="stmt"/>
        <line num="255" count="0" type="stmt"/>
        <line num="259" count="0" type="cond" truecount="0" falsecount="4"/>
        <line num="260" count="0" type="stmt"/>
        <line num="261" count="0" type="cond" truecount="0" falsecount="4"/>
        <line num="262" count="0" type="stmt"/>
        <line num="263" count="0" type="cond" truecount="0" falsecount="4"/>
        <line num="264" count="0" type="stmt"/>
        <line num="265" count="0" type="cond" truecount="0" falsecount="4"/>
        <line num="266" count="0" type="stmt"/>
        <line num="267" count="0" type="cond" truecount="0" falsecount="4"/>
        <line num="268" count="0" type="stmt"/>
        <line num="270" count="0" type="stmt"/>
        <line num="273" count="0" type="stmt"/>
        <line num="281" count="0" type="stmt"/>
        <line num="282" count="0" type="stmt"/>
        <line num="283" count="0" type="stmt"/>
        <line num="284" count="0" type="stmt"/>
        <line num="293" count="0" type="stmt"/>
        <line num="294" count="0" type="stmt"/>
        <line num="298" count="0" type="stmt"/>
        <line num="299" count="0" type="stmt"/>
        <line num="300" count="0" type="stmt"/>
        <line num="304" count="0" type="stmt"/>
        <line num="305" count="0" type="stmt"/>
        <line num="306" count="0" type="stmt"/>
        <line num="310" count="0" type="stmt"/>
        <line num="314" count="0" type="stmt"/>
        <line num="315" count="0" type="stmt"/>
        <line num="316" count="0" type="stmt"/>
        <line num="320" count="0" type="stmt"/>
        <line num="321" count="0" type="stmt"/>
        <line num="322" count="0" type="stmt"/>
        <line num="326" count="0" type="stmt"/>
        <line num="327" count="0" type="stmt"/>
        <line num="328" count="0" type="stmt"/>
        <line num="332" count="0" type="stmt"/>
        <line num="333" count="0" type="stmt"/>
        <line num="334" count="0" type="stmt"/>
        <line num="338" count="0" type="stmt"/>
        <line num="342" count="0" type="stmt"/>
        <line num="346" count="0" type="stmt"/>
        <line num="347" count="0" type="cond" truecount="0" falsecount="2"/>
        <line num="348" count="0" type="stmt"/>
        <line num="349" count="0" type="stmt"/>
        <line num="351" count="0" type="stmt"/>
        <line num="355" count="0" type="stmt"/>
        <line num="359" count="0" type="stmt"/>
        <line num="363" count="0" type="stmt"/>
        <line num="364" count="0" type="stmt"/>
        <line num="365" count="0" type="stmt"/>
        <line num="369" count="0" type="stmt"/>
        <line num="373" count="0" type="stmt"/>
        <line num="374" count="0" type="stmt"/>
        <line num="375" count="0" type="stmt"/>
        <line num="376" count="0" type="stmt"/>
        <line num="377" count="0" type="stmt"/>
        <line num="378" count="0" type="stmt"/>
        <line num="379" count="0" type="stmt"/>
        <line num="383" count="0" type="stmt"/>
        <line num="384" count="0" type="stmt"/>
        <line num="385" count="0" type="stmt"/>
        <line num="389" count="0" type="stmt"/>
        <line num="393" count="0" type="stmt"/>
        <line num="397" count="0" type="stmt"/>
        <line num="401" count="0" type="stmt"/>
        <line num="405" count="0" type="stmt"/>
        <line num="412" count="0" type="stmt"/>
        <line num="417" count="0" type="stmt"/>
        <line num="418" count="0" type="stmt"/>
        <line num="421" count="0" type="cond" truecount="0" falsecount="4"/>
        <line num="422" count="0" type="stmt"/>
      </file>
      <file name="SafeStorage.js" path="C:\Users\alexr\source\repos\HTMLGaming\utils\SafeStorage.js">
        <metrics statements="26" coveredstatements="0" conditionals="24" coveredconditionals="0" methods="6" coveredmethods="0"/>
        <line num="4" count="0" type="cond" truecount="0" falsecount="2"/>
        <line num="5" count="0" type="stmt"/>
        <line num="8" count="0" type="stmt"/>
        <line num="11" count="0" type="stmt"/>
        <line num="12" count="0" type="stmt"/>
        <line num="13" count="0" type="cond" truecount="0" falsecount="2"/>
        <line num="14" count="0" type="stmt"/>
        <line num="15" count="0" type="cond" truecount="0" falsecount="4"/>
        <line num="16" count="0" type="stmt"/>
        <line num="18" count="0" type="cond" truecount="0" falsecount="2"/>
        <line num="19" count="0" type="stmt"/>
        <line num="24" count="0" type="stmt"/>
        <line num="25" count="0" type="stmt"/>
        <line num="26" count="0" type="cond" truecount="0" falsecount="2"/>
        <line num="27" count="0" type="stmt"/>
        <line num="29" count="0" type="stmt"/>
        <line num="34" count="0" type="stmt"/>
        <line num="35" count="0" type="stmt"/>
        <line num="36" count="0" type="cond" truecount="0" falsecount="2"/>
        <line num="37" count="0" type="stmt"/>
        <line num="39" count="0" type="stmt"/>
        <line num="45" count="0" type="cond" truecount="0" falsecount="2"/>
        <line num="49" count="0" type="cond" truecount="0" falsecount="2"/>
        <line num="50" count="0" type="stmt"/>
        <line num="53" count="0" type="cond" truecount="0" falsecount="4"/>
        <line num="54" count="0" type="stmt"/>
      </file>
      <file name="__test_export__.js" path="C:\Users\alexr\source\repos\HTMLGaming\utils\__test_export__.js">
        <metrics statements="8" coveredstatements="0" conditionals="14" coveredconditionals="0" methods="0" coveredmethods="0"/>
        <line num="7" count="0" type="stmt"/>
        <line num="10" count="0" type="stmt"/>
        <line num="11" count="0" type="stmt"/>
        <line num="13" count="0" type="cond" truecount="0" falsecount="2"/>
        <line num="14" count="0" type="cond" truecount="0" falsecount="2"/>
        <line num="15" count="0" type="cond" truecount="0" falsecount="5"/>
        <line num="18" count="0" type="cond" truecount="0" falsecount="5"/>
        <line num="22" count="0" type="stmt"/>
      </file>
    </package>
  </project>
</coverage>
