{"C:\\Users\\alexr\\source\\repos\\HTMLGaming\\utils\\AssetLoader.js": {"path":"C:\\Users\\alexr\\source\\repos\\HTMLGaming\\utils\\AssetLoader.js","statementMap":{"0":{"start":{"line":7,"column":8},"end":{"line":7,"column":31}},"1":{"start":{"line":8,"column":8},"end":{"line":8,"column":41}},"2":{"start":{"line":9,"column":8},"end":{"line":9,"column":29}},"3":{"start":{"line":10,"column":8},"end":{"line":10,"column":29}},"4":{"start":{"line":11,"column":8},"end":{"line":11,"column":31}},"5":{"start":{"line":12,"column":8},"end":{"line":12,"column":31}},"6":{"start":{"line":15,"column":8},"end":{"line":15,"column":82}},"7":{"start":{"line":16,"column":8},"end":{"line":16,"column":72}},"8":{"start":{"line":17,"column":8},"end":{"line":17,"column":56}},"9":{"start":{"line":19,"column":8},"end":{"line":19,"column":47}},"10":{"start":{"line":24,"column":8},"end":{"line":24,"column":37}},"11":{"start":{"line":25,"column":8},"end":{"line":25,"column":37}},"12":{"start":{"line":27,"column":8},"end":{"line":33,"column":9}},"13":{"start":{"line":28,"column":12},"end":{"line":28,"column":46}},"14":{"start":{"line":29,"column":15},"end":{"line":33,"column":9}},"15":{"start":{"line":30,"column":12},"end":{"line":30,"column":48}},"16":{"start":{"line":32,"column":12},"end":{"line":32,"column":65}},"17":{"start":{"line":37,"column":8},"end":{"line":37,"column":44}},"18":{"start":{"line":38,"column":8},"end":{"line":38,"column":29}},"19":{"start":{"line":40,"column":25},"end":{"line":48,"column":10}},"20":{"start":{"line":41,"column":12},"end":{"line":47,"column":13}},"21":{"start":{"line":42,"column":16},"end":{"line":42,"column":52}},"22":{"start":{"line":43,"column":19},"end":{"line":47,"column":13}},"23":{"start":{"line":44,"column":16},"end":{"line":44,"column":73}},"24":{"start":{"line":46,"column":16},"end":{"line":46,"column":56}},"25":{"start":{"line":50,"column":24},"end":{"line":50,"column":58}},"26":{"start":{"line":52,"column":8},"end":{"line":54,"column":9}},"27":{"start":{"line":53,"column":12},"end":{"line":53,"column":30}},"28":{"start":{"line":56,"column":8},"end":{"line":56,"column":23}},"29":{"start":{"line":60,"column":24},"end":{"line":60,"column":48}},"30":{"start":{"line":61,"column":8},"end":{"line":61,"column":42}},"31":{"start":{"line":62,"column":8},"end":{"line":62,"column":29}},"32":{"start":{"line":64,"column":25},"end":{"line":64,"column":80}},"33":{"start":{"line":64,"column":54},"end":{"line":64,"column":79}},"34":{"start":{"line":65,"column":24},"end":{"line":65,"column":58}},"35":{"start":{"line":67,"column":8},"end":{"line":69,"column":9}},"36":{"start":{"line":68,"column":12},"end":{"line":68,"column":30}},"37":{"start":{"line":71,"column":8},"end":{"line":71,"column":23}},"38":{"start":{"line":76,"column":8},"end":{"line":78,"column":9}},"39":{"start":{"line":77,"column":12},"end":{"line":77,"column":40}},"40":{"start":{"line":81,"column":8},"end":{"line":83,"column":9}},"41":{"start":{"line":82,"column":12},"end":{"line":82,"column":50}},"42":{"start":{"line":86,"column":8},"end":{"line":88,"column":9}},"43":{"start":{"line":87,"column":12},"end":{"line":87,"column":42}},"44":{"start":{"line":92,"column":8},"end":{"line":107,"column":9}},"45":{"start":{"line":94,"column":16},"end":{"line":94,"column":56}},"46":{"start":{"line":95,"column":16},"end":{"line":95,"column":22}},"47":{"start":{"line":97,"column":16},"end":{"line":97,"column":56}},"48":{"start":{"line":98,"column":16},"end":{"line":98,"column":22}},"49":{"start":{"line":100,"column":16},"end":{"line":100,"column":55}},"50":{"start":{"line":101,"column":16},"end":{"line":101,"column":22}},"51":{"start":{"line":103,"column":16},"end":{"line":103,"column":55}},"52":{"start":{"line":104,"column":16},"end":{"line":104,"column":22}},"53":{"start":{"line":106,"column":16},"end":{"line":106,"column":67}},"54":{"start":{"line":109,"column":8},"end":{"line":109,"column":52}},"55":{"start":{"line":111,"column":8},"end":{"line":128,"column":9}},"56":{"start":{"line":112,"column":26},"end":{"line":112,"column":43}},"57":{"start":{"line":113,"column":12},"end":{"line":113,"column":40}},"58":{"start":{"line":114,"column":12},"end":{"line":114,"column":31}},"59":{"start":{"line":116,"column":12},"end":{"line":118,"column":13}},"60":{"start":{"line":117,"column":16},"end":{"line":117,"column":74}},"61":{"start":{"line":120,"column":12},"end":{"line":120,"column":49}},"62":{"start":{"line":121,"column":12},"end":{"line":121,"column":25}},"63":{"start":{"line":124,"column":12},"end":{"line":124,"column":68}},"64":{"start":{"line":125,"column":12},"end":{"line":125,"column":24}},"65":{"start":{"line":127,"column":12},"end":{"line":127,"column":46}},"66":{"start":{"line":132,"column":26},"end":{"line":132,"column":75}},"67":{"start":{"line":134,"column":8},"end":{"line":144,"column":9}},"68":{"start":{"line":135,"column":12},"end":{"line":135,"column":27}},"69":{"start":{"line":136,"column":15},"end":{"line":144,"column":9}},"70":{"start":{"line":137,"column":12},"end":{"line":137,"column":27}},"71":{"start":{"line":138,"column":15},"end":{"line":144,"column":9}},"72":{"start":{"line":139,"column":12},"end":{"line":139,"column":26}},"73":{"start":{"line":140,"column":15},"end":{"line":144,"column":9}},"74":{"start":{"line":141,"column":12},"end":{"line":141,"column":26}},"75":{"start":{"line":143,"column":12},"end":{"line":143,"column":29}},"76":{"start":{"line":149,"column":8},"end":{"line":170,"column":11}},"77":{"start":{"line":150,"column":26},"end":{"line":150,"column":37}},"78":{"start":{"line":152,"column":12},"end":{"line":161,"column":14}},"79":{"start":{"line":153,"column":16},"end":{"line":160,"column":19}},"80":{"start":{"line":163,"column":12},"end":{"line":165,"column":14}},"81":{"start":{"line":164,"column":16},"end":{"line":164,"column":66}},"82":{"start":{"line":168,"column":12},"end":{"line":168,"column":44}},"83":{"start":{"line":169,"column":12},"end":{"line":169,"column":28}},"84":{"start":{"line":174,"column":8},"end":{"line":176,"column":9}},"85":{"start":{"line":175,"column":12},"end":{"line":175,"column":59}},"86":{"start":{"line":178,"column":8},"end":{"line":196,"column":9}},"87":{"start":{"line":179,"column":29},"end":{"line":179,"column":45}},"88":{"start":{"line":180,"column":12},"end":{"line":182,"column":13}},"89":{"start":{"line":181,"column":16},"end":{"line":181,"column":83}},"90":{"start":{"line":184,"column":32},"end":{"line":184,"column":60}},"91":{"start":{"line":186,"column":12},"end":{"line":192,"column":14}},"92":{"start":{"line":195,"column":12},"end":{"line":195,"column":79}},"93":{"start":{"line":200,"column":8},"end":{"line":217,"column":9}},"94":{"start":{"line":201,"column":29},"end":{"line":201,"column":45}},"95":{"start":{"line":202,"column":12},"end":{"line":204,"column":13}},"96":{"start":{"line":203,"column":16},"end":{"line":203,"column":83}},"97":{"start":{"line":206,"column":25},"end":{"line":206,"column":46}},"98":{"start":{"line":208,"column":12},"end":{"line":213,"column":14}},"99":{"start":{"line":216,"column":12},"end":{"line":216,"column":78}},"100":{"start":{"line":221,"column":8},"end":{"line":239,"column":9}},"101":{"start":{"line":222,"column":29},"end":{"line":222,"column":45}},"102":{"start":{"line":223,"column":12},"end":{"line":225,"column":13}},"103":{"start":{"line":224,"column":16},"end":{"line":224,"column":83}},"104":{"start":{"line":227,"column":25},"end":{"line":227,"column":46}},"105":{"start":{"line":229,"column":12},"end":{"line":235,"column":14}},"106":{"start":{"line":238,"column":12},"end":{"line":238,"column":78}},"107":{"start":{"line":244,"column":8},"end":{"line":244,"column":36}},"108":{"start":{"line":248,"column":8},"end":{"line":248,"column":36}},"109":{"start":{"line":252,"column":22},"end":{"line":252,"column":42}},"110":{"start":{"line":253,"column":8},"end":{"line":265,"column":9}},"111":{"start":{"line":254,"column":12},"end":{"line":254,"column":36}},"112":{"start":{"line":257,"column":12},"end":{"line":262,"column":13}},"113":{"start":{"line":258,"column":27},"end":{"line":258,"column":60}},"114":{"start":{"line":259,"column":16},"end":{"line":261,"column":17}},"115":{"start":{"line":260,"column":20},"end":{"line":260,"column":57}},"116":{"start":{"line":264,"column":12},"end":{"line":264,"column":61}},"117":{"start":{"line":270,"column":8},"end":{"line":277,"column":11}},"118":{"start":{"line":271,"column":12},"end":{"line":276,"column":13}},"119":{"start":{"line":272,"column":27},"end":{"line":272,"column":60}},"120":{"start":{"line":273,"column":16},"end":{"line":275,"column":17}},"121":{"start":{"line":274,"column":20},"end":{"line":274,"column":57}},"122":{"start":{"line":279,"column":8},"end":{"line":279,"column":27}},"123":{"start":{"line":280,"column":8},"end":{"line":280,"column":43}},"124":{"start":{"line":285,"column":22},"end":{"line":285,"column":42}},"125":{"start":{"line":286,"column":8},"end":{"line":286,"column":67}},"126":{"start":{"line":290,"column":22},"end":{"line":290,"column":42}},"127":{"start":{"line":291,"column":8},"end":{"line":291,"column":67}},"128":{"start":{"line":295,"column":22},"end":{"line":295,"column":42}},"129":{"start":{"line":296,"column":8},"end":{"line":296,"column":66}},"130":{"start":{"line":300,"column":22},"end":{"line":300,"column":42}},"131":{"start":{"line":301,"column":8},"end":{"line":301,"column":66}},"132":{"start":{"line":306,"column":25},"end":{"line":308,"column":9}},"133":{"start":{"line":307,"column":12},"end":{"line":307,"column":46}},"134":{"start":{"line":309,"column":8},"end":{"line":309,"column":44}},"135":{"start":{"line":313,"column":25},"end":{"line":315,"column":9}},"136":{"start":{"line":314,"column":12},"end":{"line":314,"column":46}},"137":{"start":{"line":316,"column":8},"end":{"line":316,"column":44}},"138":{"start":{"line":321,"column":8},"end":{"line":325,"column":10}},"139":{"start":{"line":329,"column":8},"end":{"line":329,"column":45}},"140":{"start":{"line":334,"column":8},"end":{"line":334,"column":49}},"141":{"start":{"line":336,"column":26},"end":{"line":336,"column":43}},"142":{"start":{"line":337,"column":24},"end":{"line":337,"column":51}},"143":{"start":{"line":338,"column":24},"end":{"line":338,"column":41}},"144":{"start":{"line":340,"column":27},"end":{"line":340,"column":79}},"145":{"start":{"line":340,"column":47},"end":{"line":340,"column":71}},"146":{"start":{"line":341,"column":23},"end":{"line":341,"column":74}},"147":{"start":{"line":341,"column":43},"end":{"line":341,"column":66}},"148":{"start":{"line":343,"column":8},"end":{"line":343,"column":124}},"149":{"start":{"line":345,"column":8},"end":{"line":350,"column":10}},"150":{"start":{"line":355,"column":8},"end":{"line":357,"column":9}},"151":{"start":{"line":356,"column":12},"end":{"line":356,"column":25}},"152":{"start":{"line":359,"column":8},"end":{"line":372,"column":9}},"153":{"start":{"line":361,"column":16},"end":{"line":363,"column":51}},"154":{"start":{"line":365,"column":16},"end":{"line":365,"column":86}},"155":{"start":{"line":367,"column":16},"end":{"line":367,"column":54}},"156":{"start":{"line":369,"column":16},"end":{"line":369,"column":54}},"157":{"start":{"line":371,"column":16},"end":{"line":371,"column":29}},"158":{"start":{"line":377,"column":22},"end":{"line":384,"column":9}},"159":{"start":{"line":386,"column":8},"end":{"line":395,"column":11}},"160":{"start":{"line":387,"column":12},"end":{"line":387,"column":42}},"161":{"start":{"line":389,"column":12},"end":{"line":394,"column":13}},"162":{"start":{"line":390,"column":16},"end":{"line":390,"column":46}},"163":{"start":{"line":391,"column":19},"end":{"line":394,"column":13}},"164":{"start":{"line":393,"column":16},"end":{"line":393,"column":66}},"165":{"start":{"line":397,"column":8},"end":{"line":397,"column":21}},"166":{"start":{"line":402,"column":8},"end":{"line":402,"column":21}},"167":{"start":{"line":403,"column":8},"end":{"line":403,"column":37}},"168":{"start":{"line":404,"column":8},"end":{"line":404,"column":29}},"169":{"start":{"line":405,"column":8},"end":{"line":405,"column":29}},"170":{"start":{"line":406,"column":8},"end":{"line":406,"column":31}},"171":{"start":{"line":407,"column":8},"end":{"line":407,"column":31}},"172":{"start":{"line":409,"column":8},"end":{"line":409,"column":46}},"173":{"start":{"line":414,"column":0},"end":{"line":414,"column":39}},"174":{"start":{"line":417,"column":0},"end":{"line":417,"column":33}}},"fnMap":{"0":{"name":"(anonymous_0)","decl":{"start":{"line":6,"column":4},"end":{"line":6,"column":5}},"loc":{"start":{"line":6,"column":18},"end":{"line":20,"column":5}},"line":6},"1":{"name":"(anonymous_1)","decl":{"start":{"line":23,"column":4},"end":{"line":23,"column":5}},"loc":{"start":{"line":23,"column":61},"end":{"line":34,"column":5}},"line":23},"2":{"name":"(anonymous_2)","decl":{"start":{"line":36,"column":4},"end":{"line":36,"column":5}},"loc":{"start":{"line":36,"column":35},"end":{"line":57,"column":5}},"line":36},"3":{"name":"(anonymous_3)","decl":{"start":{"line":40,"column":39},"end":{"line":40,"column":40}},"loc":{"start":{"line":40,"column":48},"end":{"line":48,"column":9}},"line":40},"4":{"name":"(anonymous_4)","decl":{"start":{"line":59,"column":4},"end":{"line":59,"column":5}},"loc":{"start":{"line":59,"column":36},"end":{"line":72,"column":5}},"line":59},"5":{"name":"(anonymous_5)","decl":{"start":{"line":64,"column":37},"end":{"line":64,"column":38}},"loc":{"start":{"line":64,"column":54},"end":{"line":64,"column":79}},"line":64},"6":{"name":"(anonymous_6)","decl":{"start":{"line":74,"column":4},"end":{"line":74,"column":5}},"loc":{"start":{"line":74,"column":44},"end":{"line":129,"column":5}},"line":74},"7":{"name":"(anonymous_7)","decl":{"start":{"line":131,"column":4},"end":{"line":131,"column":5}},"loc":{"start":{"line":131,"column":22},"end":{"line":145,"column":5}},"line":131},"8":{"name":"(anonymous_8)","decl":{"start":{"line":148,"column":4},"end":{"line":148,"column":5}},"loc":{"start":{"line":148,"column":31},"end":{"line":171,"column":5}},"line":148},"9":{"name":"(anonymous_9)","decl":{"start":{"line":149,"column":27},"end":{"line":149,"column":28}},"loc":{"start":{"line":149,"column":48},"end":{"line":170,"column":9}},"line":149},"10":{"name":"(anonymous_10)","decl":{"start":{"line":152,"column":27},"end":{"line":152,"column":28}},"loc":{"start":{"line":152,"column":33},"end":{"line":161,"column":13}},"line":152},"11":{"name":"(anonymous_11)","decl":{"start":{"line":163,"column":28},"end":{"line":163,"column":29}},"loc":{"start":{"line":163,"column":34},"end":{"line":165,"column":13}},"line":163},"12":{"name":"(anonymous_12)","decl":{"start":{"line":173,"column":4},"end":{"line":173,"column":5}},"loc":{"start":{"line":173,"column":31},"end":{"line":197,"column":5}},"line":173},"13":{"name":"(anonymous_13)","decl":{"start":{"line":199,"column":4},"end":{"line":199,"column":5}},"loc":{"start":{"line":199,"column":30},"end":{"line":218,"column":5}},"line":199},"14":{"name":"(anonymous_14)","decl":{"start":{"line":220,"column":4},"end":{"line":220,"column":5}},"loc":{"start":{"line":220,"column":30},"end":{"line":240,"column":5}},"line":220},"15":{"name":"(anonymous_15)","decl":{"start":{"line":243,"column":4},"end":{"line":243,"column":5}},"loc":{"start":{"line":243,"column":14},"end":{"line":245,"column":5}},"line":243},"16":{"name":"(anonymous_16)","decl":{"start":{"line":247,"column":4},"end":{"line":247,"column":5}},"loc":{"start":{"line":247,"column":14},"end":{"line":249,"column":5}},"line":247},"17":{"name":"(anonymous_17)","decl":{"start":{"line":251,"column":4},"end":{"line":251,"column":5}},"loc":{"start":{"line":251,"column":17},"end":{"line":266,"column":5}},"line":251},"18":{"name":"(anonymous_18)","decl":{"start":{"line":268,"column":4},"end":{"line":268,"column":5}},"loc":{"start":{"line":268,"column":12},"end":{"line":281,"column":5}},"line":268},"19":{"name":"(anonymous_19)","decl":{"start":{"line":270,"column":27},"end":{"line":270,"column":28}},"loc":{"start":{"line":270,"column":44},"end":{"line":277,"column":9}},"line":270},"20":{"name":"(anonymous_20)","decl":{"start":{"line":284,"column":4},"end":{"line":284,"column":5}},"loc":{"start":{"line":284,"column":19},"end":{"line":287,"column":5}},"line":284},"21":{"name":"(anonymous_21)","decl":{"start":{"line":289,"column":4},"end":{"line":289,"column":5}},"loc":{"start":{"line":289,"column":19},"end":{"line":292,"column":5}},"line":289},"22":{"name":"(anonymous_22)","decl":{"start":{"line":294,"column":4},"end":{"line":294,"column":5}},"loc":{"start":{"line":294,"column":18},"end":{"line":297,"column":5}},"line":294},"23":{"name":"(anonymous_23)","decl":{"start":{"line":299,"column":4},"end":{"line":299,"column":5}},"loc":{"start":{"line":299,"column":18},"end":{"line":302,"column":5}},"line":299},"24":{"name":"(anonymous_24)","decl":{"start":{"line":305,"column":4},"end":{"line":305,"column":5}},"loc":{"start":{"line":305,"column":31},"end":{"line":310,"column":5}},"line":305},"25":{"name":"(anonymous_25)","decl":{"start":{"line":306,"column":54},"end":{"line":306,"column":55}},"loc":{"start":{"line":307,"column":12},"end":{"line":307,"column":46}},"line":307},"26":{"name":"(anonymous_26)","decl":{"start":{"line":312,"column":4},"end":{"line":312,"column":5}},"loc":{"start":{"line":312,"column":31},"end":{"line":317,"column":5}},"line":312},"27":{"name":"(anonymous_27)","decl":{"start":{"line":313,"column":54},"end":{"line":313,"column":55}},"loc":{"start":{"line":314,"column":12},"end":{"line":314,"column":46}},"line":314},"28":{"name":"(anonymous_28)","decl":{"start":{"line":320,"column":4},"end":{"line":320,"column":5}},"loc":{"start":{"line":320,"column":18},"end":{"line":326,"column":5}},"line":320},"29":{"name":"(anonymous_29)","decl":{"start":{"line":328,"column":4},"end":{"line":328,"column":5}},"loc":{"start":{"line":328,"column":16},"end":{"line":330,"column":5}},"line":328},"30":{"name":"(anonymous_30)","decl":{"start":{"line":333,"column":4},"end":{"line":333,"column":5}},"loc":{"start":{"line":333,"column":34},"end":{"line":351,"column":5}},"line":333},"31":{"name":"(anonymous_31)","decl":{"start":{"line":340,"column":42},"end":{"line":340,"column":43}},"loc":{"start":{"line":340,"column":47},"end":{"line":340,"column":71}},"line":340},"32":{"name":"(anonymous_32)","decl":{"start":{"line":341,"column":38},"end":{"line":341,"column":39}},"loc":{"start":{"line":341,"column":43},"end":{"line":341,"column":66}},"line":341},"33":{"name":"(anonymous_33)","decl":{"start":{"line":354,"column":4},"end":{"line":354,"column":5}},"loc":{"start":{"line":354,"column":25},"end":{"line":373,"column":5}},"line":354},"34":{"name":"(anonymous_34)","decl":{"start":{"line":376,"column":4},"end":{"line":376,"column":5}},"loc":{"start":{"line":376,"column":20},"end":{"line":398,"column":5}},"line":376},"35":{"name":"(anonymous_35)","decl":{"start":{"line":386,"column":27},"end":{"line":386,"column":28}},"loc":{"start":{"line":386,"column":36},"end":{"line":395,"column":9}},"line":386},"36":{"name":"(anonymous_36)","decl":{"start":{"line":401,"column":4},"end":{"line":401,"column":5}},"loc":{"start":{"line":401,"column":14},"end":{"line":410,"column":5}},"line":401}},"branchMap":{"0":{"loc":{"start":{"line":23,"column":23},"end":{"line":23,"column":40}},"type":"default-arg","locations":[{"start":{"line":23,"column":36},"end":{"line":23,"column":40}}],"line":23},"1":{"loc":{"start":{"line":23,"column":42},"end":{"line":23,"column":59}},"type":"default-arg","locations":[{"start":{"line":23,"column":55},"end":{"line":23,"column":59}}],"line":23},"2":{"loc":{"start":{"line":27,"column":8},"end":{"line":33,"column":9}},"type":"if","locations":[{"start":{"line":27,"column":8},"end":{"line":33,"column":9}},{"start":{"line":29,"column":15},"end":{"line":33,"column":9}}],"line":27},"3":{"loc":{"start":{"line":29,"column":15},"end":{"line":33,"column":9}},"type":"if","locations":[{"start":{"line":29,"column":15},"end":{"line":33,"column":9}},{"start":{"line":31,"column":15},"end":{"line":33,"column":9}}],"line":29},"4":{"loc":{"start":{"line":41,"column":12},"end":{"line":47,"column":13}},"type":"if","locations":[{"start":{"line":41,"column":12},"end":{"line":47,"column":13}},{"start":{"line":43,"column":19},"end":{"line":47,"column":13}}],"line":41},"5":{"loc":{"start":{"line":43,"column":19},"end":{"line":47,"column":13}},"type":"if","locations":[{"start":{"line":43,"column":19},"end":{"line":47,"column":13}},{"start":{"line":45,"column":19},"end":{"line":47,"column":13}}],"line":43},"6":{"loc":{"start":{"line":43,"column":23},"end":{"line":43,"column":75}},"type":"binary-expr","locations":[{"start":{"line":43,"column":23},"end":{"line":43,"column":48}},{"start":{"line":43,"column":52},"end":{"line":43,"column":62}},{"start":{"line":43,"column":66},"end":{"line":43,"column":75}}],"line":43},"7":{"loc":{"start":{"line":52,"column":8},"end":{"line":54,"column":9}},"type":"if","locations":[{"start":{"line":52,"column":8},"end":{"line":54,"column":9}},{"start":{},"end":{}}],"line":52},"8":{"loc":{"start":{"line":67,"column":8},"end":{"line":69,"column":9}},"type":"if","locations":[{"start":{"line":67,"column":8},"end":{"line":69,"column":9}},{"start":{},"end":{}}],"line":67},"9":{"loc":{"start":{"line":74,"column":31},"end":{"line":74,"column":42}},"type":"default-arg","locations":[{"start":{"line":74,"column":38},"end":{"line":74,"column":42}}],"line":74},"10":{"loc":{"start":{"line":76,"column":8},"end":{"line":78,"column":9}},"type":"if","locations":[{"start":{"line":76,"column":8},"end":{"line":78,"column":9}},{"start":{},"end":{}}],"line":76},"11":{"loc":{"start":{"line":81,"column":8},"end":{"line":83,"column":9}},"type":"if","locations":[{"start":{"line":81,"column":8},"end":{"line":83,"column":9}},{"start":{},"end":{}}],"line":81},"12":{"loc":{"start":{"line":86,"column":8},"end":{"line":88,"column":9}},"type":"if","locations":[{"start":{"line":86,"column":8},"end":{"line":88,"column":9}},{"start":{},"end":{}}],"line":86},"13":{"loc":{"start":{"line":92,"column":8},"end":{"line":107,"column":9}},"type":"switch","locations":[{"start":{"line":93,"column":12},"end":{"line":95,"column":22}},{"start":{"line":96,"column":12},"end":{"line":98,"column":22}},{"start":{"line":99,"column":12},"end":{"line":101,"column":22}},{"start":{"line":102,"column":12},"end":{"line":104,"column":22}},{"start":{"line":105,"column":12},"end":{"line":106,"column":67}}],"line":92},"14":{"loc":{"start":{"line":116,"column":12},"end":{"line":118,"column":13}},"type":"if","locations":[{"start":{"line":116,"column":12},"end":{"line":118,"column":13}},{"start":{},"end":{}}],"line":116},"15":{"loc":{"start":{"line":134,"column":8},"end":{"line":144,"column":9}},"type":"if","locations":[{"start":{"line":134,"column":8},"end":{"line":144,"column":9}},{"start":{"line":136,"column":15},"end":{"line":144,"column":9}}],"line":134},"16":{"loc":{"start":{"line":136,"column":15},"end":{"line":144,"column":9}},"type":"if","locations":[{"start":{"line":136,"column":15},"end":{"line":144,"column":9}},{"start":{"line":138,"column":15},"end":{"line":144,"column":9}}],"line":136},"17":{"loc":{"start":{"line":138,"column":15},"end":{"line":144,"column":9}},"type":"if","locations":[{"start":{"line":138,"column":15},"end":{"line":144,"column":9}},{"start":{"line":140,"column":15},"end":{"line":144,"column":9}}],"line":138},"18":{"loc":{"start":{"line":140,"column":15},"end":{"line":144,"column":9}},"type":"if","locations":[{"start":{"line":140,"column":15},"end":{"line":144,"column":9}},{"start":{"line":142,"column":15},"end":{"line":144,"column":9}}],"line":140},"19":{"loc":{"start":{"line":174,"column":8},"end":{"line":176,"column":9}},"type":"if","locations":[{"start":{"line":174,"column":8},"end":{"line":176,"column":9}},{"start":{},"end":{}}],"line":174},"20":{"loc":{"start":{"line":174,"column":12},"end":{"line":174,"column":62}},"type":"binary-expr","locations":[{"start":{"line":174,"column":12},"end":{"line":174,"column":32}},{"start":{"line":174,"column":36},"end":{"line":174,"column":62}}],"line":174},"21":{"loc":{"start":{"line":180,"column":12},"end":{"line":182,"column":13}},"type":"if","locations":[{"start":{"line":180,"column":12},"end":{"line":182,"column":13}},{"start":{},"end":{}}],"line":180},"22":{"loc":{"start":{"line":202,"column":12},"end":{"line":204,"column":13}},"type":"if","locations":[{"start":{"line":202,"column":12},"end":{"line":204,"column":13}},{"start":{},"end":{}}],"line":202},"23":{"loc":{"start":{"line":223,"column":12},"end":{"line":225,"column":13}},"type":"if","locations":[{"start":{"line":223,"column":12},"end":{"line":225,"column":13}},{"start":{},"end":{}}],"line":223},"24":{"loc":{"start":{"line":253,"column":8},"end":{"line":265,"column":9}},"type":"if","locations":[{"start":{"line":253,"column":8},"end":{"line":265,"column":9}},{"start":{},"end":{}}],"line":253},"25":{"loc":{"start":{"line":257,"column":12},"end":{"line":262,"column":13}},"type":"if","locations":[{"start":{"line":257,"column":12},"end":{"line":262,"column":13}},{"start":{},"end":{}}],"line":257},"26":{"loc":{"start":{"line":257,"column":16},"end":{"line":257,"column":77}},"type":"binary-expr","locations":[{"start":{"line":257,"column":16},"end":{"line":257,"column":38}},{"start":{"line":257,"column":42},"end":{"line":257,"column":60}},{"start":{"line":257,"column":64},"end":{"line":257,"column":77}}],"line":257},"27":{"loc":{"start":{"line":259,"column":16},"end":{"line":261,"column":17}},"type":"if","locations":[{"start":{"line":259,"column":16},"end":{"line":261,"column":17}},{"start":{},"end":{}}],"line":259},"28":{"loc":{"start":{"line":271,"column":12},"end":{"line":276,"column":13}},"type":"if","locations":[{"start":{"line":271,"column":12},"end":{"line":276,"column":13}},{"start":{},"end":{}}],"line":271},"29":{"loc":{"start":{"line":271,"column":16},"end":{"line":271,"column":77}},"type":"binary-expr","locations":[{"start":{"line":271,"column":16},"end":{"line":271,"column":38}},{"start":{"line":271,"column":42},"end":{"line":271,"column":60}},{"start":{"line":271,"column":64},"end":{"line":271,"column":77}}],"line":271},"30":{"loc":{"start":{"line":273,"column":16},"end":{"line":275,"column":17}},"type":"if","locations":[{"start":{"line":273,"column":16},"end":{"line":275,"column":17}},{"start":{},"end":{}}],"line":273},"31":{"loc":{"start":{"line":286,"column":15},"end":{"line":286,"column":66}},"type":"cond-expr","locations":[{"start":{"line":286,"column":49},"end":{"line":286,"column":59}},{"start":{"line":286,"column":62},"end":{"line":286,"column":66}}],"line":286},"32":{"loc":{"start":{"line":286,"column":15},"end":{"line":286,"column":46}},"type":"binary-expr","locations":[{"start":{"line":286,"column":15},"end":{"line":286,"column":20}},{"start":{"line":286,"column":24},"end":{"line":286,"column":46}}],"line":286},"33":{"loc":{"start":{"line":291,"column":15},"end":{"line":291,"column":66}},"type":"cond-expr","locations":[{"start":{"line":291,"column":49},"end":{"line":291,"column":59}},{"start":{"line":291,"column":62},"end":{"line":291,"column":66}}],"line":291},"34":{"loc":{"start":{"line":291,"column":15},"end":{"line":291,"column":46}},"type":"binary-expr","locations":[{"start":{"line":291,"column":15},"end":{"line":291,"column":20}},{"start":{"line":291,"column":24},"end":{"line":291,"column":46}}],"line":291},"35":{"loc":{"start":{"line":296,"column":15},"end":{"line":296,"column":65}},"type":"cond-expr","locations":[{"start":{"line":296,"column":48},"end":{"line":296,"column":58}},{"start":{"line":296,"column":61},"end":{"line":296,"column":65}}],"line":296},"36":{"loc":{"start":{"line":296,"column":15},"end":{"line":296,"column":45}},"type":"binary-expr","locations":[{"start":{"line":296,"column":15},"end":{"line":296,"column":20}},{"start":{"line":296,"column":24},"end":{"line":296,"column":45}}],"line":296},"37":{"loc":{"start":{"line":301,"column":15},"end":{"line":301,"column":65}},"type":"cond-expr","locations":[{"start":{"line":301,"column":48},"end":{"line":301,"column":58}},{"start":{"line":301,"column":61},"end":{"line":301,"column":65}}],"line":301},"38":{"loc":{"start":{"line":301,"column":15},"end":{"line":301,"column":45}},"type":"binary-expr","locations":[{"start":{"line":301,"column":15},"end":{"line":301,"column":20}},{"start":{"line":301,"column":24},"end":{"line":301,"column":45}}],"line":301},"39":{"loc":{"start":{"line":324,"column":24},"end":{"line":324,"column":94}},"type":"cond-expr","locations":[{"start":{"line":324,"column":47},"end":{"line":324,"column":90}},{"start":{"line":324,"column":93},"end":{"line":324,"column":94}}],"line":324},"40":{"loc":{"start":{"line":355,"column":8},"end":{"line":357,"column":9}},"type":"if","locations":[{"start":{"line":355,"column":8},"end":{"line":357,"column":9}},{"start":{},"end":{}}],"line":355},"41":{"loc":{"start":{"line":355,"column":12},"end":{"line":355,"column":63}},"type":"binary-expr","locations":[{"start":{"line":355,"column":12},"end":{"line":355,"column":18}},{"start":{"line":355,"column":22},"end":{"line":355,"column":33}},{"start":{"line":355,"column":37},"end":{"line":355,"column":48}},{"start":{"line":355,"column":52},"end":{"line":355,"column":63}}],"line":355},"42":{"loc":{"start":{"line":359,"column":8},"end":{"line":372,"column":9}},"type":"switch","locations":[{"start":{"line":360,"column":12},"end":{"line":363,"column":51}},{"start":{"line":364,"column":12},"end":{"line":365,"column":86}},{"start":{"line":366,"column":12},"end":{"line":367,"column":54}},{"start":{"line":368,"column":12},"end":{"line":369,"column":54}},{"start":{"line":370,"column":12},"end":{"line":371,"column":29}}],"line":359},"43":{"loc":{"start":{"line":361,"column":23},"end":{"line":363,"column":50}},"type":"binary-expr","locations":[{"start":{"line":361,"column":23},"end":{"line":361,"column":61}},{"start":{"line":362,"column":23},"end":{"line":362,"column":42}},{"start":{"line":363,"column":23},"end":{"line":363,"column":50}}],"line":361},"44":{"loc":{"start":{"line":365,"column":23},"end":{"line":365,"column":85}},"type":"binary-expr","locations":[{"start":{"line":365,"column":23},"end":{"line":365,"column":56}},{"start":{"line":365,"column":60},"end":{"line":365,"column":85}}],"line":365},"45":{"loc":{"start":{"line":389,"column":12},"end":{"line":394,"column":13}},"type":"if","locations":[{"start":{"line":389,"column":12},"end":{"line":394,"column":13}},{"start":{"line":391,"column":19},"end":{"line":394,"column":13}}],"line":389},"46":{"loc":{"start":{"line":391,"column":19},"end":{"line":394,"column":13}},"type":"if","locations":[{"start":{"line":391,"column":19},"end":{"line":394,"column":13}},{"start":{},"end":{}}],"line":391}},"s":{"0":7,"1":7,"2":7,"3":7,"4":7,"5":7,"6":7,"7":7,"8":7,"9":7,"10":0,"11":0,"12":0,"13":0,"14":0,"15":0,"16":0,"17":0,"18":0,"19":0,"20":0,"21":0,"22":0,"23":0,"24":0,"25":0,"26":0,"27":0,"28":0,"29":0,"30":0,"31":0,"32":0,"33":0,"34":0,"35":0,"36":0,"37":0,"38":0,"39":0,"40":0,"41":0,"42":0,"43":0,"44":0,"45":0,"46":0,"47":0,"48":0,"49":0,"50":0,"51":0,"52":0,"53":0,"54":0,"55":0,"56":0,"57":0,"58":0,"59":0,"60":0,"61":0,"62":0,"63":0,"64":0,"65":0,"66":0,"67":0,"68":0,"69":0,"70":0,"71":0,"72":0,"73":0,"74":0,"75":0,"76":1,"77":1,"78":1,"79":1,"80":1,"81":0,"82":1,"83":1,"84":1,"85":0,"86":1,"87":1,"88":1,"89":0,"90":1,"91":1,"92":0,"93":1,"94":1,"95":1,"96":0,"97":1,"98":1,"99":0,"100":1,"101":1,"102":1,"103":0,"104":1,"105":1,"106":0,"107":0,"108":1,"109":0,"110":0,"111":0,"112":0,"113":0,"114":0,"115":0,"116":0,"117":0,"118":0,"119":0,"120":0,"121":0,"122":0,"123":0,"124":0,"125":0,"126":0,"127":0,"128":0,"129":0,"130":0,"131":0,"132":0,"133":0,"134":0,"135":0,"136":0,"137":0,"138":0,"139":0,"140":0,"141":0,"142":0,"143":0,"144":0,"145":0,"146":0,"147":0,"148":0,"149":0,"150":0,"151":0,"152":0,"153":0,"154":0,"155":0,"156":0,"157":0,"158":0,"159":0,"160":0,"161":0,"162":0,"163":0,"164":0,"165":0,"166":0,"167":0,"168":0,"169":0,"170":0,"171":0,"172":0,"173":3,"174":3},"f":{"0":7,"1":0,"2":0,"3":0,"4":0,"5":0,"6":0,"7":0,"8":1,"9":1,"10":1,"11":0,"12":1,"13":1,"14":1,"15":0,"16":1,"17":0,"18":0,"19":0,"20":0,"21":0,"22":0,"23":0,"24":0,"25":0,"26":0,"27":0,"28":0,"29":0,"30":0,"31":0,"32":0,"33":0,"34":0,"35":0,"36":0},"b":{"0":[0],"1":[0],"2":[0,0],"3":[0,0],"4":[0,0],"5":[0,0],"6":[0,0,0],"7":[0,0],"8":[0,0],"9":[0],"10":[0,0],"11":[0,0],"12":[0,0],"13":[0,0,0,0,0],"14":[0,0],"15":[0,0],"16":[0,0],"17":[0,0],"18":[0,0],"19":[0,1],"20":[1,0],"21":[0,1],"22":[0,1],"23":[0,1],"24":[0,0],"25":[0,0],"26":[0,0,0],"27":[0,0],"28":[0,0],"29":[0,0,0],"30":[0,0],"31":[0,0],"32":[0,0],"33":[0,0],"34":[0,0],"35":[0,0],"36":[0,0],"37":[0,0],"38":[0,0],"39":[0,0],"40":[0,0],"41":[0,0,0,0],"42":[0,0,0,0,0],"43":[0,0,0],"44":[0,0],"45":[0,0],"46":[0,0]},"_coverageSchema":"1a1c01bbd47fc00a2c39e90264f33305004495a9","hash":"3ddd91725b42a1313cfb2fef12698182ace6c4ae"}
,"C:\\Users\\alexr\\source\\repos\\HTMLGaming\\utils\\EventEmitter.js": {"path":"C:\\Users\\alexr\\source\\repos\\HTMLGaming\\utils\\EventEmitter.js","statementMap":{"0":{"start":{"line":7,"column":8},"end":{"line":7,"column":32}},"1":{"start":{"line":8,"column":8},"end":{"line":8,"column":36}},"2":{"start":{"line":9,"column":8},"end":{"line":9,"column":31}},"3":{"start":{"line":14,"column":8},"end":{"line":16,"column":9}},"4":{"start":{"line":15,"column":12},"end":{"line":15,"column":59}},"5":{"start":{"line":18,"column":8},"end":{"line":20,"column":9}},"6":{"start":{"line":19,"column":12},"end":{"line":19,"column":39}},"7":{"start":{"line":22,"column":26},"end":{"line":22,"column":48}},"8":{"start":{"line":25,"column":8},"end":{"line":27,"column":9}},"9":{"start":{"line":26,"column":12},"end":{"line":26,"column":98}},"10":{"start":{"line":29,"column":8},"end":{"line":29,"column":46}},"11":{"start":{"line":30,"column":8},"end":{"line":30,"column":20}},"12":{"start":{"line":35,"column":8},"end":{"line":37,"column":9}},"13":{"start":{"line":36,"column":12},"end":{"line":36,"column":59}},"14":{"start":{"line":39,"column":8},"end":{"line":41,"column":9}},"15":{"start":{"line":40,"column":12},"end":{"line":40,"column":43}},"16":{"start":{"line":43,"column":26},"end":{"line":43,"column":52}},"17":{"start":{"line":44,"column":8},"end":{"line":44,"column":46}},"18":{"start":{"line":45,"column":8},"end":{"line":45,"column":20}},"19":{"start":{"line":50,"column":8},"end":{"line":55,"column":9}},"20":{"start":{"line":52,"column":12},"end":{"line":52,"column":38}},"21":{"start":{"line":53,"column":12},"end":{"line":53,"column":42}},"22":{"start":{"line":54,"column":12},"end":{"line":54,"column":24}},"23":{"start":{"line":58,"column":32},"end":{"line":66,"column":9}},"24":{"start":{"line":59,"column":12},"end":{"line":65,"column":13}},"25":{"start":{"line":59,"column":25},"end":{"line":59,"column":45}},"26":{"start":{"line":60,"column":33},"end":{"line":60,"column":45}},"27":{"start":{"line":61,"column":16},"end":{"line":64,"column":17}},"28":{"start":{"line":63,"column":20},"end":{"line":63,"column":43}},"29":{"start":{"line":68,"column":8},"end":{"line":73,"column":9}},"30":{"start":{"line":69,"column":12},"end":{"line":69,"column":52}},"31":{"start":{"line":70,"column":12},"end":{"line":72,"column":13}},"32":{"start":{"line":71,"column":16},"end":{"line":71,"column":42}},"33":{"start":{"line":75,"column":8},"end":{"line":80,"column":9}},"34":{"start":{"line":76,"column":12},"end":{"line":76,"column":56}},"35":{"start":{"line":77,"column":12},"end":{"line":79,"column":13}},"36":{"start":{"line":78,"column":16},"end":{"line":78,"column":46}},"37":{"start":{"line":82,"column":8},"end":{"line":82,"column":20}},"38":{"start":{"line":87,"column":28},"end":{"line":87,"column":29}},"39":{"start":{"line":90,"column":8},"end":{"line":105,"column":9}},"40":{"start":{"line":91,"column":30},"end":{"line":91,"column":60}},"41":{"start":{"line":93,"column":12},"end":{"line":104,"column":13}},"42":{"start":{"line":94,"column":16},"end":{"line":103,"column":17}},"43":{"start":{"line":95,"column":20},"end":{"line":99,"column":21}},"44":{"start":{"line":96,"column":24},"end":{"line":96,"column":74}},"45":{"start":{"line":98,"column":24},"end":{"line":98,"column":51}},"46":{"start":{"line":100,"column":20},"end":{"line":100,"column":36}},"47":{"start":{"line":102,"column":20},"end":{"line":102,"column":84}},"48":{"start":{"line":108,"column":8},"end":{"line":124,"column":9}},"49":{"start":{"line":109,"column":30},"end":{"line":109,"column":64}},"50":{"start":{"line":110,"column":12},"end":{"line":110,"column":42}},"51":{"start":{"line":112,"column":12},"end":{"line":123,"column":13}},"52":{"start":{"line":113,"column":16},"end":{"line":122,"column":17}},"53":{"start":{"line":114,"column":20},"end":{"line":118,"column":21}},"54":{"start":{"line":115,"column":24},"end":{"line":115,"column":74}},"55":{"start":{"line":117,"column":24},"end":{"line":117,"column":51}},"56":{"start":{"line":119,"column":20},"end":{"line":119,"column":36}},"57":{"start":{"line":121,"column":20},"end":{"line":121,"column":93}},"58":{"start":{"line":126,"column":8},"end":{"line":126,"column":33}},"59":{"start":{"line":131,"column":8},"end":{"line":132,"column":85}},"60":{"start":{"line":137,"column":20},"end":{"line":137,"column":21}},"61":{"start":{"line":139,"column":8},"end":{"line":141,"column":9}},"62":{"start":{"line":140,"column":12},"end":{"line":140,"column":51}},"63":{"start":{"line":143,"column":8},"end":{"line":145,"column":9}},"64":{"start":{"line":144,"column":12},"end":{"line":144,"column":55}},"65":{"start":{"line":147,"column":8},"end":{"line":147,"column":21}},"66":{"start":{"line":152,"column":22},"end":{"line":152,"column":31}},"67":{"start":{"line":154,"column":8},"end":{"line":154,"column":60}},"68":{"start":{"line":154,"column":42},"end":{"line":154,"column":58}},"69":{"start":{"line":155,"column":8},"end":{"line":155,"column":64}},"70":{"start":{"line":155,"column":46},"end":{"line":155,"column":62}},"71":{"start":{"line":157,"column":8},"end":{"line":157,"column":33}},"72":{"start":{"line":162,"column":8},"end":{"line":168,"column":9}},"73":{"start":{"line":163,"column":12},"end":{"line":163,"column":38}},"74":{"start":{"line":164,"column":12},"end":{"line":164,"column":42}},"75":{"start":{"line":166,"column":12},"end":{"line":166,"column":32}},"76":{"start":{"line":167,"column":12},"end":{"line":167,"column":36}},"77":{"start":{"line":169,"column":8},"end":{"line":169,"column":20}},"78":{"start":{"line":174,"column":8},"end":{"line":176,"column":9}},"79":{"start":{"line":175,"column":12},"end":{"line":175,"column":75}},"80":{"start":{"line":177,"column":8},"end":{"line":177,"column":32}},"81":{"start":{"line":178,"column":8},"end":{"line":178,"column":20}},"82":{"start":{"line":183,"column":8},"end":{"line":183,"column":33}},"83":{"start":{"line":188,"column":8},"end":{"line":190,"column":9}},"84":{"start":{"line":189,"column":12},"end":{"line":189,"column":71}},"85":{"start":{"line":192,"column":8},"end":{"line":207,"column":9}},"86":{"start":{"line":194,"column":12},"end":{"line":198,"column":15}},"87":{"start":{"line":195,"column":16},"end":{"line":197,"column":19}},"88":{"start":{"line":196,"column":20},"end":{"line":196,"column":52}},"89":{"start":{"line":201,"column":33},"end":{"line":201,"column":71}},"90":{"start":{"line":202,"column":12},"end":{"line":206,"column":14}},"91":{"start":{"line":203,"column":31},"end":{"line":203,"column":59}},"92":{"start":{"line":204,"column":16},"end":{"line":204,"column":42}},"93":{"start":{"line":205,"column":16},"end":{"line":205,"column":30}},"94":{"start":{"line":209,"column":8},"end":{"line":209,"column":20}},"95":{"start":{"line":214,"column":34},"end":{"line":227,"column":9}},"96":{"start":{"line":216,"column":16},"end":{"line":216,"column":64}},"97":{"start":{"line":218,"column":16},"end":{"line":218,"column":66}},"98":{"start":{"line":220,"column":16},"end":{"line":220,"column":65}},"99":{"start":{"line":222,"column":16},"end":{"line":222,"column":56}},"100":{"start":{"line":224,"column":16},"end":{"line":224,"column":55}},"101":{"start":{"line":226,"column":16},"end":{"line":226,"column":56}},"102":{"start":{"line":229,"column":8},"end":{"line":229,"column":33}},"103":{"start":{"line":234,"column":25},"end":{"line":234,"column":27}},"104":{"start":{"line":237,"column":29},"end":{"line":237,"column":31}},"105":{"start":{"line":239,"column":8},"end":{"line":241,"column":9}},"106":{"start":{"line":240,"column":12},"end":{"line":240,"column":57}},"107":{"start":{"line":243,"column":8},"end":{"line":246,"column":9}},"108":{"start":{"line":244,"column":12},"end":{"line":244,"column":61}},"109":{"start":{"line":245,"column":12},"end":{"line":245,"column":42}},"110":{"start":{"line":249,"column":8},"end":{"line":262,"column":9}},"111":{"start":{"line":250,"column":12},"end":{"line":261,"column":13}},"112":{"start":{"line":251,"column":31},"end":{"line":253,"column":48}},"113":{"start":{"line":255,"column":16},"end":{"line":257,"column":17}},"114":{"start":{"line":256,"column":20},"end":{"line":256,"column":42}},"115":{"start":{"line":259,"column":16},"end":{"line":259,"column":86}},"116":{"start":{"line":260,"column":16},"end":{"line":260,"column":53}},"117":{"start":{"line":265,"column":8},"end":{"line":267,"column":9}},"118":{"start":{"line":266,"column":12},"end":{"line":266,"column":48}},"119":{"start":{"line":269,"column":8},"end":{"line":269,"column":18}},"120":{"start":{"line":274,"column":8},"end":{"line":276,"column":9}},"121":{"start":{"line":275,"column":12},"end":{"line":275,"column":61}},"122":{"start":{"line":278,"column":29},"end":{"line":278,"column":49}},"123":{"start":{"line":280,"column":8},"end":{"line":287,"column":10}},"124":{"start":{"line":282,"column":27},"end":{"line":284,"column":14}},"125":{"start":{"line":283,"column":16},"end":{"line":283,"column":52}},"126":{"start":{"line":286,"column":12},"end":{"line":286,"column":26}},"127":{"start":{"line":289,"column":8},"end":{"line":289,"column":20}},"128":{"start":{"line":294,"column":21},"end":{"line":299,"column":9}},"129":{"start":{"line":301,"column":8},"end":{"line":304,"column":11}},"130":{"start":{"line":302,"column":12},"end":{"line":302,"column":57}},"131":{"start":{"line":303,"column":12},"end":{"line":303,"column":52}},"132":{"start":{"line":306,"column":8},"end":{"line":309,"column":11}},"133":{"start":{"line":307,"column":12},"end":{"line":307,"column":54}},"134":{"start":{"line":308,"column":12},"end":{"line":308,"column":52}},"135":{"start":{"line":311,"column":8},"end":{"line":311,"column":20}},"136":{"start":{"line":316,"column":8},"end":{"line":316,"column":34}},"137":{"start":{"line":321,"column":0},"end":{"line":321,"column":35}}},"fnMap":{"0":{"name":"(anonymous_0)","decl":{"start":{"line":6,"column":4},"end":{"line":6,"column":5}},"loc":{"start":{"line":6,"column":18},"end":{"line":10,"column":5}},"line":6},"1":{"name":"(anonymous_1)","decl":{"start":{"line":13,"column":4},"end":{"line":13,"column":5}},"loc":{"start":{"line":13,"column":40},"end":{"line":31,"column":5}},"line":13},"2":{"name":"(anonymous_2)","decl":{"start":{"line":34,"column":4},"end":{"line":34,"column":5}},"loc":{"start":{"line":34,"column":42},"end":{"line":46,"column":5}},"line":34},"3":{"name":"(anonymous_3)","decl":{"start":{"line":49,"column":4},"end":{"line":49,"column":5}},"loc":{"start":{"line":49,"column":48},"end":{"line":83,"column":5}},"line":49},"4":{"name":"(anonymous_4)","decl":{"start":{"line":58,"column":32},"end":{"line":58,"column":33}},"loc":{"start":{"line":58,"column":47},"end":{"line":66,"column":9}},"line":58},"5":{"name":"(anonymous_5)","decl":{"start":{"line":86,"column":4},"end":{"line":86,"column":5}},"loc":{"start":{"line":86,"column":25},"end":{"line":127,"column":5}},"line":86},"6":{"name":"(anonymous_6)","decl":{"start":{"line":130,"column":4},"end":{"line":130,"column":5}},"loc":{"start":{"line":130,"column":24},"end":{"line":133,"column":5}},"line":130},"7":{"name":"(anonymous_7)","decl":{"start":{"line":136,"column":4},"end":{"line":136,"column":5}},"loc":{"start":{"line":136,"column":25},"end":{"line":148,"column":5}},"line":136},"8":{"name":"(anonymous_8)","decl":{"start":{"line":151,"column":4},"end":{"line":151,"column":5}},"loc":{"start":{"line":151,"column":17},"end":{"line":158,"column":5}},"line":151},"9":{"name":"(anonymous_9)","decl":{"start":{"line":154,"column":28},"end":{"line":154,"column":29}},"loc":{"start":{"line":154,"column":42},"end":{"line":154,"column":58}},"line":154},"10":{"name":"(anonymous_10)","decl":{"start":{"line":155,"column":32},"end":{"line":155,"column":33}},"loc":{"start":{"line":155,"column":46},"end":{"line":155,"column":62}},"line":155},"11":{"name":"(anonymous_11)","decl":{"start":{"line":161,"column":4},"end":{"line":161,"column":5}},"loc":{"start":{"line":161,"column":37},"end":{"line":170,"column":5}},"line":161},"12":{"name":"(anonymous_12)","decl":{"start":{"line":173,"column":4},"end":{"line":173,"column":5}},"loc":{"start":{"line":173,"column":25},"end":{"line":179,"column":5}},"line":173},"13":{"name":"(anonymous_13)","decl":{"start":{"line":182,"column":4},"end":{"line":182,"column":5}},"loc":{"start":{"line":182,"column":22},"end":{"line":184,"column":5}},"line":182},"14":{"name":"(anonymous_14)","decl":{"start":{"line":187,"column":4},"end":{"line":187,"column":5}},"loc":{"start":{"line":187,"column":41},"end":{"line":210,"column":5}},"line":187},"15":{"name":"(anonymous_15)","decl":{"start":{"line":194,"column":45},"end":{"line":194,"column":46}},"loc":{"start":{"line":194,"column":77},"end":{"line":198,"column":13}},"line":194},"16":{"name":"(anonymous_16)","decl":{"start":{"line":195,"column":46},"end":{"line":195,"column":47}},"loc":{"start":{"line":195,"column":59},"end":{"line":197,"column":17}},"line":195},"17":{"name":"(anonymous_17)","decl":{"start":{"line":202,"column":33},"end":{"line":202,"column":34}},"loc":{"start":{"line":202,"column":53},"end":{"line":206,"column":13}},"line":202},"18":{"name":"(anonymous_18)","decl":{"start":{"line":213,"column":4},"end":{"line":213,"column":5}},"loc":{"start":{"line":213,"column":22},"end":{"line":230,"column":5}},"line":213},"19":{"name":"(anonymous_19)","decl":{"start":{"line":215,"column":16},"end":{"line":215,"column":17}},"loc":{"start":{"line":216,"column":16},"end":{"line":216,"column":64}},"line":216},"20":{"name":"(anonymous_20)","decl":{"start":{"line":217,"column":18},"end":{"line":217,"column":19}},"loc":{"start":{"line":218,"column":16},"end":{"line":218,"column":66}},"line":218},"21":{"name":"(anonymous_21)","decl":{"start":{"line":219,"column":17},"end":{"line":219,"column":18}},"loc":{"start":{"line":220,"column":16},"end":{"line":220,"column":65}},"line":220},"22":{"name":"(anonymous_22)","decl":{"start":{"line":221,"column":18},"end":{"line":221,"column":19}},"loc":{"start":{"line":222,"column":16},"end":{"line":222,"column":56}},"line":222},"23":{"name":"(anonymous_23)","decl":{"start":{"line":223,"column":26},"end":{"line":223,"column":27}},"loc":{"start":{"line":224,"column":16},"end":{"line":224,"column":55}},"line":224},"24":{"name":"(anonymous_24)","decl":{"start":{"line":225,"column":27},"end":{"line":225,"column":28}},"loc":{"start":{"line":226,"column":16},"end":{"line":226,"column":56}},"line":226},"25":{"name":"(anonymous_25)","decl":{"start":{"line":233,"column":4},"end":{"line":233,"column":5}},"loc":{"start":{"line":233,"column":36},"end":{"line":270,"column":5}},"line":233},"26":{"name":"(anonymous_26)","decl":{"start":{"line":273,"column":4},"end":{"line":273,"column":5}},"loc":{"start":{"line":273,"column":20},"end":{"line":290,"column":5}},"line":273},"27":{"name":"(anonymous_27)","decl":{"start":{"line":280,"column":20},"end":{"line":280,"column":21}},"loc":{"start":{"line":280,"column":40},"end":{"line":287,"column":9}},"line":280},"28":{"name":"(anonymous_28)","decl":{"start":{"line":282,"column":51},"end":{"line":282,"column":52}},"loc":{"start":{"line":282,"column":57},"end":{"line":284,"column":13}},"line":282},"29":{"name":"(anonymous_29)","decl":{"start":{"line":293,"column":4},"end":{"line":293,"column":5}},"loc":{"start":{"line":293,"column":12},"end":{"line":312,"column":5}},"line":293},"30":{"name":"(anonymous_30)","decl":{"start":{"line":301,"column":28},"end":{"line":301,"column":29}},"loc":{"start":{"line":301,"column":50},"end":{"line":304,"column":9}},"line":301},"31":{"name":"(anonymous_31)","decl":{"start":{"line":306,"column":32},"end":{"line":306,"column":33}},"loc":{"start":{"line":306,"column":54},"end":{"line":309,"column":9}},"line":306},"32":{"name":"(anonymous_32)","decl":{"start":{"line":315,"column":4},"end":{"line":315,"column":5}},"loc":{"start":{"line":315,"column":14},"end":{"line":317,"column":5}},"line":315}},"branchMap":{"0":{"loc":{"start":{"line":13,"column":24},"end":{"line":13,"column":38}},"type":"default-arg","locations":[{"start":{"line":13,"column":34},"end":{"line":13,"column":38}}],"line":13},"1":{"loc":{"start":{"line":14,"column":8},"end":{"line":16,"column":9}},"type":"if","locations":[{"start":{"line":14,"column":8},"end":{"line":16,"column":9}},{"start":{},"end":{}}],"line":14},"2":{"loc":{"start":{"line":18,"column":8},"end":{"line":20,"column":9}},"type":"if","locations":[{"start":{"line":18,"column":8},"end":{"line":20,"column":9}},{"start":{},"end":{}}],"line":18},"3":{"loc":{"start":{"line":25,"column":8},"end":{"line":27,"column":9}},"type":"if","locations":[{"start":{"line":25,"column":8},"end":{"line":27,"column":9}},{"start":{},"end":{}}],"line":25},"4":{"loc":{"start":{"line":34,"column":26},"end":{"line":34,"column":40}},"type":"default-arg","locations":[{"start":{"line":34,"column":36},"end":{"line":34,"column":40}}],"line":34},"5":{"loc":{"start":{"line":35,"column":8},"end":{"line":37,"column":9}},"type":"if","locations":[{"start":{"line":35,"column":8},"end":{"line":37,"column":9}},{"start":{},"end":{}}],"line":35},"6":{"loc":{"start":{"line":39,"column":8},"end":{"line":41,"column":9}},"type":"if","locations":[{"start":{"line":39,"column":8},"end":{"line":41,"column":9}},{"start":{},"end":{}}],"line":39},"7":{"loc":{"start":{"line":49,"column":15},"end":{"line":49,"column":30}},"type":"default-arg","locations":[{"start":{"line":49,"column":26},"end":{"line":49,"column":30}}],"line":49},"8":{"loc":{"start":{"line":49,"column":32},"end":{"line":49,"column":46}},"type":"default-arg","locations":[{"start":{"line":49,"column":42},"end":{"line":49,"column":46}}],"line":49},"9":{"loc":{"start":{"line":50,"column":8},"end":{"line":55,"column":9}},"type":"if","locations":[{"start":{"line":50,"column":8},"end":{"line":55,"column":9}},{"start":{},"end":{}}],"line":50},"10":{"loc":{"start":{"line":61,"column":16},"end":{"line":64,"column":17}},"type":"if","locations":[{"start":{"line":61,"column":16},"end":{"line":64,"column":17}},{"start":{},"end":{}}],"line":61},"11":{"loc":{"start":{"line":61,"column":20},"end":{"line":62,"column":70}},"type":"binary-expr","locations":[{"start":{"line":61,"column":20},"end":{"line":61,"column":50}},{"start":{"line":62,"column":21},"end":{"line":62,"column":37}},{"start":{"line":62,"column":41},"end":{"line":62,"column":69}}],"line":61},"12":{"loc":{"start":{"line":68,"column":8},"end":{"line":73,"column":9}},"type":"if","locations":[{"start":{"line":68,"column":8},"end":{"line":73,"column":9}},{"start":{},"end":{}}],"line":68},"13":{"loc":{"start":{"line":70,"column":12},"end":{"line":72,"column":13}},"type":"if","locations":[{"start":{"line":70,"column":12},"end":{"line":72,"column":13}},{"start":{},"end":{}}],"line":70},"14":{"loc":{"start":{"line":75,"column":8},"end":{"line":80,"column":9}},"type":"if","locations":[{"start":{"line":75,"column":8},"end":{"line":80,"column":9}},{"start":{},"end":{}}],"line":75},"15":{"loc":{"start":{"line":77,"column":12},"end":{"line":79,"column":13}},"type":"if","locations":[{"start":{"line":77,"column":12},"end":{"line":79,"column":13}},{"start":{},"end":{}}],"line":77},"16":{"loc":{"start":{"line":90,"column":8},"end":{"line":105,"column":9}},"type":"if","locations":[{"start":{"line":90,"column":8},"end":{"line":105,"column":9}},{"start":{},"end":{}}],"line":90},"17":{"loc":{"start":{"line":95,"column":20},"end":{"line":99,"column":21}},"type":"if","locations":[{"start":{"line":95,"column":20},"end":{"line":99,"column":21}},{"start":{"line":97,"column":27},"end":{"line":99,"column":21}}],"line":95},"18":{"loc":{"start":{"line":108,"column":8},"end":{"line":124,"column":9}},"type":"if","locations":[{"start":{"line":108,"column":8},"end":{"line":124,"column":9}},{"start":{},"end":{}}],"line":108},"19":{"loc":{"start":{"line":114,"column":20},"end":{"line":118,"column":21}},"type":"if","locations":[{"start":{"line":114,"column":20},"end":{"line":118,"column":21}},{"start":{"line":116,"column":27},"end":{"line":118,"column":21}}],"line":114},"20":{"loc":{"start":{"line":131,"column":15},"end":{"line":132,"column":84}},"type":"binary-expr","locations":[{"start":{"line":131,"column":16},"end":{"line":131,"column":38}},{"start":{"line":131,"column":42},"end":{"line":131,"column":75}},{"start":{"line":132,"column":16},"end":{"line":132,"column":42}},{"start":{"line":132,"column":46},"end":{"line":132,"column":83}}],"line":131},"21":{"loc":{"start":{"line":139,"column":8},"end":{"line":141,"column":9}},"type":"if","locations":[{"start":{"line":139,"column":8},"end":{"line":141,"column":9}},{"start":{},"end":{}}],"line":139},"22":{"loc":{"start":{"line":143,"column":8},"end":{"line":145,"column":9}},"type":"if","locations":[{"start":{"line":143,"column":8},"end":{"line":145,"column":9}},{"start":{},"end":{}}],"line":143},"23":{"loc":{"start":{"line":161,"column":23},"end":{"line":161,"column":35}},"type":"default-arg","locations":[{"start":{"line":161,"column":31},"end":{"line":161,"column":35}}],"line":161},"24":{"loc":{"start":{"line":162,"column":8},"end":{"line":168,"column":9}},"type":"if","locations":[{"start":{"line":162,"column":8},"end":{"line":168,"column":9}},{"start":{"line":165,"column":15},"end":{"line":168,"column":9}}],"line":162},"25":{"loc":{"start":{"line":174,"column":8},"end":{"line":176,"column":9}},"type":"if","locations":[{"start":{"line":174,"column":8},"end":{"line":176,"column":9}},{"start":{},"end":{}}],"line":174},"26":{"loc":{"start":{"line":174,"column":12},"end":{"line":174,"column":46}},"type":"binary-expr","locations":[{"start":{"line":174,"column":12},"end":{"line":174,"column":35}},{"start":{"line":174,"column":39},"end":{"line":174,"column":46}}],"line":174},"27":{"loc":{"start":{"line":187,"column":24},"end":{"line":187,"column":39}},"type":"default-arg","locations":[{"start":{"line":187,"column":35},"end":{"line":187,"column":39}}],"line":187},"28":{"loc":{"start":{"line":188,"column":8},"end":{"line":190,"column":9}},"type":"if","locations":[{"start":{"line":188,"column":8},"end":{"line":190,"column":9}},{"start":{},"end":{}}],"line":188},"29":{"loc":{"start":{"line":192,"column":8},"end":{"line":207,"column":9}},"type":"if","locations":[{"start":{"line":192,"column":8},"end":{"line":207,"column":9}},{"start":{"line":199,"column":15},"end":{"line":207,"column":9}}],"line":192},"30":{"loc":{"start":{"line":239,"column":8},"end":{"line":241,"column":9}},"type":"if","locations":[{"start":{"line":239,"column":8},"end":{"line":241,"column":9}},{"start":{},"end":{}}],"line":239},"31":{"loc":{"start":{"line":243,"column":8},"end":{"line":246,"column":9}},"type":"if","locations":[{"start":{"line":243,"column":8},"end":{"line":246,"column":9}},{"start":{},"end":{}}],"line":243},"32":{"loc":{"start":{"line":251,"column":31},"end":{"line":253,"column":48}},"type":"cond-expr","locations":[{"start":{"line":252,"column":22},"end":{"line":252,"column":71}},{"start":{"line":253,"column":22},"end":{"line":253,"column":48}}],"line":251},"33":{"loc":{"start":{"line":255,"column":16},"end":{"line":257,"column":17}},"type":"if","locations":[{"start":{"line":255,"column":16},"end":{"line":257,"column":17}},{"start":{},"end":{}}],"line":255},"34":{"loc":{"start":{"line":255,"column":20},"end":{"line":255,"column":63}},"type":"binary-expr","locations":[{"start":{"line":255,"column":20},"end":{"line":255,"column":26}},{"start":{"line":255,"column":30},"end":{"line":255,"column":63}}],"line":255},"35":{"loc":{"start":{"line":265,"column":8},"end":{"line":267,"column":9}},"type":"if","locations":[{"start":{"line":265,"column":8},"end":{"line":267,"column":9}},{"start":{},"end":{}}],"line":265},"36":{"loc":{"start":{"line":274,"column":8},"end":{"line":276,"column":9}},"type":"if","locations":[{"start":{"line":274,"column":8},"end":{"line":276,"column":9}},{"start":{},"end":{}}],"line":274}},"s":{"0":4,"1":4,"2":4,"3":4,"4":0,"5":4,"6":3,"7":4,"8":4,"9":0,"10":4,"11":4,"12":1,"13":0,"14":1,"15":1,"16":1,"17":1,"18":1,"19":1,"20":0,"21":0,"22":0,"23":1,"24":1,"25":1,"26":2,"27":2,"28":1,"29":1,"30":1,"31":1,"32":0,"33":1,"34":0,"35":0,"36":0,"37":1,"38":3,"39":3,"40":1,"41":1,"42":1,"43":1,"44":0,"45":1,"46":1,"47":0,"48":3,"49":1,"50":1,"51":1,"52":1,"53":1,"54":0,"55":1,"56":1,"57":0,"58":3,"59":0,"60":5,"61":5,"62":3,"63":5,"64":0,"65":5,"66":0,"67":0,"68":0,"69":0,"70":0,"71":0,"72":1,"73":1,"74":1,"75":0,"76":0,"77":1,"78":0,"79":0,"80":0,"81":0,"82":0,"83":0,"84":0,"85":0,"86":0,"87":0,"88":0,"89":0,"90":0,"91":0,"92":0,"93":0,"94":0,"95":0,"96":0,"97":0,"98":0,"99":0,"100":0,"101":0,"102":0,"103":1,"104":1,"105":1,"106":1,"107":1,"108":0,"109":0,"110":1,"111":1,"112":1,"113":1,"114":1,"115":0,"116":0,"117":1,"118":1,"119":0,"120":0,"121":0,"122":0,"123":0,"124":0,"125":0,"126":0,"127":0,"128":0,"129":0,"130":0,"131":0,"132":0,"133":0,"134":0,"135":0,"136":0,"137":3},"f":{"0":4,"1":4,"2":1,"3":1,"4":1,"5":3,"6":0,"7":5,"8":0,"9":0,"10":0,"11":1,"12":0,"13":0,"14":0,"15":0,"16":0,"17":0,"18":0,"19":0,"20":0,"21":0,"22":0,"23":0,"24":0,"25":1,"26":0,"27":0,"28":0,"29":0,"30":0,"31":0,"32":0},"b":{"0":[4],"1":[0,4],"2":[3,1],"3":[0,4],"4":[1],"5":[0,1],"6":[1,0],"7":[0],"8":[1],"9":[0,1],"10":[1,1],"11":[2,1,0],"12":[1,0],"13":[0,1],"14":[0,1],"15":[0,0],"16":[1,2],"17":[0,1],"18":[1,2],"19":[0,1],"20":[0,0,0,0],"21":[3,2],"22":[0,5],"23":[0],"24":[1,0],"25":[0,0],"26":[0,0],"27":[0],"28":[0,0],"29":[0,0],"30":[1,0],"31":[0,1],"32":[0,1],"33":[1,0],"34":[1,1],"35":[1,0],"36":[0,0]},"_coverageSchema":"1a1c01bbd47fc00a2c39e90264f33305004495a9","hash":"d916816f174f848a5a21de21cb1523f1d1b28abd"}
,"C:\\Users\\alexr\\source\\repos\\HTMLGaming\\utils\\Logger.js": {"path":"C:\\Users\\alexr\\source\\repos\\HTMLGaming\\utils\\Logger.js","statementMap":{"0":{"start":{"line":3,"column":15},"end":{"line":3,"column":66}},"1":{"start":{"line":7,"column":8},"end":{"line":7,"column":34}},"2":{"start":{"line":8,"column":8},"end":{"line":8,"column":32}},"3":{"start":{"line":12,"column":8},"end":{"line":14,"column":9}},"4":{"start":{"line":13,"column":12},"end":{"line":13,"column":40}},"5":{"start":{"line":17,"column":17},"end":{"line":17,"column":36}},"6":{"start":{"line":20,"column":8},"end":{"line":20,"column":44}},"7":{"start":{"line":24,"column":8},"end":{"line":29,"column":9}},"8":{"start":{"line":25,"column":25},"end":{"line":25,"column":49}},"9":{"start":{"line":26,"column":12},"end":{"line":26,"column":50}},"10":{"start":{"line":28,"column":12},"end":{"line":28,"column":24}},"11":{"start":{"line":33,"column":8},"end":{"line":35,"column":9}},"12":{"start":{"line":34,"column":12},"end":{"line":34,"column":67}},"13":{"start":{"line":39,"column":8},"end":{"line":41,"column":9}},"14":{"start":{"line":40,"column":12},"end":{"line":40,"column":65}},"15":{"start":{"line":45,"column":8},"end":{"line":47,"column":9}},"16":{"start":{"line":46,"column":12},"end":{"line":46,"column":65}},"17":{"start":{"line":51,"column":8},"end":{"line":53,"column":9}},"18":{"start":{"line":52,"column":12},"end":{"line":52,"column":66}},"19":{"start":{"line":58,"column":8},"end":{"line":64,"column":9}},"20":{"start":{"line":59,"column":24},"end":{"line":60,"column":86}},"21":{"start":{"line":61,"column":12},"end":{"line":61,"column":44}},"22":{"start":{"line":61,"column":21},"end":{"line":61,"column":44}},"23":{"start":{"line":68,"column":0},"end":{"line":68,"column":30}}},"fnMap":{"0":{"name":"(anonymous_0)","decl":{"start":{"line":6,"column":4},"end":{"line":6,"column":5}},"loc":{"start":{"line":6,"column":18},"end":{"line":9,"column":5}},"line":6},"1":{"name":"(anonymous_1)","decl":{"start":{"line":11,"column":4},"end":{"line":11,"column":5}},"loc":{"start":{"line":11,"column":20},"end":{"line":15,"column":5}},"line":11},"2":{"name":"(anonymous_2)","decl":{"start":{"line":17,"column":4},"end":{"line":17,"column":5}},"loc":{"start":{"line":17,"column":15},"end":{"line":17,"column":38}},"line":17},"3":{"name":"(anonymous_3)","decl":{"start":{"line":19,"column":4},"end":{"line":19,"column":5}},"loc":{"start":{"line":19,"column":22},"end":{"line":21,"column":5}},"line":19},"4":{"name":"(anonymous_4)","decl":{"start":{"line":23,"column":4},"end":{"line":23,"column":5}},"loc":{"start":{"line":23,"column":26},"end":{"line":30,"column":5}},"line":23},"5":{"name":"(anonymous_5)","decl":{"start":{"line":32,"column":4},"end":{"line":32,"column":5}},"loc":{"start":{"line":32,"column":19},"end":{"line":36,"column":5}},"line":32},"6":{"name":"(anonymous_6)","decl":{"start":{"line":38,"column":4},"end":{"line":38,"column":5}},"loc":{"start":{"line":38,"column":18},"end":{"line":42,"column":5}},"line":38},"7":{"name":"(anonymous_7)","decl":{"start":{"line":44,"column":4},"end":{"line":44,"column":5}},"loc":{"start":{"line":44,"column":18},"end":{"line":48,"column":5}},"line":44},"8":{"name":"(anonymous_8)","decl":{"start":{"line":50,"column":4},"end":{"line":50,"column":5}},"loc":{"start":{"line":50,"column":19},"end":{"line":54,"column":5}},"line":50},"9":{"name":"(anonymous_9)","decl":{"start":{"line":57,"column":4},"end":{"line":57,"column":5}},"loc":{"start":{"line":57,"column":50},"end":{"line":65,"column":5}},"line":57}},"branchMap":{"0":{"loc":{"start":{"line":12,"column":8},"end":{"line":14,"column":9}},"type":"if","locations":[{"start":{"line":12,"column":8},"end":{"line":14,"column":9}},{"start":{},"end":{}}],"line":12},"1":{"loc":{"start":{"line":12,"column":12},"end":{"line":12,"column":77}},"type":"binary-expr","locations":[{"start":{"line":12,"column":12},"end":{"line":12,"column":37}},{"start":{"line":12,"column":41},"end":{"line":12,"column":77}}],"line":12},"2":{"loc":{"start":{"line":33,"column":8},"end":{"line":35,"column":9}},"type":"if","locations":[{"start":{"line":33,"column":8},"end":{"line":35,"column":9}},{"start":{},"end":{}}],"line":33},"3":{"loc":{"start":{"line":39,"column":8},"end":{"line":41,"column":9}},"type":"if","locations":[{"start":{"line":39,"column":8},"end":{"line":41,"column":9}},{"start":{},"end":{}}],"line":39},"4":{"loc":{"start":{"line":45,"column":8},"end":{"line":47,"column":9}},"type":"if","locations":[{"start":{"line":45,"column":8},"end":{"line":47,"column":9}},{"start":{},"end":{}}],"line":45},"5":{"loc":{"start":{"line":51,"column":8},"end":{"line":53,"column":9}},"type":"if","locations":[{"start":{"line":51,"column":8},"end":{"line":53,"column":9}},{"start":{},"end":{}}],"line":51},"6":{"loc":{"start":{"line":57,"column":24},"end":{"line":57,"column":48}},"type":"default-arg","locations":[{"start":{"line":57,"column":46},"end":{"line":57,"column":48}}],"line":57},"7":{"loc":{"start":{"line":59,"column":24},"end":{"line":60,"column":86}},"type":"binary-expr","locations":[{"start":{"line":59,"column":25},"end":{"line":59,"column":33}},{"start":{"line":59,"column":38},"end":{"line":59,"column":62}},{"start":{"line":59,"column":66},"end":{"line":59,"column":90}},{"start":{"line":60,"column":17},"end":{"line":60,"column":24}},{"start":{"line":60,"column":28},"end":{"line":60,"column":43}},{"start":{"line":60,"column":47},"end":{"line":60,"column":85}}],"line":59},"8":{"loc":{"start":{"line":61,"column":12},"end":{"line":61,"column":44}},"type":"if","locations":[{"start":{"line":61,"column":12},"end":{"line":61,"column":44}},{"start":{},"end":{}}],"line":61}},"s":{"0":1,"1":1,"2":1,"3":4,"4":4,"5":0,"6":3,"7":2,"8":2,"9":2,"10":0,"11":2,"12":1,"13":1,"14":1,"15":0,"16":0,"17":0,"18":0,"19":0,"20":0,"21":0,"22":0,"23":1},"f":{"0":1,"1":4,"2":0,"3":3,"4":2,"5":2,"6":1,"7":0,"8":0,"9":0},"b":{"0":[4,0],"1":[4,4],"2":[1,1],"3":[1,0],"4":[0,0],"5":[0,0],"6":[0],"7":[0,0,0,0,0,0],"8":[0,0]},"_coverageSchema":"1a1c01bbd47fc00a2c39e90264f33305004495a9","hash":"ecaa2164b8a37100d9713e86f79d4fdc61b37a2e"}
,"C:\\Users\\alexr\\source\\repos\\HTMLGaming\\utils\\MathUtils.js": {"path":"C:\\Users\\alexr\\source\\repos\\HTMLGaming\\utils\\MathUtils.js","statementMap":{"0":{"start":{"line":7,"column":22},"end":{"line":7,"column":37}},"1":{"start":{"line":8,"column":26},"end":{"line":8,"column":45}},"2":{"start":{"line":9,"column":27},"end":{"line":9,"column":48}},"3":{"start":{"line":10,"column":30},"end":{"line":10,"column":51}},"4":{"start":{"line":11,"column":30},"end":{"line":11,"column":51}},"5":{"start":{"line":15,"column":8},"end":{"line":15,"column":51}},"6":{"start":{"line":19,"column":8},"end":{"line":19,"column":31}},"7":{"start":{"line":23,"column":8},"end":{"line":23,"column":81}},"8":{"start":{"line":27,"column":18},"end":{"line":27,"column":68}},"9":{"start":{"line":28,"column":8},"end":{"line":28,"column":35}},"10":{"start":{"line":32,"column":8},"end":{"line":32,"column":46}},"11":{"start":{"line":36,"column":8},"end":{"line":36,"column":46}},"12":{"start":{"line":41,"column":19},"end":{"line":41,"column":26}},"13":{"start":{"line":42,"column":19},"end":{"line":42,"column":26}},"14":{"start":{"line":43,"column":8},"end":{"line":43,"column":44}},"15":{"start":{"line":47,"column":19},"end":{"line":47,"column":26}},"16":{"start":{"line":48,"column":19},"end":{"line":48,"column":26}},"17":{"start":{"line":49,"column":8},"end":{"line":49,"column":33}},"18":{"start":{"line":53,"column":8},"end":{"line":53,"column":44}},"19":{"start":{"line":57,"column":23},"end":{"line":57,"column":47}},"20":{"start":{"line":58,"column":8},"end":{"line":58,"column":48}},"21":{"start":{"line":58,"column":26},"end":{"line":58,"column":48}},"22":{"start":{"line":59,"column":8},"end":{"line":59,"column":48}},"23":{"start":{"line":63,"column":8},"end":{"line":63,"column":33}},"24":{"start":{"line":67,"column":8},"end":{"line":67,"column":33}},"25":{"start":{"line":71,"column":20},"end":{"line":71,"column":35}},"26":{"start":{"line":72,"column":20},"end":{"line":72,"column":35}},"27":{"start":{"line":73,"column":8},"end":{"line":76,"column":10}},"28":{"start":{"line":81,"column":8},"end":{"line":81,"column":49}},"29":{"start":{"line":85,"column":8},"end":{"line":85,"column":65}},"30":{"start":{"line":89,"column":8},"end":{"line":89,"column":43}},"31":{"start":{"line":93,"column":8},"end":{"line":93,"column":63}},"32":{"start":{"line":99,"column":8},"end":{"line":109,"column":9}},"33":{"start":{"line":100,"column":22},"end":{"line":100,"column":35}},"34":{"start":{"line":101,"column":22},"end":{"line":101,"column":35}},"35":{"start":{"line":102,"column":30},"end":{"line":102,"column":77}},"36":{"start":{"line":103,"column":12},"end":{"line":103,"column":64}},"37":{"start":{"line":104,"column":12},"end":{"line":104,"column":34}},"38":{"start":{"line":105,"column":12},"end":{"line":105,"column":64}},"39":{"start":{"line":107,"column":12},"end":{"line":107,"column":35}},"40":{"start":{"line":108,"column":12},"end":{"line":108,"column":58}},"41":{"start":{"line":115,"column":18},"end":{"line":115,"column":78}},"42":{"start":{"line":116,"column":8},"end":{"line":116,"column":35}},"43":{"start":{"line":121,"column":8},"end":{"line":121,"column":21}},"44":{"start":{"line":125,"column":8},"end":{"line":125,"column":27}},"45":{"start":{"line":129,"column":8},"end":{"line":129,"column":58}},"46":{"start":{"line":133,"column":8},"end":{"line":133,"column":25}},"47":{"start":{"line":137,"column":8},"end":{"line":137,"column":33}},"48":{"start":{"line":141,"column":8},"end":{"line":141,"column":81}},"49":{"start":{"line":145,"column":8},"end":{"line":145,"column":51}},"50":{"start":{"line":149,"column":8},"end":{"line":149,"column":47}},"51":{"start":{"line":153,"column":8},"end":{"line":153,"column":48}},"52":{"start":{"line":157,"column":8},"end":{"line":157,"column":55}},"53":{"start":{"line":161,"column":8},"end":{"line":161,"column":54}},"54":{"start":{"line":165,"column":8},"end":{"line":165,"column":30}},"55":{"start":{"line":165,"column":21},"end":{"line":165,"column":30}},"56":{"start":{"line":166,"column":8},"end":{"line":166,"column":30}},"57":{"start":{"line":166,"column":21},"end":{"line":166,"column":30}},"58":{"start":{"line":167,"column":8},"end":{"line":167,"column":57}},"59":{"start":{"line":167,"column":21},"end":{"line":167,"column":57}},"60":{"start":{"line":168,"column":8},"end":{"line":168,"column":51}},"61":{"start":{"line":172,"column":19},"end":{"line":172,"column":36}},"62":{"start":{"line":173,"column":8},"end":{"line":173,"column":103}},"63":{"start":{"line":177,"column":19},"end":{"line":177,"column":36}},"64":{"start":{"line":178,"column":8},"end":{"line":178,"column":101}},"65":{"start":{"line":182,"column":8},"end":{"line":182,"column":50}},"66":{"start":{"line":186,"column":19},"end":{"line":186,"column":25}},"67":{"start":{"line":187,"column":19},"end":{"line":187,"column":23}},"68":{"start":{"line":189,"column":8},"end":{"line":197,"column":9}},"69":{"start":{"line":190,"column":12},"end":{"line":190,"column":30}},"70":{"start":{"line":191,"column":15},"end":{"line":197,"column":9}},"71":{"start":{"line":192,"column":12},"end":{"line":192,"column":51}},"72":{"start":{"line":193,"column":15},"end":{"line":197,"column":9}},"73":{"start":{"line":194,"column":12},"end":{"line":194,"column":54}},"74":{"start":{"line":196,"column":12},"end":{"line":196,"column":57}},"75":{"start":{"line":202,"column":8},"end":{"line":202,"column":70}},"76":{"start":{"line":206,"column":8},"end":{"line":206,"column":76}},"77":{"start":{"line":210,"column":22},"end":{"line":210,"column":67}},"78":{"start":{"line":211,"column":8},"end":{"line":211,"column":50}},"79":{"start":{"line":211,"column":38},"end":{"line":211,"column":50}},"80":{"start":{"line":213,"column":18},"end":{"line":213,"column":73}},"81":{"start":{"line":214,"column":18},"end":{"line":214,"column":74}},"82":{"start":{"line":216,"column":8},"end":{"line":221,"column":9}},"83":{"start":{"line":217,"column":12},"end":{"line":220,"column":14}},"84":{"start":{"line":223,"column":8},"end":{"line":223,"column":20}},"85":{"start":{"line":227,"column":8},"end":{"line":227,"column":91}},"86":{"start":{"line":231,"column":8},"end":{"line":231,"column":86}},"87":{"start":{"line":236,"column":8},"end":{"line":236,"column":82}},"88":{"start":{"line":240,"column":23},"end":{"line":240,"column":76}},"89":{"start":{"line":241,"column":8},"end":{"line":245,"column":17}},"90":{"start":{"line":249,"column":8},"end":{"line":249,"column":17}},"91":{"start":{"line":250,"column":8},"end":{"line":250,"column":17}},"92":{"start":{"line":251,"column":8},"end":{"line":251,"column":17}},"93":{"start":{"line":253,"column":18},"end":{"line":253,"column":47}},"94":{"start":{"line":254,"column":18},"end":{"line":254,"column":53}},"95":{"start":{"line":255,"column":18},"end":{"line":255,"column":27}},"96":{"start":{"line":259,"column":8},"end":{"line":271,"column":9}},"97":{"start":{"line":260,"column":12},"end":{"line":260,"column":18}},"98":{"start":{"line":260,"column":19},"end":{"line":260,"column":25}},"99":{"start":{"line":260,"column":26},"end":{"line":260,"column":32}},"100":{"start":{"line":261,"column":15},"end":{"line":271,"column":9}},"101":{"start":{"line":262,"column":12},"end":{"line":262,"column":18}},"102":{"start":{"line":262,"column":19},"end":{"line":262,"column":25}},"103":{"start":{"line":262,"column":26},"end":{"line":262,"column":32}},"104":{"start":{"line":263,"column":15},"end":{"line":271,"column":9}},"105":{"start":{"line":264,"column":12},"end":{"line":264,"column":18}},"106":{"start":{"line":264,"column":19},"end":{"line":264,"column":25}},"107":{"start":{"line":264,"column":26},"end":{"line":264,"column":32}},"108":{"start":{"line":265,"column":15},"end":{"line":271,"column":9}},"109":{"start":{"line":266,"column":12},"end":{"line":266,"column":18}},"110":{"start":{"line":266,"column":19},"end":{"line":266,"column":25}},"111":{"start":{"line":266,"column":26},"end":{"line":266,"column":32}},"112":{"start":{"line":267,"column":15},"end":{"line":271,"column":9}},"113":{"start":{"line":268,"column":12},"end":{"line":268,"column":18}},"114":{"start":{"line":268,"column":19},"end":{"line":268,"column":25}},"115":{"start":{"line":268,"column":26},"end":{"line":268,"column":32}},"116":{"start":{"line":270,"column":12},"end":{"line":270,"column":18}},"117":{"start":{"line":270,"column":19},"end":{"line":270,"column":25}},"118":{"start":{"line":270,"column":26},"end":{"line":270,"column":32}},"119":{"start":{"line":273,"column":8},"end":{"line":277,"column":10}},"120":{"start":{"line":281,"column":18},"end":{"line":281,"column":67}},"121":{"start":{"line":282,"column":18},"end":{"line":282,"column":67}},"122":{"start":{"line":283,"column":18},"end":{"line":283,"column":67}},"123":{"start":{"line":284,"column":8},"end":{"line":284,"column":27}},"124":{"start":{"line":293,"column":8},"end":{"line":293,"column":19}},"125":{"start":{"line":294,"column":8},"end":{"line":294,"column":19}},"126":{"start":{"line":298,"column":8},"end":{"line":298,"column":19}},"127":{"start":{"line":299,"column":8},"end":{"line":299,"column":19}},"128":{"start":{"line":300,"column":8},"end":{"line":300,"column":20}},"129":{"start":{"line":304,"column":8},"end":{"line":304,"column":25}},"130":{"start":{"line":305,"column":8},"end":{"line":305,"column":25}},"131":{"start":{"line":306,"column":8},"end":{"line":306,"column":20}},"132":{"start":{"line":310,"column":8},"end":{"line":310,"column":43}},"133":{"start":{"line":314,"column":8},"end":{"line":314,"column":26}},"134":{"start":{"line":315,"column":8},"end":{"line":315,"column":26}},"135":{"start":{"line":316,"column":8},"end":{"line":316,"column":20}},"136":{"start":{"line":320,"column":8},"end":{"line":320,"column":26}},"137":{"start":{"line":321,"column":8},"end":{"line":321,"column":26}},"138":{"start":{"line":322,"column":8},"end":{"line":322,"column":20}},"139":{"start":{"line":326,"column":8},"end":{"line":326,"column":25}},"140":{"start":{"line":327,"column":8},"end":{"line":327,"column":25}},"141":{"start":{"line":328,"column":8},"end":{"line":328,"column":20}},"142":{"start":{"line":332,"column":8},"end":{"line":332,"column":25}},"143":{"start":{"line":333,"column":8},"end":{"line":333,"column":25}},"144":{"start":{"line":334,"column":8},"end":{"line":334,"column":20}},"145":{"start":{"line":338,"column":8},"end":{"line":338,"column":60}},"146":{"start":{"line":342,"column":8},"end":{"line":342,"column":49}},"147":{"start":{"line":346,"column":23},"end":{"line":346,"column":36}},"148":{"start":{"line":347,"column":8},"end":{"line":350,"column":9}},"149":{"start":{"line":348,"column":12},"end":{"line":348,"column":29}},"150":{"start":{"line":349,"column":12},"end":{"line":349,"column":29}},"151":{"start":{"line":351,"column":8},"end":{"line":351,"column":20}},"152":{"start":{"line":355,"column":8},"end":{"line":355,"column":51}},"153":{"start":{"line":359,"column":8},"end":{"line":359,"column":51}},"154":{"start":{"line":363,"column":19},"end":{"line":363,"column":35}},"155":{"start":{"line":364,"column":19},"end":{"line":364,"column":35}},"156":{"start":{"line":365,"column":8},"end":{"line":365,"column":44}},"157":{"start":{"line":369,"column":8},"end":{"line":369,"column":42}},"158":{"start":{"line":373,"column":20},"end":{"line":373,"column":35}},"159":{"start":{"line":374,"column":20},"end":{"line":374,"column":35}},"160":{"start":{"line":375,"column":18},"end":{"line":375,"column":45}},"161":{"start":{"line":376,"column":18},"end":{"line":376,"column":45}},"162":{"start":{"line":377,"column":8},"end":{"line":377,"column":19}},"163":{"start":{"line":378,"column":8},"end":{"line":378,"column":19}},"164":{"start":{"line":379,"column":8},"end":{"line":379,"column":20}},"165":{"start":{"line":383,"column":8},"end":{"line":383,"column":52}},"166":{"start":{"line":384,"column":8},"end":{"line":384,"column":52}},"167":{"start":{"line":385,"column":8},"end":{"line":385,"column":20}},"168":{"start":{"line":389,"column":8},"end":{"line":389,"column":49}},"169":{"start":{"line":393,"column":8},"end":{"line":393,"column":49}},"170":{"start":{"line":397,"column":8},"end":{"line":397,"column":55}},"171":{"start":{"line":401,"column":8},"end":{"line":401,"column":29}},"172":{"start":{"line":405,"column":8},"end":{"line":408,"column":10}},"173":{"start":{"line":412,"column":8},"end":{"line":412,"column":69}},"174":{"start":{"line":417,"column":0},"end":{"line":417,"column":29}},"175":{"start":{"line":418,"column":0},"end":{"line":418,"column":25}},"176":{"start":{"line":421,"column":0},"end":{"line":423,"column":1}},"177":{"start":{"line":422,"column":4},"end":{"line":422,"column":44}}},"fnMap":{"0":{"name":"(anonymous_0)","decl":{"start":{"line":7,"column":4},"end":{"line":7,"column":5}},"loc":{"start":{"line":7,"column":20},"end":{"line":7,"column":39}},"line":7},"1":{"name":"(anonymous_1)","decl":{"start":{"line":8,"column":4},"end":{"line":8,"column":5}},"loc":{"start":{"line":8,"column":24},"end":{"line":8,"column":47}},"line":8},"2":{"name":"(anonymous_2)","decl":{"start":{"line":9,"column":4},"end":{"line":9,"column":5}},"loc":{"start":{"line":9,"column":25},"end":{"line":9,"column":50}},"line":9},"3":{"name":"(anonymous_3)","decl":{"start":{"line":10,"column":4},"end":{"line":10,"column":5}},"loc":{"start":{"line":10,"column":28},"end":{"line":10,"column":53}},"line":10},"4":{"name":"(anonymous_4)","decl":{"start":{"line":11,"column":4},"end":{"line":11,"column":5}},"loc":{"start":{"line":11,"column":28},"end":{"line":11,"column":53}},"line":11},"5":{"name":"(anonymous_5)","decl":{"start":{"line":14,"column":4},"end":{"line":14,"column":5}},"loc":{"start":{"line":14,"column":34},"end":{"line":16,"column":5}},"line":14},"6":{"name":"(anonymous_6)","decl":{"start":{"line":18,"column":4},"end":{"line":18,"column":5}},"loc":{"start":{"line":18,"column":25},"end":{"line":20,"column":5}},"line":18},"7":{"name":"(anonymous_7)","decl":{"start":{"line":22,"column":4},"end":{"line":22,"column":5}},"loc":{"start":{"line":22,"column":54},"end":{"line":24,"column":5}},"line":22},"8":{"name":"(anonymous_8)","decl":{"start":{"line":26,"column":4},"end":{"line":26,"column":5}},"loc":{"start":{"line":26,"column":39},"end":{"line":29,"column":5}},"line":26},"9":{"name":"(anonymous_9)","decl":{"start":{"line":31,"column":4},"end":{"line":31,"column":5}},"loc":{"start":{"line":31,"column":29},"end":{"line":33,"column":5}},"line":31},"10":{"name":"(anonymous_10)","decl":{"start":{"line":35,"column":4},"end":{"line":35,"column":5}},"loc":{"start":{"line":35,"column":29},"end":{"line":37,"column":5}},"line":35},"11":{"name":"(anonymous_11)","decl":{"start":{"line":40,"column":4},"end":{"line":40,"column":5}},"loc":{"start":{"line":40,"column":36},"end":{"line":44,"column":5}},"line":40},"12":{"name":"(anonymous_12)","decl":{"start":{"line":46,"column":4},"end":{"line":46,"column":5}},"loc":{"start":{"line":46,"column":43},"end":{"line":50,"column":5}},"line":46},"13":{"name":"(anonymous_13)","decl":{"start":{"line":52,"column":4},"end":{"line":52,"column":5}},"loc":{"start":{"line":52,"column":33},"end":{"line":54,"column":5}},"line":52},"14":{"name":"(anonymous_14)","decl":{"start":{"line":56,"column":4},"end":{"line":56,"column":5}},"loc":{"start":{"line":56,"column":27},"end":{"line":60,"co
[...]
":{"loc":{"start":{"line":96,"column":36},"end":{"line":96,"column":57}},"type":"default-arg","locations":[{"start":{"line":96,"column":56},"end":{"line":96,"column":57}}],"line":96},"6":{"loc":{"start":{"line":99,"column":8},"end":{"line":109,"column":9}},"type":"if","locations":[{"start":{"line":99,"column":8},"end":{"line":109,"column":9}},{"start":{"line":106,"column":15},"end":{"line":109,"column":9}}],"line":99},"7":{"loc":{"start":{"line":113,"column":20},"end":{"line":113,"column":25}},"type":"default-arg","locations":[{"start":{"line":113,"column":24},"end":{"line":113,"column":25}}],"line":113},"8":{"loc":{"start":{"line":113,"column":27},"end":{"line":113,"column":32}},"type":"default-arg","locations":[{"start":{"line":113,"column":31},"end":{"line":113,"column":32}}],"line":113},"9":{"loc":{"start":{"line":129,"column":15},"end":{"line":129,"column":57}},"type":"cond-expr","locations":[{"start":{"line":129,"column":25},"end":{"line":129,"column":34}},{"start":{"line":129,"column":37},"end":{"line":129,"column":57}}],"line":129},"10":{"loc":{"start":{"line":141,"column":15},"end":{"line":141,"column":80}},"type":"cond-expr","locations":[{"start":{"line":141,"column":25},"end":{"line":141,"column":38}},{"start":{"line":141,"column":41},"end":{"line":141,"column":80}}],"line":141},"11":{"loc":{"start":{"line":157,"column":15},"end":{"line":157,"column":54}},"type":"cond-expr","locations":[{"start":{"line":157,"column":25},"end":{"line":157,"column":26}},{"start":{"line":157,"column":29},"end":{"line":157,"column":54}}],"line":157},"12":{"loc":{"start":{"line":161,"column":15},"end":{"line":161,"column":53}},"type":"cond-expr","locations":[{"start":{"line":161,"column":25},"end":{"line":161,"column":26}},{"start":{"line":161,"column":29},"end":{"line":161,"column":53}}],"line":161},"13":{"loc":{"start":{"line":165,"column":8},"end":{"line":165,"column":30}},"type":"if","locations":[{"start":{"line":165,"column":8},"end":{"line":165,"column":30}},{"start":{},"end":{}}],"line":165},"14":{"loc":{"start":{"line":166,"column":8},"end":{"line":166,"column":30}},"type":"if","locations":[{"start":{"line":166,"column":8},"end":{"line":166,"column":30}},{"start":{},"end":{}}],"line":166},"15":{"loc":{"start":{"line":167,"column":8},"end":{"line":167,"column":57}},"type":"if","locations":[{"start":{"line":167,"column":8},"end":{"line":167,"column":57}},{"start":{},"end":{}}],"line":167},"16":{"loc":{"start":{"line":173,"column":15},"end":{"line":173,"column":102}},"type":"cond-expr","locations":[{"start":{"line":173,"column":25},"end":{"line":173,"column":26}},{"start":{"line":173,"column":29},"end":{"line":173,"column":102}}],"line":173},"17":{"loc":{"start":{"line":173,"column":29},"end":{"line":173,"column":102}},"type":"cond-expr","locations":[{"start":{"line":173,"column":39},"end":{"line":173,"column":40}},{"start":{"line":173,"column":43},"end":{"line":173,"column":102}}],"line":173},"18":{"loc":{"start":{"line":178,"column":15},"end":{"line":178,"column":100}},"type":"cond-expr","locations":[{"start":{"line":178,"column":25},"end":{"line":178,"column":26}},{"start":{"line":178,"column":29},"end":{"line":178,"column":100}}],"line":178},"19":{"loc":{"start":{"line":178,"column":29},"end":{"line":178,"column":100}},"type":"cond-expr","locations":[{"start":{"line":178,"column":39},"end":{"line":178,"column":40}},{"start":{"line":178,"column":43},"end":{"line":178,"column":100}}],"line":178},"20":{"loc":{"start":{"line":189,"column":8},"end":{"line":197,"column":9}},"type":"if","locations":[{"start":{"line":189,"column":8},"end":{"line":197,"column":9}},{"start":{"line":191,"column":15},"end":{"line":197,"column":9}}],"line":189},"21":{"loc":{"start":{"line":191,"column":15},"end":{"line":197,"column":9}},"type":"if","locations":[{"start":{"line":191,"column":15},"end":{"line":197,"column":9}},{"start":{"line":193,"column":15},"end":{"line":197,"column":9}}],"line":191},"22":{"loc":{"start":{"line":193,"column":15},"end":{"line":197,"column":9}},"type":"if","locations":[{"start":{"line":193,"column":15},"end":{"line":197,"column":9}},{"start":{"line":195,"column":15},"end":{"line":197,"column":9}}],"line":193},"23":{"loc":{"start":{"line":202,"column":15},"end":{"line":202,"column":69}},"type":"binary-expr","locations":[{"start":{"line":202,"column":15},"end":{"line":202,"column":23}},{"start":{"line":202,"column":27},"end":{"line":202,"column":40}},{"start":{"line":202,"column":44},"end":{"line":202,"column":52}},{"start":{"line":202,"column":56},"end":{"line":202,"column":69}}],"line":202},"24":{"loc":{"start":{"line":211,"column":8},"end":{"line":211,"column":50}},"type":"if","locations":[{"start":{"line":211,"column":8},"end":{"line":211,"column":50}},{"start":{},"end":{}}],"line":211},"25":{"loc":{"start":{"line":216,"column":8},"end":{"line":221,"column":9}},"type":"if","locations":[{"start":{"line":216,"column":8},"end":{"line":221,"column":9}},{"start":{},"end":{}}],"line":216},"26":{"loc":{"start":{"line":216,"column":12},"end":{"line":216,"column":48}},"type":"binary-expr","locations":[{"start":{"line":216,"column":12},"end":{"line":216,"column":18}},{"start":{"line":216,"column":22},"end":{"line":216,"column":28}},{"start":{"line":216,"column":32},"end":{"line":216,"column":38}},{"start":{"line":216,"column":42},"end":{"line":216,"column":48}}],"line":216},"27":{"loc":{"start":{"line":227,"column":17},"end":{"line":227,"column":89}},"type":"binary-expr","locations":[{"start":{"line":227,"column":17},"end":{"line":227,"column":32}},{"start":{"line":227,"column":36},"end":{"line":227,"column":51}},{"start":{"line":227,"column":55},"end":{"line":227,"column":70}},{"start":{"line":227,"column":74},"end":{"line":227,"column":89}}],"line":227},"28":{"loc":{"start":{"line":241,"column":15},"end":{"line":245,"column":16}},"type":"cond-expr","locations":[{"start":{"line":241,"column":24},"end":{"line":245,"column":9}},{"start":{"line":245,"column":12},"end":{"line":245,"column":16}}],"line":241},"29":{"loc":{"start":{"line":259,"column":8},"end":{"line":271,"column":9}},"type":"if","locations":[{"start":{"line":259,"column":8},"end":{"line":271,"column":9}},{"start":{"line":261,"column":15},"end":{"line":271,"column":9}}],"line":259},"30":{"loc":{"start":{"line":259,"column":12},"end":{"line":259,"column":29}},"type":"binary-expr","locations":[{"start":{"line":259,"column":12},"end":{"line":259,"column":18}},{"start":{"line":259,"column":22},"end":{"line":259,"column":29}}],"line":259},"31":{"loc":{"start":{"line":261,"column":15},"end":{"line":271,"column":9}},"type":"if","locations":[{"start":{"line":261,"column":15},"end":{"line":271,"column":9}},{"start":{"line":263,"column":15},"end":{"line":271,"column":9}}],"line":261},"32":{"loc":{"start":{"line":261,"column":19},"end":{"line":261,"column":38}},"type":"binary-expr","locations":[{"start":{"line":261,"column":19},"end":{"line":261,"column":27}},{"start":{"line":261,"column":31},"end":{"line":261,"column":38}}],"line":261},"33":{"loc":{"start":{"line":263,"column":15},"end":{"line":271,"column":9}},"type":"if","locations":[{"start":{"line":263,"column":15},"end":{"line":271,"column":9}},{"start":{"line":265,"column":15},"end":{"line":271,"column":9}}],"line":263},"34":{"loc":{"start":{"line":263,"column":19},"end":{"line":263,"column":38}},"type":"binary-expr","locations":[{"start":{"line":263,"column":19},"end":{"line":263,"column":27}},{"start":{"line":263,"column":31},"end":{"line":263,"column":38}}],"line":263},"35":{"loc":{"start":{"line":265,"column":15},"end":{"line":271,"column":9}},"type":"if","locations":[{"start":{"line":265,"column":15},"end":{"line":271,"column":9}},{"start":{"line":267,"column":15},"end":{"line":271,"column":9}}],"line":265},"36":{"loc":{"start":{"line":265,"column":19},"end":{"line":265,"column":38}},"type":"binary-expr","locations":[{"start":{"line":265,"column":19},"end":{"line":265,"column":27}},{"start":{"line":265,"column":31},"end":{"line":265,"column":38}}],"line":265},"37":{"loc":{"start":{"line":267,"column":15},"end":{"line":271,"column":9}},"type":"if","locations":[{"start":{"line":267,"column":15},"end":{"line":271,"column":9}},{"start":{"line":269,"column":15},"end":{"line":271,"column":9}}],"line":267},"38":{"loc":{"start":{"line":267,"column":19},"end":{"line":267,"column":38}},"type":"binary-expr","locations":[{"start":{"line":267,"column":19},"end":{"line":267,"column":27}},{"start":{"line":267,"column":31},"end":{"line":267,"column":38}}],"line":267},"39":{"loc":{"start":{"line":292,"column":16},"end":{"line":292,"column":21}},"type":"default-arg","locations":[{"start":{"line":292,"column":20},"end":{"line":292,"column":21}}],"line":292},"40":{"loc":{"start":{"line":292,"column":23},"end":{"line":292,"column":28}},"type":"default-arg","locations":[{"start":{"line":292,"column":27},"end":{"line":292,"column":28}}],"line":292},"41":{"loc":{"start":{"line":347,"column":8},"end":{"line":350,"column":9}},"type":"if","locations":[{"start":{"line":347,"column":8},"end":{"line":350,"column":9}},{"start":{},"end":{}}],"line":347},"42":{"loc":{"start":{"line":421,"column":0},"end":{"line":423,"column":1}},"type":"if","locations":[{"start":{"line":421,"column":0},"end":{"line":423,"column":1}},{"start":{},"end":{}}],"line":421},"43":{"loc":{"start":{"line":421,"column":4},"end":{"line":421,"column":51}},"type":"binary-expr","locations":[{"start":{"line":421,"column":4},"end":{"line":421,"column":33}},{"start":{"line":421,"column":37},"end":{"line":421,"column":51}}],"line":421}},"s":{"0":0,"1":0,"2":0,"3":0,"4":0,"5":3,"6":2,"7":0,"8":0,"9":0,"10":0,"11":0,"12":1,"13":1,"14":1,"15":0,"16":0,"17":0,"18":0,"19":0,"20":0,"21":0,"22":0,"23":0,"24":0,"25":0,"26":0,"27":0,"28":0,"29":0,"30":0,"31":0,"32":0,"33":0,"34":0,"35":0,"36":0,"37":0,"38":0,"39":0,"40":0,"41":0,"42":0,"43":0,"44":0,"45":0,"46":0,"47":0,"48":0,"49":0,"50":0,"51":0,"52":0,"53":0,"54":0,"55":0,"56":0,"57":0,"58":0,"59":0,"60":0,"61":0,"62":0,"63":0,"64":0,"65":0,"66":0,"67":0,"68":0,"69":0,"70":0,"71":0,"72":0,"73":0,"74":0,"75":0,"76":0,"77":0,"78":0,"79":0,"80":0,"81":0,"82":0,"83":0,"84":0,"85":2,"86":0,"87":0,"88":0,"89":0,"90":0,"91":0,"92":0,"93":0,"94":0,"95":0,"96":0,"97":0,"98":0,"99":0,"100":0,"101":0,"102":0,"103":0,"104":0,"105":0,"106":0,"107":0,"108":0,"109":0,"110":0,"111":0,"112":0,"113":0,"114":0,"115":0,"116":0,"117":0,"118":0,"119":0,"120":0,"121":0,"122":0,"123":0,"124":3,"125":3,"126":0,"127":0,"128":0,"129":0,"130":0,"131":0,"132":0,"133":0,"134":0,"135":0,"136":0,"137":0,"138":0,"139":0,"140":0,"141":0,"142":0,"143":0,"144":0,"145":0,"146":0,"147":0,"148":0,"149":0,"150":0,"151":0,"152":0,"153":0,"154":1,"155":1,"156":1,"157":0,"158":0,"159":0,"160":0,"161":0,"162":0,"163":0,"164":0,"165":0,"166":0,"167":0,"168":0,"169":0,"170":0,"171":1,"172":1,"173":0,"174":3,"175":3,"176":3,"177":3},"f":{"0":0,"1":0,"2":0,"3":0,"4":0,"5":3,"6":2,"7":0,"8":0,"9":0,"10":0,"11":1,"12":0,"13":0,"14":0,"15":0,"16":0,"17":0,"18":0,"19":0,"20":0,"21":0,"22":0,"23":0,"24":0,"25":0,"26":0,"27":0,"28":0,"29":0,"30":0,"31":0,"32":0,"33":0,"34":0,"35":0,"36":0,"37":0,"38":0,"39":0,"40":0,"41":0,"42":0,"43":2,"44":0,"45":0,"46":0,"47":0,"48":0,"49":3,"50":0,"51":0,"52":0,"53":0,"54":0,"55":0,"56":0,"57":0,"58":0,"59":0,"60":0,"61":0,"62":1,"63":0,"64":0,"65":0,"66":0,"67":0,"68":0,"69":1,"70":1,"71":0},"b":{"0":[0,0],"1":[0],"2":[0],"3":[0],"4":[0],"5":[0],"6":[0,0],"7":[0],"8":[0],"9":[0,0],"10":[0,0],"11":[0,0],"12":[0,0],"13":[0,0],"14":[0,0],"15":[0,0],"16":[0,0],"17":[0,0],"18":[0,0],"19":[0,0],"20":[0,0],"21":[0,0],"22":[0,0],"23":[0,0,0,0],"24":[0,0],"25":[0,0],"26":[0,0,0,0],"27":[2,1,1,1],"28":[0,0],"29":[0,0],"30":[0,0],"31":[0,0],"32":[0,0],"33":[0,0],"34":[0,0],"35":[0,0],"36":[0,0],"37":[0,0],"38":[0,0],"39":[0],"40":[0],"41":[0,0],"42":[3,0],"43":[3,3]},"_coverageSchema":"1a1c01bbd47fc00a2c39e90264f33305004495a9","hash":"528fbb1b2ddb95e338b3de42bc203f7deacce666"}
,"C:\\Users\\alexr\\source\\repos\\HTMLGaming\\utils\\SafeStorage.js": {"path":"C:\\Users\\alexr\\source\\repos\\HTMLGaming\\utils\\SafeStorage.js","statementMap":{"0":{"start":{"line":4,"column":8},"end":{"line":4,"column":52}},"1":{"start":{"line":5,"column":8},"end":{"line":5,"column":35}},"2":{"start":{"line":8,"column":16},"end":{"line":8,"column":43}},"3":{"start":{"line":11,"column":18},"end":{"line":11,"column":32}},"4":{"start":{"line":12,"column":8},"end":{"line":20,"column":9}},"5":{"start":{"line":13,"column":12},"end":{"line":13,"column":88}},"6":{"start":{"line":13,"column":53},"end":{"line":13,"column":88}},"7":{"start":{"line":14,"column":24},"end":{"line":14,"column":47}},"8":{"start":{"line":15,"column":12},"end":{"line":15,"column":71}},"9":{"start":{"line":15,"column":51},"end":{"line":15,"column":71}},"10":{"start":{"line":16,"column":12},"end":{"line":16,"column":35}},"11":{"start":{"line":18,"column":12},"end":{"line":18,"column":68}},"12":{"start":{"line":18,"column":39},"end":{"line":18,"column":68}},"13":{"start":{"line":19,"column":12},"end":{"line":19,"column":32}},"14":{"start":{"line":24,"column":18},"end":{"line":24,"column":32}},"15":{"start":{"line":25,"column":8},"end":{"line":30,"column":9}},"16":{"start":{"line":26,"column":12},"end":{"line":26,"column":88}},"17":{"start":{"line":26,"column":53},"end":{"line":26,"column":88}},"18":{"start":{"line":27,"column":12},"end":{"line":27,"column":59}},"19":{"start":{"line":29,"column":12},"end":{"line":29,"column":41}},"20":{"start":{"line":34,"column":18},"end":{"line":34,"column":32}},"21":{"start":{"line":35,"column":8},"end":{"line":40,"column":9}},"22":{"start":{"line":36,"column":12},"end":{"line":36,"column":88}},"23":{"start":{"line":36,"column":53},"end":{"line":36,"column":88}},"24":{"start":{"line":37,"column":12},"end":{"line":37,"column":39}},"25":{"start":{"line":39,"column":12},"end":{"line":39,"column":37}},"26":{"start":{"line":45,"column":8},"end":{"line":45,"column":67}},"27":{"start":{"line":49,"column":0},"end":{"line":49,"column":29}}},"fnMap":{"0":{"name":"(anonymous_0)","decl":{"start":{"line":3,"column":4},"end":{"line":3,"column":5}},"loc":{"start":{"line":3,"column":32},"end":{"line":6,"column":5}},"line":3},"1":{"name":"(anonymous_1)","decl":{"start":{"line":8,"column":4},"end":{"line":8,"column":5}},"loc":{"start":{"line":8,"column":14},"end":{"line":8,"column":45}},"line":8},"2":{"name":"(anonymous_2)","decl":{"start":{"line":10,"column":4},"end":{"line":10,"column":5}},"loc":{"start":{"line":10,"column":34},"end":{"line":21,"column":5}},"line":10},"3":{"name":"(anonymous_3)","decl":{"start":{"line":23,"column":4},"end":{"line":23,"column":5}},"loc":{"start":{"line":23,"column":20},"end":{"line":31,"column":5}},"line":23},"4":{"name":"(anonymous_4)","decl":{"start":{"line":33,"column":4},"end":{"line":33,"column":5}},"loc":{"start":{"line":33,"column":16},"end":{"line":41,"column":5}},"line":33},"5":{"name":"(anonymous_5)","decl":{"start":{"line":44,"column":4},"end":{"line":44,"column":5}},"loc":{"start":{"line":44,"column":19},"end":{"line":46,"column":5}},"line":44}},"branchMap":{"0":{"loc":{"start":{"line":3,"column":16},"end":{"line":3,"column":30}},"type":"default-arg","locations":[{"start":{"line":3,"column":28},"end":{"line":3,"column":30}}],"line":3},"1":{"loc":{"start":{"line":4,"column":19},"end":{"line":4,"column":51}},"type":"cond-expr","locations":[{"start":{"line":4,"column":31},"end":{"line":4,"column":46}},{"start":{"line":4,"column":49},"end":{"line":4,"column":51}}],"line":4},"2":{"loc":{"start":{"line":10,"column":13},"end":{"line":10,"column":32}},"type":"default-arg","locations":[{"start":{"line":10,"column":28},"end":{"line":10,"column":32}}],"line":10},"3":{"loc":{"start":{"line":13,"column":12},"end":{"line":13,"column":88}},"type":"if","locations":[{"start":{"line":13,"column":12},"end":{"line":13,"column":88}},{"start":{},"end":{}}],"line":13},"4":{"loc":{"start":{"line":15,"column":12},"end":{"line":15,"column":71}},"type":"if","locations":[{"start":{"line":15,"column":12},"end":{"line":15,"column":71}},{"start":{},"end":{}}],"line":15},"5":{"loc":{"start":{"line":15,"column":16},"end":{"line":15,"column":49}},"type":"binary-expr","locations":[{"start":{"line":15,"column":16},"end":{"line":15,"column":28}},{"start":{"line":15,"column":32},"end":{"line":15,"column":49}}],"line":15},"6":{"loc":{"start":{"line":18,"column":12},"end":{"line":18,"column":68}},"type":"if","locations":[{"start":{"line":18,"column":12},"end":{"line":18,"column":68}},{"start":{},"end":{}}],"line":18},"7":{"loc":{"start":{"line":26,"column":12},"end":{"line":26,"column":88}},"type":"if","locations":[{"start":{"line":26,"column":12},"end":{"line":26,"column":88}},{"start":{},"end":{}}],"line":26},"8":{"loc":{"start":{"line":36,"column":12},"end":{"line":36,"column":88}},"type":"if","locations":[{"start":{"line":36,"column":12},"end":{"line":36,"column":88}},{"start":{},"end":{}}],"line":36},"9":{"loc":{"start":{"line":45,"column":31},"end":{"line":45,"column":65}},"type":"cond-expr","locations":[{"start":{"line":45,"column":36},"end":{"line":45,"column":54}},{"start":{"line":45,"column":57},"end":{"line":45,"column":65}}],"line":45}},"s":{"0":2,"1":2,"2":6,"3":3,"4":3,"5":3,"6":0,"7":3,"8":3,"9":1,"10":2,"11":0,"12":0,"13":0,"14":2,"15":2,"16":2,"17":0,"18":2,"19":0,"20":1,"21":1,"22":1,"23":0,"24":1,"25":0,"26":0,"27":1},"f":{"0":2,"1":6,"2":3,"3":2,"4":1,"5":0},"b":{"0":[0],"1":[2,0],"2":[2],"3":[0,3],"4":[1,2],"5":[3,2],"6":[0,0],"7":[0,2],"8":[0,1],"9":[0,0]},"_coverageSchema":"1a1c01bbd47fc00a2c39e90264f33305004495a9","hash":"5412c86f1758e11c88eba31b378dee7421f04e0e"}
,"C:\\Users\\alexr\\source\\repos\\HTMLGaming\\utils\\__test_export__.js": {"path":"C:\\Users\\alexr\\source\\repos\\HTMLGaming\\utils\\__test_export__.js","statementMap":{"0":{"start":{"line":7,"column":13},"end":{"line":7,"column":35}},"1":{"start":{"line":10,"column":0},"end":{"line":10,"column":25}},"2":{"start":{"line":11,"column":0},"end":{"line":11,"column":26}},"3":{"start":{"line":13,"column":18},"end":{"line":13,"column":40}},"4":{"start":{"line":14,"column":16},"end":{"line":14,"column":44}},"5":{"start":{"line":15,"column":20},"end":{"line":17,"column":23}},"6":{"start":{"line":18,"column":21},"end":{"line":20,"column":25}},"7":{"start":{"line":22,"column":0},"end":{"line":22,"column":67}}},"fnMap":{},"branchMap":{"0":{"loc":{"start":{"line":13,"column":18},"end":{"line":13,"column":40}},"type":"binary-expr","locations":[{"start":{"line":13,"column":18},"end":{"line":13,"column":32}},{"start":{"line":13,"column":36},"end":{"line":13,"column":40}}],"line":13},"1":{"loc":{"start":{"line":14,"column":16},"end":{"line":14,"column":44}},"type":"binary-expr","locations":[{"start":{"line":14,"column":16},"end":{"line":14,"column":28}},{"start":{"line":14,"column":32},"end":{"line":14,"column":44}}],"line":14},"2":{"loc":{"start":{"line":15,"column":20},"end":{"line":17,"column":23}},"type":"binary-expr","locations":[{"start":{"line":15,"column":21},"end":{"line":15,"column":62}},{"start":{"line":15,"column":66},"end":{"line":15,"column":84}},{"start":{"line":16,"column":20},"end":{"line":16,"column":49}},{"start":{"line":16,"column":53},"end":{"line":16,"column":71}},{"start":{"line":17,"column":19},"end":{"line":17,"column":23}}],"line":15},"3":{"loc":{"start":{"line":18,"column":21},"end":{"line":20,"column":25}},"type":"binary-expr","locations":[{"start":{"line":18,"column":22},"end":{"line":18,"column":64}},{"start":{"line":18,"column":68},"end":{"line":18,"column":87}},{"start":{"line":19,"column":22},"end":{"line":19,"column":51}},{"start":{"line":19,"column":55},"end":{"line":19,"column":74}},{"start":{"line":20,"column":21},"end":{"line":20,"column":25}}],"line":18}},"s":{"0":3,"1":3,"2":3,"3":3,"4":3,"5":3,"6":3,"7":3},"f":{},"b":{"0":[3,0],"1":[3,0],"2":[3,3,0,0,0],"3":[3,3,0,0,0]},"_coverageSchema":"1a1c01bbd47fc00a2c39e90264f33305004495a9","hash":"67ab8f9b3fb6faf23988463a5dfecfa58729f3f7"}
}
