TN:
SF:games\gloomvault-extraction\js\config\AssetManifest.js
FN:57,formatTileMask
FN:61,buildGloomvaultMapTiles
FNF:2
FNH:2
FNDA:1269,formatTileMask
FNDA:3,buildGloomvaultMapTiles
DA:1,3
DA:9,3
DA:58,1269
DA:62,3
DA:63,3
DA:64,27
DA:65,27
DA:66,1269
DA:67,1269
DA:70,27
DA:83,3
DA:86,3
DA:356,3
DA:357,3
DA:358,3
DA:359,3
DA:362,3
LF:17
LH:17
BRDA:356,0,0,3
BRDA:356,0,1,0
BRDA:362,1,0,3
BRDA:362,1,1,0
BRDA:362,2,0,3
BRDA:362,2,1,0
BRF:6
BRH:3
end_of_record
TN:
SF:games\gloomvault-extraction\js\config\BossConfig.js
FN:1,(anonymous_0)
FN:4,clamp
FN:8,chooseRandom
FN:13,rollChance
FN:17,createThreshold
FN:21,createBossHooks
FN:31,resetBossTimer
FN:38,tickBossTimer
FN:54,(anonymous_8)
FN:64,(anonymous_9)
FN:77,(anonymous_10)
FN:86,(anonymous_11)
FN:95,(anonymous_12)
FN:129,(anonymous_13)
FN:170,(anonymous_14)
FN:218,(anonymous_15)
FN:261,(anonymous_16)
FN:325,cloneEncounterDefinition
FN:338,getBossModifier
FN:342,getBorrowedPower
FN:346,rollBossModifier
FN:352,(anonymous_21)
FN:356,rollBorrowedPower
FN:364,createEncounterProfile
FN:383,pickMainBoss
FN:387,pickFloorGuardian
FN:391,getRarityFloor
FN:396,isBloodied
FNF:28
FNH:16
FNDA:4,(anonymous_0)
FNDA:0,clamp
FNDA:2,chooseRandom
FNDA:3,rollChance
FNDA:4,createThreshold
FNDA:20,createBossHooks
FNDA:4,resetBossTimer
FNDA:4,tickBossTimer
FNDA:0,(anonymous_8)
FNDA:0,(anonymous_9)
FNDA:0,(anonymous_10)
FNDA:0,(anonymous_11)
FNDA:0,(anonymous_12)
FNDA:0,(anonymous_13)
FNDA:1,(anonymous_14)
FNDA:0,(anonymous_15)
FNDA:1,(anonymous_16)
FNDA:1,cloneEncounterDefinition
FNDA:2,getBossModifier
FNDA:0,getBorrowedPower
FNDA:1,rollBossModifier
FNDA:2,(anonymous_21)
FNDA:1,rollBorrowedPower
FNDA:1,createEncounterProfile
FNDA:1,pickMainBoss
FNDA:0,pickFloorGuardian
FNDA:0,getRarityFloor
FNDA:0,isBloodied
DA:1,4
DA:2,4
DA:5,0
DA:9,2
DA:10,2
DA:14,3
DA:18,4
DA:22,20
DA:32,4
DA:33,4
DA:34,4
DA:35,4
DA:39,4
DA:40,4
DA:41,4
DA:42,0
DA:44,4
DA:45,4
DA:48,4
DA:55,0
DA:56,0
DA:65,0
DA:66,0
DA:71,4
DA:78,0
DA:87,0
DA:96,0
DA:101,4
DA:130,0
DA:131,0
DA:137,0
DA:171,1
DA:172,1
DA:173,1
DA:174,1
DA:175,1
DA:176,1
DA:178,1
DA:180,1
DA:181,1
DA:182,1
DA:183,1
DA:185,1
DA:219,0
DA:220,0
DA:221,0
DA:222,0
DA:228,0
DA:262,1
DA:263,1
DA:265,1
DA:266,1
DA:267,1
DA:268,1
DA:273,1
DA:274,1
DA:276,1
DA:277,1
DA:278,1
DA:279,1
DA:281,1
DA:288,4
DA:326,1
DA:339,2
DA:343,0
DA:347,1
DA:350,1
DA:352,2
DA:353,1
DA:357,1
DA:360,1
DA:361,0
DA:365,1
DA:366,1
DA:367,1
DA:368,1
DA:369,1
DA:371,1
DA:372,1
DA:374,1
DA:384,1
DA:388,0
DA:392,0
DA:393,0
DA:397,0
DA:400,4
DA:415,4
LF:87
LH:64
BRDA:9,0,0,0
BRDA:9,0,1,2
BRDA:9,1,0,2
BRDA:9,1,1,2
BRDA:13,2,0,0
BRDA:21,3,0,8
BRDA:23,4,0,20
BRDA:23,4,1,20
BRDA:24,5,0,20
BRDA:24,5,1,8
BRDA:25,6,0,20
BRDA:25,6,1,20
BRDA:26,7,0,20
BRDA:26,7,1,20
BRDA:27,8,0,20
BRDA:27,8,1,20
BRDA:31,9,0,2
BRDA:31,10,0,2
BRDA:32,11,0,0
BRDA:32,11,1,4
BRDA:33,12,0,0
BRDA:33,12,1,4
BRDA:38,13,0,2
BRDA:38,14,0,2
BRDA:39,15,0,0
BRDA:39,15,1,4
BRDA:40,16,0,0
BRDA:40,16,1,4
BRDA:41,17,0,0
BRDA:41,17,1,4
BRDA:56,18,0,0
BRDA:56,18,1,0
BRDA:65,19,0,0
BRDA:65,19,1,0
BRDA:170,20,0,0
BRDA:171,21,0,0
BRDA:171,21,1,1
BRDA:171,22,0,1
BRDA:171,22,1,1
BRDA:172,23,0,1
BRDA:172,23,1,0
BRDA:172,23,2,0
BRDA:173,24,0,1
BRDA:173,24,1,0
BRDA:173,25,0,1
BRDA:173,25,1,1
BRDA:174,26,0,1
BRDA:174,26,1,0
BRDA:180,27,0,1
BRDA:180,27,1,0
BRDA:181,28,0,1
BRDA:181,28,1,0
BRDA:219,29,0,0
BRDA:219,29,1,0
BRDA:220,30,0,0
BRDA:220,30,1,0
BRDA:220,31,0,0
BRDA:220,31,1,0
BRDA:261,32,0,0
BRDA:262,33,0,1
BRDA:262,33,1,0
BRDA:265,34,0,0
BRDA:265,34,1,1
BRDA:265,35,0,1
BRDA:265,35,1,1
BRDA:266,36,0,1
BRDA:266,36,1,0
BRDA:267,37,0,1
BRDA:267,37,1,0
BRDA:276,38,0,1
BRDA:276,38,1,0
BRDA:276,39,0,1
BRDA:276,39,1,1
BRDA:277,40,0,1
BRDA:277,40,1,0
BRDA:328,41,0,1
BRDA:328,41,1,0
BRDA:329,42,0,1
BRDA:329,42,1,0
BRDA:330,43,0,1
BRDA:330,43,1,0
BRDA:331,44,0,1
BRDA:331,44,1,0
BRDA:332,45,0,1
BRDA:332,45,1,0
BRDA:333,46,0,0
BRDA:333,46,1,1
BRDA:334,47,0,1
BRDA:334,47,1,0
BRDA:339,48,0,2
BRDA:339,48,1,0
BRDA:343,49,0,0
BRDA:343,49,1,0
BRDA:347,50,0,1
BRDA:347,50,1,0
BRDA:347,51,0,1
BRDA:347,51,1,1
BRDA:352,52,0,2
BRDA:352,52,1,2
BRDA:356,53,0,1
BRDA:357,54,0,1
BRDA:357,54,1,0
BRDA:357,55,0,1
BRDA:357,55,1,1
BRDA:360,56,0,1
BRDA:360,56,1,0
BRDA:364,57,0,1
BRDA:365,58,0,0
BRDA:365,58,1,1
BRDA:367,59,0,1
BRDA:367,59,1,0
BRDA:368,60,0,1
BRDA:368,60,1,0
BRDA:371,61,0,1
BRDA:371,61,1,0
BRDA:372,62,0,0
BRDA:372,62,1,1
BRDA:393,63,0,0
BRDA:393,63,1,0
BRDA:397,64,0,0
BRDA:397,64,1,0
BRDA:397,64,2,0
BRDA:415,65,0,4
BRDA:415,65,1,0
BRDA:415,66,0,4
BRDA:415,66,1,0
BRF:126
BRH:69
end_of_record
TN:
SF:games\gloomvault-extraction\js\config\CombatConfig.js
FN:24,(anonymous_0)
FNF:1
FNH:0
FNDA:0,(anonymous_0)
DA:1,10
DA:26,0
DA:27,0
DA:30,0
DA:31,0
DA:33,0
DA:37,10
LF:7
LH:2
BRDA:37,0,0,10
BRDA:37,0,1,0
BRDA:37,1,0,10
BRDA:37,1,1,0
BRF:4
BRH:2
end_of_record
TN:
SF:games\gloomvault-extraction\js\config\DurabilityConfig.js
FNF:0
FNH:0
DA:2,8
DA:65,8
LF:2
LH:2
BRDA:65,0,0,8
BRDA:65,0,1,0
BRDA:65,1,0,8
BRDA:65,1,1,0
BRF:4
BRH:2
end_of_record
TN:
SF:games\gloomvault-extraction\js\config\LootConfig.js
FNF:0
FNH:0
DA:1,5
DA:124,5
LF:2
LH:2
BRDA:124,0,0,5
BRDA:124,0,1,0
BRDA:124,1,0,5
BRDA:124,1,1,0
BRF:4
BRH:2
end_of_record
TN:
SF:games\gloomvault-extraction\js\config\MapConfig.js
FNF:0
FNH:0
DA:1,17
DA:3,17
DA:210,17
DA:211,17
DA:212,17
DA:215,17
LF:6
LH:6
BRDA:210,0,0,17
BRDA:210,0,1,0
BRDA:215,1,0,17
BRDA:215,1,1,0
BRDA:215,2,0,17
BRDA:215,2,1,0
BRF:6
BRH:3
end_of_record
TN:
SF:games\gloomvault-extraction\js\config\UpgradeConfig.js
FNF:0
FNH:0
DA:2,3
DA:13,3
LF:2
LH:2
BRDA:13,0,0,3
BRDA:13,0,1,0
BRDA:13,1,0,3
BRDA:13,1,1,0
BRF:4
BRH:2
end_of_record
TN:
SF:games\gloomvault-extraction\js\core\GameEngine.js
FN:2,ensureStarterEquipment
FN:18,(anonymous_1)
FN:71,(anonymous_2)
FN:82,(anonymous_3)
FN:86,(anonymous_4)
FN:96,(anonymous_5)
FN:103,(anonymous_6)
FN:113,(anonymous_7)
FN:117,(anonymous_8)
FN:122,(anonymous_9)
FN:151,(anonymous_10)
FN:174,(anonymous_11)
FN:176,(anonymous_12)
FN:179,(anonymous_13)
FN:188,(anonymous_14)
FN:197,(anonymous_15)
FN:218,(anonymous_16)
FN:233,(anonymous_17)
FN:240,(anonymous_18)
FN:244,(anonymous_19)
FN:256,(anonymous_20)
FN:282,(anonymous_21)
FN:289,(anonymous_22)
FN:296,(anonymous_23)
FN:442,(anonymous_24)
FN:446,(anonymous_25)
FN:458,(anonymous_26)
FN:471,(anonymous_27)
FN:489,(anonymous_28)
FN:508,(anonymous_29)
FN:513,(anonymous_30)
FN:519,(anonymous_31)
FN:537,(anonymous_32)
FN:587,(anonymous_33)
FN:598,(anonymous_34)
FN:602,(anonymous_35)
FN:613,(anonymous_36)
FN:616,(anonymous_37)
FN:620,(anonymous_38)
FN:636,(anonymous_39)
FN:638,(anonymous_40)
FN:646,(anonymous_41)
FN:680,(anonymous_42)
FN:694,(anonymous_43)
FN:706,(anonymous_44)
FN:715,(anonymous_45)
FN:723,(anonymous_46)
FN:741,(anonymous_47)
FN:750,(anonymous_48)
FN:758,(anonymous_49)
FN:767,(anonymous_50)
FN:770,(anonymous_51)
FN:775,(anonymous_52)
FN:777,(anonymous_53)
FN:780,(anonymous_54)
FN:814,(anonymous_55)
FN:867,(anonymous_56)
FN:872,(anonymous_57)
FN:881,(anonymous_58)
FN:887,(anonymous_59)
FN:922,(anonymous_60)
FN:923,(anonymous_61)
FN:926,(anonymous_62)
FN:940,(anonymous_63)
FN:968,(anonymous_64)
FN:996,(anonymous_65)
FN:1005,(anonymous_66)
FN:1026,(anonymous_67)
FN:1051,(anonymous_68)
FN:1091,(anonymous_69)
FN:1124,(anonymous_70)
FN:1155,(anonymous_71)
FN:1189,(anonymous_72)
FN:1208,(anonymous_73)
FN:1230,(anonymous_74)
FN:1240,(anonymous_75)
FN:1300,(anonymous_76)
FN:1356,(anonymous_77)
FN:1370,(anonymous_78)
FN:1406,(anonymous_79)
FN:1420,(anonymous_80)
FN:1472,(anonymous_81)
FN:1487,(anonymous_82)
FN:1495,(anonymous_83)
FN:1556,(anonymous_84)
FN:1573,(anonymous_85)
FN:1577,(anonymous_86)
FN:1971,(anonymous_87)
FN:2001,(anonymous_88)
FN:2046,(anonymous_89)
FN:2053,(anonymous_90)
FN:2056,(anonymous_91)
FN:2071,(anonymous_92)
FN:2082,(anonymous_93)
FN:2099,(anonymous_94)
FN:2122,(anonymous_95)
FN:2144,(anonymous_96)
FN:2171,(anonymous_97)
FN:2174,(anonymous_98)
FN:2200,(anonymous_99)
FN:2234,(anonymous_100)
FN:2245,(anonymous_101)
FN:2259,(anonymous_102)
FN:2261,(anonymous_103)
FN:2272,(anonymous_104)
FN:2286,(anonymous_105)
FN:2353,(anonymous_106)
FN:2379,(anonymous_107)
FN:2468,(anonymous_108)
FN:2491,(anonymous_109)
FN:2497,(anonymous_110)
FN:2514,(anonymous_111)
FNF:112
FNH:84
FNDA:12,ensureStarterEquipment
FNDA:11,(anonymous_1)
FNDA:0,(anonymous_2)
FNDA:9,(anonymous_3)
FNDA:21,(anonymous_4)
FNDA:11,(anonymous_5)
FNDA:11,(anonymous_6)
FNDA:3,(anonymous_7)
FNDA:12,(anonymous_8)
FNDA:16,(anonymous_9)
FNDA:2,(anonymous_10)
FNDA:4,(anonymous_11)
FNDA:4,(anonymous_12)
FNDA:11,(anonymous_13)
FNDA:41,(anonymous_14)
FNDA:6,(anonymous_15)
FNDA:8,(anonymous_16)
FNDA:0,(anonymous_17)
FNDA:1,(anonymous_18)
FNDA:3,(anonymous_19)
FNDA:2,(anonymous_20)
FNDA:0,(anonymous_21)
FNDA:0,(anonymous_22)
FNDA:21,(anonymous_23)
FNDA:22,(anonymous_24)
FNDA:1,(anonymous_25)
FNDA:0,(anonymous_26)
FNDA:0,(anonymous_27)
FNDA:0,(anonymous_28)
FNDA:0,(anonymous_29)
FNDA:0,(anonymous_30)
FNDA:0,(anonymous_31)
FNDA:1,(anonymous_32)
FNDA:2,(anonymous_33)
FNDA:22,(anonymous_34)
FNDA:2,(anonymous_35)
FNDA:1,(anonymous_36)
FNDA:1,(anonymous_37)
FNDA:24,(anonymous_38)
FNDA:21,(anonymous_39)
FNDA:3,(anonymous_40)
FNDA:15,(anonymous_41)
FNDA:23,(anonymous_42)
FNDA:0,(anonymous_43)
FNDA:0,(anonymous_44)
FNDA:0,(anonymous_45)
FNDA:3,(anonymous_46)
FNDA:0,(anonymous_47)
FNDA:2,(anonymous_48)
FNDA:5,(anonymous_49)
FNDA:0,(anonymous_50)
FNDA:11,(anonymous_51)
FNDA:9,(anonymous_52)
FNDA:10,(anonymous_53)
FNDA:8,(anonymous_54)
FNDA:8,(anonymous_55)
FNDA:1,(anonymous_56)
FNDA:3,(anonymous_57)
FNDA:2,(anonymous_58)
FNDA:5,(anonymous_59)
FNDA:6,(anonymous_60)
FNDA:4,(anonymous_61)
FNDA:3,(anonymous_62)
FNDA:1,(anonymous_63)
FNDA:1,(anonymous_64)
FNDA:1,(anonymous_65)
FNDA:0,(anonymous_66)
FNDA:1,(anonymous_67)
FNDA:1,(anonymous_68)
FNDA:2,(anonymous_69)
FNDA:0,(anonymous_70)
FNDA:1,(anonymous_71)
FNDA:0,(anonymous_72)
FNDA:0,(anonymous_73)
FNDA:0,(anonymous_74)
FNDA:2,(anonymous_75)
FNDA:1,(anonymous_76)
FNDA:5,(anonymous_77)
FNDA:1,(anonymous_78)
FNDA:1,(anonymous_79)
FNDA:4,(anonymous_80)
FNDA:2,(anonymous_81)
FNDA:0,(anonymous_82)
FNDA:3,(anonymous_83)
FNDA:0,(anonymous_84)
FNDA:0,(anonymous_85)
FNDA:1,(anonymous_86)
FNDA:1,(anonymous_87)
FNDA:4,(anonymous_88)
FNDA:2,(anonymous_89)
FNDA:0,(anonymous_90)
FNDA:1,(anonymous_91)
FNDA:1,(anonymous_92)
FNDA:1,(anonymous_93)
FNDA:3,(anonymous_94)
FNDA:3,(anonymous_95)
FNDA:2,(anonymous_96)
FNDA:6,(anonymous_97)
FNDA:21,(anonymous_98)
FNDA:2,(anonymous_99)
FNDA:1,(anonymous_100)
FNDA:1,(anonymous_101)
FNDA:1,(anonymous_102)
FNDA:3,(anonymous_103)
FNDA:1,(anonymous_104)
FNDA:1,(anonymous_105)
FNDA:3,(anonymous_106)
FNDA:0,(anonymous_107)
FNDA:5,(anonymous_108)
FNDA:0,(anonymous_109)
FNDA:0,(anonymous_110)
FNDA:0,(anonymous_111)
DA:3,12
DA:4,12
DA:6,12
DA:7,12
DA:9,12
DA:10,12
DA:11,12
DA:13,12
DA:14,12
DA:19,11
DA:20,11
DA:23,11
DA:24,11
DA:25,11
DA:26,11
DA:27,11
DA:28,0
DA:32,11
DA:33,11
DA:34,11
DA:35,11
DA:36,11
DA:37,11
DA:38,11
DA:39,11
DA:40,11
DA:41,11
DA:44,11
DA:45,11
DA:48,11
DA:49,11
DA:50,11
DA:51,11
DA:52,11
DA:53,11
DA:54,11
DA:55,11
DA:56,11
DA:57,11
DA:58,11
DA:59,11
DA:62,11
DA:63,11
DA:64,11
DA:65,11
DA:66,11
DA:67,11
DA:68,11
DA:71,11
DA:72,11
DA:75,11
DA:76,11
DA:77,0
DA:78,0
DA:83,9
DA:87,21
DA:88,15
DA:91,6
DA:92,6
DA:93,6
DA:97,11
DA:100,11
DA:104,11
DA:105,11
DA:106,11
DA:107,11
DA:108,11
DA:109,11
DA:110,11
DA:114,3
DA:118,12
DA:119,12
DA:121,4
DA:122,4
DA:123,16
DA:124,16
DA:131,4
DA:148,4
DA:152,2
DA:153,2
DA:154,2
DA:156,1
DA:157,1
DA:158,1
DA:160,1
DA:161,1
DA:163,1
DA:164,1
DA:166,1
DA:167,1
DA:168,1
DA:171,1
DA:175,4
DA:176,4
DA:180,11
DA:181,11
DA:182,11
DA:183,11
DA:184,11
DA:185,11
DA:189,41
DA:190,41
DA:191,41
DA:192,41
DA:193,41
DA:194,41
DA:198,6
DA:199,6
DA:200,6
DA:201,6
DA:203,6
DA:204,6
DA:205,6
DA:206,6
DA:208,6
DA:209,1
DA:210,1
DA:211,1
DA:214,5
DA:215,5
DA:219,8
DA:220,8
DA:221,8
DA:222,8
DA:223,8
DA:224,1
DA:225,7
DA:226,4
DA:228,3
DA:230,8
DA:234,0
DA:235,0
DA:236,0
DA:237,0
DA:241,1
DA:245,3
DA:246,3
DA:247,3
DA:248,3
DA:249,5
DA:250,5
DA:251,2
DA:253,3
DA:257,2
DA:258,1
DA:259,1
DA:261,1
DA:262,0
DA:265,1
DA:268,1
DA:270,1
DA:272,1
DA:274,1
DA:275,1
DA:278,1
DA:279,1
DA:283,0
DA:284,0
DA:285,0
DA:286,0
DA:290,0
DA:291,0
DA:292,0
DA:293,0
DA:297,21
DA:298,21
DA:299,21
DA:300,21
DA:301,21
DA:302,21
DA:305,21
DA:306,21
DA:309,21
DA:310,21
DA:313,21
DA:315,21
DA:316,12
DA:318,12
DA:319,12
DA:320,12
DA:321,12
DA:323,12
DA:324,12
DA:327,12
DA:328,0
DA:329,0
DA:330,0
DA:331,0
DA:332,0
DA:333,0
DA:334,0
DA:335,0
DA:336,0
DA:341,12
DA:344,12
DA:345,12
DA:346,96
DA:347,48
DA:350,12
DA:352,12
DA:353,12
DA:354,12
DA:355,12
DA:356,12
DA:360,0
DA:364,9
DA:365,9
DA:366,9
DA:370,21
DA:373,21
DA:374,21
DA:375,21
DA:376,21
DA:377,21
DA:378,21
DA:379,21
DA:380,21
DA:381,21
DA:382,21
DA:383,21
DA:386,21
DA:394,21
DA:395,2
DA:398,21
DA:401,21
DA:402,21
DA:403,21
DA:404,4
DA:405,4
DA:407,17
DA:411,21
DA:412,2
DA:413,2
DA:414,2
DA:415,2
DA:416,2
DA:417,2
DA:423,21
DA:425,21
DA:426,21
DA:427,21
DA:428,3
DA:431,21
DA:432,21
DA:433,21
DA:434,2
DA:437,21
DA:439,21
DA:443,22
DA:447,1
DA:452,1
DA:453,1
DA:455,1
DA:459,0
DA:460,0
DA:461,0
DA:462,0
DA:463,0
DA:464,0
DA:465,0
DA:467,0
DA:468,0
DA:472,0
DA:473,0
DA:474,0
DA:475,0
DA:476,0
DA:477,0
DA:479,0
DA:490,0
DA:491,0
DA:492,0
DA:493,0
DA:495,0
DA:496,0
DA:497,0
DA:498,0
DA:499,0
DA:500,0
DA:505,0
DA:509,0
DA:510,0
DA:514,0
DA:515,0
DA:520,0
DA:521,0
DA:533,0
DA:534,0
DA:538,1
DA:539,1
DA:540,0
DA:541,0
DA:543,0
DA:544,0
DA:545,0
DA:546,0
DA:548,0
DA:549,0
DA:551,0
DA:552,0
DA:554,1
DA:555,0
DA:556,0
DA:557,0
DA:558,0
DA:559,0
DA:560,0
DA:561,0
DA:562,0
DA:563,0
DA:564,0
DA:566,0
DA:568,1
DA:569,1
DA:578,1
DA:579,1
DA:580,1
DA:582,1
DA:584,0
DA:588,2
DA:589,2
DA:590,2
DA:591,2
DA:592,2
DA:593,2
DA:594,2
DA:595,2
DA:599,22
DA:601,1
DA:602,1
DA:603,2
DA:604,2
DA:605,2
DA:606,2
DA:607,2
DA:608,2
DA:609,2
DA:612,1
DA:613,1
DA:615,1
DA:616,1
DA:621,24
DA:623,9
DA:624,9
DA:626,9
DA:627,11
DA:628,11
DA:629,9
DA:633,0
DA:637,21
DA:638,21
DA:639,21
DA:641,19
DA:642,19
DA:643,19
DA:647,15
DA:649,15
DA:650,15
DA:651,15
DA:653,15
DA:654,14
DA:655,14
DA:656,14
DA:657,14
DA:658,14
DA:659,14
DA:660,14
DA:664,15
DA:665,1
DA:668,15
DA:669,15
DA:671,15
DA:672,15
DA:673,0
DA:674,0
DA:677,15
DA:681,23
DA:683,15
DA:684,15
DA:685,15
DA:686,15
DA:689,0
DA:690,0
DA:695,0
DA:697,0
DA:698,0
DA:699,0
DA:700,0
DA:701,0
DA:703,0
DA:707,0
DA:708,0
DA:710,0
DA:711,0
DA:712,0
DA:716,0
DA:717,0
DA:719,0
DA:720,0
DA:724,3
DA:725,3
DA:726,3
DA:728,3
DA:729,3
DA:730,1
DA:731,2
DA:732,1
DA:735,3
DA:736,2
DA:738,3
DA:742,0
DA:743,0
DA:744,0
DA:745,0
DA:747,0
DA:751,2
DA:752,2
DA:753,1
DA:755,2
DA:759,5
DA:761,3
DA:762,0
DA:763,0
DA:765,3
DA:766,3
DA:767,3
DA:771,11
DA:772,10
DA:776,9
DA:777,10
DA:781,8
DA:782,8
DA:784,8
DA:785,8
DA:786,2
DA:790,2
DA:793,6
DA:794,1
DA:795,1
DA:796,1
DA:797,1
DA:800,5
DA:810,5
DA:811,5
DA:815,8
DA:817,8
DA:818,8
DA:820,8
DA:822,1
DA:827,1
DA:829,0
DA:834,0
DA:836,2
DA:843,2
DA:845,0
DA:849,0
DA:851,1
DA:856,1
DA:858,4
DA:863,4
DA:868,1
DA:869,1
DA:873,3
DA:874,3
DA:876,2
DA:877,2
DA:878,2
DA:882,2
DA:884,2
DA:888,5
DA:890,3
DA:891,3
DA:892,5
DA:893,5
DA:895,5
DA:896,1
DA:899,5
DA:900,3
DA:901,3
DA:902,2
DA:903,2
DA:905,2
DA:906,2
DA:907,2
DA:908,2
DA:909,2
DA:914,5
DA:915,0
DA:919,3
DA:923,6
DA:927,3
DA:928,3
DA:929,3
DA:931,2
DA:932,1
DA:935,2
DA:936,1
DA:941,1
DA:942,1
DA:944,1
DA:945,1
DA:946,1
DA:947,1
DA:949,1
DA:950,8
DA:951,8
DA:952,8
DA:953,8
DA:958,8
DA:959,8
DA:960,8
DA:963,1
DA:964,1
DA:969,1
DA:970,1
DA:972,1
DA:973,1
DA:974,1
DA:975,1
DA:977,1
DA:978,8
DA:979,8
DA:980,8
DA:981,8
DA:986,8
DA:987,8
DA:988,8
DA:991,1
DA:992,1
DA:997,1
DA:999,0
DA:1000,0
DA:1001,0
DA:1006,0
DA:1008,0
DA:1009,0
DA:1011,0
DA:1013,0
DA:1015,0
DA:1017,0
DA:1019,0
DA:1021,0
DA:1023,0
DA:1027,1
DA:1029,1
DA:1030,1
DA:1031,1
DA:1033,1
DA:1034,7
DA:1035,49
DA:1036,49
DA:1037,29
DA:1042,1
DA:1043,1
DA:1045,1
DA:1046,1
DA:1048,1
DA:1052,1
DA:1054,1
DA:1055,1
DA:1056,1
DA:1057,1
DA:1058,1
DA:1059,1
DA:1060,1
DA:1061,1
DA:1062,1
DA:1064,1
DA:1065,0
DA:1066,0
DA:1068,0
DA:1071,1
DA:1072,1
DA:1073,1
DA:1074,1
DA:1075,1
DA:1076,0
DA:1077,0
DA:1078,0
DA:1081,1
DA:1082,1
DA:1083,1
DA:1085,1
DA:1086,1
DA:1088,1
DA:1092,2
DA:1094,2
DA:1095,2
DA:1096,2
DA:1097,2
DA:1098,2
DA:1099,2
DA:1100,2
DA:1102,2
DA:1106,2
DA:1107,0
DA:1110,2
DA:1111,2
DA:1112,2
DA:1113,2
DA:1114,2
DA:1115,2
DA:1116,2
DA:1117,2
DA:1121,0
DA:1125,0
DA:1127,0
DA:1128,0
DA:1129,0
DA:1130,0
DA:1131,0
DA:1146,0
DA:1147,0
DA:1148,0
DA:1149,0
DA:1150,0
DA:1151,0
DA:1152,0
DA:1156,1
DA:1158,1
DA:1159,1
DA:1160,1
DA:1161,1
DA:1162,1
DA:1163,1
DA:1164,1
DA:1179,1
DA:1180,1
DA:1181,1
DA:1182,1
DA:1183,1
DA:1184,1
DA:1185,1
DA:1186,1
DA:1190,0
DA:1191,0
DA:1192,0
DA:1193,0
DA:1194,0
DA:1195,0
DA:1196,0
DA:1197,0
DA:1202,0
DA:1203,0
DA:1205,0
DA:1209,0
DA:1210,0
DA:1211,0
DA:1212,0
DA:1213,0
DA:1214,0
DA:1215,0
DA:1216,0
DA:1217,0
DA:1218,0
DA:1219,0
DA:1224,0
DA:1225,0
DA:1227,0
DA:1231,0
DA:1237,0
DA:1241,2
DA:1242,2
DA:1244,2
DA:1245,2
DA:1246,2
DA:1247,2
DA:1248,1
DA:1249,2
DA:1250,2
DA:1251,2
DA:1252,2
DA:1253,2
DA:1254,0
DA:1256,2
DA:1257,2
DA:1259,2
DA:1260,2
DA:1261,2
DA:1264,1
DA:1265,1
DA:1266,1
DA:1267,1
DA:1268,1
DA:1270,1
DA:1271,1
DA:1272,1
DA:1278,2
DA:1291,2
DA:1292,2
DA:1294,2
DA:1295,2
DA:1297,2
DA:1301,1
DA:1302,1
DA:1303,0
DA:1304,0
DA:1306,0
DA:1309,1
DA:1310,1
DA:1311,1
DA:1312,1
DA:1313,1
DA:1314,1
DA:1315,1
DA:1317,1
DA:1318,4
DA:1319,4
DA:1320,4
DA:1321,4
DA:1322,4
DA:1323,0
DA:1325,4
DA:1326,4
DA:1328,4
DA:1330,4
DA:1341,4
DA:1342,4
DA:1344,4
DA:1345,4
DA:1348,4
DA:1349,4
DA:1350,4
DA:1353,1
DA:1357,5
DA:1358,5
DA:1359,5
DA:1360,25
DA:1361,15
DA:1362,15
DA:1363,4
DA:1364,4
DA:1367,5
DA:1371,1
DA:1373,1
DA:1374,1
DA:1375,1
DA:1376,1
DA:1377,1
DA:1378,1
DA:1379,1
DA:1392,1
DA:1393,1
DA:1394,1
DA:1395,1
DA:1396,1
DA:1397,1
DA:1400,1
DA:1401,1
DA:1403,1
DA:1407,1
DA:1408,1
DA:1409,1
DA:1410,1
DA:1411,1
DA:1412,1
DA:1414,1
DA:1415,1
DA:1417,1
DA:1421,4
DA:1422,1
DA:1423,1
DA:1424,1
DA:1425,1
DA:1429,4
DA:1430,4
DA:1432,4
DA:1433,1
DA:1434,1
DA:1435,1
DA:1436,1
DA:1440,4
DA:1441,1
DA:1442,1
DA:1443,1
DA:1444,1
DA:1445,1
DA:1446,1
DA:1447,1
DA:1448,0
DA:1449,0
DA:1450,0
DA:1451,0
DA:1452,0
DA:1456,1
DA:1457,2
DA:1458,2
DA:1459,2
DA:1460,2
DA:1466,1
DA:1467,0
DA:1473,2
DA:1475,1
DA:1476,1
DA:1477,1
DA:1478,1
DA:1479,1
DA:1480,1
DA:1481,1
DA:1484,1
DA:1488,0
DA:1489,0
DA:1490,0
DA:1492,0
DA:1496,3
DA:1498,1
DA:1499,0
DA:1500,0
DA:1501,0
DA:1502,0
DA:1503,0
DA:1504,0
DA:1505,0
DA:1506,0
DA:1507,0
DA:1508,0
DA:1509,0
DA:1510,0
DA:1511,0
DA:1512,0
DA:1513,0
DA:1514,0
DA:1515,0
DA:1516,0
DA:1517,0
DA:1518,0
DA:1519,0
DA:1520,0
DA:1521,0
DA:1522,0
DA:1523,0
DA:1524,0
DA:1525,0
DA:1526,0
DA:1527,0
DA:1528,0
DA:1532,1
DA:1533,0
DA:1534,0
DA:1535,0
DA:1536,0
DA:1537,0
DA:1538,0
DA:1539,0
DA:1540,0
DA:1541,0
DA:1542,0
DA:1543,0
DA:1544,0
DA:1545,0
DA:1546,0
DA:1547,0
DA:1548,0
DA:1549,0
DA:1550,0
DA:1551,0
DA:1552,0
DA:1557,0
DA:1558,0
DA:1559,0
DA:1562,0
DA:1564,0
DA:1566,0
DA:1567,0
DA:1569,0
DA:1570,0
DA:1572,0
DA:1573,0
DA:1578,1
DA:1581,1
DA:1582,1
DA:1583,1
DA:1584,1
DA:1585,0
DA:1587,1
DA:1590,1
DA:1593,1
DA:1594,0
DA:1595,0
DA:1599,1
DA:1600,0
DA:1601,0
DA:1602,0
DA:1604,0
DA:1605,0
DA:1606,0
DA:1608,0
DA:1609,0
DA:1617,1
DA:1618,1
DA:1621,1
DA:1622,1
DA:1623,0
DA:1624,0
DA:1625,0
DA:1626,0
DA:1627,0
DA:1633,1
DA:1634,1
DA:1635,1
DA:1636,1
DA:1637,1
DA:1638,1
DA:1646,1
DA:1647,0
DA:1648,0
DA:1650,0
DA:1654,1
DA:1655,1
DA:1656,1
DA:1658,1
DA:1659,1
DA:1662,0
DA:1663,0
DA:1664,0
DA:1665,0
DA:1666,0
DA:1670,1
DA:1675,1
DA:1676,0
DA:1677,0
DA:1679,0
DA:1681,0
DA:1683,0
DA:1684,0
DA:1685,0
DA:1686,0
DA:1687,0
DA:1688,0
DA:1690,0
DA:1691,0
DA:1692,0
DA:1693,0
DA:1694,0
DA:1695,0
DA:1696,0
DA:1698,0
DA:1699,0
DA:1703,0
DA:1704,0
DA:1705,0
DA:1707,0
DA:1710,0
DA:1711,0
DA:1714,0
DA:1715,0
DA:1716,0
DA:1717,0
DA:1718,0
DA:1719,0
DA:1720,0
DA:1721,0
DA:1722,0
DA:1723,0
DA:1729,0
DA:1730,0
DA:1731,0
DA:1732,0
DA:1736,0
DA:1737,0
DA:1740,0
DA:1741,0
DA:1744,0
DA:1745,0
DA:1748,0
DA:1749,0
DA:1755,0
DA:1756,0
DA:1758,0
DA:1759,0
DA:1760,0
DA:1761,0
DA:1763,0
DA:1764,0
DA:1765,0
DA:1766,0
DA:1767,0
DA:1770,0
DA:1771,0
DA:1772,0
DA:1774,0
DA:1775,0
DA:1776,0
DA:1780,0
DA:1781,0
DA:1782,0
DA:1785,0
DA:1789,0
DA:1790,0
DA:1791,0
DA:1793,0
DA:1795,0
DA:1800,1
DA:1801,1
DA:1803,1
DA:1804,0
DA:1805,0
DA:1807,0
DA:1808,0
DA:1809,0
DA:1810,0
DA:1811,0
DA:1817,1
DA:1818,1
DA:1819,1
DA:1820,0
DA:1821,0
DA:1822,0
DA:1823,0
DA:1824,0
DA:1825,0
DA:1826,0
DA:1832,1
DA:1833,1
DA:1834,1
DA:1835,1
DA:1836,1
DA:1837,1
DA:1838,1
DA:1839,1
DA:1840,0
DA:1841,0
DA:1847,1
DA:1848,1
DA:1849,1
DA:1850,1
DA:1851,0
DA:1852,0
DA:1853,0
DA:1854,0
DA:1855,0
DA:1856,0
DA:1857,0
DA:1863,1
DA:1864,1
DA:1865,1
DA:1866,0
DA:1867,0
DA:1868,0
DA:1869,0
DA:1870,0
DA:1871,0
DA:1872,0
DA:1877,1
DA:1879,1
DA:1880,0
DA:1882,0
DA:1883,0
DA:1884,0
DA:1886,1
DA:1887,0
DA:1889,0
DA:1890,0
DA:1891,0
DA:1893,1
DA:1894,0
DA:1895,0
DA:1897,0
DA:1900,0
DA:1901,0
DA:1902,0
DA:1904,1
DA:1905,0
DA:1906,0
DA:1907,0
DA:1909,0
DA:1911,0
DA:1912,0
DA:1913,0
DA:1915,1
DA:1916,0
DA:1918,0
DA:1919,0
DA:1920,0
DA:1922,1
DA:1923,0
DA:1925,0
DA:1926,0
DA:1927,0
DA:1929,1
DA:1930,0
DA:1932,0
DA:1934,0
DA:1935,0
DA:1937,0
DA:1938,0
DA:1939,0
DA:1942,0
DA:1943,0
DA:1946,0
DA:1950,0
DA:1953,1
DA:1957,1
DA:1960,1
DA:1961,1
DA:1962,1
DA:1963,1
DA:1964,1
DA:1965,1
DA:1966,0
DA:1972,1
DA:1973,1
DA:1974,1
DA:1975,1
DA:1976,1
DA:1977,1
DA:1980,1
DA:1981,1
DA:1982,0
DA:1983,1
DA:1984,0
DA:1986,1
DA:1989,1
DA:1990,1
DA:1991,0
DA:1992,0
DA:1993,0
DA:1994,0
DA:1996,1
DA:2002,4
DA:2003,4
DA:2005,4
DA:2006,4
DA:2007,2
DA:2008,2
DA:2011,2
DA:2012,2
DA:2013,2
DA:2014,2
DA:2015,3
DA:2016,3
DA:2017,3
DA:2018,3
DA:2020,3
DA:2021,0
DA:2022,0
DA:2025,3
DA:2026,2
DA:2027,2
DA:2028,1
DA:2030,1
DA:2034,3
DA:2035,3
DA:2036,3
DA:2038,3
DA:2039,3
DA:2047,2
DA:2048,2
DA:2049,1
DA:2051,0
DA:2053,0
DA:2057,1
DA:2058,0
DA:2061,1
DA:2062,1
DA:2063,1
DA:2064,1
DA:2065,1
DA:2066,1
DA:2067,1
DA:2068,1
DA:2072,1
DA:2074,1
DA:2075,1
DA:2076,1
DA:2077,1
DA:2078,1
DA:2079,1
DA:2083,1
DA:2084,0
DA:2087,1
DA:2088,1
DA:2100,3
DA:2101,3
DA:2102,3
DA:2103,3
DA:2104,3
DA:2105,3
DA:2106,3
DA:2107,3
DA:2108,3
DA:2109,3
DA:2110,3
DA:2111,3
DA:2113,3
DA:2123,3
DA:2124,3
DA:2126,3
DA:2127,1
DA:2128,1
DA:2131,2
DA:2132,2
DA:2133,1
DA:2134,1
DA:2135,1
DA:2136,1
DA:2137,1
DA:2140,2
DA:2141,2
DA:2145,2
DA:2146,2
DA:2148,2
DA:2149,2
DA:2150,2
DA:2151,2
DA:2153,2
DA:2154,0
DA:2155,0
DA:2158,2
DA:2161,2
DA:2164,2
DA:2165,2
DA:2166,2
DA:2167,2
DA:2168,5
DA:2169,5
DA:2171,6
DA:2175,21
DA:2176,1
DA:2178,0
DA:2181,0
DA:2183,0
DA:2184,0
DA:2185,0
DA:2187,0
DA:2188,0
DA:2189,0
DA:2190,0
DA:2191,0
DA:2194,0
DA:2195,0
DA:2196,0
DA:2197,0
DA:2201,2
DA:2202,2
DA:2203,1
DA:2204,1
DA:2205,1
DA:2206,1
DA:2207,0
DA:2209,1
DA:2212,1
DA:2213,1
DA:2214,1
DA:2215,1
DA:2217,1
DA:2218,1
DA:2219,1
DA:2222,1
DA:2223,0
DA:2226,1
DA:2227,1
DA:2228,1
DA:2229,1
DA:2230,1
DA:2235,1
DA:2236,1
DA:2237,1
DA:2238,1
DA:2239,1
DA:2240,1
DA:2246,1
DA:2247,1
DA:2249,1
DA:2250,1
DA:2252,0
DA:2253,0
DA:2254,0
DA:2256,0
DA:2260,1
DA:2261,3
DA:2263,1
DA:2264,1
DA:2265,1
DA:2266,1
DA:2267,1
DA:2273,1
DA:2275,1
DA:2276,1
DA:2277,1
DA:2278,1
DA:2279,1
DA:2280,1
DA:2283,1
DA:2287,1
DA:2288,1
DA:2291,1
DA:2292,1
DA:2293,1
DA:2294,1
DA:2295,0
DA:2303,1
DA:2306,1
DA:2307,1
DA:2311,1
DA:2312,1
DA:2313,1
DA:2314,1
DA:2315,0
DA:2323,1
DA:2326,1
DA:2327,1
DA:2331,1
DA:2332,1
DA:2333,2
DA:2334,2
DA:2335,2
DA:2337,2
DA:2338,2
DA:2339,0
DA:2341,0
DA:2342,0
DA:2343,0
DA:2345,0
DA:2347,2
DA:2348,2
DA:2354,3
DA:2356,3
DA:2358,3
DA:2359,3
DA:2361,3
DA:2362,0
DA:2366,3
DA:2367,3
DA:2368,3
DA:2369,3
DA:2371,3
DA:2372,1
DA:2379,0
DA:2382,2
DA:2383,4
DA:2384,8
DA:2385,8
DA:2386,8
DA:2387,8
DA:2388,8
DA:2389,0
DA:2390,0
DA:2397,3
DA:2398,3
DA:2402,3
DA:2403,0
DA:2407,3
DA:2408,0
DA:2411,3
DA:2413,3
DA:2414,0
DA:2418,3
DA:2419,1
DA:2423,3
DA:2424,1
DA:2427,3
DA:2430,3
DA:2431,0
DA:2435,3
DA:2436,0
DA:2440,3
DA:2441,0
DA:2445,3
DA:2446,3
DA:2449,3
DA:2451,3
DA:2452,1
DA:2453,1
DA:2454,1
DA:2455,1
DA:2456,1
DA:2460,3
DA:2461,3
DA:2462,0
DA:2463,0
DA:2464,0
DA:2469,5
DA:2471,2
DA:2472,2
DA:2473,2
DA:2474,2
DA:2475,2
DA:2476,2
DA:2480,2
DA:2481,2
DA:2484,0
DA:2485,0
DA:2486,0
DA:2487,0
DA:2488,0
DA:2493,0
DA:2498,0
DA:2499,0
DA:2502,0
DA:2503,0
DA:2507,0
DA:2509,0
DA:2510,0
DA:2515,0
DA:2516,0
DA:2519,0
DA:2523,0
DA:2524,0
DA:2529,35
LF:1400
LH:907
BRDA:3,0,0,12
BRDA:3,0,1,0
BRDA:6,1,0,12
BRDA:6,1,1,0
BRDA:10,2,0,12
BRDA:10,2,1,0
BRDA:13,3,0,12
BRDA:13,3,1,0
BRDA:27,4,0,0
BRDA:27,4,1,11
BRDA:27,5,0,11
BRDA:27,5,1,11
BRDA:76,6,0,0
BRDA:76,6,1,11
BRDA:76,7,0,11
BRDA:76,7,1,0
BRDA:83,8,0,8
BRDA:83,8,1,1
BRDA:83,9,0,9
BRDA:83,9,1,8
BRDA:87,10,0,15
BRDA:87,10,1,6
BRDA:87,11,0,21
BRDA:87,11,1,21
BRDA:87,11,2,15
BRDA:97,12,0,0
BRDA:97,12,1,11
BRDA:97,13,0,11
BRDA:97,13,1,0
BRDA:100,14,0,11
BRDA:100,14,1,0
BRDA:106,15,0,11
BRDA:106,15,1,11
BRDA:114,16,0,3
BRDA:114,16,1,2
BRDA:114,16,2,2
BRDA:114,16,3,2
BRDA:118,17,0,2
BRDA:118,17,1,10
BRDA:119,18,0,8
BRDA:119,18,1,4
BRDA:126,19,0,8
BRDA:126,19,1,8
BRDA:127,20,0,8
BRDA:127,20,1,8
BRDA:153,21,0,2
BRDA:153,21,1,0
BRDA:154,22,0,1
BRDA:154,22,1,1
BRDA:154,23,0,2
BRDA:154,23,1,2
BRDA:154,23,2,1
BRDA:154,23,3,1
BRDA:175,24,0,4
BRDA:175,24,1,0
BRDA:176,25,0,4
BRDA:176,25,1,4
BRDA:176,25,2,2
BRDA:176,25,3,4
BRDA:176,25,4,4
BRDA:176,25,5,1
BRDA:180,26,0,0
BRDA:180,26,1,11
BRDA:181,27,0,0
BRDA:181,27,1,11
BRDA:183,28,0,0
BRDA:183,28,1,11
BRDA:189,29,0,0
BRDA:189,29,1,41
BRDA:190,30,0,0
BRDA:190,30,1,41
BRDA:192,31,0,0
BRDA:192,31,1,41
BRDA:198,32,0,0
BRDA:198,32,1,6
BRDA:199,33,0,6
BRDA:199,33,1,0
BRDA:200,34,0,2
BRDA:200,34,1,4
BRDA:200,35,0,6
BRDA:200,35,1,2
BRDA:201,36,0,1
BRDA:201,36,1,5
BRDA:201,37,0,6
BRDA:201,37,1,1
BRDA:204,38,0,1
BRDA:204,38,1,5
BRDA:208,39,0,1
BRDA:208,39,1,5
BRDA:219,40,0,0
BRDA:219,40,1,8
BRDA:219,41,0,8
BRDA:219,41,1,8
BRDA:220,42,0,0
BRDA:220,42,1,8
BRDA:222,43,0,0
BRDA:222,43,1,8
BRDA:223,44,0,1
BRDA:223,44,1,7
BRDA:225,45,0,4
BRDA:225,45,1,3
BRDA:235,46,0,0
BRDA:235,46,1,0
BRDA:245,47,0,3
BRDA:245,47,1,1
BRDA:247,48,0,3
BRDA:247,48,1,0
BRDA:250,49,0,3
BRDA:250,49,1,2
BRDA:250,50,0,5
BRDA:250,50,1,5
BRDA:250,50,2,4
BRDA:250,50,3,3
BRDA:257,51,0,1
BRDA:257,51,1,1
BRDA:257,52,0,2
BRDA:257,52,1,1
BRDA:261,53,0,0
BRDA:261,53,1,1
BRDA:274,54,0,1
BRDA:274,54,1,0
BRDA:274,55,0,1
BRDA:274,55,1,1
BRDA:283,56,0,0
BRDA:283,56,1,0
BRDA:315,57,0,12
BRDA:315,57,1,9
BRDA:315,58,0,21
BRDA:315,58,1,9
BRDA:320,59,0,12
BRDA:320,59,1,0
BRDA:327,60,0,0
BRDA:327,60,1,12
BRDA:330,61,0,0
BRDA:330,61,1,0
BRDA:330,62,0,0
BRDA:330,62,1,0
BRDA:330,62,2,0
BRDA:331,63,0,0
BRDA:331,63,1,0
BRDA:331,64,0,0
BRDA:331,64,1,0
BRDA:333,65,0,0
BRDA:333,65,1,0
BRDA:334,66,0,0
BRDA:334,66,1,0
BRDA:346,67,0,48
BRDA:346,67,1,48
BRDA:346,68,0,96
BRDA:346,68,1,48
BRDA:352,69,0,12
BRDA:352,69,1,0
BRDA:353,70,0,0
BRDA:353,70,1,12
BRDA:354,71,0,0
BRDA:354,71,1,12
BRDA:394,72,0,2
BRDA:394,72,1,19
BRDA:403,73,0,4
BRDA:403,73,1,17
BRDA:403,74,0,21
BRDA:403,74,1,21
BRDA:411,75,0,2
BRDA:411,75,1,19
BRDA:413,76,0,2
BRDA:413,76,1,0
BRDA:416,77,0,2
BRDA:416,77,1,0
BRDA:423,78,0,0
BRDA:423,78,1,21
BRDA:423,79,0,0
BRDA:423,79,1,0
BRDA:443,80,0,22
BRDA:443,80,1,0
BRDA:446,81,0,1
BRDA:447,82,0,1
BRDA:447,82,1,0
BRDA:450,83,0,1
BRDA:450,83,1,0
BRDA:450,83,2,0
BRDA:452,84,0,1
BRDA:452,84,1,0
BRDA:460,85,0,0
BRDA:460,85,1,0
BRDA:460,86,0,0
BRDA:460,86,1,0
BRDA:463,87,0,0
BRDA:463,87,1,0
BRDA:471,88,0,0
BRDA:472,89,0,0
BRDA:472,89,1,0
BRDA:474,90,0,0
BRDA:474,90,1,0
BRDA:475,91,0,0
BRDA:475,91,1,0
BRDA:482,92,0,0
BRDA:482,92,1,0
BRDA:483,93,0,0
BRDA:483,93,1,0
BRDA:484,94,0,0
BRDA:484,94,1,0
BRDA:485,95,0,0
BRDA:485,95,1,0
BRDA:489,96,0,0
BRDA:490,97,0,0
BRDA:490,97,1,0
BRDA:491,98,0,0
BRDA:491,98,1,0
BRDA:491,98,2,0
BRDA:498,99,0,0
BRDA:498,99,1,0
BRDA:498,100,0,0
BRDA:498,100,1,0
BRDA:498,100,2,0
BRDA:498,100,3,0
BRDA:499,101,0,0
BRDA:499,101,1,0
BRDA:508,102,0,0
BRDA:509,103,0,0
BRDA:509,103,1,0
BRDA:509,104,0,0
BRDA:509,104,1,0
BRDA:513,105,0,0
BRDA:513,106,0,0
BRDA:514,107,0,0
BRDA:514,107,1,0
BRDA:519,108,0,0
BRDA:520,109,0,0
BRDA:520,109,1,0
BRDA:525,110,0,0
BRDA:525,110,1,0
BRDA:526,111,0,0
BRDA:526,111,1,0
BRDA:527,112,0,0
BRDA:527,112,1,0
BRDA:527,113,0,0
BRDA:527,113,1,0
BRDA:528,114,0,0
BRDA:528,114,1,0
BRDA:533,115,0,0
BRDA:533,115,1,0
BRDA:533,116,0,0
BRDA:533,116,1,0
BRDA:538,117,0,0
BRDA:538,117,1,1
BRDA:538,118,0,1
BRDA:538,118,1,1
BRDA:538,118,2,1
BRDA:539,119,0,0
BRDA:539,119,1,1
BRDA:540,120,0,0
BRDA:540,120,1,0
BRDA:543,121,0,0
BRDA:543,121,1,0
BRDA:543,122,0,0
BRDA:543,122,1,0
BRDA:545,123,0,0
BRDA:545,123,1,0
BRDA:545,124,0,0
BRDA:545,124,1,0
BRDA:548,125,0,0
BRDA:548,125,1,0
BRDA:548,126,0,0
BRDA:548,126,1,0
BRDA:554,127,0,0
BRDA:554,127,1,1
BRDA:556,128,0,0
BRDA:556,128,1,0
BRDA:558,129,0,0
BRDA:558,129,1,0
BRDA:568,130,0,1
BRDA:568,130,1,0
BRDA:571,131,0,1
BRDA:571,131,1,0
BRDA:571,132,0,1
BRDA:571,132,1,1
BRDA:578,133,0,1
BRDA:578,133,1,0
BRDA:587,134,0,0
BRDA:589,135,0,2
BRDA:589,135,1,0
BRDA:590,136,0,0
BRDA:590,136,1,2
BRDA:591,137,0,2
BRDA:591,137,1,0
BRDA:592,138,0,2
BRDA:592,138,1,0
BRDA:593,139,0,2
BRDA:593,139,1,0
BRDA:594,140,0,2
BRDA:594,140,1,0
BRDA:599,141,0,21
BRDA:599,141,1,1
BRDA:599,142,0,22
BRDA:599,142,1,22
BRDA:603,143,0,0
BRDA:603,143,1,2
BRDA:605,144,0,0
BRDA:605,144,1,2
BRDA:612,145,0,1
BRDA:612,145,1,0
BRDA:615,146,0,1
BRDA:615,146,1,0
BRDA:621,147,0,15
BRDA:621,147,1,9
BRDA:621,148,0,24
BRDA:621,148,1,24
BRDA:621,148,2,24
BRDA:628,149,0,9
BRDA:628,149,1,2
BRDA:639,150,0,2
BRDA:639,150,1,19
BRDA:647,151,0,0
BRDA:647,151,1,15
BRDA:647,152,0,15
BRDA:647,152,1,15
BRDA:647,152,2,15
BRDA:658,153,0,14
BRDA:658,153,1,0
BRDA:664,154,0,1
BRDA:664,154,1,14
BRDA:669,155,0,0
BRDA:669,155,1,15
BRDA:672,156,0,0
BRDA:672,156,1,15
BRDA:672,157,0,15
BRDA:672,157,1,1
BRDA:674,158,0,0
BRDA:674,158,1,0
BRDA:681,159,0,8
BRDA:681,159,1,15
BRDA:681,160,0,23
BRDA:681,160,1,19
BRDA:684,161,0,15
BRDA:684,161,1,0
BRDA:686,162,0,15
BRDA:686,162,1,0
BRDA:689,163,0,0
BRDA:689,163,1,0
BRDA:694,164,0,0
BRDA:695,165,0,0
BRDA:695,165,1,0
BRDA:695,166,0,0
BRDA:695,166,1,0
BRDA:703,167,0,0
BRDA:703,167,1,0
BRDA:708,168,0,0
BRDA:708,168,1,0
BRDA:717,169,0,0
BRDA:717,169,1,0
BRDA:725,170,0,0
BRDA:725,170,1,3
BRDA:726,171,0,0
BRDA:726,171,1,3
BRDA:729,172,0,1
BRDA:729,172,1,2
BRDA:729,173,0,3
BRDA:729,173,1,1
BRDA:731,174,0,1
BRDA:731,174,1,1
BRDA:731,175,0,2
BRDA:731,175,1,1
BRDA:735,176,0,2
BRDA:735,176,1,1
BRDA:744,177,0,0
BRDA:744,177,1,0
BRDA:744,178,0,0
BRDA:744,178,1,0
BRDA:752,179,0,1
BRDA:752,179,1,1
BRDA:752,180,0,2
BRDA:752,180,1,1
BRDA:759,181,0,2
BRDA:759,181,1,3
BRDA:759,182,0,5
BRDA:759,182,1,5
BRDA:761,183,0,0
BRDA:761,183,1,3
BRDA:761,184,0,3
BRDA:761,184,1,0
BRDA:771,185,0,1
BRDA:771,185,1,10
BRDA:771,186,0,11
BRDA:771,186,1,11
BRDA:771,186,2,10
BRDA:772,187,0,10
BRDA:772,187,1,0
BRDA:776,188,0,0
BRDA:776,188,1,9
BRDA:780,189,0,0
BRDA:781,190,0,0
BRDA:781,190,1,8
BRDA:781,191,0,8
BRDA:781,191,1,8
BRDA:782,192,0,0
BRDA:782,192,1,8
BRDA:785,193,0,2
BRDA:785,193,1,6
BRDA:785,194,0,8
BRDA:785,194,1,3
BRDA:788,195,0,2
BRDA:788,195,1,0
BRDA:788,196,0,2
BRDA:788,196,1,0
BRDA:788,196,2,0
BRDA:793,197,0,1
BRDA:793,197,1,5
BRDA:793,198,0,6
BRDA:793,198,1,1
BRDA:794,199,0,1
BRDA:794,199,1,0
BRDA:794,200,0,1
BRDA:794,200,1,0
BRDA:795,201,0,1
BRDA:795,201,1,0
BRDA:796,202,0,1
BRDA:796,202,1,0
BRDA:802,203,0,5
BRDA:802,203,1,0
BRDA:802,203,2,0
BRDA:803,204,0,5
BRDA:803,204,1,2
BRDA:804,205,0,5
BRDA:804,205,1,0
BRDA:805,206,0,5
BRDA:805,206,1,4
BRDA:806,207,0,5
BRDA:806,207,1,4
BRDA:807,208,0,5
BRDA:807,208,1,5
BRDA:815,209,0,0
BRDA:815,209,1,8
BRDA:815,210,0,8
BRDA:815,210,1,8
BRDA:815,210,2,8
BRDA:818,211,0,0
BRDA:818,211,1,8
BRDA:820,212,0,1
BRDA:820,212,1,0
BRDA:820,212,2,2
BRDA:820,212,3,0
BRDA:820,212,4,1
BRDA:820,212,5,4
BRDA:869,213,0,1
BRDA:869,213,1,0
BRDA:869,214,0,1
BRDA:869,214,1,0
BRDA:873,215,0,0
BRDA:873,215,1,3
BRDA:873,216,0,3
BRDA:873,216,1,3
BRDA:874,217,0,1
BRDA:874,217,1,2
BRDA:874,218,0,3
BRDA:874,218,1,1
BRDA:874,218,2,1
BRDA:882,219,0,0
BRDA:882,219,1,2
BRDA:882,220,0,2
BRDA:882,220,1,2
BRDA:882,220,2,2
BRDA:882,220,3,2
BRDA:884,221,0,2
BRDA:884,221,1,0
BRDA:888,222,0,2
BRDA:888,222,1,3
BRDA:888,223,0,5
BRDA:888,223,1,5
BRDA:895,224,0,1
BRDA:895,224,1,4
BRDA:896,225,0,1
BRDA:896,225,1,0
BRDA:899,226,0,3
BRDA:899,226,1,2
BRDA:900,227,0,3
BRDA:900,227,1,0
BRDA:901,228,0,2
BRDA:901,228,1,1
BRDA:902,229,0,2
BRDA:902,229,1,2
BRDA:903,230,0,2
BRDA:903,230,1,2
BRDA:905,231,0,2
BRDA:905,231,1,0
BRDA:905,231,2,0
BRDA:906,232,0,2
BRDA:906,232,1,0
BRDA:906,233,0,2
BRDA:906,233,1,2
BRDA:914,234,0,0
BRDA:914,234,1,5
BRDA:923,235,0,6
BRDA:923,235,1,6
BRDA:923,235,2,4
BRDA:929,236,0,1
BRDA:929,236,1,2
BRDA:929,237,0,3
BRDA:929,237,1,2
BRDA:931,238,0,1
BRDA:931,238,1,1
BRDA:935,239,0,1
BRDA:935,239,1,1
BRDA:942,240,0,0
BRDA:942,240,1,1
BRDA:942,241,0,1
BRDA:942,241,1,1
BRDA:946,242,0,1
BRDA:946,242,1,0
BRDA:947,243,0,0
BRDA:947,243,1,1
BRDA:953,244,0,8
BRDA:953,244,1,0
BRDA:963,245,0,1
BRDA:963,245,1,0
BRDA:964,246,0,1
BRDA:964,246,1,0
BRDA:970,247,0,0
BRDA:970,247,1,1
BRDA:970,248,0,1
BRDA:970,248,1,1
BRDA:974,249,0,1
BRDA:974,249,1,0
BRDA:975,250,0,0
BRDA:975,250,1,1
BRDA:981,251,0,8
BRDA:981,251,1,0
BRDA:991,252,0,1
BRDA:991,252,1,0
BRDA:992,253,0,1
BRDA:992,253,1,0
BRDA:997,254,0,1
BRDA:997,254,1,0
BRDA:997,255,0,1
BRDA:997,255,1,1
BRDA:997,255,2,0
BRDA:1006,256,0,0
BRDA:1006,256,1,0
BRDA:1006,257,0,0
BRDA:1006,257,1,0
BRDA:1006,257,2,0
BRDA:1009,258,0,0
BRDA:1009,258,1,0
BRDA:1009,258,2,0
BRDA:1009,258,3,0
BRDA:1009,258,4,0
BRDA:1009,258,5,0
BRDA:1027,259,0,0
BRDA:1027,259,1,1
BRDA:1027,260,0,1
BRDA:1027,260,1,1
BRDA:1027,260,2,1
BRDA:1029,261,0,1
BRDA:1029,261,1,0
BRDA:1035,262,0,0
BRDA:1035,262,1,49
BRDA:1035,263,0,49
BRDA:1035,263,1,49
BRDA:1035,263,2,49
BRDA:1035,263,3,49
BRDA:1036,264,0,29
BRDA:1036,264,1,20
BRDA:1042,265,0,1
BRDA:1042,265,1,0
BRDA:1045,266,0,1
BRDA:1045,266,1,0
BRDA:1052,267,0,0
BRDA:1052,267,1,1
BRDA:1052,268,0,1
BRDA:1052,268,1,1
BRDA:1054,269,0,1
BRDA:1054,269,1,0
BRDA:1054,269,2,0
BRDA:1055,270,0,1
BRDA:1055,270,1,0
BRDA:1056,271,0,1
BRDA:1056,271,1,0
BRDA:1058,272,0,1
BRDA:1058,272,1,1
BRDA:1058,272,2,1
BRDA:1059,273,0,1
BRDA:1059,273,1,1
BRDA:1059,273,2,1
BRDA:1064,274,0,0
BRDA:1064,274,1,1
BRDA:1065,275,0,0
BRDA:1065,275,1,0
BRDA:1075,276,0,0
BRDA:1075,276,1,1
BRDA:1075,277,0,1
BRDA:1075,277,1,1
BRDA:1081,278,0,1
BRDA:1081,278,1,0
BRDA:1085,279,0,1
BRDA:1085,279,1,0
BRDA:1091,280,0,0
BRDA:1092,281,0,0
BRDA:1092,281,1,2
BRDA:1092,282,0,2
BRDA:1092,282,1,2
BRDA:1092,282,2,2
BRDA:1098,283,0,0
BRDA:1098,283,1,2
BRDA:1098,284,0,2
BRDA:1098,284,1,0
BRDA:1099,285,0,0
BRDA:1099,285,1,2
BRDA:1099,286,0,2
BRDA:1099,286,1,2
BRDA:1099,286,2,2
BRDA:1099,286,3,2
BRDA:1100,287,0,0
BRDA:1100,287,1,2
BRDA:1106,288,0,0
BRDA:1106,288,1,2
BRDA:1106,289,0,2
BRDA:1106,289,1,1
BRDA:1114,290,0,2
BRDA:1114,290,1,2
BRDA:1117,291,0,2
BRDA:1117,291,1,0
BRDA:1125,292,0,0
BRDA:1125,292,1,0
BRDA:1125,293,0,0
BRDA:1125,293,1,0
BRDA:1127,294,0,0
BRDA:1127,294,1,0
BRDA:1128,295,0,0
BRDA:1128,295,1,0
BRDA:1130,296,0,0
BRDA:1130,296,1,0
BRDA:1134,297,0,0
BRDA:1134,297,1,0
BRDA:1134,297,2,0
BRDA:1136,298,0,0
BRDA:1136,298,1,0
BRDA:1142,299,0,0
BRDA:1142,299,1,0
BRDA:1149,300,0,0
BRDA:1149,300,1,0
BRDA:1150,301,0,0
BRDA:1150,301,1,0
BRDA:1155,302,0,0
BRDA:1156,303,0,0
BRDA:1156,303,1,1
BRDA:1156,304,0,1
BRDA:1156,304,1,1
BRDA:1156,304,2,1
BRDA:1158,305,0,1
BRDA:1158,305,1,0
BRDA:1159,306,0,1
BRDA:1159,306,1,1
BRDA:1160,307,0,1
BRDA:1160,307,1,0
BRDA:1160,307,2,0
BRDA:1161,308,0,1
BRDA:1161,308,1,1
BRDA:1162,309,0,1
BRDA:1162,309,1,0
BRDA:1169,310,0,1
BRDA:1169,310,1,0
BRDA:1169,311,0,0
BRDA:1169,311,1,0
BRDA:1169,312,0,0
BRDA:1169,312,1,0
BRDA:1176,313,0,1
BRDA:1176,313,1,0
BRDA:1179,314,0,1
BRDA:1179,314,1,1
BRDA:1180,315,0,1
BRDA:1180,315,1,1
BRDA:1183,316,0,1
BRDA:1183,316,1,0
BRDA:1184,317,0,1
BRDA:1184,317,1,0
BRDA:1189,318,0,0
BRDA:1190,319,0,0
BRDA:1190,319,1,0
BRDA:1190,320,0,0
BRDA:1190,320,1,0
BRDA:1191,321,0,0
BRDA:1191,321,1,0
BRDA:1192,322,0,0
BRDA:1192,322,1,0
BRDA:1192,323,0,0
BRDA:1192,323,1,0
BRDA:1197,324,0,0
BRDA:1197,324,1,0
BRDA:1197,325,0,0
BRDA:1197,325,1,0
BRDA:1197,326,0,0
BRDA:1197,326,1,0
BRDA:1198,327,0,0
BRDA:1198,327,1,0
BRDA:1200,328,0,0
BRDA:1200,328,1,0
BRDA:1208,329,0,0
BRDA:1209,330,0,0
BRDA:1209,330,1,0
BRDA:1209,331,0,0
BRDA:1209,331,1,0
BRDA:1209,331,2,0
BRDA:1210,332,0,0
BRDA:1210,332,1,0
BRDA:1211,333,0,0
BRDA:1211,333,1,0
BRDA:1214,334,0,0
BRDA:1214,334,1,0
BRDA:1214,335,0,0
BRDA:1214,335,1,0
BRDA:1216,336,0,0
BRDA:1216,336,1,0
BRDA:1219,337,0,0
BRDA:1219,337,1,0
BRDA:1219,338,0,0
BRDA:1219,338,1,0
BRDA:1219,339,0,0
BRDA:1219,339,1,0
BRDA:1220,340,0,0
BRDA:1220,340,1,0
BRDA:1222,341,0,0
BRDA:1222,341,1,0
BRDA:1237,342,0,0
BRDA:1237,342,1,0
BRDA:1241,343,0,0
BRDA:1241,343,1,2
BRDA:1241,344,0,2
BRDA:1241,344,1,2
BRDA:1244,345,0,2
BRDA:1244,345,1,0
BRDA:1246,346,0,2
BRDA:1246,346,1,0
BRDA:1247,347,0,1
BRDA:1247,347,1,1
BRDA:1248,348,0,1
BRDA:1248,348,1,0
BRDA:1249,349,0,0
BRDA:1249,349,1,2
BRDA:1249,350,0,2
BRDA:1249,350,1,2
BRDA:1250,351,0,0
BRDA:1250,351,1,2
BRDA:1251,352,0,2
BRDA:1251,352,1,0
BRDA:1252,353,0,0
BRDA:1252,353,1,2
BRDA:1252,354,0,2
BRDA:1252,354,1,0
BRDA:1252,355,0,0
BRDA:1252,355,1,2
BRDA:1252,356,0,2
BRDA:1252,356,1,0
BRDA:1253,357,0,0
BRDA:1253,357,1,2
BRDA:1260,358,0,2
BRDA:1260,358,1,0
BRDA:1261,359,0,2
BRDA:1261,359,1,0
BRDA:1264,360,0,1
BRDA:1264,360,1,0
BRDA:1264,361,0,1
BRDA:1264,361,1,1
BRDA:1265,362,0,1
BRDA:1265,362,1,0
BRDA:1267,363,0,1
BRDA:1267,363,1,0
BRDA:1267,364,0,1
BRDA:1267,364,1,1
BRDA:1270,365,0,1
BRDA:1270,365,1,0
BRDA:1271,366,0,1
BRDA:1271,366,1,0
BRDA:1271,367,0,1
BRDA:1271,367,1,1
BRDA:1271,368,0,0
BRDA:1271,368,1,1
BRDA:1271,369,0,1
BRDA:1271,369,1,1
BRDA:1272,370,0,1
BRDA:1272,370,1,0
BRDA:1285,371,0,2
BRDA:1285,371,1,0
BRDA:1286,372,0,1
BRDA:1286,372,1,1
BRDA:1291,373,0,2
BRDA:1291,373,1,0
BRDA:1294,374,0,2
BRDA:1294,374,1,0
BRDA:1302,375,0,0
BRDA:1302,375,1,1
BRDA:1303,376,0,0
BRDA:1303,376,1,0
BRDA:1312,377,0,1
BRDA:1312,377,1,0
BRDA:1313,378,0,1
BRDA:1313,378,1,0
BRDA:1314,379,0,1
BRDA:1314,379,1,0
BRDA:1315,380,0,1
BRDA:1315,380,1,0
BRDA:1317,381,0,5
BRDA:1317,381,1,4
BRDA:1321,382,0,0
BRDA:1321,382,1,4
BRDA:1321,383,0,4
BRDA:1321,383,1,0
BRDA:1321,384,0,0
BRDA:1321,384,1,4
BRDA:1321,385,0,4
BRDA:1321,385,1,0
BRDA:1322,386,0,0
BRDA:1322,386,1,4
BRDA:1328,387,0,4
BRDA:1328,387,1,4
BRDA:1333,388,0,1
BRDA:1333,388,1,3
BRDA:1341,389,0,4
BRDA:1341,389,1,0
BRDA:1344,390,0,4
BRDA:1344,390,1,0
BRDA:1356,391,0,0
BRDA:1356,392,0,0
BRDA:1359,393,0,5
BRDA:1359,393,1,0
BRDA:1360,394,0,10
BRDA:1360,394,1,15
BRDA:1360,395,0,25
BRDA:1360,395,1,25
BRDA:1360,395,2,25
BRDA:1362,396,0,4
BRDA:1362,396,1,11
BRDA:1371,397,0,0
BRDA:1371,397,1,1
BRDA:1371,398,0,1
BRDA:1371,398,1,1
BRDA:1373,399,0,1
BRDA:1373,399,1,0
BRDA:1373,399,2,0
BRDA:1373,400,0,1
BRDA:1373,400,1,0
BRDA:1374,401,0,1
BRDA:1374,401,1,1
BRDA:1374,401,2,1
BRDA:1375,402,0,1
BRDA:1375,402,1,1
BRDA:1375,402,2,1
BRDA:1378,403,0,1
BRDA:1378,403,1,0
BRDA:1389,404,0,1
BRDA:1389,404,1,0
BRDA:1390,405,0,1
BRDA:1390,405,1,0
BRDA:1393,406,0,1
BRDA:1393,406,1,0
BRDA:1394,407,0,0
BRDA:1394,407,1,1
BRDA:1394,408,0,1
BRDA:1394,408,1,1
BRDA:1395,409,0,1
BRDA:1395,409,1,0
BRDA:1400,410,0,1
BRDA:1400,410,1,0
BRDA:1407,411,0,0
BRDA:1407,411,1,1
BRDA:1408,412,0,1
BRDA:1408,412,1,1
BRDA:1408,413,0,1
BRDA:1408,413,1,0
BRDA:1409,414,0,1
BRDA:1409,414,1,0
BRDA:1410,415,0,1
BRDA:1410,415,1,0
BRDA:1411,416,0,1
BRDA:1411,416,1,0
BRDA:1414,417,0,1
BRDA:1414,417,1,0
BRDA:1421,418,0,1
BRDA:1421,418,1,3
BRDA:1421,419,0,4
BRDA:1421,419,1,3
BRDA:1423,420,0,1
BRDA:1423,420,1,0
BRDA:1429,421,0,2
BRDA:1429,421,1,2
BRDA:1430,422,0,2
BRDA:1430,422,1,2
BRDA:1435,423,0,1
BRDA:1435,423,1,0
BRDA:1443,424,0,1
BRDA:1443,424,1,0
BRDA:1445,425,0,1
BRDA:1445,425,1,0
BRDA:1447,426,0,0
BRDA:1447,426,1,1
BRDA:1448,427,0,0
BRDA:1448,427,1,0
BRDA:1448,428,0,0
BRDA:1448,428,1,0
BRDA:1451,429,0,0
BRDA:1451,429,1,0
BRDA:1452,430,0,0
BRDA:1452,430,1,0
BRDA:1456,431,0,1
BRDA:1456,431,1,0
BRDA:1457,432,0,0
BRDA:1457,432,1,2
BRDA:1457,433,0,2
BRDA:1457,433,1,2
BRDA:1458,434,0,2
BRDA:1458,434,1,0
BRDA:1466,435,0,0
BRDA:1466,435,1,1
BRDA:1473,436,0,1
BRDA:1473,436,1,1
BRDA:1473,437,0,2
BRDA:1473,437,1,2
BRDA:1473,437,2,2
BRDA:1479,438,0,1
BRDA:1479,438,1,0
BRDA:1479,439,0,1
BRDA:1479,439,1,1
BRDA:1484,440,0,1
BRDA:1484,440,1,0
BRDA:1488,441,0,0
BRDA:1488,441,1,0
BRDA:1488,442,0,0
BRDA:1488,442,1,0
BRDA:1489,443,0,0
BRDA:1489,443,1,0
BRDA:1496,444,0,2
BRDA:1496,444,1,1
BRDA:1496,445,0,3
BRDA:1496,445,1,3
BRDA:1498,446,0,1
BRDA:1498,446,1,1
BRDA:1499,447,0,0
BRDA:1499,447,1,0
BRDA:1504,448,0,0
BRDA:1504,448,1,0
BRDA:1509,449,0,0
BRDA:1509,449,1,0
BRDA:1513,450,0,0
BRDA:1513,450,1,0
BRDA:1519,451,0,0
BRDA:1519,451,1,0
BRDA:1532,452,0,1
BRDA:1532,452,1,1
BRDA:1534,453,0,0
BRDA:1534,453,1,0
BRDA:1536,454,0,0
BRDA:1536,454,1,0
BRDA:1536,455,0,0
BRDA:1536,455,1,0
BRDA:1541,456,0,0
BRDA:1541,456,1,0
BRDA:1557,457,0,0
BRDA:1557,457,1,0
BRDA:1572,458,0,0
BRDA:1572,458,1,0
BRDA:1578,459,0,0
BRDA:1578,459,1,1
BRDA:1581,460,0,1
BRDA:1581,460,1,0
BRDA:1584,461,0,0
BRDA:1584,461,1,1
BRDA:1584,462,0,1
BRDA:1584,462,1,1
BRDA:1593,463,0,0
BRDA:1593,463,1,1
BRDA:1599,464,0,0
BRDA:1599,464,1,1
BRDA:1606,465,0,0
BRDA:1606,465,1,0
BRDA:1606,466,0,0
BRDA:1606,466,1,0
BRDA:1606,466,2,0
BRDA:1606,466,3,0
BRDA:1608,467,0,0
BRDA:1608,467,1,0
BRDA:1622,468,0,0
BRDA:1622,468,1,1
BRDA:1624,469,0,0
BRDA:1624,469,1,0
BRDA:1624,470,0,0
BRDA:1624,470,1,0
BRDA:1626,471,0,0
BRDA:1626,471,1,0
BRDA:1646,472,0,0
BRDA:1646,472,1,1
BRDA:1646,473,0,1
BRDA:1646,473,1,1
BRDA:1654,474,0,1
BRDA:1654,474,1,0
BRDA:1658,475,0,1
BRDA:1658,475,1,0
BRDA:1658,476,0,1
BRDA:1658,476,1,1
BRDA:1662,477,0,0
BRDA:1662,477,1,0
BRDA:1662,478,0,0
BRDA:1662,478,1,0
BRDA:1662,478,2,0
BRDA:1662,478,3,0
BRDA:1663,479,0,0
BRDA:1663,479,1,0
BRDA:1664,480,0,0
BRDA:1664,480,1,0
BRDA:1681,481,0,0
BRDA:1681,481,1,0
BRDA:1684,482,0,0
BRDA:1684,482,1,0
BRDA:1684,483,0,0
BRDA:1684,483,1,0
BRDA:1685,484,0,0
BRDA:1685,484,1,0
BRDA:1686,485,0,0
BRDA:1686,485,1,0
BRDA:1693,486,0,0
BRDA:1693,486,1,0
BRDA:1693,487,0,0
BRDA:1693,487,1,0
BRDA:1693,488,0,0
BRDA:1693,488,1,0
BRDA:1693,489,0,0
BRDA:1693,489,1,0
BRDA:1695,490,0,0
BRDA:1695,490,1,0
BRDA:1703,491,0,0
BRDA:1703,491,1,0
BRDA:1710,492,0,0
BRDA:1710,492,1,0
BRDA:1711,493,0,0
BRDA:1711,493,1,0
BRDA:1714,494,0,0
BRDA:1714,494,1,0
BRDA:1714,495,0,0
BRDA:1714,495,1,0
BRDA:1714,496,0,0
BRDA:1714,496,1,0
BRDA:1715,497,0,0
BRDA:1715,497,1,0
BRDA:1715,498,0,0
BRDA:1715,498,1,0
BRDA:1716,499,0,0
BRDA:1716,499,1,0
BRDA:1718,500,0,0
BRDA:1718,500,1,0
BRDA:1720,501,0,0
BRDA:1720,501,1,0
BRDA:1720,502,0,0
BRDA:1720,502,1,0
BRDA:1722,503,0,0
BRDA:1722,503,1,0
BRDA:1729,504,0,0
BRDA:1729,504,1,0
BRDA:1729,505,0,0
BRDA:1729,505,1,0
BRDA:1731,506,0,0
BRDA:1731,506,1,0
BRDA:1736,507,0,0
BRDA:1736,507,1,0
BRDA:1740,508,0,0
BRDA:1740,508,1,0
BRDA:1740,509,0,0
BRDA:1740,509,1,0
BRDA:1741,510,0,0
BRDA:1741,510,1,0
BRDA:1741,511,0,0
BRDA:1741,511,1,0
BRDA:1744,512,0,0
BRDA:1744,512,1,0
BRDA:1745,513,0,0
BRDA:1745,513,1,0
BRDA:1755,514,0,0
BRDA:1755,514,1,0
BRDA:1758,515,0,0
BRDA:1758,515,1,0
BRDA:1758,515,2,0
BRDA:1758,515,3,0
BRDA:1759,516,0,0
BRDA:1759,516,1,0
BRDA:1759,516,2,0
BRDA:1759,516,3,0
BRDA:1760,517,0,0
BRDA:1760,517,1,0
BRDA:1760,518,0,0
BRDA:1760,518,1,0
BRDA:1766,519,0,0
BRDA:1766,519,1,0
BRDA:1766,520,0,0
BRDA:1766,520,1,0
BRDA:1770,521,0,0
BRDA:1770,521,1,0
BRDA:1774,522,0,0
BRDA:1774,522,1,0
BRDA:1780,523,0,0
BRDA:1780,523,1,0
BRDA:1780,524,0,0
BRDA:1780,524,1,0
BRDA:1789,525,0,0
BRDA:1789,525,1,0
BRDA:1789,526,0,0
BRDA:1789,526,1,0
BRDA:1791,527,0,0
BRDA:1791,527,1,0
BRDA:1791,528,0,0
BRDA:1791,528,1,0
BRDA:1807,529,0,0
BRDA:1807,529,1,0
BRDA:1809,530,0,0
BRDA:1809,530,1,0
BRDA:1809,531,0,0
BRDA:1809,531,1,0
BRDA:1822,532,0,0
BRDA:1822,532,1,0
BRDA:1822,533,0,0
BRDA:1822,533,1,0
BRDA:1822,533,2,0
BRDA:1824,534,0,0
BRDA:1824,534,1,0
BRDA:1824,535,0,0
BRDA:1824,535,1,0
BRDA:1837,536,0,1
BRDA:1837,536,1,0
BRDA:1837,537,0,1
BRDA:1837,537,1,1
BRDA:1839,538,0,0
BRDA:1839,538,1,1
BRDA:1839,539,0,1
BRDA:1839,539,1,0
BRDA:1849,540,0,1
BRDA:1849,540,1,1
BRDA:1853,541,0,0
BRDA:1853,541,1,0
BRDA:1855,542,0,0
BRDA:1855,542,1,0
BRDA:1855,543,0,0
BRDA:1855,543,1,0
BRDA:1868,544,0,0
BRDA:1868,544,1,0
BRDA:1868,545,0,0
BRDA:1868,545,1,0
BRDA:1870,546,0,0
BRDA:1870,546,1,0
BRDA:1870,547,0,0
BRDA:1870,547,1,0
BRDA:1879,548,0,0
BRDA:1879,548,1,1
BRDA:1882,549,0,0
BRDA:1882,549,1,0
BRDA:1886,550,0,0
BRDA:1886,550,1,1
BRDA:1889,551,0,0
BRDA:1889,551,1,0
BRDA:1893,552,0,0
BRDA:1893,552,1,1
BRDA:1894,553,0,0
BRDA:1894,553,1,0
BRDA:1900,554,0,0
BRDA:1900,554,1,0
BRDA:1900,555,0,0
BRDA:1900,555,1,0
BRDA:1904,556,0,0
BRDA:1904,556,1,1
BRDA:1907,557,0,0
BRDA:1907,557,1,0
BRDA:1911,558,0,0
BRDA:1911,558,1,0
BRDA:1915,559,0,0
BRDA:1915,559,1,1
BRDA:1918,560,0,0
BRDA:1918,560,1,0
BRDA:1922,561,0,0
BRDA:1922,561,1,1
BRDA:1923,562,0,0
BRDA:1923,562,1,0
BRDA:1925,563,0,0
BRDA:1925,563,1,0
BRDA:1929,564,0,0
BRDA:1929,564,1,1
BRDA:1932,565,0,0
BRDA:1932,565,1,0
BRDA:1934,566,0,0
BRDA:1934,566,1,0
BRDA:1938,567,0,0
BRDA:1938,567,1,0
BRDA:1942,568,0,0
BRDA:1942,568,1,0
BRDA:1960,569,0,1
BRDA:1960,569,1,0
BRDA:1965,570,0,0
BRDA:1965,570,1,1
BRDA:1965,571,0,1
BRDA:1965,571,1,0
BRDA:1972,572,0,0
BRDA:1972,572,1,1
BRDA:1974,573,0,1
BRDA:1974,573,1,0
BRDA:1974,574,0,1
BRDA:1974,574,1,1
BRDA:1981,575,0,0
BRDA:1981,575,1,1
BRDA:1983,576,0,0
BRDA:1983,576,1,1
BRDA:1989,577,0,1
BRDA:1989,577,1,0
BRDA:1989,578,0,1
BRDA:1989,578,1,1
BRDA:1989,578,2,1
BRDA:1990,579,0,0
BRDA:1990,579,1,1
BRDA:2003,580,0,0
BRDA:2003,580,1,4
BRDA:2003,581,0,4
BRDA:2003,581,1,4
BRDA:2003,581,2,4
BRDA:2006,582,0,2
BRDA:2006,582,1,2
BRDA:2013,583,0,1
BRDA:2013,583,1,1
BRDA:2016,584,0,2
BRDA:2016,584,1,1
BRDA:2016,585,0,1
BRDA:2016,585,1,0
BRDA:2016,586,0,1
BRDA:2016,586,1,1
BRDA:2017,587,0,2
BRDA:2017,587,1,1
BRDA:2017,588,0,1
BRDA:2017,588,1,0
BRDA:2017,589,0,1
BRDA:2017,589,1,1
BRDA:2020,590,0,0
BRDA:2020,590,1,3
BRDA:2021,591,0,0
BRDA:2021,591,1,0
BRDA:2021,592,0,0
BRDA:2021,592,1,0
BRDA:2025,593,0,2
BRDA:2025,593,1,1
BRDA:2025,594,0,3
BRDA:2025,594,1,2
BRDA:2027,595,0,1
BRDA:2027,595,1,1
BRDA:2035,596,0,3
BRDA:2035,596,1,0
BRDA:2038,597,0,3
BRDA:2038,597,1,0
BRDA:2039,598,0,2
BRDA:2039,598,1,1
BRDA:2041,599,0,1
BRDA:2041,599,1,1
BRDA:2041,600,0,1
BRDA:2041,600,1,0
BRDA:2047,601,0,2
BRDA:2047,601,1,1
BRDA:2048,602,0,1
BRDA:2048,602,1,1
BRDA:2049,603,0,1
BRDA:2049,603,1,0
BRDA:2057,604,0,0
BRDA:2057,604,1,1
BRDA:2061,605,0,1
BRDA:2061,605,1,0
BRDA:2061,606,0,1
BRDA:2061,606,1,0
BRDA:2062,607,0,1
BRDA:2062,607,1,0
BRDA:2062,608,0,1
BRDA:2062,608,1,0
BRDA:2063,609,0,1
BRDA:2063,609,1,0
BRDA:2066,610,0,1
BRDA:2066,610,1,0
BRDA:2067,611,0,1
BRDA:2067,611,1,0
BRDA:2072,612,0,0
BRDA:2072,612,1,1
BRDA:2074,613,0,0
BRDA:2074,613,1,1
BRDA:2075,614,0,1
BRDA:2075,614,1,0
BRDA:2075,614,2,0
BRDA:2075,614,3,0
BRDA:2075,614,4,0
BRDA:2076,615,0,1
BRDA:2076,615,1,0
BRDA:2076,615,2,0
BRDA:2076,615,3,0
BRDA:2076,615,4,0
BRDA:2077,616,0,1
BRDA:2077,616,1,0
BRDA:2078,617,0,1
BRDA:2078,617,1,0
BRDA:2082,618,0,0
BRDA:2083,619,0,0
BRDA:2083,619,1,1
BRDA:2094,620,0,1
BRDA:2094,620,1,0
BRDA:2099,621,0,0
BRDA:2099,622,0,3
BRDA:2100,623,0,3
BRDA:2100,623,1,2
BRDA:2101,624,0,3
BRDA:2101,624,1,3
BRDA:2101,625,0,1
BRDA:2101,625,1,2
BRDA:2102,626,0,3
BRDA:2102,626,1,3
BRDA:2102,627,0,1
BRDA:2102,627,1,2
BRDA:2103,628,0,3
BRDA:2103,628,1,3
BRDA:2104,629,0,3
BRDA:2104,629,1,3
BRDA:2105,630,0,3
BRDA:2105,630,1,3
BRDA:2106,631,0,3
BRDA:2106,631,1,3
BRDA:2107,632,0,3
BRDA:2107,632,1,3
BRDA:2124,633,0,0
BRDA:2124,633,1,3
BRDA:2124,634,0,3
BRDA:2124,634,1,3
BRDA:2124,634,2,3
BRDA:2124,634,3,3
BRDA:2126,635,0,1
BRDA:2126,635,1,2
BRDA:2132,636,0,1
BRDA:2132,636,1,1
BRDA:2146,637,0,0
BRDA:2146,637,1,2
BRDA:2148,638,0,0
BRDA:2148,638,1,2
BRDA:2149,639,0,0
BRDA:2149,639,1,2
BRDA:2153,640,0,0
BRDA:2153,640,1,2
BRDA:2153,641,0,2
BRDA:2153,641,1,0
BRDA:2158,642,0,1
BRDA:2158,642,1,1
BRDA:2158,643,0,2
BRDA:2158,643,1,1
BRDA:2161,644,0,1
BRDA:2161,644,1,1
BRDA:2166,645,0,2
BRDA:2166,645,1,0
BRDA:2175,646,0,20
BRDA:2175,646,1,1
BRDA:2175,647,0,21
BRDA:2175,647,1,1
BRDA:2176,648,0,1
BRDA:2176,648,1,0
BRDA:2178,649,0,0
BRDA:2178,649,1,0
BRDA:2178,650,0,0
BRDA:2178,650,1,0
BRDA:2181,651,0,0
BRDA:2181,651,1,0
BRDA:2181,652,0,0
BRDA:2181,652,1,0
BRDA:2185,653,0,0
BRDA:2185,653,1,0
BRDA:2187,654,0,0
BRDA:2187,654,1,0
BRDA:2188,655,0,0
BRDA:2188,655,1,0
BRDA:2189,656,0,0
BRDA:2189,656,1,0
BRDA:2189,657,0,0
BRDA:2189,657,1,0
BRDA:2201,658,0,0
BRDA:2201,658,1,2
BRDA:2202,659,0,1
BRDA:2202,659,1,1
BRDA:2202,660,0,2
BRDA:2202,660,1,1
BRDA:2206,661,0,0
BRDA:2206,661,1,1
BRDA:2212,662,0,1
BRDA:2212,662,1,0
BRDA:2212,663,0,1
BRDA:2212,663,1,1
BRDA:2213,664,0,1
BRDA:2213,664,1,0
BRDA:2214,665,0,1
BRDA:2214,665,1,0
BRDA:2222,666,0,0
BRDA:2222,666,1,1
BRDA:2222,667,0,1
BRDA:2222,667,1,1
BRDA:2229,668,0,1
BRDA:2229,668,1,0
BRDA:2235,669,0,0
BRDA:2235,669,1,1
BRDA:2239,670,0,1
BRDA:2239,670,1,0
BRDA:2239,671,0,1
BRDA:2239,671,1,1
BRDA:2246,672,0,1
BRDA:2246,672,1,1
BRDA:2247,673,0,0
BRDA:2247,673,1,1
BRDA:2247,674,0,1
BRDA:2247,674,1,1
BRDA:2247,674,2,1
BRDA:2250,675,0,1
BRDA:2250,675,1,0
BRDA:2254,676,0,0
BRDA:2254,676,1,0
BRDA:2260,677,0,0
BRDA:2260,677,1,1
BRDA:2260,678,0,1
BRDA:2260,678,1,1
BRDA:2261,679,0,0
BRDA:2261,679,1,1
BRDA:2261,680,0,1
BRDA:2261,680,1,1
BRDA:2263,681,0,1
BRDA:2263,681,1,0
BRDA:2266,682,0,1
BRDA:2266,682,1,0
BRDA:2273,683,0,0
BRDA:2273,683,1,1
BRDA:2273,684,0,1
BRDA:2273,684,1,1
BRDA:2276,685,0,1
BRDA:2276,685,1,0
BRDA:2279,686,0,1
BRDA:2279,686,1,0
BRDA:2287,687,0,0
BRDA:2287,687,1,1
BRDA:2292,688,0,1
BRDA:2292,688,1,0
BRDA:2292,689,0,1
BRDA:2292,689,1,1
BRDA:2292,689,2,1
BRDA:2294,690,0,0
BRDA:2294,690,1,1
BRDA:2300,691,0,0
BRDA:2300,691,1,0
BRDA:2300,692,0,0
BRDA:2300,692,1,0
BRDA:2306,693,0,0
BRDA:2306,693,1,1
BRDA:2312,694,0,1
BRDA:2312,694,1,0
BRDA:2312,695,0,1
BRDA:2312,695,1,1
BRDA:2312,695,2,1
BRDA:2314,696,0,0
BRDA:2314,696,1,1
BRDA:2320,697,0,0
BRDA:2320,697,1,0
BRDA:2320,698,0,0
BRDA:2320,698,1,0
BRDA:2326,699,0,0
BRDA:2326,699,1,1
BRDA:2331,700,0,1
BRDA:2331,700,1,1
BRDA:2335,701,0,0
BRDA:2335,701,1,2
BRDA:2335,702,0,2
BRDA:2335,702,1,2
BRDA:2335,702,2,2
BRDA:2338,703,0,0
BRDA:2338,703,1,2
BRDA:2338,704,0,2
BRDA:2338,704,1,0
BRDA:2343,705,0,0
BRDA:2343,705,1,0
BRDA:2354,706,0,0
BRDA:2354,706,1,3
BRDA:2361,707,0,0
BRDA:2361,707,1,3
BRDA:2361,708,0,3
BRDA:2361,708,1,0
BRDA:2361,708,2,0
BRDA:2371,709,0,1
BRDA:2371,709,1,2
BRDA:2387,710,0,8
BRDA:2387,710,1,0
BRDA:2389,711,0,0
BRDA:2389,711,1,0
BRDA:2389,712,0,0
BRDA:2389,712,1,0
BRDA:2397,713,0,3
BRDA:2397,713,1,0
BRDA:2402,714,0,0
BRDA:2402,714,1,3
BRDA:2435,715,0,3
BRDA:2435,715,1,0
BRDA:2451,716,0,1
BRDA:2451,716,1,2
BRDA:2451,717,0,3
BRDA:2451,717,1,1
BRDA:2452,718,0,0
BRDA:2452,718,1,1
BRDA:2461,719,0,0
BRDA:2461,719,1,3
BRDA:2461,720,0,3
BRDA:2461,720,1,0
BRDA:2464,721,0,0
BRDA:2464,721,1,0
BRDA:2469,722,0,3
BRDA:2469,722,1,2
BRDA:2469,723,0,5
BRDA:2469,723,1,2
BRDA:2475,724,0,1
BRDA:2475,724,1,1
BRDA:2476,725,0,2
BRDA:2476,725,1,0
BRDA:2477,726,0,2
BRDA:2477,726,1,0
BRDA:2480,727,0,2
BRDA:2480,727,1,0
BRDA:2480,728,0,2
BRDA:2480,728,1,2
BRDA:2486,729,0,0
BRDA:2486,729,1,0
BRDA:2493,730,0,0
BRDA:2493,730,1,0
BRDA:2493,730,2,0
BRDA:2493,730,3,0
BRDA:2502,731,0,0
BRDA:2502,731,1,0
BRDA:2502,732,0,0
BRDA:2502,732,1,0
BRDA:2507,733,0,0
BRDA:2507,733,1,0
BRDA:2523,734,0,0
BRDA:2523,734,1,0
BRDA:2529,735,0,35
BRDA:2529,735,1,0
BRDA:2529,736,0,35
BRDA:2529,736,1,0
BRF:1537
BRH:739
end_of_record
TN:
SF:games\gloomvault-extraction\js\core\Renderer.js
FN:2,(anonymous_0)
FN:10,(anonymous_1)
FN:14,(anonymous_2)
FN:18,(anonymous_3)
FN:24,(anonymous_4)
FN:38,(anonymous_5)
FN:43,(anonymous_6)
FN:63,(anonymous_7)
FN:75,(anonymous_8)
FN:93,(anonymous_9)
FN:99,(anonymous_10)
FN:109,(anonymous_11)
FN:118,(anonymous_12)
FN:125,(anonymous_13)
FN:132,(anonymous_14)
FN:137,(anonymous_15)
FN:153,(anonymous_16)
FN:159,(anonymous_17)
FN:165,(anonymous_18)
FN:175,(anonymous_19)
FN:184,(anonymous_20)
FN:188,(anonymous_21)
FN:202,(anonymous_22)
FN:207,(anonymous_23)
FN:211,(anonymous_24)
FN:246,(anonymous_25)
FN:248,(anonymous_26)
FN:261,(anonymous_27)
FN:275,(anonymous_28)
FN:455,(anonymous_29)
FNF:30
FNH:19
FNDA:5,(anonymous_0)
FNDA:1,(anonymous_1)
FNDA:1,(anonymous_2)
FNDA:0,(anonymous_3)
FNDA:0,(anonymous_4)
FNDA:1,(anonymous_5)
FNDA:1,(anonymous_6)
FNDA:0,(anonymous_7)
FNDA:1,(anonymous_8)
FNDA:0,(anonymous_9)
FNDA:3,(anonymous_10)
FNDA:2,(anonymous_11)
FNDA:0,(anonymous_12)
FNDA:8,(anonymous_13)
FNDA:8,(anonymous_14)
FNDA:8,(anonymous_15)
FNDA:0,(anonymous_16)
FNDA:4,(anonymous_17)
FNDA:3,(anonymous_18)
FNDA:3,(anonymous_19)
FNDA:1,(anonymous_20)
FNDA:2,(anonymous_21)
FNDA:1,(anonymous_22)
FNDA:0,(anonymous_23)
FNDA:2,(anonymous_24)
FNDA:0,(anonymous_25)
FNDA:0,(anonymous_26)
FNDA:0,(anonymous_27)
FNDA:0,(anonymous_28)
FNDA:3,(anonymous_29)
DA:3,5
DA:4,5
DA:6,5
DA:7,5
DA:11,1
DA:15,1
DA:19,0
DA:20,0
DA:21,0
DA:25,0
DA:26,0
DA:29,0
DA:31,0
DA:34,0
DA:35,0
DA:40,1
DA:44,1
DA:45,1
DA:46,1
DA:48,1
DA:60,1
DA:64,0
DA:65,0
DA:67,0
DA:69,0
DA:72,0
DA:76,1
DA:77,1
DA:79,1
DA:81,0
DA:84,1
DA:85,1
DA:86,1
DA:87,1
DA:88,1
DA:89,1
DA:90,1
DA:94,0
DA:95,0
DA:96,0
DA:100,3
DA:101,3
DA:102,3
DA:103,3
DA:104,3
DA:105,3
DA:106,3
DA:110,2
DA:111,2
DA:112,1
DA:113,1
DA:114,1
DA:115,0
DA:119,0
DA:122,0
DA:126,8
DA:127,0
DA:128,0
DA:129,0
DA:133,8
DA:134,8
DA:138,8
DA:139,8
DA:141,8
DA:142,0
DA:144,0
DA:145,0
DA:146,0
DA:150,0
DA:154,0
DA:155,0
DA:156,0
DA:160,4
DA:161,4
DA:162,4
DA:166,3
DA:169,3
DA:170,3
DA:171,3
DA:172,3
DA:176,3
DA:177,3
DA:178,3
DA:179,3
DA:180,3
DA:181,3
DA:185,1
DA:189,2
DA:190,2
DA:191,2
DA:192,2
DA:193,2
DA:194,2
DA:195,2
DA:196,2
DA:197,2
DA:198,2
DA:199,2
DA:203,1
DA:204,1
DA:208,0
DA:212,2
DA:213,2
DA:214,2
DA:216,2
DA:217,1
DA:218,1
DA:219,1
DA:221,0
DA:222,0
DA:224,0
DA:227,1
DA:228,0
DA:229,0
DA:230,0
DA:233,1
DA:234,0
DA:235,0
DA:236,0
DA:238,0
DA:239,0
DA:241,0
DA:242,0
DA:247,0
DA:248,0
DA:249,0
DA:251,0
DA:252,0
DA:253,0
DA:254,0
DA:255,0
DA:262,0
DA:263,0
DA:266,0
DA:268,0
DA:271,0
DA:272,0
DA:276,0
DA:278,0
DA:279,0
DA:281,0
DA:282,0
DA:284,0
DA:285,0
DA:286,0
DA:287,0
DA:288,0
DA:292,0
DA:293,0
DA:294,0
DA:295,0
DA:296,0
DA:299,0
DA:300,0
DA:303,0
DA:304,0
DA:306,0
DA:307,0
DA:308,0
DA:310,0
DA:312,0
DA:313,0
DA:314,0
DA:316,0
DA:317,0
DA:320,0
DA:321,0
DA:323,0
DA:324,0
DA:326,0
DA:327,0
DA:328,0
DA:329,0
DA:332,0
DA:333,0
DA:334,0
DA:335,0
DA:338,0
DA:339,0
DA:341,0
DA:342,0
DA:344,0
DA:346,0
DA:347,0
DA:348,0
DA:351,0
DA:352,0
DA:354,0
DA:355,0
DA:357,0
DA:358,0
DA:361,0
DA:366,0
DA:367,0
DA:368,0
DA:369,0
DA:370,0
DA:371,0
DA:372,0
DA:373,0
DA:374,0
DA:375,0
DA:376,0
DA:382,0
DA:383,0
DA:384,0
DA:386,0
DA:387,0
DA:389,0
DA:390,0
DA:391,0
DA:392,0
DA:394,0
DA:395,0
DA:401,0
DA:402,0
DA:403,0
DA:404,0
DA:405,0
DA:406,0
DA:407,0
DA:411,0
DA:412,0
DA:413,0
DA:414,0
DA:415,0
DA:416,0
DA:417,0
DA:418,0
DA:419,0
DA:420,0
DA:421,0
DA:426,0
DA:427,0
DA:428,0
DA:429,0
DA:430,0
DA:431,0
DA:432,0
DA:433,0
DA:434,0
DA:445,0
DA:446,0
DA:447,0
DA:448,0
DA:449,0
DA:450,0
DA:452,0
DA:456,3
DA:457,3
DA:458,3
DA:459,81
DA:460,81
DA:462,3
DA:466,5
LF:255
LH:84
BRDA:15,0,0,1
BRDA:15,0,1,0
BRDA:18,1,0,0
BRDA:25,2,0,0
BRDA:25,2,1,0
BRDA:29,3,0,0
BRDA:29,3,1,0
BRDA:29,4,0,0
BRDA:29,4,1,0
BRDA:29,4,2,0
BRDA:29,4,3,0
BRDA:44,5,0,0
BRDA:44,5,1,1
BRDA:44,6,0,1
BRDA:44,6,1,1
BRDA:46,7,0,0
BRDA:46,7,1,1
BRDA:64,8,0,0
BRDA:64,8,1,0
BRDA:67,9,0,0
BRDA:67,9,1,0
BRDA:67,10,0,0
BRDA:67,10,1,0
BRDA:67,10,2,0
BRDA:67,10,3,0
BRDA:75,11,0,0
BRDA:75,12,0,1
BRDA:76,13,0,0
BRDA:76,13,1,1
BRDA:76,14,0,1
BRDA:76,14,1,1
BRDA:79,15,0,0
BRDA:79,15,1,1
BRDA:79,16,0,1
BRDA:79,16,1,1
BRDA:79,16,2,1
BRDA:79,16,3,1
BRDA:87,17,0,1
BRDA:87,17,1,0
BRDA:93,18,0,0
BRDA:94,19,0,0
BRDA:94,19,1,0
BRDA:95,20,0,0
BRDA:95,20,1,0
BRDA:96,21,0,0
BRDA:96,21,1,0
BRDA:96,22,0,0
BRDA:96,22,1,0
BRDA:99,23,0,1
BRDA:100,24,0,0
BRDA:100,24,1,3
BRDA:100,25,0,3
BRDA:100,25,1,3
BRDA:102,26,0,2
BRDA:102,26,1,1
BRDA:103,27,0,2
BRDA:103,27,1,1
BRDA:104,28,0,0
BRDA:104,28,1,3
BRDA:105,29,0,1
BRDA:105,29,1,2
BRDA:111,30,0,1
BRDA:111,30,1,1
BRDA:112,31,0,0
BRDA:112,31,1,1
BRDA:113,32,0,0
BRDA:113,32,1,1
BRDA:114,33,0,1
BRDA:114,33,1,0
BRDA:119,34,0,0
BRDA:119,34,1,0
BRDA:126,35,0,8
BRDA:126,35,1,0
BRDA:126,36,0,8
BRDA:126,36,1,8
BRDA:127,37,0,0
BRDA:127,37,1,0
BRDA:128,38,0,0
BRDA:128,38,1,0
BRDA:128,39,0,0
BRDA:128,39,1,0
BRDA:134,40,0,8
BRDA:134,40,1,0
BRDA:134,41,0,8
BRDA:134,41,1,8
BRDA:134,41,2,8
BRDA:139,42,0,0
BRDA:139,42,1,8
BRDA:141,43,0,8
BRDA:141,43,1,0
BRDA:141,44,0,8
BRDA:141,44,1,8
BRDA:141,44,2,8
BRDA:142,45,0,0
BRDA:142,45,1,0
BRDA:142,46,0,0
BRDA:142,46,1,0
BRDA:142,46,2,0
BRDA:142,46,3,0
BRDA:144,47,0,0
BRDA:144,47,1,0
BRDA:144,48,0,0
BRDA:144,48,1,0
BRDA:144,48,2,0
BRDA:146,49,0,0
BRDA:146,49,1,0
BRDA:146,50,0,0
BRDA:146,50,1,0
BRDA:150,51,0,0
BRDA:150,51,1,0
BRDA:156,52,0,0
BRDA:156,52,1,0
BRDA:156,52,2,0
BRDA:161,53,0,0
BRDA:161,53,1,4
BRDA:166,54,0,0
BRDA:166,54,1,3
BRDA:170,55,0,0
BRDA:170,55,1,3
BRDA:171,56,0,0
BRDA:171,56,1,3
BRDA:177,57,0,0
BRDA:177,57,1,3
BRDA:178,58,0,3
BRDA:178,58,1,0
BRDA:179,59,0,3
BRDA:179,59,1,0
BRDA:180,60,0,3
BRDA:180,60,1,0
BRDA:188,61,0,0
BRDA:189,62,0,0
BRDA:189,62,1,2
BRDA:189,63,0,2
BRDA:189,63,1,2
BRDA:191,64,0,2
BRDA:191,64,1,0
BRDA:192,65,0,2
BRDA:192,65,1,0
BRDA:193,66,0,0
BRDA:193,66,1,2
BRDA:194,67,0,0
BRDA:194,67,1,2
BRDA:195,68,0,2
BRDA:195,68,1,0
BRDA:196,69,0,0
BRDA:196,69,1,2
BRDA:197,70,0,2
BRDA:197,70,1,0
BRDA:198,71,0,0
BRDA:198,71,1,2
BRDA:216,72,0,1
BRDA:216,72,1,1
BRDA:216,73,0,2
BRDA:216,73,1,2
BRDA:218,74,0,1
BRDA:218,74,1,0
BRDA:218,75,0,1
BRDA:218,75,1,1
BRDA:221,76,0,0
BRDA:221,76,1,0
BRDA:227,77,0,0
BRDA:227,77,1,1
BRDA:227,78,0,1
BRDA:227,78,1,0
BRDA:227,78,2,0
BRDA:228,79,0,0
BRDA:228,79,1,0
BRDA:233,80,0,0
BRDA:233,80,1,1
BRDA:233,81,0,1
BRDA:233,81,1,0
BRDA:235,82,0,0
BRDA:235,82,1,0
BRDA:235,83,0,0
BRDA:235,83,1,0
BRDA:238,84,0,0
BRDA:238,84,1,0
BRDA:247,85,0,0
BRDA:247,85,1,0
BRDA:248,86,0,0
BRDA:248,86,1,0
BRDA:254,87,0,0
BRDA:254,87,1,0
BRDA:254,88,0,0
BRDA:254,88,1,0
BRDA:262,89,0,0
BRDA:262,89,1,0
BRDA:266,90,0,0
BRDA:266,90,1,0
BRDA:266,91,0,0
BRDA:266,91,1,0
BRDA:266,91,2,0
BRDA:266,91,3,0
BRDA:275,92,0,0
BRDA:275,93,0,0
BRDA:275,94,0,0
BRDA:275,95,0,0
BRDA:276,96,0,0
BRDA:276,96,1,0
BRDA:276,97,0,0
BRDA:276,97,1,0
BRDA:276,97,2,0
BRDA:278,98,0,0
BRDA:278,98,1,0
BRDA:279,99,0,0
BRDA:279,99,1,0
BRDA:284,100,0,0
BRDA:284,100,1,0
BRDA:295,101,0,0
BRDA:295,101,1,0
BRDA:310,102,0,0
BRDA:310,102,1,0
BRDA:344,103,0,0
BRDA:344,103,1,0
BRDA:344,104,0,0
BRDA:344,104,1,0
BRDA:344,104,2,0
BRDA:344,104,3,0
BRDA:354,105,0,0
BRDA:354,105,1,0
BRDA:358,106,0,0
BRDA:358,106,1,0
BRDA:358,107,0,0
BRDA:358,107,1,0
BRDA:366,108,0,0
BRDA:366,108,1,0
BRDA:366,109,0,0
BRDA:366,109,1,0
BRDA:369,110,0,0
BRDA:369,110,1,0
BRDA:369,111,0,0
BRDA:369,111,1,0
BRDA:369,111,2,0
BRDA:369,111,3,0
BRDA:370,112,0,0
BRDA:370,112,1,0
BRDA:382,113,0,0
BRDA:382,113,1,0
BRDA:382,114,0,0
BRDA:382,114,1,0
BRDA:384,115,0,0
BRDA:384,115,1,0
BRDA:389,116,0,0
BRDA:389,116,1,0
BRDA:389,117,0,0
BRDA:389,117,1,0
BRDA:389,117,2,0
BRDA:389,117,3,0
BRDA:390,118,0,0
BRDA:390,118,1,0
BRDA:394,119,0,0
BRDA:394,119,1,0
BRDA:401,120,0,0
BRDA:401,120,1,0
BRDA:403,121,0,0
BRDA:403,121,1,0
BRDA:406,122,0,0
BRDA:406,122,1,0
BRDA:406,123,0,0
BRDA:406,123,1,0
BRDA:411,124,0,0
BRDA:411,124,1,0
BRDA:411,125,0,0
BRDA:411,125,1,0
BRDA:415,126,0,0
BRDA:415,126,1,0
BRDA:415,127,0,0
BRDA:415,127,1,0
BRDA:415,127,2,0
BRDA:415,127,3,0
BRDA:415,127,4,0
BRDA:418,128,0,0
BRDA:418,128,1,0
BRDA:426,129,0,0
BRDA:426,129,1,0
BRDA:426,130,0,0
BRDA:426,130,1,0
BRDA:430,131,0,0
BRDA:430,131,1,0
BRDA:430,132,0,0
BRDA:430,132,1,0
BRDA:430,132,2,0
BRDA:430,132,3,0
BRDA:430,132,4,0
BRDA:433,133,0,0
BRDA:433,133,1,0
BRDA:457,134,0,3
BRDA:457,134,1,0
BRDA:466,135,0,5
BRDA:466,135,1,0
BRDA:466,136,0,5
BRDA:466,136,1,0
BRF:292
BRH:76
end_of_record
TN:
SF:games\gloomvault-extraction\js\entities\DroppedItem.js
FN:2,(anonymous_0)
FN:14,(anonymous_1)
FN:19,(anonymous_2)
FNF:3
FNH:2
FNDA:3,(anonymous_0)
FNDA:0,(anonymous_1)
FNDA:3,(anonymous_2)
DA:3,3
DA:4,3
DA:5,3
DA:8,3
DA:9,3
DA:10,3
DA:11,3
DA:15,0
DA:16,0
DA:20,3
DA:21,3
DA:24,3
DA:25,3
DA:30,3
DA:31,3
DA:34,3
DA:35,3
DA:36,3
DA:37,3
DA:38,3
DA:39,3
DA:40,3
DA:41,3
DA:43,3
DA:44,3
DA:45,3
DA:46,3
DA:48,3
DA:49,1
DA:50,1
DA:51,1
DA:52,1
DA:53,1
DA:54,1
DA:59,3
LF:35
LH:33
BRDA:21,0,0,3
BRDA:21,0,1,0
BRDA:21,1,0,3
BRDA:21,1,1,3
BRDA:24,2,0,3
BRDA:24,2,1,3
BRDA:25,3,0,2
BRDA:25,3,1,1
BRDA:25,4,0,3
BRDA:25,4,1,2
BRDA:25,4,2,2
BRDA:48,5,0,1
BRDA:48,5,1,2
BRDA:59,6,0,3
BRDA:59,6,1,0
BRDA:59,7,0,3
BRDA:59,7,1,0
BRF:17
BRH:14
end_of_record
TN:
SF:games\gloomvault-extraction\js\entities\DungeonServiceObject.js
FN:2,(anonymous_0)
FN:23,(anonymous_1)
FN:27,(anonymous_2)
FN:36,(anonymous_3)
FN:89,(anonymous_4)
FN:92,(anonymous_5)
FN:100,(anonymous_6)
FN:105,(anonymous_7)
FN:116,(anonymous_8)
FN:128,(anonymous_9)
FN:143,(anonymous_10)
FNF:11
FNH:6
FNDA:1,(anonymous_0)
FNDA:0,(anonymous_1)
FNDA:0,(anonymous_2)
FNDA:2,(anonymous_3)
FNDA:2,(anonymous_4)
FNDA:0,(anonymous_5)
FNDA:2,(anonymous_6)
FNDA:1,(anonymous_7)
FNDA:0,(anonymous_8)
FNDA:1,(anonymous_9)
FNDA:0,(anonymous_10)
DA:3,1
DA:4,1
DA:5,1
DA:6,1
DA:7,1
DA:8,1
DA:9,1
DA:10,1
DA:11,1
DA:12,1
DA:13,1
DA:20,1
DA:24,0
DA:28,0
DA:29,0
DA:30,0
DA:31,0
DA:32,0
DA:37,2
DA:38,2
DA:39,2
DA:40,2
DA:41,2
DA:42,2
DA:43,2
DA:44,2
DA:45,2
DA:51,2
DA:52,2
DA:53,1
DA:54,1
DA:55,1
DA:56,1
DA:58,1
DA:59,1
DA:60,1
DA:61,1
DA:63,1
DA:64,1
DA:65,1
DA:66,1
DA:68,1
DA:69,1
DA:70,1
DA:71,1
DA:72,1
DA:75,2
DA:76,2
DA:77,2
DA:78,2
DA:79,2
DA:81,2
DA:82,2
DA:83,2
DA:84,2
DA:85,2
DA:86,2
DA:90,2
DA:91,2
DA:92,0
DA:94,2
DA:95,2
DA:96,2
DA:97,2
DA:101,2
DA:102,2
DA:106,1
DA:107,1
DA:108,1
DA:111,0
DA:112,0
DA:113,0
DA:117,0
DA:118,0
DA:119,0
DA:120,0
DA:121,0
DA:123,0
DA:129,1
DA:144,0
DA:157,1
LF:81
LH:64
BRDA:2,0,0,0
BRDA:3,1,0,1
BRDA:3,1,1,1
BRDA:5,2,0,1
BRDA:5,2,1,0
BRDA:6,3,0,1
BRDA:6,3,1,0
BRDA:7,4,0,1
BRDA:7,4,1,0
BRDA:8,5,0,1
BRDA:8,5,1,0
BRDA:9,6,0,1
BRDA:9,6,1,0
BRDA:10,7,0,1
BRDA:10,7,1,0
BRDA:11,8,0,1
BRDA:11,8,1,1
BRDA:12,9,0,1
BRDA:12,9,1,0
BRDA:28,10,0,0
BRDA:28,10,1,0
BRDA:29,11,0,0
BRDA:29,11,1,0
BRDA:29,12,0,0
BRDA:29,12,1,0
BRDA:31,13,0,0
BRDA:31,13,1,0
BRDA:31,14,0,0
BRDA:31,14,1,0
BRDA:37,15,0,0
BRDA:37,15,1,2
BRDA:37,16,0,2
BRDA:37,16,1,2
BRDA:46,17,0,2
BRDA:46,17,1,2
BRDA:46,17,2,2
BRDA:52,18,0,1
BRDA:52,18,1,1
BRDA:91,19,0,0
BRDA:91,19,1,2
BRDA:101,20,0,0
BRDA:101,20,1,2
BRDA:101,21,0,2
BRDA:101,21,1,2
BRDA:107,22,0,1
BRDA:107,22,1,0
BRDA:107,23,0,1
BRDA:107,23,1,1
BRDA:107,23,2,1
BRDA:118,24,0,0
BRDA:118,24,1,0
BRDA:128,25,0,0
BRDA:143,26,0,0
BRDA:157,27,0,1
BRDA:157,27,1,0
BRDA:157,28,0,1
BRDA:157,28,1,0
BRF:57
BRH:29
end_of_record
TN:
SF:games\gloomvault-extraction\js\entities\Enemy.js
FN:2,(anonymous_0)
FN:48,(anonymous_1)
FN:180,(anonymous_2)
FN:192,(anonymous_3)
FN:208,(anonymous_4)
FN:212,(anonymous_5)
FN:228,(anonymous_6)
FN:236,(anonymous_7)
FN:240,(anonymous_8)
FN:246,(anonymous_9)
FN:252,(anonymous_10)
FN:256,(anonymous_11)
FN:265,(anonymous_12)
FN:270,(anonymous_13)
FN:277,(anonymous_14)
FN:289,(anonymous_15)
FN:297,(anonymous_16)
FN:312,(anonymous_17)
FN:334,(anonymous_18)
FN:346,(anonymous_19)
FN:361,(anonymous_20)
FN:365,(anonymous_21)
FN:378,(anonymous_22)
FN:395,(anonymous_23)
FN:405,(anonymous_24)
FN:464,(anonymous_25)
FN:481,(anonymous_26)
FN:504,(anonymous_27)
FN:506,(anonymous_28)
FN:531,(anonymous_29)
FN:543,(anonymous_30)
FN:570,(anonymous_31)
FN:584,(anonymous_32)
FN:599,(anonymous_33)
FN:644,(anonymous_34)
FN:687,(anonymous_35)
FN:764,(anonymous_36)
FN:778,(anonymous_37)
FN:818,(anonymous_38)
FN:844,(anonymous_39)
FN:859,(anonymous_40)
FN:864,(anonymous_41)
FN:881,(anonymous_42)
FN:909,(anonymous_43)
FN:912,(anonymous_44)
FN:915,(anonymous_45)
FN:918,(anonymous_46)
FN:934,(anonymous_47)
FN:945,(anonymous_48)
FN:954,(anonymous_49)
FN:965,(anonymous_50)
FN:972,(anonymous_51)
FN:992,(anonymous_52)
FN:1016,(anonymous_53)
FN:1021,(anonymous_54)
FN:1033,(anonymous_55)
FN:1042,(anonymous_56)
FN:1046,(anonymous_57)
FN:1050,(anonymous_58)
FN:1059,(anonymous_59)
FN:1068,(anonymous_60)
FN:1091,(anonymous_61)
FNF:62
FNH:22
FNDA:8,(anonymous_0)
FNDA:0,(anonymous_1)
FNDA:0,(anonymous_2)
FNDA:17,(anonymous_3)
FNDA:16,(anonymous_4)
FNDA:0,(anonymous_5)
FNDA:0,(anonymous_6)
FNDA:0,(anonymous_7)
FNDA:0,(anonymous_8)
FNDA:0,(anonymous_9)
FNDA:0,(anonymous_10)
FNDA:7,(anonymous_11)
FNDA:0,(anonymous_12)
FNDA:0,(anonymous_13)
FNDA:0,(anonymous_14)
FNDA:0,(anonymous_15)
FNDA:0,(anonymous_16)
FNDA:0,(anonymous_17)
FNDA:0,(anonymous_18)
FNDA:8,(anonymous_19)
FNDA:16,(anonymous_20)
FNDA:15,(anonymous_21)
FNDA:0,(anonymous_22)
FNDA:0,(anonymous_23)
FNDA:0,(anonymous_24)
FNDA:0,(anonymous_25)
FNDA:0,(anonymous_26)
FNDA:0,(anonymous_27)
FNDA:0,(anonymous_28)
FNDA:0,(anonymous_29)
FNDA:0,(anonymous_30)
FNDA:0,(anonymous_31)
FNDA:0,(anonymous_32)
FNDA:6,(anonymous_33)
FNDA:1,(anonymous_34)
FNDA:10,(anonymous_35)
FNDA:4,(anonymous_36)
FNDA:0,(anonymous_37)
FNDA:3,(anonymous_38)
FNDA:1,(anonymous_39)
FNDA:1,(anonymous_40)
FNDA:1,(anonymous_41)
FNDA:0,(anonymous_42)
FNDA:0,(anonymous_43)
FNDA:0,(anonymous_44)
FNDA:0,(anonymous_45)
FNDA:0,(anonymous_46)
FNDA:0,(anonymous_47)
FNDA:0,(anonymous_48)
FNDA:0,(anonymous_49)
FNDA:1,(anonymous_50)
FNDA:0,(anonymous_51)
FNDA:0,(anonymous_52)
FNDA:0,(anonymous_53)
FNDA:1,(anonymous_54)
FNDA:12,(anonymous_55)
FNDA:12,(anonymous_56)
FNDA:3,(anonymous_57)
FNDA:0,(anonymous_58)
FNDA:0,(anonymous_59)
FNDA:11,(anonymous_60)
FNDA:3,(anonymous_61)
DA:3,8
DA:4,8
DA:5,8
DA:6,8
DA:7,8
DA:9,8
DA:10,2
DA:11,6
DA:12,0
DA:13,6
DA:14,0
DA:15,6
DA:16,0
DA:19,8
DA:20,0
DA:21,0
DA:22,0
DA:23,0
DA:24,0
DA:27,8
DA:28,8
DA:30,8
DA:31,8
DA:32,8
DA:33,8
DA:34,8
DA:35,8
DA:36,8
DA:37,8
DA:38,8
DA:39,8
DA:40,8
DA:41,8
DA:42,8
DA:43,8
DA:44,8
DA:45,8
DA:46,8
DA:47,8
DA:48,8
DA:49,8
DA:50,8
DA:51,8
DA:52,8
DA:53,8
DA:54,8
DA:55,8
DA:56,8
DA:57,8
DA:58,8
DA:59,8
DA:60,8
DA:61,8
DA:62,8
DA:63,8
DA:64,8
DA:65,8
DA:67,8
DA:68,8
DA:69,0
DA:70,0
DA:71,0
DA:72,0
DA:73,0
DA:74,0
DA:75,8
DA:76,8
DA:77,8
DA:78,8
DA:79,8
DA:80,8
DA:81,0
DA:82,0
DA:83,0
DA:84,0
DA:85,0
DA:86,0
DA:87,0
DA:88,0
DA:89,0
DA:90,0
DA:91,0
DA:92,0
DA:95,8
DA:96,0
DA:97,0
DA:99,0
DA:100,0
DA:101,0
DA:103,0
DA:104,0
DA:105,0
DA:107,0
DA:108,0
DA:110,0
DA:111,0
DA:113,0
DA:114,0
DA:118,8
DA:119,8
DA:120,8
DA:121,8
DA:122,8
DA:123,8
DA:124,8
DA:125,8
DA:126,8
DA:127,8
DA:129,8
DA:130,8
DA:131,8
DA:132,0
DA:133,0
DA:134,0
DA:135,0
DA:136,0
DA:138,0
DA:139,0
DA:140,0
DA:141,0
DA:145,8
DA:146,8
DA:147,8
DA:148,8
DA:149,8
DA:151,8
DA:152,6
DA:155,8
DA:175,8
DA:176,0
DA:181,0
DA:183,0
DA:184,0
DA:187,0
DA:188,0
DA:193,17
DA:194,17
DA:209,16
DA:213,0
DA:214,0
DA:215,0
DA:216,0
DA:217,0
DA:218,0
DA:219,0
DA:221,0
DA:222,0
DA:229,0
DA:230,0
DA:231,0
DA:232,0
DA:233,0
DA:237,0
DA:241,0
DA:247,0
DA:248,0
DA:249,0
DA:253,0
DA:257,7
DA:258,7
DA:259,7
DA:262,7
DA:266,0
DA:267,0
DA:271,0
DA:272,0
DA:273,0
DA:274,0
DA:278,0
DA:279,0
DA:280,0
DA:281,0
DA:282,0
DA:283,0
DA:284,0
DA:290,0
DA:291,0
DA:292,0
DA:293,0
DA:298,0
DA:299,0
DA:300,0
DA:301,0
DA:302,0
DA:303,0
DA:304,0
DA:305,0
DA:306,0
DA:308,0
DA:313,0
DA:314,0
DA:315,0
DA:318,0
DA:319,0
DA:320,0
DA:321,0
DA:324,0
DA:325,0
DA:326,0
DA:330,0
DA:331,0
DA:335,0
DA:336,0
DA:339,0
DA:340,0
DA:341,0
DA:343,0
DA:347,8
DA:348,8
DA:349,8
DA:350,0
DA:352,8
DA:353,0
DA:355,8
DA:356,8
DA:358,0
DA:362,16
DA:366,15
DA:367,15
DA:368,7
DA:369,7
DA:371,7
DA:372,7
DA:374,15
DA:375,15
DA:379,0
DA:381,0
DA:382,0
DA:383,0
DA:384,0
DA:385,0
DA:386,0
DA:387,0
DA:388,0
DA:389,0
DA:390,0
DA:392,0
DA:396,0
DA:397,0
DA:399,0
DA:402,0
DA:406,0
DA:408,0
DA:409,0
DA:411,0
DA:412,0
DA:413,0
DA:414,0
DA:415,0
DA:416,0
DA:417,0
DA:420,0
DA:421,0
DA:422,0
DA:424,0
DA:425,0
DA:426,0
DA:429,0
DA:430,0
DA:431,0
DA:432,0
DA:433,0
DA:434,0
DA:437,0
DA:438,0
DA:439,0
DA:440,0
DA:441,0
DA:444,0
DA:446,0
DA:447,0
DA:448,0
DA:449,0
DA:450,0
DA:451,0
DA:452,0
DA:453,0
DA:454,0
DA:455,0
DA:456,0
DA:459,0
DA:460,0
DA:461,0
DA:465,0
DA:466,0
DA:467,0
DA:468,0
DA:469,0
DA:470,0
DA:471,0
DA:472,0
DA:473,0
DA:474,0
DA:475,0
DA:476,0
DA:477,0
DA:478,0
DA:482,0
DA:484,0
DA:485,0
DA:486,0
DA:487,0
DA:488,0
DA:489,0
DA:492,0
DA:493,0
DA:494,0
DA:495,0
DA:496,0
DA:497,0
DA:500,0
DA:501,0
DA:505,0
DA:506,0
DA:507,0
DA:513,0
DA:514,0
DA:515,0
DA:516,0
DA:517,0
DA:519,0
DA:522,0
DA:523,0
DA:524,0
DA:525,0
DA:526,0
DA:527,0
DA:532,0
DA:533,0
DA:536,0
DA:537,0
DA:539,0
DA:544,0
DA:545,0
DA:546,0
DA:547,0
DA:550,0
DA:551,0
DA:552,0
DA:554,0
DA:555,0
DA:556,0
DA:559,0
DA:560,0
DA:563,0
DA:564,0
DA:565,0
DA:566,0
DA:571,0
DA:572,0
DA:573,0
DA:574,0
DA:575,0
DA:576,0
DA:578,0
DA:580,0
DA:585,0
DA:586,0
DA:587,0
DA:588,0
DA:589,0
DA:590,0
DA:591,0
DA:592,0
DA:593,0
DA:596,0
DA:600,6
DA:601,6
DA:602,6
DA:603,6
DA:605,6
DA:606,0
DA:607,6
DA:608,1
DA:609,5
DA:610,3
DA:611,2
DA:612,1
DA:614,1
DA:617,6
DA:618,0
DA:619,0
DA:620,6
DA:621,1
DA:622,1
DA:623,1
DA:625,1
DA:626,1
DA:627,5
DA:628,1
DA:629,1
DA:630,1
DA:632,4
DA:633,4
DA:634,1
DA:636,3
DA:637,3
DA:641,6
DA:645,1
DA:646,1
DA:648,1
DA:649,0
DA:650,0
DA:651,0
DA:652,0
DA:653,0
DA:654,0
DA:655,0
DA:657,0
DA:661,1
DA:662,0
DA:663,0
DA:664,1
DA:665,0
DA:666,0
DA:667,1
DA:668,1
DA:669,1
DA:670,1
DA:673,1
DA:674,1
DA:675,1
DA:676,1
DA:677,1
DA:678,1
DA:679,1
DA:684,1
DA:688,10
DA:689,10
DA:690,10
DA:692,10
DA:693,1
DA:694,1
DA:695,1
DA:696,1
DA:699,9
DA:700,9
DA:701,9
DA:705,9
DA:707,9
DA:708,3
DA:709,3
DA:710,3
DA:711,6
DA:712,1
DA:713,1
DA:714,5
DA:715,5
DA:716,5
DA:717,1
DA:719,4
DA:724,10
DA:725,3
DA:726,1
DA:727,1
DA:728,1
DA:729,0
DA:730,0
DA:731,0
DA:733,2
DA:734,1
DA:735,1
DA:736,0
DA:737,0
DA:738,0
DA:739,0
DA:741,1
DA:742,0
DA:743,0
DA:745,7
DA:746,2
DA:747,2
DA:748,2
DA:749,2
DA:750,2
DA:753,10
DA:754,3
DA:755,3
DA:756,3
DA:757,3
DA:758,3
DA:761,10
DA:765,4
DA:767,4
DA:768,4
DA:771,4
DA:772,4
DA:773,4
DA:774,4
DA:775,4
DA:779,0
DA:780,0
DA:782,0
DA:783,0
DA:786,0
DA:787,0
DA:788,0
DA:789,0
DA:790,0
DA:791,0
DA:794,0
DA:795,0
DA:796,0
DA:797,0
DA:798,0
DA:800,0
DA:801,0
DA:802,0
DA:803,0
DA:806,0
DA:807,0
DA:808,0
DA:809,0
DA:813,0
DA:814,0
DA:815,0
DA:819,3
DA:820,3
DA:821,2
DA:824,3
DA:825,1
DA:826,1
DA:827,1
DA:828,1
DA:829,1
DA:832,2
DA:834,2
DA:835,2
DA:836,0
DA:838,2
DA:839,2
DA:841,0
DA:845,1
DA:846,1
DA:847,1
DA:849,1
DA:850,1
DA:851,1
DA:852,0
DA:853,0
DA:856,1
DA:860,1
DA:861,1
DA:865,1
DA:866,1
DA:867,1
DA:868,1
DA:870,1
DA:871,0
DA:872,0
DA:873,0
DA:874,0
DA:877,1
DA:878,1
DA:882,0
DA:883,0
DA:885,0
DA:886,0
DA:887,0
DA:888,0
DA:890,0
DA:891,0
DA:892,0
DA:893,0
DA:894,0
DA:895,0
DA:897,0
DA:898,0
DA:899,0
DA:900,0
DA:901,0
DA:902,0
DA:903,0
DA:906,0
DA:910,0
DA:911,0
DA:912,0
DA:916,0
DA:917,0
DA:918,0
DA:919,0
DA:921,0
DA:922,0
DA:923,0
DA:924,0
DA:925,0
DA:927,0
DA:928,0
DA:929,0
DA:931,0
DA:935,0
DA:936,0
DA:937,0
DA:938,0
DA:940,0
DA:941,0
DA:946,0
DA:947,0
DA:948,0
DA:949,0
DA:955,0
DA:956,0
DA:957,0
DA:958,0
DA:959,0
DA:960,0
DA:961,0
DA:962,0
DA:966,1
DA:967,1
DA:968,1
DA:969,1
DA:973,0
DA:974,0
DA:975,0
DA:977,0
DA:978,0
DA:979,0
DA:980,0
DA:981,0
DA:984,0
DA:985,0
DA:986,0
DA:987,0
DA:988,0
DA:993,0
DA:995,0
DA:996,0
DA:997,0
DA:998,0
DA:999,0
DA:1001,0
DA:1003,0
DA:1006,0
DA:1007,0
DA:1008,0
DA:1009,0
DA:1013,0
DA:1017,0
DA:1018,0
DA:1022,1
DA:1023,1
DA:1024,0
DA:1025,0
DA:1026,0
DA:1027,0
DA:1029,0
DA:1034,12
DA:1035,11
DA:1036,2
DA:1038,9
DA:1039,8
DA:1043,12
DA:1047,3
DA:1051,0
DA:1052,0
DA:1053,0
DA:1060,0
DA:1061,0
DA:1062,0
DA:1069,11
DA:1070,3
DA:1073,8
DA:1074,5
DA:1075,5
DA:1078,3
DA:1079,1
DA:1080,1
DA:1083,2
DA:1084,1
DA:1085,1
DA:1088,1
DA:1092,3
DA:1093,3
DA:1094,3
DA:1098,3
DA:1099,1
DA:1100,1
DA:1103,1
DA:1104,1
DA:1108,3
DA:1109,3
DA:1110,3
DA:1111,3
DA:1112,3
DA:1113,3
DA:1114,3
DA:1115,3
DA:1116,3
DA:1117,3
DA:1120,0
DA:1121,0
DA:1123,0
DA:1124,0
DA:1125,0
DA:1128,0
DA:1129,0
DA:1130,0
DA:1132,0
DA:1133,0
DA:1136,0
DA:1137,0
DA:1138,0
DA:1139,0
DA:1140,0
DA:1141,0
DA:1142,0
DA:1143,0
DA:1144,0
DA:1145,0
DA:1149,0
DA:1151,0
DA:1152,0
DA:1153,0
DA:1154,0
DA:1155,0
DA:1156,0
DA:1160,24
LF:718
LH:276
BRDA:2,0,0,7
BRDA:2,1,0,7
BRDA:2,2,0,7
BRDA:3,3,0,8
BRDA:3,3,1,8
BRDA:4,4,0,0
BRDA:4,4,1,8
BRDA:4,5,0,8
BRDA:4,5,1,0
BRDA:5,6,0,0
BRDA:5,6,1,8
BRDA:5,7,0,8
BRDA:5,7,1,0
BRDA:7,8,0,0
BRDA:7,8,1,8
BRDA:9,9,0,2
BRDA:9,9,1,6
BRDA:11,10,0,0
BRDA:11,10,1,6
BRDA:13,11,0,0
BRDA:13,11,1,6
BRDA:15,12,0,0
BRDA:15,12,1,6
BRDA:19,13,0,0
BRDA:19,13,1,8
BRDA:20,14,0,0
BRDA:20,14,1,0
BRDA:21,15,0,0
BRDA:21,15,1,0
BRDA:22,16,0,0
BRDA:22,16,1,0
BRDA:23,17,0,0
BRDA:23,17,1,0
BRDA:24,18,0,0
BRDA:24,18,1,0
BRDA:31,19,0,8
BRDA:31,19,1,8
BRDA:33,20,0,0
BRDA:33,20,1,8
BRDA:35,21,0,0
BRDA:35,21,1,8
BRDA:41,22,0,0
BRDA:41,22,1,8
BRDA:41,23,0,8
BRDA:41,23,1,0
BRDA:41,24,0,0
BRDA:41,24,1,8
BRDA:44,25,0,8
BRDA:44,25,1,8
BRDA:44,25,2,0
BRDA:44,25,3,8
BRDA:45,26,0,8
BRDA:45,26,1,8
BRDA:46,27,0,8
BRDA:46,27,1,7
BRDA:47,28,0,8
BRDA:47,28,1,7
BRDA:48,29,0,0
BRDA:48,29,1,8
BRDA:49,30,0,8
BRDA:49,30,1,8
BRDA:50,31,0,0
BRDA:50,31,1,8
BRDA:50,32,0,0
BRDA:50,32,1,8
BRDA:65,33,0,0
BRDA:65,33,1,8
BRDA:68,34,0,0
BRDA:68,34,1,8
BRDA:75,35,0,8
BRDA:75,35,1,0
BRDA:81,36,0,0
BRDA:81,36,1,0
BRDA:87,37,0,0
BRDA:87,37,1,0
BRDA:95,38,0,0
BRDA:95,38,1,8
BRDA:95,39,0,8
BRDA:95,39,1,8
BRDA:96,40,0,0
BRDA:96,40,1,0
BRDA:99,41,0,0
BRDA:99,41,1,0
BRDA:103,42,0,0
BRDA:103,42,1,0
BRDA:107,43,0,0
BRDA:107,43,1,0
BRDA:110,44,0,0
BRDA:110,44,1,0
BRDA:113,45,0,0
BRDA:113,45,1,0
BRDA:119,46,0,0
BRDA:119,46,1,8
BRDA:119,47,0,8
BRDA:119,47,1,0
BRDA:119,48,0,0
BRDA:119,48,1,8
BRDA:131,49,0,0
BRDA:131,49,1,8
BRDA:131,50,0,8
BRDA:131,50,1,8
BRDA:131,50,2,8
BRDA:132,51,0,0
BRDA:132,51,1,0
BRDA:145,52,0,0
BRDA:145,52,1,8
BRDA:151,53,0,6
BRDA:151,53,1,2
BRDA:151,54,0,8
BRDA:151,54,1,8
BRDA:151,54,2,6
BRDA:151,54,3,6
BRDA:155,55,0,0
BRDA:155,55,1,8
BRDA:158,56,0,0
BRDA:158,56,1,0
BRDA:158,57,0,0
BRDA:158,57,1,0
BRDA:159,58,0,0
BRDA:159,58,1,0
BRDA:159,59,0,0
BRDA:159,59,1,0
BRDA:160,60,0,0
BRDA:160,60,1,0
BRDA:160,61,0,0
BRDA:160,61,1,0
BRDA:161,62,0,0
BRDA:161,62,1,0
BRDA:161,63,0,0
BRDA:161,63,1,0
BRDA:162,64,0,0
BRDA:162,64,1,0
BRDA:162,65,0,0
BRDA:162,65,1,0
BRDA:164,66,0,0
BRDA:164,66,1,0
BRDA:164,67,0,0
BRDA:164,67,1,0
BRDA:164,67,2,0
BRDA:175,68,0,0
BRDA:175,68,1,8
BRDA:181,69,0,0
BRDA:181,69,1,0
BRDA:181,70,0,0
BRDA:181,70,1,0
BRDA:183,71,0,0
BRDA:183,71,1,0
BRDA:183,72,0,0
BRDA:183,72,1,0
BRDA:187,73,0,0
BRDA:187,73,1,0
BRDA:187,74,0,0
BRDA:187,74,1,0
BRDA:193,75,0,0
BRDA:193,75,1,17
BRDA:213,76,0,0
BRDA:213,76,1,0
BRDA:216,77,0,0
BRDA:216,77,1,0
BRDA:224,78,0,0
BRDA:224,78,1,0
BRDA:229,79,0,0
BRDA:229,79,1,0
BRDA:230,80,0,0
BRDA:230,80,1,0
BRDA:231,81,0,0
BRDA:231,81,1,0
BRDA:232,82,0,0
BRDA:232,82,1,0
BRDA:237,83,0,0
BRDA:237,83,1,0
BRDA:237,84,0,0
BRDA:237,84,1,0
BRDA:241,85,0,0
BRDA:241,85,1,0
BRDA:241,86,0,0
BRDA:241,86,1,0
BRDA:248,87,0,0
BRDA:248,87,1,0
BRDA:253,88,0,0
BRDA:253,88,1,0
BRDA:258,89,0,7
BRDA:258,89,1,0
BRDA:258,90,0,7
BRDA:258,90,1,7
BRDA:258,91,0,7
BRDA:258,91,1,0
BRDA:259,92,0,1
BRDA:259,92,1,6
BRDA:259,93,0,7
BRDA:259,93,1,1
BRDA:259,93,2,1
BRDA:262,94,0,1
BRDA:262,94,1,6
BRDA:267,95,0,0
BRDA:267,95,1,0
BRDA:279,96,0,0
BRDA:279,96,1,0
BRDA:279,97,0,0
BRDA:279,97,1,0
BRDA:279,97,2,0
BRDA:280,98,0,0
BRDA:280,98,1,0
BRDA:280,99,0,0
BRDA:280,99,1,0
BRDA:280,100,0,0
BRDA:280,100,1,0
BRDA:280,101,0,0
BRDA:280,101,1,0
BRDA:283,102,0,0
BRDA:283,102,1,0
BRDA:283,103,0,0
BRDA:283,103,1,0
BRDA:289,104,0,0
BRDA:290,105,0,0
BRDA:290,105,1,0
BRDA:290,106,0,0
BRDA:290,106,1,0
BRDA:292,107,0,0
BRDA:292,107,1,0
BRDA:293,108,0,0
BRDA:293,108,1,0
BRDA:298,109,0,0
BRDA:298,109,1,0
BRDA:298,110,0,0
BRDA:298,110,1,0
BRDA:298,110,2,0
BRDA:300,111,0,0
BRDA:300,111,1,0
BRDA:300,112,0,0
BRDA:300,112,1,0
BRDA:301,113,0,0
BRDA:301,113,1,0
BRDA:302,114,0,0
BRDA:302,114,1,0
BRDA:303,115,0,0
BRDA:303,115,1,0
BRDA:305,116,0,0
BRDA:305,116,1,0
BRDA:313,117,0,0
BRDA:313,117,1,0
BRDA:313,118,0,0
BRDA:313,118,1,0
BRDA:314,119,0,0
BRDA:314,119,1,0
BRDA:318,120,0,0
BRDA:318,120,1,0
BRDA:319,121,0,0
BRDA:319,121,1,0
BRDA:320,122,0,0
BRDA:320,122,1,0
BRDA:321,123,0,0
BRDA:321,123,1,0
BRDA:325,124,0,0
BRDA:325,124,1,0
BRDA:335,125,0,0
BRDA:335,125,1,0
BRDA:335,126,0,0
BRDA:335,126,1,0
BRDA:335,126,2,0
BRDA:335,126,3,0
BRDA:335,126,4,0
BRDA:340,127,0,0
BRDA:340,127,1,0
BRDA:341,128,0,0
BRDA:341,128,1,0
BRDA:347,129,0,0
BRDA:347,129,1,8
BRDA:347,130,0,8
BRDA:347,130,1,8
BRDA:349,131,0,0
BRDA:349,131,1,8
BRDA:349,132,0,8
BRDA:349,132,1,0
BRDA:352,133,0,0
BRDA:352,133,1,8
BRDA:352,134,0,8
BRDA:352,134,1,0
BRDA:355,135,0,8
BRDA:355,135,1,0
BRDA:355,136,0,8
BRDA:355,136,1,8
BRDA:362,137,0,16
BRDA:362,137,1,4
BRDA:365,138,0,4
BRDA:365,139,0,6
BRDA:366,140,0,0
BRDA:366,140,1,15
BRDA:366,141,0,15
BRDA:366,141,1,6
BRDA:366,141,2,0
BRDA:367,142,0,7
BRDA:367,142,1,8
BRDA:368,143,0,7
BRDA:368,143,1,0
BRDA:368,144,0,7
BRDA:368,144,1,7
BRDA:372,145,0,6
BRDA:372,145,1,1
BRDA:372,146,0,7
BRDA:372,146,1,2
BRDA:372,146,2,2
BRDA:372,146,3,2
BRDA:379,147,0,0
BRDA:379,147,1,0
BRDA:379,148,0,0
BRDA:379,148,1,0
BRDA:390,149,0,0
BRDA:390,149,1,0
BRDA:397,150,0,0
BRDA:397,150,1,0
BRDA:397,151,0,0
BRDA:397,151,1,0
BRDA:399,152,0,0
BRDA:399,152,1,0
BRDA:405,153,0,0
BRDA:406,154,0,0
BRDA:406,154,1,0
BRDA:406,155,0,0
BRDA:406,155,1,0
BRDA:411,156,0,0
BRDA:411,156,1,0
BRDA:416,157,0,0
BRDA:416,157,1,0
BRDA:417,158,0,0
BRDA:417,158,1,0
BRDA:417,159,0,0
BRDA:417,159,1,0
BRDA:420,160,0,0
BRDA:420,160,1,0
BRDA:422,161,0,0
BRDA:422,161,1,0
BRDA:424,162,0,0
BRDA:424,162,1,0
BRDA:429,163,0,0
BRDA:429,163,1,0
BRDA:429,163,2,0
BRDA:430,164,0,0
BRDA:430,164,1,0
BRDA:430,165,0,0
BRDA:430,165,1,0
BRDA:437,166,0,0
BRDA:437,166,1,0
BRDA:447,167,0,0
BRDA:447,167,1,0
BRDA:449,168,0,0
BRDA:449,168,1,0
BRDA:451,169,0,0
BRDA:451,169,1,0
BRDA:453,170,0,0
BRDA:453,170,1,0
BRDA:455,171,0,0
BRDA:455,171,1,0
BRDA:477,172,0,0
BRDA:477,172,1,0
BRDA:478,173,0,0
BRDA:478,173,1,0
BRDA:482,174,0,0
BRDA:482,174,1,0
BRDA:482,175,0,0
BRDA:482,175,1,0
BRDA:486,176,0,0
BRDA:486,176,1,0
BRDA:494,177,0,0
BRDA:494,177,1,0
BRDA:506,178,0,0
BRDA:506,178,1,0
BRDA:506,178,2,0
BRDA:507,179,0,0
BRDA:507,179,1,0
BRDA:507,179,2,0
BRDA:507,179,3,0
BRDA:513,180,0,0
BRDA:513,180,1,0
BRDA:513,181,0,0
BRDA:513,181,1,0
BRDA:513,181,2,0
BRDA:513,181,3,0
BRDA:515,182,0,0
BRDA:515,182,1,0
BRDA:515,183,0,0
BRDA:515,183,1,0
BRDA:515,183,2,0
BRDA:515,183,3,0
BRDA:516,184,0,0
BRDA:516,184,1,0
BRDA:522,185,0,0
BRDA:522,185,1,0
BRDA:522,186,0,0
BRDA:522,186,1,0
BRDA:522,186,2,0
BRDA:525,187,0,0
BRDA:525,187,1,0
BRDA:532,188,0,0
BRDA:532,188,1,0
BRDA:532,189,0,0
BRDA:532,189,1,0
BRDA:533,190,0,0
BRDA:533,190,1,0
BRDA:536,191,0,0
BRDA:536,191,1,0
BRDA:545,192,0,0
BRDA:545,192,1,0
BRDA:550,193,0,0
BRDA:550,193,1,0
BRDA:550,194,0,0
BRDA:550,194,1,0
BRDA:552,195,0,0
BRDA:552,195,1,0
BRDA:554,196,0,0
BRDA:554,196,1,0
BRDA:554,197,0,0
BRDA:554,197,1,0
BRDA:559,198,0,0
BRDA:559,198,1,0
BRDA:563,199,0,0
BRDA:563,199,1,0
BRDA:572,200,0,0
BRDA:572,200,1,0
BRDA:573,201,0,0
BRDA:573,201,1,0
BRDA:575,202,0,0
BRDA:575,202,1,0
BRDA:585,203,0,0
BRDA:585,203,1,0
BRDA:592,204,0,0
BRDA:592,204,1,0
BRDA:596,205,0,0
BRDA:596,205,1,0
BRDA:602,206,0,6
BRDA:602,206,1,6
BRDA:603,207,0,6
BRDA:603,207,1,6
BRDA:603,207,2,4
BRDA:605,208,0,0
BRDA:605,208,1,6
BRDA:605,209,0,6
BRDA:605,209,1,0
BRDA:607,210,0,1
BRDA:607,210,1,5
BRDA:607,211,0,6
BRDA:607,211,1,1
BRDA:607,211,2,1
BRDA:609,212,0,3
BRDA:609,212,1,2
BRDA:611,213,0,1
BRDA:611,213,1,1
BRDA:611,214,0,2
BRDA:611,214,1,1
BRDA:611,214,2,1
BRDA:617,215,0,0
BRDA:617,215,1,6
BRDA:620,216,0,1
BRDA:620,216,1,5
BRDA:622,217,0,1
BRDA:622,217,1,0
BRDA:625,218,0,1
BRDA:625,218,1,0
BRDA:625,219,0,1
BRDA:625,219,1,1
BRDA:626,220,0,1
BRDA:626,220,1,0
BRDA:626,221,0,1
BRDA:626,221,1,1
BRDA:627,222,0,1
BRDA:627,222,1,4
BRDA:633,223,0,1
BRDA:633,223,1,3
BRDA:648,224,0,0
BRDA:648,224,1,1
BRDA:649,225,0,0
BRDA:649,225,1,0
BRDA:652,226,0,0
BRDA:652,226,1,0
BRDA:652,227,0,0
BRDA:652,227,1,0
BRDA:654,228,0,0
BRDA:654,228,1,0
BRDA:654,229,0,0
BRDA:654,229,1,0
BRDA:661,230,0,0
BRDA:661,230,1,1
BRDA:664,231,0,0
BRDA:664,231,1,1
BRDA:666,232,0,0
BRDA:666,232,1,0
BRDA:667,233,0,1
BRDA:667,233,1,0
BRDA:667,234,0,1
BRDA:667,234,1,0
BRDA:673,235,0,1
BRDA:673,235,1,0
BRDA:673,236,0,1
BRDA:673,236,1,1
BRDA:673,236,2,1
BRDA:676,237,0,1
BRDA:676,237,1,0
BRDA:676,238,0,1
BRDA:676,238,1,1
BRDA:678,239,0,1
BRDA:678,239,1,0
BRDA:678,240,0,1
BRDA:678,240,1,1
BRDA:690,241,0,10
BRDA:690,241,1,3
BRDA:692,242,0,1
[...]
FN:354,(anonymous_33)
FN:376,(anonymous_34)
FN:386,(anonymous_35)
FN:401,(anonymous_36)
FNF:37
FNH:0
FNDA:0,(anonymous_0)
FNDA:0,(anonymous_1)
FNDA:0,(anonymous_2)
FNDA:0,(anonymous_3)
FNDA:0,(anonymous_4)
FNDA:0,(anonymous_5)
FNDA:0,(anonymous_6)
FNDA:0,(anonymous_7)
FNDA:0,(anonymous_8)
FNDA:0,(anonymous_9)
FNDA:0,(anonymous_10)
FNDA:0,(anonymous_11)
FNDA:0,(anonymous_12)
FNDA:0,(anonymous_13)
FNDA:0,(anonymous_14)
FNDA:0,(anonymous_15)
FNDA:0,(anonymous_16)
FNDA:0,(anonymous_17)
FNDA:0,(anonymous_18)
FNDA:0,(anonymous_19)
FNDA:0,(anonymous_20)
FNDA:0,(anonymous_21)
FNDA:0,(anonymous_22)
FNDA:0,(anonymous_23)
FNDA:0,(anonymous_24)
FNDA:0,(anonymous_25)
FNDA:0,(anonymous_26)
FNDA:0,(anonymous_27)
FNDA:0,(anonymous_28)
FNDA:0,(anonymous_29)
FNDA:0,(anonymous_30)
FNDA:0,(anonymous_31)
FNDA:0,(anonymous_32)
FNDA:0,(anonymous_33)
FNDA:0,(anonymous_34)
FNDA:0,(anonymous_35)
FNDA:0,(anonymous_36)
DA:7,0
DA:8,0
DA:9,0
DA:10,0
DA:11,0
DA:12,0
DA:15,0
DA:16,0
DA:17,0
DA:19,0
DA:24,0
DA:25,0
DA:27,0
DA:28,0
DA:29,0
DA:30,0
DA:32,0
DA:37,0
DA:38,0
DA:40,0
DA:41,0
DA:42,0
DA:43,0
DA:44,0
DA:46,0
DA:50,0
DA:52,0
DA:53,0
DA:56,0
DA:60,0
DA:61,0
DA:62,0
DA:64,0
DA:65,0
DA:67,0
DA:68,0
DA:71,0
DA:76,0
DA:77,0
DA:81,0
DA:82,0
DA:86,0
DA:87,0
DA:92,0
DA:94,0
DA:95,0
DA:97,0
DA:98,0
DA:100,0
DA:101,0
DA:103,0
DA:104,0
DA:106,0
DA:109,0
DA:111,0
DA:112,0
DA:113,0
DA:114,0
DA:116,0
DA:117,0
DA:120,0
DA:121,0
DA:124,0
DA:125,0
DA:127,0
DA:132,0
DA:134,0
DA:135,0
DA:136,0
DA:137,0
DA:138,0
DA:139,0
DA:140,0
DA:141,0
DA:143,0
DA:149,0
DA:150,0
DA:152,0
DA:153,0
DA:163,0
DA:164,0
DA:168,0
DA:169,0
DA:174,0
DA:175,0
DA:178,0
DA:179,0
DA:180,0
DA:181,0
DA:184,0
DA:186,0
DA:195,0
DA:200,0
DA:201,0
DA:202,0
DA:203,0
DA:206,0
DA:208,0
DA:216,0
DA:221,0
DA:222,0
DA:223,0
DA:224,0
DA:227,0
DA:229,0
DA:238,0
DA:244,0
DA:248,0
DA:252,0
DA:253,0
DA:254,0
DA:257,0
DA:258,0
DA:259,0
DA:260,0
DA:264,0
DA:270,0
DA:271,0
DA:272,0
DA:273,0
DA:274,0
DA:279,0
DA:280,0
DA:285,0
DA:286,0
DA:290,0
DA:291,0
DA:295,0
DA:296,0
DA:300,0
DA:301,0
DA:306,0
DA:307,0
DA:309,0
DA:313,0
DA:314,0
DA:316,0
DA:321,0
DA:329,0
DA:334,0
DA:336,0
DA:337,0
DA:338,0
DA:340,0
DA:341,0
DA:343,0
DA:345,0
DA:355,0
DA:356,0
DA:359,0
DA:361,0
DA:365,0
DA:367,0
DA:369,0
DA:371,0
DA:377,0
DA:386,0
DA:387,0
DA:389,0
DA:390,0
DA:391,0
DA:393,0
DA:397,0
DA:402,0
DA:403,0
DA:404,0
DA:405,0
DA:406,0
DA:407,0
DA:409,0
DA:414,0
DA:417,0
LF:172
LH:0
BRDA:23,0,0,0
BRDA:23,1,0,0
BRDA:27,2,0,0
BRDA:27,2,1,0
BRDA:29,3,0,0
BRDA:29,3,1,0
BRDA:41,4,0,0
BRDA:41,4,1,0
BRDA:43,5,0,0
BRDA:43,5,1,0
BRDA:43,6,0,0
BRDA:43,6,1,0
BRDA:43,6,2,0
BRDA:52,7,0,0
BRDA:52,7,1,0
BRDA:67,8,0,0
BRDA:67,8,1,0
BRDA:74,9,0,0
BRDA:76,10,0,0
BRDA:76,10,1,0
BRDA:81,11,0,0
BRDA:81,11,1,0
BRDA:86,12,0,0
BRDA:86,12,1,0
BRDA:92,13,0,0
BRDA:92,13,1,0
BRDA:92,13,2,0
BRDA:92,13,3,0
BRDA:92,13,4,0
BRDA:116,14,0,0
BRDA:116,14,1,0
BRDA:134,15,0,0
BRDA:134,15,1,0
BRDA:136,16,0,0
BRDA:136,16,1,0
BRDA:138,17,0,0
BRDA:138,17,1,0
BRDA:140,18,0,0
BRDA:140,18,1,0
BRDA:174,19,0,0
BRDA:174,19,1,0
BRDA:174,20,0,0
BRDA:174,20,1,0
BRDA:180,21,0,0
BRDA:180,21,1,0
BRDA:202,22,0,0
BRDA:202,22,1,0
BRDA:223,23,0,0
BRDA:223,23,1,0
BRDA:253,24,0,0
BRDA:253,24,1,0
BRDA:257,25,0,0
BRDA:257,25,1,0
BRDA:257,26,0,0
BRDA:257,26,1,0
BRDA:257,26,2,0
BRDA:259,27,0,0
BRDA:259,27,1,0
BRDA:271,28,0,0
BRDA:271,28,1,0
BRDA:271,29,0,0
BRDA:271,29,1,0
BRDA:271,29,2,0
BRDA:273,30,0,0
BRDA:273,30,1,0
BRDA:286,31,0,0
BRDA:286,31,1,0
BRDA:286,32,0,0
BRDA:286,32,1,0
BRDA:291,33,0,0
BRDA:291,33,1,0
BRDA:291,34,0,0
BRDA:291,34,1,0
BRDA:296,35,0,0
BRDA:296,35,1,0
BRDA:296,36,0,0
BRDA:296,36,1,0
BRDA:301,37,0,0
BRDA:301,37,1,0
BRDA:301,38,0,0
BRDA:301,38,1,0
BRDA:324,39,0,0
BRDA:324,39,1,0
BRDA:355,40,0,0
BRDA:355,40,1,0
BRDA:355,41,0,0
BRDA:355,41,1,0
BRDA:355,41,2,0
BRDA:355,41,3,0
BRDA:359,42,0,0
BRDA:359,42,1,0
BRDA:359,42,2,0
BRDA:359,42,3,0
BRDA:359,42,4,0
BRDA:361,43,0,0
BRDA:361,43,1,0
BRDA:361,43,2,0
BRDA:365,44,0,0
BRDA:365,44,1,0
BRDA:389,45,0,0
BRDA:389,45,1,0
BRDA:391,46,0,0
BRDA:391,46,1,0
BRF:103
BRH:0
end_of_record
TN:
SF:utils\EventEmitter.js
FN:6,(anonymous_0)
FN:13,(anonymous_1)
FN:34,(anonymous_2)
FN:49,(anonymous_3)
FN:58,(anonymous_4)
FN:86,(anonymous_5)
FN:130,(anonymous_6)
FN:136,(anonymous_7)
FN:151,(anonymous_8)
FN:154,(anonymous_9)
FN:155,(anonymous_10)
FN:161,(anonymous_11)
FN:173,(anonymous_12)
FN:182,(anonymous_13)
FN:187,(anonymous_14)
FN:194,(anonymous_15)
FN:195,(anonymous_16)
FN:202,(anonymous_17)
FN:213,(anonymous_18)
FN:215,(anonymous_19)
FN:217,(anonymous_20)
FN:219,(anonymous_21)
FN:221,(anonymous_22)
FN:223,(anonymous_23)
FN:225,(anonymous_24)
FN:233,(anonymous_25)
FN:273,(anonymous_26)
FN:280,(anonymous_27)
FN:282,(anonymous_28)
FN:293,(anonymous_29)
FN:301,(anonymous_30)
FN:306,(anonymous_31)
FN:315,(anonymous_32)
FNF:33
FNH:0
FNDA:0,(anonymous_0)
FNDA:0,(anonymous_1)
FNDA:0,(anonymous_2)
FNDA:0,(anonymous_3)
FNDA:0,(anonymous_4)
FNDA:0,(anonymous_5)
FNDA:0,(anonymous_6)
FNDA:0,(anonymous_7)
FNDA:0,(anonymous_8)
FNDA:0,(anonymous_9)
FNDA:0,(anonymous_10)
FNDA:0,(anonymous_11)
FNDA:0,(anonymous_12)
FNDA:0,(anonymous_13)
FNDA:0,(anonymous_14)
FNDA:0,(anonymous_15)
FNDA:0,(anonymous_16)
FNDA:0,(anonymous_17)
FNDA:0,(anonymous_18)
FNDA:0,(anonymous_19)
FNDA:0,(anonymous_20)
FNDA:0,(anonymous_21)
FNDA:0,(anonymous_22)
FNDA:0,(anonymous_23)
FNDA:0,(anonymous_24)
FNDA:0,(anonymous_25)
FNDA:0,(anonymous_26)
FNDA:0,(anonymous_27)
FNDA:0,(anonymous_28)
FNDA:0,(anonymous_29)
FNDA:0,(anonymous_30)
FNDA:0,(anonymous_31)
FNDA:0,(anonymous_32)
DA:7,0
DA:8,0
DA:9,0
DA:14,0
DA:15,0
DA:18,0
DA:19,0
DA:22,0
DA:25,0
DA:26,0
DA:29,0
DA:30,0
DA:35,0
DA:36,0
DA:39,0
DA:40,0
DA:43,0
DA:44,0
DA:45,0
DA:50,0
DA:52,0
DA:53,0
DA:54,0
DA:58,0
DA:59,0
DA:60,0
DA:61,0
DA:63,0
DA:68,0
DA:69,0
DA:70,0
DA:71,0
DA:75,0
DA:76,0
DA:77,0
DA:78,0
DA:82,0
DA:87,0
DA:90,0
DA:91,0
DA:93,0
DA:94,0
DA:95,0
DA:96,0
DA:98,0
DA:100,0
DA:102,0
DA:108,0
DA:109,0
DA:110,0
DA:112,0
DA:113,0
DA:114,0
DA:115,0
DA:117,0
DA:119,0
DA:121,0
DA:126,0
DA:131,0
DA:137,0
DA:139,0
DA:140,0
DA:143,0
DA:144,0
DA:147,0
DA:152,0
DA:154,0
DA:155,0
DA:157,0
DA:162,0
DA:163,0
DA:164,0
DA:166,0
DA:167,0
DA:169,0
DA:174,0
DA:175,0
DA:177,0
DA:178,0
DA:183,0
DA:188,0
DA:189,0
DA:192,0
DA:194,0
DA:195,0
DA:196,0
DA:201,0
DA:202,0
DA:203,0
DA:204,0
DA:205,0
DA:209,0
DA:214,0
DA:216,0
DA:218,0
DA:220,0
DA:222,0
DA:224,0
DA:226,0
DA:229,0
DA:234,0
DA:237,0
DA:239,0
DA:240,0
DA:243,0
DA:244,0
DA:245,0
DA:249,0
DA:250,0
DA:251,0
DA:255,0
DA:256,0
DA:259,0
DA:260,0
DA:265,0
DA:266,0
DA:269,0
DA:274,0
DA:275,0
DA:278,0
DA:280,0
DA:282,0
DA:283,0
DA:286,0
DA:289,0
DA:294,0
DA:301,0
DA:302,0
DA:303,0
DA:306,0
DA:307,0
DA:308,0
DA:311,0
DA:316,0
DA:321,0
LF:135
LH:0
BRDA:13,0,0,0
BRDA:14,1,0,0
BRDA:14,1,1,0
BRDA:18,2,0,0
BRDA:18,2,1,0
BRDA:25,3,0,0
BRDA:25,3,1,0
BRDA:34,4,0,0
BRDA:35,5,0,0
BRDA:35,5,1,0
BRDA:39,6,0,0
BRDA:39,6,1,0
BRDA:49,7,0,0
BRDA:49,8,0,0
BRDA:50,9,0,0
BRDA:50,9,1,0
BRDA:61,10,0,0
BRDA:61,10,1,0
BRDA:61,11,0,0
BRDA:61,11,1,0
BRDA:61,11,2,0
BRDA:68,12,0,0
BRDA:68,12,1,0
BRDA:70,13,0,0
BRDA:70,13,1,0
BRDA:75,14,0,0
BRDA:75,14,1,0
BRDA:77,15,0,0
BRDA:77,15,1,0
BRDA:90,16,0,0
BRDA:90,16,1,0
BRDA:95,17,0,0
BRDA:95,17,1,0
BRDA:108,18,0,0
BRDA:108,18,1,0
BRDA:114,19,0,0
BRDA:114,19,1,0
BRDA:131,20,0,0
BRDA:131,20,1,0
BRDA:131,20,2,0
BRDA:131,20,3,0
BRDA:139,21,0,0
BRDA:139,21,1,0
BRDA:143,22,0,0
BRDA:143,22,1,0
BRDA:161,23,0,0
BRDA:162,24,0,0
BRDA:162,24,1,0
BRDA:174,25,0,0
BRDA:174,25,1,0
BRDA:174,26,0,0
BRDA:174,26,1,0
BRDA:187,27,0,0
BRDA:188,28,0,0
BRDA:188,28,1,0
BRDA:192,29,0,0
BRDA:192,29,1,0
BRDA:239,30,0,0
BRDA:239,30,1,0
BRDA:243,31,0,0
BRDA:243,31,1,0
BRDA:251,32,0,0
BRDA:251,32,1,0
BRDA:255,33,0,0
BRDA:255,33,1,0
BRDA:255,34,0,0
BRDA:255,34,1,0
BRDA:265,35,0,0
BRDA:265,35,1,0
BRDA:274,36,0,0
BRDA:274,36,1,0
BRF:71
BRH:0
end_of_record
TN:
SF:utils\GameLoop.js
FN:3,(anonymous_0)
FN:4,(anonymous_1)
FN:15,(anonymous_2)
FN:25,(anonymous_3)
FN:32,(anonymous_4)
FN:44,(anonymous_5)
FN:47,(anonymous_6)
FN:53,(anonymous_7)
FN:58,(anonymous_8)
FN:64,(anonymous_9)
FNF:10
FNH:0
FNDA:0,(anonymous_0)
FNDA:0,(anonymous_1)
FNDA:0,(anonymous_2)
FNDA:0,(anonymous_3)
FNDA:0,(anonymous_4)
FNDA:0,(anonymous_5)
FNDA:0,(anonymous_6)
FNDA:0,(anonymous_7)
FNDA:0,(anonymous_8)
FNDA:0,(anonymous_9)
DA:4,0
DA:5,0
DA:6,0
DA:7,0
DA:8,0
DA:11,0
DA:12,0
DA:15,0
DA:16,0
DA:17,0
DA:18,0
DA:19,0
DA:20,0
DA:21,0
DA:22,0
DA:26,0
DA:27,0
DA:28,0
DA:29,0
DA:33,0
DA:34,0
DA:35,0
DA:36,0
DA:38,0
DA:39,0
DA:40,0
DA:41,0
DA:44,0
DA:48,0
DA:49,0
DA:50,0
DA:54,0
DA:55,0
DA:59,0
DA:60,0
DA:61,0
DA:65,0
DA:66,0
DA:70,0
DA:71,0
DA:74,0
DA:75,0
LF:42
LH:0
BRDA:3,0,0,0
BRDA:3,1,0,0
BRDA:3,2,0,0
BRDA:4,3,0,0
BRDA:4,3,1,0
BRDA:16,4,0,0
BRDA:16,4,1,0
BRDA:17,5,0,0
BRDA:17,5,1,0
BRDA:19,6,0,0
BRDA:19,6,1,0
BRDA:26,7,0,0
BRDA:26,7,1,0
BRDA:34,8,0,0
BRDA:34,8,1,0
BRDA:70,9,0,0
BRDA:70,9,1,0
BRDA:74,10,0,0
BRDA:74,10,1,0
BRDA:74,11,0,0
BRDA:74,11,1,0
BRF:21
BRH:0
end_of_record
TN:
SF:utils\GameMetadata.js
FN:5,(anonymous_0)
FN:9,(anonymous_1)
FN:12,(anonymous_2)
FN:18,(anonymous_3)
FN:24,(anonymous_4)
FN:29,(anonymous_5)
FN:33,(anonymous_6)
FN:38,(anonymous_7)
FN:47,(anonymous_8)
FN:59,(anonymous_9)
FN:63,(anonymous_10)
FN:86,(anonymous_11)
FNF:12
FNH:0
FNDA:0,(anonymous_0)
FNDA:0,(anonymous_1)
FNDA:0,(anonymous_2)
FNDA:0,(anonymous_3)
FNDA:0,(anonymous_4)
FNDA:0,(anonymous_5)
FNDA:0,(anonymous_6)
FNDA:0,(anonymous_7)
FNDA:0,(anonymous_8)
FNDA:0,(anonymous_9)
FNDA:0,(anonymous_10)
FNDA:0,(anonymous_11)
DA:6,0
DA:9,0
DA:13,0
DA:18,0
DA:21,0
DA:25,0
DA:26,0
DA:30,0
DA:34,0
DA:35,0
DA:39,0
DA:40,0
DA:41,0
DA:47,0
DA:60,0
DA:64,0
DA:66,0
DA:67,0
DA:68,0
DA:71,0
DA:72,0
DA:73,0
DA:76,0
DA:77,0
DA:78,0
DA:80,0
DA:82,0
DA:83,0
DA:86,0
DA:87,0
DA:88,0
DA:92,0
DA:96,0
DA:97,0
DA:100,0
DA:101,0
LF:36
LH:0
BRDA:21,0,0,0
BRDA:21,0,1,0
BRDA:26,1,0,0
BRDA:26,1,1,0
BRDA:26,2,0,0
BRDA:26,2,1,0
BRDA:30,3,0,0
BRDA:30,3,1,0
BRDA:30,4,0,0
BRDA:30,4,1,0
BRDA:35,5,0,0
BRDA:35,5,1,0
BRDA:35,6,0,0
BRDA:35,6,1,0
BRDA:38,7,0,0
BRDA:39,8,0,0
BRDA:39,8,1,0
BRDA:47,9,0,0
BRDA:47,9,1,0
BRDA:63,10,0,0
BRDA:66,11,0,0
BRDA:66,11,1,0
BRDA:66,12,0,0
BRDA:66,12,1,0
BRDA:71,13,0,0
BRDA:71,13,1,0
BRDA:77,14,0,0
BRDA:77,14,1,0
BRDA:82,15,0,0
BRDA:82,15,1,0
BRDA:82,16,0,0
BRDA:82,16,1,0
BRDA:87,17,0,0
BRDA:87,17,1,0
BRDA:87,18,0,0
BRDA:87,18,1,0
BRDA:96,19,0,0
BRDA:96,19,1,0
BRDA:100,20,0,0
BRDA:100,20,1,0
BRDA:100,21,0,0
BRDA:100,21,1,0
BRF:42
BRH:0
end_of_record
TN:
SF:utils\Logger.js
FN:6,(anonymous_0)
FN:11,(anonymous_1)
FN:17,(anonymous_2)
FN:19,(anonymous_3)
FN:23,(anonymous_4)
FN:32,(anonymous_5)
FN:38,(anonymous_6)
FN:44,(anonymous_7)
FN:50,(anonymous_8)
FN:57,(anonymous_9)
FNF:10
FNH:0
FNDA:0,(anonymous_0)
FNDA:0,(anonymous_1)
FNDA:0,(anonymous_2)
FNDA:0,(anonymous_3)
FNDA:0,(anonymous_4)
FNDA:0,(anonymous_5)
FNDA:0,(anonymous_6)
FNDA:0,(anonymous_7)
FNDA:0,(anonymous_8)
FNDA:0,(anonymous_9)
DA:3,0
DA:7,0
DA:8,0
DA:12,0
DA:13,0
DA:17,0
DA:20,0
DA:24,0
DA:25,0
DA:26,0
DA:28,0
DA:33,0
DA:34,0
DA:39,0
DA:40,0
DA:45,0
DA:46,0
DA:51,0
DA:52,0
DA:58,0
DA:59,0
DA:61,0
DA:68,0
DA:70,0
DA:71,0
DA:74,0
DA:75,0
LF:27
LH:0
BRDA:12,0,0,0
BRDA:12,0,1,0
BRDA:12,1,0,0
BRDA:12,1,1,0
BRDA:33,2,0,0
BRDA:33,2,1,0
BRDA:39,3,0,0
BRDA:39,3,1,0
BRDA:45,4,0,0
BRDA:45,4,1,0
BRDA:51,5,0,0
BRDA:51,5,1,0
BRDA:57,6,0,0
BRDA:59,7,0,0
BRDA:59,7,1,0
BRDA:59,7,2,0
BRDA:59,7,3,0
BRDA:59,7,4,0
BRDA:59,7,5,0
BRDA:61,8,0,0
BRDA:61,8,1,0
BRDA:70,9,0,0
BRDA:70,9,1,0
BRDA:74,10,0,0
BRDA:74,10,1,0
BRDA:74,11,0,0
BRDA:74,11,1,0
BRF:27
BRH:0
end_of_record
TN:
SF:utils\ManagedResource.js
FN:3,(anonymous_0)
FN:12,(anonymous_1)
FN:13,(anonymous_2)
FN:17,(anonymous_3)
FN:20,(anonymous_4)
FN:26,(anonymous_5)
FN:32,(anonymous_6)
FN:37,(anonymous_7)
FN:43,(anonymous_8)
FN:48,(anonymous_9)
FN:54,(anonymous_10)
FN:59,(anonymous_11)
FN:64,(anonymous_12)
FN:70,(anonymous_13)
FNF:14
FNH:0
FNDA:0,(anonymous_0)
FNDA:0,(anonymous_1)
FNDA:0,(anonymous_2)
FNDA:0,(anonymous_3)
FNDA:0,(anonymous_4)
FNDA:0,(anonymous_5)
FNDA:0,(anonymous_6)
FNDA:0,(anonymous_7)
FNDA:0,(anonymous_8)
FNDA:0,(anonymous_9)
FNDA:0,(anonymous_10)
FNDA:0,(anonymous_11)
FNDA:0,(anonymous_12)
FNDA:0,(anonymous_13)
DA:4,0
DA:5,0
DA:6,0
DA:7,0
DA:8,0
DA:13,0
DA:14,0
DA:15,0
DA:16,0
DA:17,0
DA:21,0
DA:22,0
DA:23,0
DA:27,0
DA:28,0
DA:29,0
DA:33,0
DA:34,0
DA:38,0
DA:39,0
DA:40,0
DA:44,0
DA:45,0
DA:49,0
DA:50,0
DA:51,0
DA:55,0
DA:56,0
DA:60,0
DA:61,0
DA:65,0
DA:66,0
DA:67,0
DA:72,0
DA:73,0
DA:75,0
DA:78,0
DA:79,0
DA:82,0
DA:83,0
DA:86,0
DA:87,0
DA:90,0
DA:91,0
DA:93,0
DA:97,0
DA:98,0
DA:101,0
DA:102,0
LF:49
LH:0
BRDA:13,0,0,0
BRDA:13,0,1,0
BRDA:13,1,0,0
BRDA:13,1,1,0
BRDA:21,2,0,0
BRDA:21,2,1,0
BRDA:21,3,0,0
BRDA:21,3,1,0
BRDA:60,4,0,0
BRDA:60,4,1,0
BRDA:60,5,0,0
BRDA:60,5,1,0
BRDA:65,6,0,0
BRDA:65,6,1,0
BRDA:65,7,0,0
BRDA:65,7,1,0
BRDA:97,8,0,0
BRDA:97,8,1,0
BRDA:101,9,0,0
BRDA:101,9,1,0
BRDA:101,10,0,0
BRDA:101,10,1,0
BRF:22
BRH:0
end_of_record
TN:
SF:utils\MathUtils.js
FN:7,(anonymous_0)
FN:8,(anonymous_1)
FN:9,(anonymous_2)
FN:10,(anonymous_3)
FN:11,(anonymous_4)
FN:14,(anonymous_5)
FN:18,(anonymous_6)
FN:22,(anonymous_7)
FN:26,(anonymous_8)
FN:31,(anonymous_9)
FN:35,(anonymous_10)
FN:40,(anonymous_11)
FN:46,(anonymous_12)
FN:52,(anonymous_13)
FN:56,(anonymous_14)
FN:62,(anonymous_15)
FN:66,(anonymous_16)
FN:70,(anonymous_17)
FN:80,(anonymous_18)
FN:84,(anonymous_19)
FN:88,(anonymous_20)
FN:92,(anonymous_21)
FN:96,(anonymous_22)
FN:113,(anonymous_23)
FN:120,(anonymous_24)
FN:124,(anonymous_25)
FN:128,(anonymous_26)
FN:132,(anonymous_27)
FN:136,(anonymous_28)
FN:140,(anonymous_29)
FN:144,(anonymous_30)
FN:148,(anonymous_31)
FN:152,(anonymous_32)
FN:156,(anonymous_33)
FN:160,(anonymous_34)
FN:164,(anonymous_35)
FN:171,(anonymous_36)
FN:176,(anonymous_37)
FN:181,(anonymous_38)
FN:185,(anonymous_39)
FN:201,(anonymous_40)
FN:205,(anonymous_41)
FN:209,(anonymous_42)
FN:226,(anonymous_43)
FN:230,(anonymous_44)
FN:235,(anonymous_45)
FN:239,(anonymous_46)
FN:248,(anonymous_47)
FN:280,(anonymous_48)
FN:292,(anonymous_49)
FN:297,(anonymous_50)
FN:303,(anonymous_51)
FN:309,(anonymous_52)
FN:313,(anonymous_53)
FN:319,(anonymous_54)
FN:325,(anonymous_55)
FN:331,(anonymous_56)
FN:337,(anonymous_57)
FN:341,(anonymous_58)
FN:345,(anonymous_59)
FN:354,(anonymous_60)
FN:358,(anonymous_61)
FN:362,(anonymous_62)
FN:368,(anonymous_63)
FN:372,(anonymous_64)
FN:382,(anonymous_65)
FN:388,(anonymous_66)
FN:392,(anonymous_67)
FN:396,(anonymous_68)
FN:400,(anonymous_69)
FN:404,(anonymous_70)
FN:411,(anonymous_71)
FNF:72
FNH:0
FNDA:0,(anonymous_0)
FNDA:0,(anonymous_1)
FNDA:0,(anonymous_2)
FNDA:0,(anonymous_3)
FNDA:0,(anonymous_4)
FNDA:0,(anonymous_5)
FNDA:0,(anonymous_6)
FNDA:0,(anonymous_7)
FNDA:0,(anonymous_8)
FNDA:0,(anonymous_9)
FNDA:0,(anonymous_10)
FNDA:0,(anonymous_11)
FNDA:0,(anonymous_12)
FNDA:0,(anonymous_13)
FNDA:0,(anonymous_14)
FNDA:0,(anonymous_15)
FNDA:0,(anonymous_16)
FNDA:0,(anonymous_17)
FNDA:0,(anonymous_18)
FNDA:0,(anonymous_19)
FNDA:0,(anonymous_20)
FNDA:0,(anonymous_21)
FNDA:0,(anonymous_22)
FNDA:0,(anonymous_23)
FNDA:0,(anonymous_24)
FNDA:0,(anonymous_25)
FNDA:0,(anonymous_26)
FNDA:0,(anonymous_27)
FNDA:0,(anonymous_28)
FNDA:0,(anonymous_29)
FNDA:0,(anonymous_30)
FNDA:0,(anonymous_31)
FNDA:0,(anonymous_32)
FNDA:0,(anonymous_33)
FNDA:0,(anonymous_34)
FNDA:0,(anonymous_35)
FNDA:0,(anonymous_36)
FNDA:0,(anonymous_37)
FNDA:0,(anonymous_38)
FNDA:0,(anonymous_39)
FNDA:0,(anonymous_40)
FNDA:0,(anonymous_41)
FNDA:0,(anonymous_42)
FNDA:0,(anonymous_43)
FNDA:0,(anonymous_44)
FNDA:0,(anonymous_45)
FNDA:0,(anonymous_46)
FNDA:0,(anonymous_47)
FNDA:0,(anonymous_48)
FNDA:0,(anonymous_49)
FNDA:0,(anonymous_50)
FNDA:0,(anonymous_51)
FNDA:0,(anonymous_52)
FNDA:0,(anonymous_53)
FNDA:0,(anonymous_54)
FNDA:0,(anonymous_55)
FNDA:0,(anonymous_56)
FNDA:0,(anonymous_57)
FNDA:0,(anonymous_58)
FNDA:0,(anonymous_59)
FNDA:0,(anonymous_60)
FNDA:0,(anonymous_61)
FNDA:0,(anonymous_62)
FNDA:0,(anonymous_63)
FNDA:0,(anonymous_64)
FNDA:0,(anonymous_65)
FNDA:0,(anonymous_66)
FNDA:0,(anonymous_67)
FNDA:0,(anonymous_68)
FNDA:0,(anonymous_69)
FNDA:0,(anonymous_70)
FNDA:0,(anonymous_71)
DA:7,0
DA:8,0
DA:9,0
DA:10,0
DA:11,0
DA:15,0
DA:19,0
DA:23,0
DA:27,0
DA:28,0
DA:32,0
DA:36,0
DA:41,0
DA:42,0
DA:43,0
DA:47,0
DA:48,0
DA:49,0
DA:53,0
DA:57,0
DA:58,0
DA:59,0
DA:63,0
DA:67,0
DA:71,0
DA:72,0
DA:73,0
DA:81,0
DA:85,0
DA:89,0
DA:93,0
DA:99,0
DA:100,0
DA:101,0
DA:102,0
DA:103,0
DA:104,0
DA:105,0
DA:107,0
DA:108,0
DA:115,0
DA:116,0
DA:121,0
DA:125,0
DA:129,0
DA:133,0
DA:137,0
DA:141,0
DA:145,0
DA:149,0
DA:153,0
DA:157,0
DA:161,0
DA:165,0
DA:166,0
DA:167,0
DA:168,0
DA:172,0
DA:173,0
DA:177,0
DA:178,0
DA:182,0
DA:186,0
DA:187,0
DA:189,0
DA:190,0
DA:191,0
DA:192,0
DA:193,0
DA:194,0
DA:196,0
DA:202,0
DA:206,0
DA:210,0
DA:211,0
DA:213,0
DA:214,0
DA:216,0
DA:217,0
DA:223,0
DA:227,0
DA:231,0
DA:236,0
DA:240,0
DA:241,0
DA:249,0
DA:250,0
DA:251,0
DA:253,0
DA:254,0
DA:255,0
DA:259,0
DA:260,0
DA:261,0
DA:262,0
DA:263,0
DA:264,0
DA:265,0
DA:266,0
DA:267,0
DA:268,0
DA:270,0
DA:273,0
DA:281,0
DA:282,0
DA:283,0
DA:284,0
DA:293,0
DA:294,0
DA:298,0
DA:299,0
DA:300,0
DA:304,0
DA:305,0
DA:306,0
DA:310,0
DA:314,0
DA:315,0
DA:316,0
DA:320,0
DA:321,0
DA:322,0
DA:326,0
DA:327,0
DA:328,0
DA:332,0
DA:333,0
DA:334,0
DA:338,0
DA:342,0
DA:346,0
DA:347,0
DA:348,0
DA:349,0
DA:351,0
DA:355,0
DA:359,0
DA:363,0
DA:364,0
DA:365,0
DA:369,0
DA:373,0
DA:374,0
DA:375,0
DA:376,0
DA:377,0
DA:378,0
DA:379,0
DA:383,0
DA:384,0
DA:385,0
DA:389,0
DA:393,0
DA:397,0
DA:401,0
DA:405,0
DA:412,0
DA:417,0
DA:418,0
DA:421,0
DA:422,0
LF:161
LH:0
BRDA:58,0,0,0
BRDA:58,0,1,0
BRDA:80,1,0,0
BRDA:80,2,0,0
BRDA:88,3,0,0
BRDA:96,4,0,0
BRDA:96,5,0,0
BRDA:99,6,0,0
BRDA:99,6,1,0
BRDA:113,7,0,0
BRDA:113,8,0,0
BRDA:129,9,0,0
BRDA:129,9,1,0
BRDA:141,10,0,0
BRDA:141,10,1,0
BRDA:157,11,0,0
BRDA:157,11,1,0
BRDA:161,12,0,0
BRDA:161,12,1,0
BRDA:165,13,0,0
BRDA:165,13,1,0
BRDA:166,14,0,0
BRDA:166,14,1,0
BRDA:167,15,0,0
BRDA:167,15,1,0
BRDA:173,16,0,0
BRDA:173,16,1,0
BRDA:173,17,0,0
BRDA:173,17,1,0
BRDA:178,18,0,0
BRDA:178,18,1,0
BRDA:178,19,0,0
BRDA:178,19,1,0
BRDA:189,20,0,0
BRDA:189,20,1,0
BRDA:191,21,0,0
BRDA:191,21,1,0
BRDA:193,22,0,0
BRDA:193,22,1,0
BRDA:202,23,0,0
BRDA:202,23,1,0
BRDA:202,23,2,0
BRDA:202,23,3,0
BRDA:211,24,0,0
BRDA:211,24,1,0
BRDA:216,25,0,0
BRDA:216,25,1,0
BRDA:216,26,0,0
BRDA:216,26,1,0
BRDA:216,26,2,0
BRDA:216,26,3,0
BRDA:227,27,0,0
BRDA:227,27,1,0
BRDA:227,27,2,0
BRDA:227,27,3,0
BRDA:241,28,0,0
BRDA:241,28,1,0
BRDA:259,29,0,0
BRDA:259,29,1,0
BRDA:259,30,0,0
BRDA:259,30,1,0
BRDA:261,31,0,0
BRDA:261,31,1,0
BRDA:261,32,0,0
BRDA:261,32,1,0
BRDA:263,33,0,0
BRDA:263,33,1,0
BRDA:263,34,0,0
BRDA:263,34,1,0
BRDA:265,35,0,0
BRDA:265,35,1,0
BRDA:265,36,0,0
BRDA:265,36,1,0
BRDA:267,37,0,0
BRDA:267,37,1,0
BRDA:267,38,0,0
BRDA:267,38,1,0
BRDA:292,39,0,0
BRDA:292,40,0,0
BRDA:347,41,0,0
BRDA:347,41,1,0
BRDA:421,42,0,0
BRDA:421,42,1,0
BRDA:421,43,0,0
BRDA:421,43,1,0
BRF:85
BRH:0
end_of_record
TN:
SF:utils\SafeStorage.js
FN:3,(anonymous_0)
FN:8,(anonymous_1)
FN:10,(anonymous_2)
FN:23,(anonymous_3)
FN:33,(anonymous_4)
FN:44,(anonymous_5)
FNF:6
FNH:0
FNDA:0,(anonymous_0)
FNDA:0,(anonymous_1)
FNDA:0,(anonymous_2)
FNDA:0,(anonymous_3)
FNDA:0,(anonymous_4)
FNDA:0,(anonymous_5)
DA:4,0
DA:5,0
DA:8,0
DA:11,0
DA:12,0
DA:13,0
DA:14,0
DA:15,0
DA:16,0
DA:18,0
DA:19,0
DA:24,0
DA:25,0
DA:26,0
DA:27,0
DA:29,0
DA:34,0
DA:35,0
DA:36,0
DA:37,0
DA:39,0
DA:45,0
DA:49,0
DA:50,0
DA:53,0
DA:54,0
LF:26
LH:0
BRDA:3,0,0,0
BRDA:4,1,0,0
BRDA:4,1,1,0
BRDA:10,2,0,0
BRDA:13,3,0,0
BRDA:13,3,1,0
BRDA:15,4,0,0
BRDA:15,4,1,0
BRDA:15,5,0,0
BRDA:15,5,1,0
BRDA:18,6,0,0
BRDA:18,6,1,0
BRDA:26,7,0,0
BRDA:26,7,1,0
BRDA:36,8,0,0
BRDA:36,8,1,0
BRDA:45,9,0,0
BRDA:45,9,1,0
BRDA:49,10,0,0
BRDA:49,10,1,0
BRDA:53,11,0,0
BRDA:53,11,1,0
BRDA:53,12,0,0
BRDA:53,12,1,0
BRF:24
BRH:0
end_of_record
TN:
SF:utils\__test_export__.js
FNF:0
FNH:0
DA:7,0
DA:10,0
DA:11,0
DA:13,0
DA:14,0
DA:15,0
DA:18,0
DA:22,0
LF:8
LH:0
BRDA:13,0,0,0
BRDA:13,0,1,0
BRDA:14,1,0,0
BRDA:14,1,1,0
BRDA:15,2,0,0
BRDA:15,2,1,0
BRDA:15,2,2,0
BRDA:15,2,3,0
BRDA:15,2,4,0
BRDA:18,3,0,0
BRDA:18,3,1,0
BRDA:18,3,2,0
BRDA:18,3,3,0
BRDA:18,3,4,0
BRF:14
BRH:0
end_of_record
