TN:
SF:utils\AssetLoader.js
FN:6,(anonymous_0)
FN:23,(anonymous_1)
FN:36,(anonymous_2)
FN:40,(anonymous_3)
FN:59,(anonymous_4)
FN:64,(anonymous_5)
FN:74,(anonymous_6)
FN:131,(anonymous_7)
FN:148,(anonymous_8)
FN:149,(anonymous_9)
FN:152,(anonymous_10)
FN:163,(anonymous_11)
FN:173,(anonymous_12)
FN:199,(anonymous_13)
FN:220,(anonymous_14)
FN:243,(anonymous_15)
FN:247,(anonymous_16)
FN:251,(anonymous_17)
FN:268,(anonymous_18)
FN:270,(anonymous_19)
FN:284,(anonymous_20)
FN:289,(anonymous_21)
FN:294,(anonymous_22)
FN:299,(anonymous_23)
FN:305,(anonymous_24)
FN:306,(anonymous_25)
FN:312,(anonymous_26)
FN:313,(anonymous_27)
FN:320,(anonymous_28)
FN:328,(anonymous_29)
FN:333,(anonymous_30)
FN:340,(anonymous_31)
FN:341,(anonymous_32)
FN:354,(anonymous_33)
FN:376,(anonymous_34)
FN:386,(anonymous_35)
FN:401,(anonymous_36)
FNF:37
FNH:8
FNDA:7,(anonymous_0)
FNDA:0,(anonymous_1)
FNDA:0,(anonymous_2)
FNDA:0,(anonymous_3)
FNDA:0,(anonymous_4)
FNDA:0,(anonymous_5)
FNDA:0,(anonymous_6)
FNDA:0,(anonymous_7)
FNDA:1,(anonymous_8)
FNDA:1,(anonymous_9)
FNDA:1,(anonymous_10)
FNDA:0,(anonymous_11)
FNDA:1,(anonymous_12)
FNDA:1,(anonymous_13)
FNDA:1,(anonymous_14)
FNDA:0,(anonymous_15)
FNDA:1,(anonymous_16)
FNDA:0,(anonymous_17)
FNDA:0,(anonymous_18)
FNDA:0,(anonymous_19)
FNDA:0,(anonymous_20)
FNDA:0,(anonymous_21)
FNDA:0,(anonymous_22)
FNDA:0,(anonymous_23)
FNDA:0,(anonymous_24)
FNDA:0,(anonymous_25)
FNDA:0,(anonymous_26)
FNDA:0,(anonymous_27)
FNDA:0,(anonymous_28)
FNDA:0,(anonymous_29)
FNDA:0,(anonymous_30)
FNDA:0,(anonymous_31)
FNDA:0,(anonymous_32)
FNDA:0,(anonymous_33)
FNDA:0,(anonymous_34)
FNDA:0,(anonymous_35)
FNDA:0,(anonymous_36)
DA:7,7
DA:8,7
DA:9,7
DA:10,7
DA:11,7
DA:12,7
DA:15,7
DA:16,7
DA:17,7
DA:19,7
DA:24,0
DA:25,0
DA:27,0
DA:28,0
DA:29,0
DA:30,0
DA:32,0
DA:37,0
DA:38,0
DA:40,0
DA:41,0
DA:42,0
DA:43,0
DA:44,0
DA:46,0
DA:50,0
DA:52,0
DA:53,0
DA:56,0
DA:60,0
DA:61,0
DA:62,0
DA:64,0
DA:65,0
DA:67,0
DA:68,0
DA:71,0
DA:76,0
DA:77,0
DA:81,0
DA:82,0
DA:86,0
DA:87,0
DA:92,0
DA:94,0
DA:95,0
DA:97,0
DA:98,0
DA:100,0
DA:101,0
DA:103,0
DA:104,0
DA:106,0
DA:109,0
DA:111,0
DA:112,0
DA:113,0
DA:114,0
DA:116,0
DA:117,0
DA:120,0
DA:121,0
DA:124,0
DA:125,0
DA:127,0
DA:132,0
DA:134,0
DA:135,0
DA:136,0
DA:137,0
DA:138,0
DA:139,0
DA:140,0
DA:141,0
DA:143,0
DA:149,1
DA:150,1
DA:152,1
DA:153,1
DA:163,1
DA:164,0
DA:168,1
DA:169,1
DA:174,1
DA:175,0
DA:178,1
DA:179,1
DA:180,1
DA:181,0
DA:184,1
DA:186,1
DA:195,0
DA:200,1
DA:201,1
DA:202,1
DA:203,0
DA:206,1
DA:208,1
DA:216,0
DA:221,1
DA:222,1
DA:223,1
DA:224,0
DA:227,1
DA:229,1
DA:238,0
DA:244,0
DA:248,1
DA:252,0
DA:253,0
DA:254,0
DA:257,0
DA:258,0
DA:259,0
DA:260,0
DA:264,0
DA:270,0
DA:271,0
DA:272,0
DA:273,0
DA:274,0
DA:279,0
DA:280,0
DA:285,0
DA:286,0
DA:290,0
DA:291,0
DA:295,0
DA:296,0
DA:300,0
DA:301,0
DA:306,0
DA:307,0
DA:309,0
DA:313,0
DA:314,0
DA:316,0
DA:321,0
DA:329,0
DA:334,0
DA:336,0
DA:337,0
DA:338,0
DA:340,0
DA:341,0
DA:343,0
DA:345,0
DA:355,0
DA:356,0
DA:359,0
DA:361,0
DA:365,0
DA:367,0
DA:369,0
DA:371,0
DA:377,0
DA:386,0
DA:387,0
DA:389,0
DA:390,0
DA:391,0
DA:393,0
DA:397,0
DA:402,0
DA:403,0
DA:404,0
DA:405,0
DA:406,0
DA:407,0
DA:409,0
DA:414,3
DA:417,3
LF:172
LH:36
BRDA:23,0,0,0
BRDA:23,1,0,0
BRDA:27,2,0,0
BRDA:27,2,1,0
BRDA:29,3,0,0
BRDA:29,3,1,0
BRDA:41,4,0,0
BRDA:41,4,1,0
BRDA:43,5,0,0
BRDA:43,5,1,0
BRDA:43,6,0,0
BRDA:43,6,1,0
BRDA:43,6,2,0
BRDA:52,7,0,0
BRDA:52,7,1,0
BRDA:67,8,0,0
BRDA:67,8,1,0
BRDA:74,9,0,0
BRDA:76,10,0,0
BRDA:76,10,1,0
BRDA:81,11,0,0
BRDA:81,11,1,0
BRDA:86,12,0,0
BRDA:86,12,1,0
BRDA:92,13,0,0
BRDA:92,13,1,0
BRDA:92,13,2,0
BRDA:92,13,3,0
BRDA:92,13,4,0
BRDA:116,14,0,0
BRDA:116,14,1,0
BRDA:134,15,0,0
BRDA:134,15,1,0
BRDA:136,16,0,0
BRDA:136,16,1,0
BRDA:138,17,0,0
BRDA:138,17,1,0
BRDA:140,18,0,0
BRDA:140,18,1,0
BRDA:174,19,0,0
BRDA:174,19,1,1
BRDA:174,20,0,1
BRDA:174,20,1,0
BRDA:180,21,0,0
BRDA:180,21,1,1
BRDA:202,22,0,0
BRDA:202,22,1,1
BRDA:223,23,0,0
BRDA:223,23,1,1
BRDA:253,24,0,0
BRDA:253,24,1,0
BRDA:257,25,0,0
BRDA:257,25,1,0
BRDA:257,26,0,0
BRDA:257,26,1,0
BRDA:257,26,2,0
BRDA:259,27,0,0
BRDA:259,27,1,0
BRDA:271,28,0,0
BRDA:271,28,1,0
BRDA:271,29,0,0
BRDA:271,29,1,0
BRDA:271,29,2,0
BRDA:273,30,0,0
BRDA:273,30,1,0
BRDA:286,31,0,0
BRDA:286,31,1,0
BRDA:286,32,0,0
BRDA:286,32,1,0
BRDA:291,33,0,0
BRDA:291,33,1,0
BRDA:291,34,0,0
BRDA:291,34,1,0
BRDA:296,35,0,0
BRDA:296,35,1,0
BRDA:296,36,0,0
BRDA:296,36,1,0
BRDA:301,37,0,0
BRDA:301,37,1,0
BRDA:301,38,0,0
BRDA:301,38,1,0
BRDA:324,39,0,0
BRDA:324,39,1,0
BRDA:355,40,0,0
BRDA:355,40,1,0
BRDA:355,41,0,0
BRDA:355,41,1,0
BRDA:355,41,2,0
BRDA:355,41,3,0
BRDA:359,42,0,0
BRDA:359,42,1,0
BRDA:359,42,2,0
BRDA:359,42,3,0
BRDA:359,42,4,0
BRDA:361,43,0,0
BRDA:361,43,1,0
BRDA:361,43,2,0
BRDA:365,44,0,0
BRDA:365,44,1,0
BRDA:389,45,0,0
BRDA:389,45,1,0
BRDA:391,46,0,0
BRDA:391,46,1,0
BRF:103
BRH:5
end_of_record
TN:
SF:utils\EventEmitter.js
FN:6,(anonymous_0)
FN:13,(anonymous_1)
FN:34,(anonymous_2)
FN:49,(anonymous_3)
FN:58,(anonymous_4)
FN:86,(anonymous_5)
FN:130,(anonymous_6)
FN:136,(anonymous_7)
FN:151,(anonymous_8)
FN:154,(anonymous_9)
FN:155,(anonymous_10)
FN:161,(anonymous_11)
FN:173,(anonymous_12)
FN:182,(anonymous_13)
FN:187,(anonymous_14)
FN:194,(anonymous_15)
FN:195,(anonymous_16)
FN:202,(anonymous_17)
FN:213,(anonymous_18)
FN:215,(anonymous_19)
FN:217,(anonymous_20)
FN:219,(anonymous_21)
FN:221,(anonymous_22)
FN:223,(anonymous_23)
FN:225,(anonymous_24)
FN:233,(anonymous_25)
FN:273,(anonymous_26)
FN:280,(anonymous_27)
FN:282,(anonymous_28)
FN:293,(anonymous_29)
FN:301,(anonymous_30)
FN:306,(anonymous_31)
FN:315,(anonymous_32)
FNF:33
FNH:9
FNDA:4,(anonymous_0)
FNDA:4,(anonymous_1)
FNDA:1,(anonymous_2)
FNDA:1,(anonymous_3)
FNDA:1,(anonymous_4)
FNDA:3,(anonymous_5)
FNDA:0,(anonymous_6)
FNDA:5,(anonymous_7)
FNDA:0,(anonymous_8)
FNDA:0,(anonymous_9)
FNDA:0,(anonymous_10)
FNDA:1,(anonymous_11)
FNDA:0,(anonymous_12)
FNDA:0,(anonymous_13)
FNDA:0,(anonymous_14)
FNDA:0,(anonymous_15)
FNDA:0,(anonymous_16)
FNDA:0,(anonymous_17)
FNDA:0,(anonymous_18)
FNDA:0,(anonymous_19)
FNDA:0,(anonymous_20)
FNDA:0,(anonymous_21)
FNDA:0,(anonymous_22)
FNDA:0,(anonymous_23)
FNDA:0,(anonymous_24)
FNDA:1,(anonymous_25)
FNDA:0,(anonymous_26)
FNDA:0,(anonymous_27)
FNDA:0,(anonymous_28)
FNDA:0,(anonymous_29)
FNDA:0,(anonymous_30)
FNDA:0,(anonymous_31)
FNDA:0,(anonymous_32)
DA:7,4
DA:8,4
DA:9,4
DA:14,4
DA:15,0
DA:18,4
DA:19,3
DA:22,4
DA:25,4
DA:26,0
DA:29,4
DA:30,4
DA:35,1
DA:36,0
DA:39,1
DA:40,1
DA:43,1
DA:44,1
DA:45,1
DA:50,1
DA:52,0
DA:53,0
DA:54,0
DA:58,1
DA:59,1
DA:60,2
DA:61,2
DA:63,1
DA:68,1
DA:69,1
DA:70,1
DA:71,0
DA:75,1
DA:76,0
DA:77,0
DA:78,0
DA:82,1
DA:87,3
DA:90,3
DA:91,1
DA:93,1
DA:94,1
DA:95,1
DA:96,0
DA:98,1
DA:100,1
DA:102,0
DA:108,3
DA:109,1
DA:110,1
DA:112,1
DA:113,1
DA:114,1
DA:115,0
DA:117,1
DA:119,1
DA:121,0
DA:126,3
DA:131,0
DA:137,5
DA:139,5
DA:140,3
DA:143,5
DA:144,0
DA:147,5
DA:152,0
DA:154,0
DA:155,0
DA:157,0
DA:162,1
DA:163,1
DA:164,1
DA:166,0
DA:167,0
DA:169,1
DA:174,0
DA:175,0
DA:177,0
DA:178,0
DA:183,0
DA:188,0
DA:189,0
DA:192,0
DA:194,0
DA:195,0
DA:196,0
DA:201,0
DA:202,0
DA:203,0
DA:204,0
DA:205,0
DA:209,0
DA:214,0
DA:216,0
DA:218,0
DA:220,0
DA:222,0
DA:224,0
DA:226,0
DA:229,0
DA:234,1
DA:237,1
DA:239,1
DA:240,1
DA:243,1
DA:244,0
DA:245,0
DA:249,1
DA:250,1
DA:251,1
DA:255,1
DA:256,1
DA:259,0
DA:260,0
DA:265,1
DA:266,1
DA:269,0
DA:274,0
DA:275,0
DA:278,0
DA:280,0
DA:282,0
DA:283,0
DA:286,0
DA:289,0
DA:294,0
DA:301,0
DA:302,0
DA:303,0
DA:306,0
DA:307,0
DA:308,0
DA:311,0
DA:316,0
DA:321,3
LF:135
LH:66
BRDA:13,0,0,4
BRDA:14,1,0,0
BRDA:14,1,1,4
BRDA:18,2,0,3
BRDA:18,2,1,1
BRDA:25,3,0,0
BRDA:25,3,1,4
BRDA:34,4,0,1
BRDA:35,5,0,0
BRDA:35,5,1,1
BRDA:39,6,0,1
BRDA:39,6,1,0
BRDA:49,7,0,0
BRDA:49,8,0,1
BRDA:50,9,0,0
BRDA:50,9,1,1
BRDA:61,10,0,1
BRDA:61,10,1,1
BRDA:61,11,0,2
BRDA:61,11,1,1
BRDA:61,11,2,0
BRDA:68,12,0,1
BRDA:68,12,1,0
BRDA:70,13,0,0
BRDA:70,13,1,1
BRDA:75,14,0,0
BRDA:75,14,1,1
BRDA:77,15,0,0
BRDA:77,15,1,0
BRDA:90,16,0,1
BRDA:90,16,1,2
BRDA:95,17,0,0
BRDA:95,17,1,1
BRDA:108,18,0,1
BRDA:108,18,1,2
BRDA:114,19,0,0
BRDA:114,19,1,1
BRDA:131,20,0,0
BRDA:131,20,1,0
BRDA:131,20,2,0
BRDA:131,20,3,0
BRDA:139,21,0,3
BRDA:139,21,1,2
BRDA:143,22,0,0
BRDA:143,22,1,5
BRDA:161,23,0,0
BRDA:162,24,0,1
BRDA:162,24,1,0
BRDA:174,25,0,0
BRDA:174,25,1,0
BRDA:174,26,0,0
BRDA:174,26,1,0
BRDA:187,27,0,0
BRDA:188,28,0,0
BRDA:188,28,1,0
BRDA:192,29,0,0
BRDA:192,29,1,0
BRDA:239,30,0,1
BRDA:239,30,1,0
BRDA:243,31,0,0
BRDA:243,31,1,1
BRDA:251,32,0,0
BRDA:251,32,1,1
BRDA:255,33,0,1
BRDA:255,33,1,0
BRDA:255,34,0,1
BRDA:255,34,1,1
BRDA:265,35,0,1
BRDA:265,35,1,0
BRDA:274,36,0,0
BRDA:274,36,1,0
BRF:71
BRH:34
end_of_record
TN:
SF:utils\Logger.js
FN:6,(anonymous_0)
FN:11,(anonymous_1)
FN:17,(anonymous_2)
FN:19,(anonymous_3)
FN:23,(anonymous_4)
FN:32,(anonymous_5)
FN:38,(anonymous_6)
FN:44,(anonymous_7)
FN:50,(anonymous_8)
FN:57,(anonymous_9)
FNF:10
FNH:6
FNDA:1,(anonymous_0)
FNDA:4,(anonymous_1)
FNDA:0,(anonymous_2)
FNDA:3,(anonymous_3)
FNDA:2,(anonymous_4)
FNDA:2,(anonymous_5)
FNDA:1,(anonymous_6)
FNDA:0,(anonymous_7)
FNDA:0,(anonymous_8)
FNDA:0,(anonymous_9)
DA:3,1
DA:7,1
DA:8,1
DA:12,4
DA:13,4
DA:17,0
DA:20,3
DA:24,2
DA:25,2
DA:26,2
DA:28,0
DA:33,2
DA:34,1
DA:39,1
DA:40,1
DA:45,0
DA:46,0
DA:51,0
DA:52,0
DA:58,0
DA:59,0
DA:61,0
DA:68,1
LF:23
LH:14
BRDA:12,0,0,4
BRDA:12,0,1,0
BRDA:12,1,0,4
BRDA:12,1,1,4
BRDA:33,2,0,1
BRDA:33,2,1,1
BRDA:39,3,0,1
BRDA:39,3,1,0
BRDA:45,4,0,0
BRDA:45,4,1,0
BRDA:51,5,0,0
BRDA:51,5,1,0
BRDA:57,6,0,0
BRDA:59,7,0,0
BRDA:59,7,1,0
BRDA:59,7,2,0
BRDA:59,7,3,0
BRDA:59,7,4,0
BRDA:59,7,5,0
BRDA:61,8,0,0
BRDA:61,8,1,0
BRF:21
BRH:6
end_of_record
TN:
SF:utils\MathUtils.js
FN:7,(anonymous_0)
FN:8,(anonymous_1)
FN:9,(anonymous_2)
FN:10,(anonymous_3)
FN:11,(anonymous_4)
FN:14,(anonymous_5)
FN:18,(anonymous_6)
FN:22,(anonymous_7)
FN:26,(anonymous_8)
FN:31,(anonymous_9)
FN:35,(anonymous_10)
FN:40,(anonymous_11)
FN:46,(anonymous_12)
FN:52,(anonymous_13)
FN:56,(anonymous_14)
FN:62,(anonymous_15)
FN:66,(anonymous_16)
FN:70,(anonymous_17)
FN:80,(anonymous_18)
FN:84,(anonymous_19)
FN:88,(anonymous_20)
FN:92,(anonymous_21)
FN:96,(anonymous_22)
FN:113,(anonymous_23)
FN:120,(anonymous_24)
FN:124,(anonymous_25)
FN:128,(anonymous_26)
FN:132,(anonymous_27)
FN:136,(anonymous_28)
FN:140,(anonymous_29)
FN:144,(anonymous_30)
FN:148,(anonymous_31)
FN:152,(anonymous_32)
FN:156,(anonymous_33)
FN:160,(anonymous_34)
FN:164,(anonymous_35)
FN:171,(anonymous_36)
FN:176,(anonymous_37)
FN:181,(anonymous_38)
FN:185,(anonymous_39)
FN:201,(anonymous_40)
FN:205,(anonymous_41)
FN:209,(anonymous_42)
FN:226,(anonymous_43)
FN:230,(anonymous_44)
FN:235,(anonymous_45)
FN:239,(anonymous_46)
FN:248,(anonymous_47)
FN:280,(anonymous_48)
FN:292,(anonymous_49)
FN:297,(anonymous_50)
FN:303,(anonymous_51)
FN:309,(anonymous_52)
FN:313,(anonymous_53)
FN:319,(anonymous_54)
FN:325,(anonymous_55)
FN:331,(anonymous_56)
FN:337,(anonymous_57)
FN:341,(anonymous_58)
FN:345,(anonymous_59)
FN:354,(anonymous_60)
FN:358,(anonymous_61)
FN:362,(anonymous_62)
FN:368,(anonymous_63)
FN:372,(anonymous_64)
FN:382,(anonymous_65)
FN:388,(anonymous_66)
FN:392,(anonymous_67)
FN:396,(anonymous_68)
FN:400,(anonymous_69)
FN:404,(anonymous_70)
FN:411,(anonymous_71)
FNF:72
FNH:8
FNDA:0,(anonymous_0)
FNDA:0,(anonymous_1)
FNDA:0,(anonymous_2)
FNDA:0,(anonymous_3)
FNDA:0,(anonymous_4)
FNDA:3,(anonymous_5)
FNDA:2,(anonymous_6)
FNDA:0,(anonymous_7)
FNDA:0,(anonymous_8)
FNDA:0,(anonymous_9)
FNDA:0,(anonymous_10)
FNDA:1,(anonymous_11)
FNDA:0,(anonymous_12)
FNDA:0,(anonymous_13)
FNDA:0,(anonymous_14)
FNDA:0,(anonymous_15)
FNDA:0,(anonymous_16)
FNDA:0,(anonymous_17)
FNDA:0,(anonymous_18)
FNDA:0,(anonymous_19)
FNDA:0,(anonymous_20)
FNDA:0,(anonymous_21)
FNDA:0,(anonymous_22)
FNDA:0,(anonymous_23)
FNDA:0,(anonymous_24)
FNDA:0,(anonymous_25)
FNDA:0,(anonymous_26)
FNDA:0,(anonymous_27)
FNDA:0,(anonymous_28)
FNDA:0,(anonymous_29)
FNDA:0,(anonymous_30)
FNDA:0,(anonymous_31)
FNDA:0,(anonymous_32)
FNDA:0,(anonymous_33)
FNDA:0,(anonymous_34)
FNDA:0,(anonymous_35)
FNDA:0,(anonymous_36)
FNDA:0,(anonymous_37)
FNDA:0,(anonymous_38)
FNDA:0,(anonymous_39)
FNDA:0,(anonymous_40)
FNDA:0,(anonymous_41)
FNDA:0,(anonymous_42)
FNDA:2,(anonymous_43)
FNDA:0,(anonymous_44)
FNDA:0,(anonymous_45)
FNDA:0,(anonymous_46)
FNDA:0,(anonymous_47)
FNDA:0,(anonymous_48)
FNDA:3,(anonymous_49)
FNDA:0,(anonymous_50)
FNDA:0,(anonymous_51)
FNDA:0,(anonymous_52)
FNDA:0,(anonymous_53)
FNDA:0,(anonymous_54)
FNDA:0,(anonymous_55)
FNDA:0,(anonymous_56)
FNDA:0,(anonymous_57)
FNDA:0,(anonymous_58)
FNDA:0,(anonymous_59)
FNDA:0,(anonymous_60)
FNDA:0,(anonymous_61)
FNDA:1,(anonymous_62)
FNDA:0,(anonymous_63)
FNDA:0,(anonymous_64)
FNDA:0,(anonymous_65)
FNDA:0,(anonymous_66)
FNDA:0,(anonymous_67)
FNDA:0,(anonymous_68)
FNDA:1,(anonymous_69)
FNDA:1,(anonymous_70)
FNDA:0,(anonymous_71)
DA:7,0
DA:8,0
DA:9,0
DA:10,0
DA:11,0
DA:15,3
DA:19,2
DA:23,0
DA:27,0
DA:28,0
DA:32,0
DA:36,0
DA:41,1
DA:42,1
DA:43,1
DA:47,0
DA:48,0
DA:49,0
DA:53,0
DA:57,0
DA:58,0
DA:59,0
DA:63,0
DA:67,0
DA:71,0
DA:72,0
DA:73,0
DA:81,0
DA:85,0
DA:89,0
DA:93,0
DA:99,0
DA:100,0
DA:101,0
DA:102,0
DA:103,0
DA:104,0
DA:105,0
DA:107,0
DA:108,0
DA:115,0
DA:116,0
DA:121,0
DA:125,0
DA:129,0
DA:133,0
DA:137,0
DA:141,0
DA:145,0
DA:149,0
DA:153,0
DA:157,0
DA:161,0
DA:165,0
DA:166,0
DA:167,0
DA:168,0
DA:172,0
DA:173,0
DA:177,0
DA:178,0
DA:182,0
DA:186,0
DA:187,0
DA:189,0
DA:190,0
DA:191,0
DA:192,0
DA:193,0
DA:194,0
DA:196,0
DA:202,0
DA:206,0
DA:210,0
DA:211,0
DA:213,0
DA:214,0
DA:216,0
DA:217,0
DA:223,0
DA:227,2
DA:231,0
DA:236,0
DA:240,0
DA:241,0
DA:249,0
DA:250,0
DA:251,0
DA:253,0
DA:254,0
DA:255,0
DA:259,0
DA:260,0
DA:261,0
DA:262,0
DA:263,0
DA:264,0
DA:265,0
DA:266,0
DA:267,0
DA:268,0
DA:270,0
DA:273,0
DA:281,0
DA:282,0
DA:283,0
DA:284,0
DA:293,3
DA:294,3
DA:298,0
DA:299,0
DA:300,0
DA:304,0
DA:305,0
DA:306,0
DA:310,0
DA:314,0
DA:315,0
DA:316,0
DA:320,0
DA:321,0
DA:322,0
DA:326,0
DA:327,0
DA:328,0
DA:332,0
DA:333,0
DA:334,0
DA:338,0
DA:342,0
DA:346,0
DA:347,0
DA:348,0
DA:349,0
DA:351,0
DA:355,0
DA:359,0
DA:363,1
DA:364,1
DA:365,1
DA:369,0
DA:373,0
DA:374,0
DA:375,0
DA:376,0
DA:377,0
DA:378,0
DA:379,0
DA:383,0
DA:384,0
DA:385,0
DA:389,0
DA:393,0
DA:397,0
DA:401,1
DA:405,1
DA:412,0
DA:417,3
DA:418,3
DA:421,3
DA:422,3
LF:161
LH:17
BRDA:58,0,0,0
BRDA:58,0,1,0
BRDA:80,1,0,0
BRDA:80,2,0,0
BRDA:88,3,0,0
BRDA:96,4,0,0
BRDA:96,5,0,0
BRDA:99,6,0,0
BRDA:99,6,1,0
BRDA:113,7,0,0
BRDA:113,8,0,0
BRDA:129,9,0,0
BRDA:129,9,1,0
BRDA:141,10,0,0
BRDA:141,10,1,0
BRDA:157,11,0,0
BRDA:157,11,1,0
BRDA:161,12,0,0
BRDA:161,12,1,0
BRDA:165,13,0,0
BRDA:165,13,1,0
BRDA:166,14,0,0
BRDA:166,14,1,0
BRDA:167,15,0,0
BRDA:167,15,1,0
BRDA:173,16,0,0
BRDA:173,16,1,0
BRDA:173,17,0,0
BRDA:173,17,1,0
BRDA:178,18,0,0
BRDA:178,18,1,0
BRDA:178,19,0,0
BRDA:178,19,1,0
BRDA:189,20,0,0
BRDA:189,20,1,0
BRDA:191,21,0,0
BRDA:191,21,1,0
BRDA:193,22,0,0
BRDA:193,22,1,0
BRDA:202,23,0,0
BRDA:202,23,1,0
BRDA:202,23,2,0
BRDA:202,23,3,0
BRDA:211,24,0,0
BRDA:211,24,1,0
BRDA:216,25,0,0
BRDA:216,25,1,0
BRDA:216,26,0,0
BRDA:216,26,1,0
BRDA:216,26,2,0
BRDA:216,26,3,0
BRDA:227,27,0,2
BRDA:227,27,1,1
BRDA:227,27,2,1
BRDA:227,27,3,1
BRDA:241,28,0,0
BRDA:241,28,1,0
BRDA:259,29,0,0
BRDA:259,29,1,0
BRDA:259,30,0,0
BRDA:259,30,1,0
BRDA:261,31,0,0
BRDA:261,31,1,0
BRDA:261,32,0,0
BRDA:261,32,1,0
BRDA:263,33,0,0
BRDA:263,33,1,0
BRDA:263,34,0,0
BRDA:263,34,1,0
BRDA:265,35,0,0
BRDA:265,35,1,0
BRDA:265,36,0,0
BRDA:265,36,1,0
BRDA:267,37,0,0
BRDA:267,37,1,0
BRDA:267,38,0,0
BRDA:267,38,1,0
BRDA:292,39,0,0
BRDA:292,40,0,0
BRDA:347,41,0,0
BRDA:347,41,1,0
BRDA:421,42,0,3
BRDA:421,42,1,0
BRDA:421,43,0,3
BRDA:421,43,1,3
BRF:85
BRH:7
end_of_record
TN:
SF:utils\SafeStorage.js
FN:3,(anonymous_0)
FN:8,(anonymous_1)
FN:10,(anonymous_2)
FN:23,(anonymous_3)
FN:33,(anonymous_4)
FN:44,(anonymous_5)
FNF:6
FNH:5
FNDA:2,(anonymous_0)
FNDA:6,(anonymous_1)
FNDA:3,(anonymous_2)
FNDA:2,(anonymous_3)
FNDA:1,(anonymous_4)
FNDA:0,(anonymous_5)
DA:4,2
DA:5,2
DA:8,6
DA:11,3
DA:12,3
DA:13,3
DA:14,3
DA:15,3
DA:16,2
DA:18,0
DA:19,0
DA:24,2
DA:25,2
DA:26,2
DA:27,2
DA:29,0
DA:34,1
DA:35,1
DA:36,1
DA:37,1
DA:39,0
DA:45,0
DA:49,1
LF:23
LH:18
BRDA:3,0,0,0
BRDA:4,1,0,2
BRDA:4,1,1,0
BRDA:10,2,0,2
BRDA:13,3,0,0
BRDA:13,3,1,3
BRDA:15,4,0,1
BRDA:15,4,1,2
BRDA:15,5,0,3
BRDA:15,5,1,2
BRDA:18,6,0,0
BRDA:18,6,1,0
BRDA:26,7,0,0
BRDA:26,7,1,2
BRDA:36,8,0,0
BRDA:36,8,1,1
BRDA:45,9,0,0
BRDA:45,9,1,0
BRF:18
BRH:9
end_of_record
TN:
SF:utils\__test_export__.js
FNF:0
FNH:0
DA:7,3
DA:10,3
DA:11,3
DA:13,3
DA:14,3
DA:15,3
DA:18,3
DA:22,3
LF:8
LH:8
BRDA:13,0,0,3
BRDA:13,0,1,0
BRDA:14,1,0,3
BRDA:14,1,1,0
BRDA:15,2,0,3
BRDA:15,2,1,3
BRDA:15,2,2,0
BRDA:15,2,3,0
BRDA:15,2,4,0
BRDA:18,3,0,3
BRDA:18,3,1,3
BRDA:18,3,2,0
BRDA:18,3,3,0
BRDA:18,3,4,0
BRF:14
BRH:6
end_of_record
